Building DAG of jobs...
Using shell: /usr/bin/bash
Provided cores: 20
Rules claiming more threads will be scaled down.
Provided resources: mem_mb=38163, mem_mib=36396, disk_mb=38163, disk_mib=36396
Select jobs to execute...

[Tue Oct  3 13:22:15 2023]
rule trim_bbduk:
    input: /research/labs/neurology/fryer/projects/aducanumab/mouse/bulkRNA/375_IgG_S39_L001_R1_001.fastq.gz, /research/labs/neurology/fryer/projects/aducanumab/mouse/bulkRNA/375_IgG_S39_L001_R2_001.fastq.gz, /research/labs/neurology/fryer/projects/aducanumab/mouse/bulkRNA/375_IgG_S39_L002_R1_001.fastq.gz, /research/labs/neurology/fryer/projects/aducanumab/mouse/bulkRNA/375_IgG_S39_L002_R2_001.fastq.gz, /research/labs/neurology/fryer/projects/aducanumab/mouse/bulkRNA/375_IgG_S39_L003_R1_001.fastq.gz, /research/labs/neurology/fryer/projects/aducanumab/mouse/bulkRNA/375_IgG_S39_L003_R2_001.fastq.gz, /research/labs/neurology/fryer/projects/aducanumab/mouse/bulkRNA/375_IgG_S39_L004_R1_001.fastq.gz, /research/labs/neurology/fryer/projects/aducanumab/mouse/bulkRNA/375_IgG_S39_L004_R2_001.fastq.gz
    output: trimmedReads/375_IgG_S39_L001_R1_trim.fastq.gz, trimmedReads/375_IgG_S39_L001_R2_trim.fastq.gz, trimmedReads/375_IgG_S39_L002_R1_trim.fastq.gz, trimmedReads/375_IgG_S39_L002_R2_trim.fastq.gz, trimmedReads/375_IgG_S39_L003_R1_trim.fastq.gz, trimmedReads/375_IgG_S39_L003_R2_trim.fastq.gz, trimmedReads/375_IgG_S39_L004_R1_trim.fastq.gz, trimmedReads/375_IgG_S39_L004_R2_trim.fastq.gz
    jobid: 0
    reason: Missing output files: trimmedReads/375_IgG_S39_L002_R2_trim.fastq.gz, trimmedReads/375_IgG_S39_L003_R2_trim.fastq.gz, trimmedReads/375_IgG_S39_L004_R2_trim.fastq.gz, trimmedReads/375_IgG_S39_L001_R1_trim.fastq.gz, trimmedReads/375_IgG_S39_L004_R1_trim.fastq.gz, trimmedReads/375_IgG_S39_L001_R2_trim.fastq.gz, trimmedReads/375_IgG_S39_L002_R1_trim.fastq.gz, trimmedReads/375_IgG_S39_L003_R1_trim.fastq.gz
    wildcards: sample=375_IgG_S39
    resources: mem_mb=38163, mem_mib=36396, disk_mb=38163, disk_mib=36396, tmpdir=/tmp

java -ea -Xmx3g -Xms3g -cp /research/labs/neurology/fryer/m214960/tools/miniconda3/envs/aducanumab/opt/bbmap-39.01-1/current/ jgi.BBDuk -Xmx3g in1=/research/labs/neurology/fryer/projects/aducanumab/mouse/bulkRNA/375_IgG_S39_L001_R1_001.fastq.gz in2=/research/labs/neurology/fryer/projects/aducanumab/mouse/bulkRNA/375_IgG_S39_L001_R2_001.fastq.gz out1=trimmedReads/375_IgG_S39_L001_R1_trim.fastq.gz out2=trimmedReads/375_IgG_S39_L001_R2_trim.fastq.gz ref=refs/adapters.fa ktrim=r k=23 mink=11 hdist=1 tpe tbo threads=20 trimpolyg=1 trimpolya=1
Executing jgi.BBDuk [-Xmx3g, in1=/research/labs/neurology/fryer/projects/aducanumab/mouse/bulkRNA/375_IgG_S39_L001_R1_001.fastq.gz, in2=/research/labs/neurology/fryer/projects/aducanumab/mouse/bulkRNA/375_IgG_S39_L001_R2_001.fastq.gz, out1=trimmedReads/375_IgG_S39_L001_R1_trim.fastq.gz, out2=trimmedReads/375_IgG_S39_L001_R2_trim.fastq.gz, ref=refs/adapters.fa, ktrim=r, k=23, mink=11, hdist=1, tpe, tbo, threads=20, trimpolyg=1, trimpolya=1]
Version 39.01

Set threads to 20
maskMiddle was disabled because useShortKmers=true
0.020 seconds.
Initial:
Memory: max=3221m, total=3221m, free=3191m, used=30m

Added 3614 kmers; time: 	0.020 seconds.
Memory: max=3221m, total=3221m, free=3182m, used=39m

Input is being processed as paired
Started output streams:	0.239 seconds.
[W::bgzf_read_block] EOF marker is absent. The input may be truncated[W::bgzf_read_block] 
EOF marker is absent. The input may be truncated
Processing time:   		94.848 seconds.

Input:                  	89272394 reads 		9016511794 bases.
Polymer-trimmed:        	132788823 reads (148.75%) 	243725021 bases (2.70%)
KTrimmed:               	2559530 reads (2.87%) 	87510646 bases (0.97%)
Trimmed by overlap:     	1872660 reads (2.10%) 	9572514 bases (0.11%)
Total Removed:          	151000 reads (0.17%) 	340808181 bases (3.78%)
Result:                 	89121394 reads (99.83%) 	8675703613 bases (96.22%)

Time:                         	95.108 seconds.
Reads Processed:      89272k 	938.64k reads/sec
Bases Processed:       9016m 	94.80m bases/sec
java -ea -Xmx3g -Xms3g -cp /research/labs/neurology/fryer/m214960/tools/miniconda3/envs/aducanumab/opt/bbmap-39.01-1/current/ jgi.BBDuk -Xmx3g in1=/research/labs/neurology/fryer/projects/aducanumab/mouse/bulkRNA/375_IgG_S39_L002_R1_001.fastq.gz in2=/research/labs/neurology/fryer/projects/aducanumab/mouse/bulkRNA/375_IgG_S39_L002_R2_001.fastq.gz out1=trimmedReads/375_IgG_S39_L002_R1_trim.fastq.gz out2=trimmedReads/375_IgG_S39_L002_R2_trim.fastq.gz ref=refs/adapters.fa ktrim=r k=23 mink=11 hdist=1 tpe tbo threads=20 trimpolyg=1 trimpolya=1
Executing jgi.BBDuk [-Xmx3g, in1=/research/labs/neurology/fryer/projects/aducanumab/mouse/bulkRNA/375_IgG_S39_L002_R1_001.fastq.gz, in2=/research/labs/neurology/fryer/projects/aducanumab/mouse/bulkRNA/375_IgG_S39_L002_R2_001.fastq.gz, out1=trimmedReads/375_IgG_S39_L002_R1_trim.fastq.gz, out2=trimmedReads/375_IgG_S39_L002_R2_trim.fastq.gz, ref=refs/adapters.fa, ktrim=r, k=23, mink=11, hdist=1, tpe, tbo, threads=20, trimpolyg=1, trimpolya=1]
Version 39.01

Set threads to 20
maskMiddle was disabled because useShortKmers=true
0.026 seconds.
Initial:
Memory: max=3221m, total=3221m, free=3191m, used=30m

Added 3614 kmers; time: 	0.017 seconds.
Memory: max=3221m, total=3221m, free=3182m, used=39m

Input is being processed as paired
Started output streams:	0.119 seconds.
[W::bgzf_read_block] EOF marker is absent. The input may be truncated
[W::bgzf_read_block] EOF marker is absent. The input may be truncated
Processing time:   		97.802 seconds.

Input:                  	89423596 reads 		9031783196 bases.
Polymer-trimmed:        	132923060 reads (148.64%) 	244078480 bases (2.70%)
KTrimmed:               	2530952 reads (2.83%) 	86410748 bases (0.96%)
Trimmed by overlap:     	1852490 reads (2.07%) 	9455764 bases (0.10%)
Total Removed:          	150220 reads (0.17%) 	339944992 bases (3.76%)
Result:                 	89273376 reads (99.83%) 	8691838204 bases (96.24%)

Time:                         	97.940 seconds.
Reads Processed:      89423k 	913.05k reads/sec
Bases Processed:       9031m 	92.22m bases/sec
java -ea -Xmx3g -Xms3g -cp /research/labs/neurology/fryer/m214960/tools/miniconda3/envs/aducanumab/opt/bbmap-39.01-1/current/ jgi.BBDuk -Xmx3g in1=/research/labs/neurology/fryer/projects/aducanumab/mouse/bulkRNA/375_IgG_S39_L003_R1_001.fastq.gz in2=/research/labs/neurology/fryer/projects/aducanumab/mouse/bulkRNA/375_IgG_S39_L003_R2_001.fastq.gz out1=trimmedReads/375_IgG_S39_L003_R1_trim.fastq.gz out2=trimmedReads/375_IgG_S39_L003_R2_trim.fastq.gz ref=refs/adapters.fa ktrim=r k=23 mink=11 hdist=1 tpe tbo threads=20 trimpolyg=1 trimpolya=1
Executing jgi.BBDuk [-Xmx3g, in1=/research/labs/neurology/fryer/projects/aducanumab/mouse/bulkRNA/375_IgG_S39_L003_R1_001.fastq.gz, in2=/research/labs/neurology/fryer/projects/aducanumab/mouse/bulkRNA/375_IgG_S39_L003_R2_001.fastq.gz, out1=trimmedReads/375_IgG_S39_L003_R1_trim.fastq.gz, out2=trimmedReads/375_IgG_S39_L003_R2_trim.fastq.gz, ref=refs/adapters.fa, ktrim=r, k=23, mink=11, hdist=1, tpe, tbo, threads=20, trimpolyg=1, trimpolya=1]
Version 39.01

Set threads to 20
maskMiddle was disabled because useShortKmers=true
0.018 seconds.
Initial:
Memory: max=3221m, total=3221m, free=3191m, used=30m

Added 3614 kmers; time: 	0.016 seconds.
Memory: max=3221m, total=3221m, free=3183m, used=38m

Input is being processed as paired
Started output streams:	0.093 seconds.
[W::bgzf_read_block] EOF marker is absent. The input may be truncated
[W::bgzf_read_block] EOF marker is absent. The input may be truncated
Processing time:   		211.765 seconds.

Input:                  	89324476 reads 		9021772076 bases.
Polymer-trimmed:        	133111959 reads (149.02%) 	244770014 bases (2.71%)
KTrimmed:               	2524488 reads (2.83%) 	86277816 bases (0.96%)
Trimmed by overlap:     	1852694 reads (2.07%) 	9465542 bases (0.10%)
Total Removed:          	154056 reads (0.17%) 	340513372 bases (3.77%)
Result:                 	89170420 reads (99.83%) 	8681258704 bases (96.23%)

Time:                         	211.876 seconds.
Reads Processed:      89324k 	421.59k reads/sec
Bases Processed:       9021m 	42.58m bases/sec
java -ea -Xmx3g -Xms3g -cp /research/labs/neurology/fryer/m214960/tools/miniconda3/envs/aducanumab/opt/bbmap-39.01-1/current/ jgi.BBDuk -Xmx3g in1=/research/labs/neurology/fryer/projects/aducanumab/mouse/bulkRNA/375_IgG_S39_L004_R1_001.fastq.gz in2=/research/labs/neurology/fryer/projects/aducanumab/mouse/bulkRNA/375_IgG_S39_L004_R2_001.fastq.gz out1=trimmedReads/375_IgG_S39_L004_R1_trim.fastq.gz out2=trimmedReads/375_IgG_S39_L004_R2_trim.fastq.gz ref=refs/adapters.fa ktrim=r k=23 mink=11 hdist=1 tpe tbo threads=20 trimpolyg=1 trimpolya=1
Executing jgi.BBDuk [-Xmx3g, in1=/research/labs/neurology/fryer/projects/aducanumab/mouse/bulkRNA/375_IgG_S39_L004_R1_001.fastq.gz, in2=/research/labs/neurology/fryer/projects/aducanumab/mouse/bulkRNA/375_IgG_S39_L004_R2_001.fastq.gz, out1=trimmedReads/375_IgG_S39_L004_R1_trim.fastq.gz, out2=trimmedReads/375_IgG_S39_L004_R2_trim.fastq.gz, ref=refs/adapters.fa, ktrim=r, k=23, mink=11, hdist=1, tpe, tbo, threads=20, trimpolyg=1, trimpolya=1]
Version 39.01

Set threads to 20
maskMiddle was disabled because useShortKmers=true
0.018 seconds.
Initial:
Memory: max=3221m, total=3221m, free=3191m, used=30m

Added 3614 kmers; time: 	0.027 seconds.
Memory: max=3221m, total=3221m, free=3182m, used=39m

Input is being processed as paired
Started output streams:	1.135 seconds.
[W::bgzf_read_block] EOF marker is absent. The input may be truncated
[W::bgzf_read_block] EOF marker is absent. The input may be truncated
Processing time:   		284.202 seconds.

Input:                  	89428912 reads 		9032320112 bases.
Polymer-trimmed:        	133121294 reads (148.86%) 	244609689 bases (2.71%)
KTrimmed:               	2519614 reads (2.82%) 	86052936 bases (0.95%)
Trimmed by overlap:     	1851532 reads (2.07%) 	9456496 bases (0.10%)
Total Removed:          	152112 reads (0.17%) 	340119121 bases (3.77%)
Result:                 	89276800 reads (99.83%) 	8692200991 bases (96.23%)

Time:                         	285.366 seconds.
Reads Processed:      89428k 	313.38k reads/sec
Bases Processed:       9032m 	31.65m bases/sec
[Tue Oct  3 13:33:49 2023]
Finished job 0.
1 of 1 steps (100%) done
