Building DAG of jobs...
Using shell: /usr/bin/bash
Provided cores: 20
Rules claiming more threads will be scaled down.
Provided resources: mem_mb=33702, mem_mib=32141, disk_mb=33702, disk_mib=32141
Select jobs to execute...

[Tue Oct  3 13:22:39 2023]
rule trim_bbduk:
    input: /research/labs/neurology/fryer/projects/aducanumab/mouse/bulkRNA/775_IgG_R_S36_L001_R1_001.fastq.gz, /research/labs/neurology/fryer/projects/aducanumab/mouse/bulkRNA/775_IgG_R_S36_L001_R2_001.fastq.gz, /research/labs/neurology/fryer/projects/aducanumab/mouse/bulkRNA/775_IgG_R_S36_L002_R1_001.fastq.gz, /research/labs/neurology/fryer/projects/aducanumab/mouse/bulkRNA/775_IgG_R_S36_L002_R2_001.fastq.gz, /research/labs/neurology/fryer/projects/aducanumab/mouse/bulkRNA/775_IgG_R_S36_L003_R1_001.fastq.gz, /research/labs/neurology/fryer/projects/aducanumab/mouse/bulkRNA/775_IgG_R_S36_L003_R2_001.fastq.gz, /research/labs/neurology/fryer/projects/aducanumab/mouse/bulkRNA/775_IgG_R_S36_L004_R1_001.fastq.gz, /research/labs/neurology/fryer/projects/aducanumab/mouse/bulkRNA/775_IgG_R_S36_L004_R2_001.fastq.gz
    output: trimmedReads/775_IgG_R_S36_L001_R1_trim.fastq.gz, trimmedReads/775_IgG_R_S36_L001_R2_trim.fastq.gz, trimmedReads/775_IgG_R_S36_L002_R1_trim.fastq.gz, trimmedReads/775_IgG_R_S36_L002_R2_trim.fastq.gz, trimmedReads/775_IgG_R_S36_L003_R1_trim.fastq.gz, trimmedReads/775_IgG_R_S36_L003_R2_trim.fastq.gz, trimmedReads/775_IgG_R_S36_L004_R1_trim.fastq.gz, trimmedReads/775_IgG_R_S36_L004_R2_trim.fastq.gz
    jobid: 0
    reason: Missing output files: trimmedReads/775_IgG_R_S36_L003_R1_trim.fastq.gz, trimmedReads/775_IgG_R_S36_L004_R2_trim.fastq.gz, trimmedReads/775_IgG_R_S36_L001_R1_trim.fastq.gz, trimmedReads/775_IgG_R_S36_L001_R2_trim.fastq.gz, trimmedReads/775_IgG_R_S36_L002_R1_trim.fastq.gz, trimmedReads/775_IgG_R_S36_L002_R2_trim.fastq.gz, trimmedReads/775_IgG_R_S36_L004_R1_trim.fastq.gz, trimmedReads/775_IgG_R_S36_L003_R2_trim.fastq.gz
    wildcards: sample=775_IgG_R_S36
    resources: mem_mb=33702, mem_mib=32141, disk_mb=33702, disk_mib=32141, tmpdir=/tmp

java -ea -Xmx3g -Xms3g -cp /research/labs/neurology/fryer/m214960/tools/miniconda3/envs/aducanumab/opt/bbmap-39.01-1/current/ jgi.BBDuk -Xmx3g in1=/research/labs/neurology/fryer/projects/aducanumab/mouse/bulkRNA/775_IgG_R_S36_L001_R1_001.fastq.gz in2=/research/labs/neurology/fryer/projects/aducanumab/mouse/bulkRNA/775_IgG_R_S36_L001_R2_001.fastq.gz out1=trimmedReads/775_IgG_R_S36_L001_R1_trim.fastq.gz out2=trimmedReads/775_IgG_R_S36_L001_R2_trim.fastq.gz ref=refs/adapters.fa ktrim=r k=23 mink=11 hdist=1 tpe tbo threads=20 trimpolyg=1 trimpolya=1
Executing jgi.BBDuk [-Xmx3g, in1=/research/labs/neurology/fryer/projects/aducanumab/mouse/bulkRNA/775_IgG_R_S36_L001_R1_001.fastq.gz, in2=/research/labs/neurology/fryer/projects/aducanumab/mouse/bulkRNA/775_IgG_R_S36_L001_R2_001.fastq.gz, out1=trimmedReads/775_IgG_R_S36_L001_R1_trim.fastq.gz, out2=trimmedReads/775_IgG_R_S36_L001_R2_trim.fastq.gz, ref=refs/adapters.fa, ktrim=r, k=23, mink=11, hdist=1, tpe, tbo, threads=20, trimpolyg=1, trimpolya=1]
Version 39.01

Set threads to 20
maskMiddle was disabled because useShortKmers=true
0.023 seconds.
Initial:
Memory: max=3221m, total=3221m, free=3191m, used=30m

Added 3614 kmers; time: 	0.024 seconds.
Memory: max=3221m, total=3221m, free=3182m, used=39m

Input is being processed as paired
Started output streams:	0.138 seconds.
[W::bgzf_read_block] EOF marker is absent. The input may be truncated
[W::bgzf_read_block] EOF marker is absent. The input may be truncated
Processing time:   		82.914 seconds.

Input:                  	77817548 reads 		7859572348 bases.
Polymer-trimmed:        	118659953 reads (152.48%) 	222682638 bases (2.83%)
KTrimmed:               	2619858 reads (3.37%) 	95491188 bases (1.21%)
Trimmed by overlap:     	1814438 reads (2.33%) 	9415896 bases (0.12%)
Total Removed:          	279546 reads (0.36%) 	327589722 bases (4.17%)
Result:                 	77538002 reads (99.64%) 	7531982626 bases (95.83%)

Time:                         	83.079 seconds.
Reads Processed:      77817k 	936.67k reads/sec
Bases Processed:       7859m 	94.60m bases/sec
java -ea -Xmx3g -Xms3g -cp /research/labs/neurology/fryer/m214960/tools/miniconda3/envs/aducanumab/opt/bbmap-39.01-1/current/ jgi.BBDuk -Xmx3g in1=/research/labs/neurology/fryer/projects/aducanumab/mouse/bulkRNA/775_IgG_R_S36_L002_R1_001.fastq.gz in2=/research/labs/neurology/fryer/projects/aducanumab/mouse/bulkRNA/775_IgG_R_S36_L002_R2_001.fastq.gz out1=trimmedReads/775_IgG_R_S36_L002_R1_trim.fastq.gz out2=trimmedReads/775_IgG_R_S36_L002_R2_trim.fastq.gz ref=refs/adapters.fa ktrim=r k=23 mink=11 hdist=1 tpe tbo threads=20 trimpolyg=1 trimpolya=1
Executing jgi.BBDuk [-Xmx3g, in1=/research/labs/neurology/fryer/projects/aducanumab/mouse/bulkRNA/775_IgG_R_S36_L002_R1_001.fastq.gz, in2=/research/labs/neurology/fryer/projects/aducanumab/mouse/bulkRNA/775_IgG_R_S36_L002_R2_001.fastq.gz, out1=trimmedReads/775_IgG_R_S36_L002_R1_trim.fastq.gz, out2=trimmedReads/775_IgG_R_S36_L002_R2_trim.fastq.gz, ref=refs/adapters.fa, ktrim=r, k=23, mink=11, hdist=1, tpe, tbo, threads=20, trimpolyg=1, trimpolya=1]
Version 39.01

Set threads to 20
maskMiddle was disabled because useShortKmers=true
0.018 seconds.
Initial:
Memory: max=3221m, total=3221m, free=3191m, used=30m

Added 3614 kmers; time: 	0.019 seconds.
Memory: max=3221m, total=3221m, free=3183m, used=38m

Input is being processed as paired
Started output streams:	0.091 seconds.
[W::bgzf_read_block] EOF marker is absent. The input may be truncated
[W::bgzf_read_block] EOF marker is absent. The input may be truncated
Processing time:   		83.541 seconds.

Input:                  	78009618 reads 		7878971418 bases.
Polymer-trimmed:        	118842415 reads (152.34%) 	223194609 bases (2.83%)
KTrimmed:               	2573426 reads (3.30%) 	93892174 bases (1.19%)
Trimmed by overlap:     	1795760 reads (2.30%) 	9315326 bases (0.12%)
Total Removed:          	278802 reads (0.36%) 	326402109 bases (4.14%)
Result:                 	77730816 reads (99.64%) 	7552569309 bases (95.86%)

Time:                         	83.654 seconds.
Reads Processed:      78009k 	932.53k reads/sec
Bases Processed:       7878m 	94.19m bases/sec
java -ea -Xmx3g -Xms3g -cp /research/labs/neurology/fryer/m214960/tools/miniconda3/envs/aducanumab/opt/bbmap-39.01-1/current/ jgi.BBDuk -Xmx3g in1=/research/labs/neurology/fryer/projects/aducanumab/mouse/bulkRNA/775_IgG_R_S36_L003_R1_001.fastq.gz in2=/research/labs/neurology/fryer/projects/aducanumab/mouse/bulkRNA/775_IgG_R_S36_L003_R2_001.fastq.gz out1=trimmedReads/775_IgG_R_S36_L003_R1_trim.fastq.gz out2=trimmedReads/775_IgG_R_S36_L003_R2_trim.fastq.gz ref=refs/adapters.fa ktrim=r k=23 mink=11 hdist=1 tpe tbo threads=20 trimpolyg=1 trimpolya=1
Executing jgi.BBDuk [-Xmx3g, in1=/research/labs/neurology/fryer/projects/aducanumab/mouse/bulkRNA/775_IgG_R_S36_L003_R1_001.fastq.gz, in2=/research/labs/neurology/fryer/projects/aducanumab/mouse/bulkRNA/775_IgG_R_S36_L003_R2_001.fastq.gz, out1=trimmedReads/775_IgG_R_S36_L003_R1_trim.fastq.gz, out2=trimmedReads/775_IgG_R_S36_L003_R2_trim.fastq.gz, ref=refs/adapters.fa, ktrim=r, k=23, mink=11, hdist=1, tpe, tbo, threads=20, trimpolyg=1, trimpolya=1]
Version 39.01

Set threads to 20
maskMiddle was disabled because useShortKmers=true
0.027 seconds.
Initial:
Memory: max=3221m, total=3221m, free=3191m, used=30m

Added 3614 kmers; time: 	0.027 seconds.
Memory: max=3221m, total=3221m, free=3182m, used=39m

Input is being processed as paired
Started output streams:	0.151 seconds.
[W::bgzf_read_block] [W::bgzf_read_block] EOF marker is absent. The input may be truncatedEOF marker is absent. The input may be truncated

Processing time:   		100.269 seconds.

Input:                  	78285208 reads 		7906806008 bases.
Polymer-trimmed:        	119508101 reads (152.66%) 	224916032 bases (2.84%)
KTrimmed:               	2574890 reads (3.29%) 	93758796 bases (1.19%)
Trimmed by overlap:     	1790578 reads (2.29%) 	9288808 bases (0.12%)
Total Removed:          	281784 reads (0.36%) 	327963636 bases (4.15%)
Result:                 	78003424 reads (99.64%) 	7578842372 bases (95.85%)

Time:                         	100.449 seconds.
Reads Processed:      78285k 	779.35k reads/sec
Bases Processed:       7906m 	78.71m bases/sec
java -ea -Xmx3g -Xms3g -cp /research/labs/neurology/fryer/m214960/tools/miniconda3/envs/aducanumab/opt/bbmap-39.01-1/current/ jgi.BBDuk -Xmx3g in1=/research/labs/neurology/fryer/projects/aducanumab/mouse/bulkRNA/775_IgG_R_S36_L004_R1_001.fastq.gz in2=/research/labs/neurology/fryer/projects/aducanumab/mouse/bulkRNA/775_IgG_R_S36_L004_R2_001.fastq.gz out1=trimmedReads/775_IgG_R_S36_L004_R1_trim.fastq.gz out2=trimmedReads/775_IgG_R_S36_L004_R2_trim.fastq.gz ref=refs/adapters.fa ktrim=r k=23 mink=11 hdist=1 tpe tbo threads=20 trimpolyg=1 trimpolya=1
Executing jgi.BBDuk [-Xmx3g, in1=/research/labs/neurology/fryer/projects/aducanumab/mouse/bulkRNA/775_IgG_R_S36_L004_R1_001.fastq.gz, in2=/research/labs/neurology/fryer/projects/aducanumab/mouse/bulkRNA/775_IgG_R_S36_L004_R2_001.fastq.gz, out1=trimmedReads/775_IgG_R_S36_L004_R1_trim.fastq.gz, out2=trimmedReads/775_IgG_R_S36_L004_R2_trim.fastq.gz, ref=refs/adapters.fa, ktrim=r, k=23, mink=11, hdist=1, tpe, tbo, threads=20, trimpolyg=1, trimpolya=1]
Version 39.01

Set threads to 20
maskMiddle was disabled because useShortKmers=true
0.019 seconds.
Initial:
Memory: max=3221m, total=3221m, free=3191m, used=30m

Added 3614 kmers; time: 	0.025 seconds.
Memory: max=3221m, total=3221m, free=3183m, used=38m

Input is being processed as paired
Started output streams:	1.002 seconds.
[W::bgzf_read_block] [W::bgzf_read_block] EOF marker is absent. The input may be truncatedEOF marker is absent. The input may be truncated

Processing time:   		337.587 seconds.

Input:                  	78188216 reads 		7897009816 bases.
Polymer-trimmed:        	119350074 reads (152.64%) 	224496047 bases (2.84%)
KTrimmed:               	2566690 reads (3.28%) 	93305310 bases (1.18%)
Trimmed by overlap:     	1790936 reads (2.29%) 	9286950 bases (0.12%)
Total Removed:          	278362 reads (0.36%) 	327088307 bases (4.14%)
Result:                 	77909854 reads (99.64%) 	7569921509 bases (95.86%)

Time:                         	338.616 seconds.
Reads Processed:      78188k 	230.91k reads/sec
Bases Processed:       7897m 	23.32m bases/sec
[Tue Oct  3 13:32:47 2023]
Finished job 0.
1 of 1 steps (100%) done
