Building DAG of jobs...
Using shell: /usr/bin/bash
Provided cores: 20
Rules claiming more threads will be scaled down.
Provided resources: mem_mb=38901, mem_mib=37099, disk_mb=38901, disk_mib=37099
Select jobs to execute...

[Tue Oct  3 14:03:47 2023]
rule trim_bbduk:
    input: /research/labs/neurology/fryer/projects/aducanumab/mouse/bulkRNA/752_Adu_S46_L001_R1_001.fastq.gz, /research/labs/neurology/fryer/projects/aducanumab/mouse/bulkRNA/752_Adu_S46_L001_R2_001.fastq.gz, /research/labs/neurology/fryer/projects/aducanumab/mouse/bulkRNA/752_Adu_S46_L002_R1_001.fastq.gz, /research/labs/neurology/fryer/projects/aducanumab/mouse/bulkRNA/752_Adu_S46_L002_R2_001.fastq.gz, /research/labs/neurology/fryer/projects/aducanumab/mouse/bulkRNA/752_Adu_S46_L003_R1_001.fastq.gz, /research/labs/neurology/fryer/projects/aducanumab/mouse/bulkRNA/752_Adu_S46_L003_R2_001.fastq.gz, /research/labs/neurology/fryer/projects/aducanumab/mouse/bulkRNA/752_Adu_S46_L004_R1_001.fastq.gz, /research/labs/neurology/fryer/projects/aducanumab/mouse/bulkRNA/752_Adu_S46_L004_R2_001.fastq.gz
    output: trimmedReads/752_Adu_S46_L001_R1_trim.fastq.gz, trimmedReads/752_Adu_S46_L001_R2_trim.fastq.gz, trimmedReads/752_Adu_S46_L002_R1_trim.fastq.gz, trimmedReads/752_Adu_S46_L002_R2_trim.fastq.gz, trimmedReads/752_Adu_S46_L003_R1_trim.fastq.gz, trimmedReads/752_Adu_S46_L003_R2_trim.fastq.gz, trimmedReads/752_Adu_S46_L004_R1_trim.fastq.gz, trimmedReads/752_Adu_S46_L004_R2_trim.fastq.gz
    jobid: 0
    reason: Missing output files: trimmedReads/752_Adu_S46_L001_R2_trim.fastq.gz, trimmedReads/752_Adu_S46_L004_R1_trim.fastq.gz, trimmedReads/752_Adu_S46_L003_R1_trim.fastq.gz, trimmedReads/752_Adu_S46_L004_R2_trim.fastq.gz, trimmedReads/752_Adu_S46_L002_R1_trim.fastq.gz, trimmedReads/752_Adu_S46_L003_R2_trim.fastq.gz, trimmedReads/752_Adu_S46_L002_R2_trim.fastq.gz, trimmedReads/752_Adu_S46_L001_R1_trim.fastq.gz
    wildcards: sample=752_Adu_S46
    resources: mem_mb=38901, mem_mib=37099, disk_mb=38901, disk_mib=37099, tmpdir=/tmp

java -ea -Xmx3g -Xms3g -cp /research/labs/neurology/fryer/m214960/tools/miniconda3/envs/aducanumab/opt/bbmap-39.01-1/current/ jgi.BBDuk -Xmx3g in1=/research/labs/neurology/fryer/projects/aducanumab/mouse/bulkRNA/752_Adu_S46_L001_R1_001.fastq.gz in2=/research/labs/neurology/fryer/projects/aducanumab/mouse/bulkRNA/752_Adu_S46_L001_R2_001.fastq.gz out1=trimmedReads/752_Adu_S46_L001_R1_trim.fastq.gz out2=trimmedReads/752_Adu_S46_L001_R2_trim.fastq.gz ref=refs/adapters.fa ktrim=r k=23 mink=11 hdist=1 tpe tbo threads=20 trimpolyg=1 trimpolya=1
Executing jgi.BBDuk [-Xmx3g, in1=/research/labs/neurology/fryer/projects/aducanumab/mouse/bulkRNA/752_Adu_S46_L001_R1_001.fastq.gz, in2=/research/labs/neurology/fryer/projects/aducanumab/mouse/bulkRNA/752_Adu_S46_L001_R2_001.fastq.gz, out1=trimmedReads/752_Adu_S46_L001_R1_trim.fastq.gz, out2=trimmedReads/752_Adu_S46_L001_R2_trim.fastq.gz, ref=refs/adapters.fa, ktrim=r, k=23, mink=11, hdist=1, tpe, tbo, threads=20, trimpolyg=1, trimpolya=1]
Version 39.01

Set threads to 20
maskMiddle was disabled because useShortKmers=true
0.019 seconds.
Initial:
Memory: max=3221m, total=3221m, free=3191m, used=30m

Added 3614 kmers; time: 	0.016 seconds.
Memory: max=3221m, total=3221m, free=3182m, used=39m

Input is being processed as paired
Started output streams:	0.424 seconds.
[W::bgzf_read_block] EOF marker is absent. The input may be truncated
[W::bgzf_read_block] EOF marker is absent. The input may be truncated
Processing time:   		97.578 seconds.

Input:                  	91095782 reads 		9200673982 bases.
Polymer-trimmed:        	138980585 reads (152.57%) 	257882552 bases (2.80%)
KTrimmed:               	3033794 reads (3.33%) 	102678036 bases (1.12%)
Trimmed by overlap:     	2135766 reads (2.34%) 	11030494 bases (0.12%)
Total Removed:          	177056 reads (0.19%) 	371591082 bases (4.04%)
Result:                 	90918726 reads (99.81%) 	8829082900 bases (95.96%)

Time:                         	98.020 seconds.
Reads Processed:      91095k 	929.36k reads/sec
Bases Processed:       9200m 	93.87m bases/sec
java -ea -Xmx3g -Xms3g -cp /research/labs/neurology/fryer/m214960/tools/miniconda3/envs/aducanumab/opt/bbmap-39.01-1/current/ jgi.BBDuk -Xmx3g in1=/research/labs/neurology/fryer/projects/aducanumab/mouse/bulkRNA/752_Adu_S46_L002_R1_001.fastq.gz in2=/research/labs/neurology/fryer/projects/aducanumab/mouse/bulkRNA/752_Adu_S46_L002_R2_001.fastq.gz out1=trimmedReads/752_Adu_S46_L002_R1_trim.fastq.gz out2=trimmedReads/752_Adu_S46_L002_R2_trim.fastq.gz ref=refs/adapters.fa ktrim=r k=23 mink=11 hdist=1 tpe tbo threads=20 trimpolyg=1 trimpolya=1
Executing jgi.BBDuk [-Xmx3g, in1=/research/labs/neurology/fryer/projects/aducanumab/mouse/bulkRNA/752_Adu_S46_L002_R1_001.fastq.gz, in2=/research/labs/neurology/fryer/projects/aducanumab/mouse/bulkRNA/752_Adu_S46_L002_R2_001.fastq.gz, out1=trimmedReads/752_Adu_S46_L002_R1_trim.fastq.gz, out2=trimmedReads/752_Adu_S46_L002_R2_trim.fastq.gz, ref=refs/adapters.fa, ktrim=r, k=23, mink=11, hdist=1, tpe, tbo, threads=20, trimpolyg=1, trimpolya=1]
Version 39.01

Set threads to 20
maskMiddle was disabled because useShortKmers=true
0.025 seconds.
Initial:
Memory: max=3221m, total=3221m, free=3191m, used=30m

Added 3614 kmers; time: 	0.018 seconds.
Memory: max=3221m, total=3221m, free=3183m, used=38m

Input is being processed as paired
Started output streams:	0.333 seconds.
[W::bgzf_read_block] EOF marker is absent. The input may be truncated
[W::bgzf_read_block] EOF marker is absent. The input may be truncated
Processing time:   		106.894 seconds.

Input:                  	91151310 reads 		9206282310 bases.
Polymer-trimmed:        	138831538 reads (152.31%) 	257582948 bases (2.80%)
KTrimmed:               	2990310 reads (3.28%) 	101058642 bases (1.10%)
Trimmed by overlap:     	2112612 reads (2.32%) 	10911012 bases (0.12%)
Total Removed:          	175616 reads (0.19%) 	369552602 bases (4.01%)
Result:                 	90975694 reads (99.81%) 	8836729708 bases (95.99%)

Time:                         	107.247 seconds.
Reads Processed:      91151k 	849.92k reads/sec
Bases Processed:       9206m 	85.84m bases/sec
java -ea -Xmx3g -Xms3g -cp /research/labs/neurology/fryer/m214960/tools/miniconda3/envs/aducanumab/opt/bbmap-39.01-1/current/ jgi.BBDuk -Xmx3g in1=/research/labs/neurology/fryer/projects/aducanumab/mouse/bulkRNA/752_Adu_S46_L003_R1_001.fastq.gz in2=/research/labs/neurology/fryer/projects/aducanumab/mouse/bulkRNA/752_Adu_S46_L003_R2_001.fastq.gz out1=trimmedReads/752_Adu_S46_L003_R1_trim.fastq.gz out2=trimmedReads/752_Adu_S46_L003_R2_trim.fastq.gz ref=refs/adapters.fa ktrim=r k=23 mink=11 hdist=1 tpe tbo threads=20 trimpolyg=1 trimpolya=1
Executing jgi.BBDuk [-Xmx3g, in1=/research/labs/neurology/fryer/projects/aducanumab/mouse/bulkRNA/752_Adu_S46_L003_R1_001.fastq.gz, in2=/research/labs/neurology/fryer/projects/aducanumab/mouse/bulkRNA/752_Adu_S46_L003_R2_001.fastq.gz, out1=trimmedReads/752_Adu_S46_L003_R1_trim.fastq.gz, out2=trimmedReads/752_Adu_S46_L003_R2_trim.fastq.gz, ref=refs/adapters.fa, ktrim=r, k=23, mink=11, hdist=1, tpe, tbo, threads=20, trimpolyg=1, trimpolya=1]
Version 39.01

Set threads to 20
maskMiddle was disabled because useShortKmers=true
0.017 seconds.
Initial:
Memory: max=3221m, total=3221m, free=3191m, used=30m

Added 3614 kmers; time: 	0.018 seconds.
Memory: max=3221m, total=3221m, free=3183m, used=38m

Input is being processed as paired
Started output streams:	0.420 seconds.
[W::bgzf_read_block] EOF marker is absent. The input may be truncated
[W::bgzf_read_block] EOF marker is absent. The input may be truncated
Processing time:   		105.328 seconds.

Input:                  	91210762 reads 		9212286962 bases.
Polymer-trimmed:        	139189589 reads (152.60%) 	258481043 bases (2.81%)
KTrimmed:               	2981538 reads (3.27%) 	100733878 bases (1.09%)
Trimmed by overlap:     	2114076 reads (2.32%) 	10922872 bases (0.12%)
Total Removed:          	177240 reads (0.19%) 	370137793 bases (4.02%)
Result:                 	91033522 reads (99.81%) 	8842149169 bases (95.98%)

Time:                         	105.768 seconds.
Reads Processed:      91210k 	862.37k reads/sec
Bases Processed:       9212m 	87.10m bases/sec
java -ea -Xmx3g -Xms3g -cp /research/labs/neurology/fryer/m214960/tools/miniconda3/envs/aducanumab/opt/bbmap-39.01-1/current/ jgi.BBDuk -Xmx3g in1=/research/labs/neurology/fryer/projects/aducanumab/mouse/bulkRNA/752_Adu_S46_L004_R1_001.fastq.gz in2=/research/labs/neurology/fryer/projects/aducanumab/mouse/bulkRNA/752_Adu_S46_L004_R2_001.fastq.gz out1=trimmedReads/752_Adu_S46_L004_R1_trim.fastq.gz out2=trimmedReads/752_Adu_S46_L004_R2_trim.fastq.gz ref=refs/adapters.fa ktrim=r k=23 mink=11 hdist=1 tpe tbo threads=20 trimpolyg=1 trimpolya=1
Executing jgi.BBDuk [-Xmx3g, in1=/research/labs/neurology/fryer/projects/aducanumab/mouse/bulkRNA/752_Adu_S46_L004_R1_001.fastq.gz, in2=/research/labs/neurology/fryer/projects/aducanumab/mouse/bulkRNA/752_Adu_S46_L004_R2_001.fastq.gz, out1=trimmedReads/752_Adu_S46_L004_R1_trim.fastq.gz, out2=trimmedReads/752_Adu_S46_L004_R2_trim.fastq.gz, ref=refs/adapters.fa, ktrim=r, k=23, mink=11, hdist=1, tpe, tbo, threads=20, trimpolyg=1, trimpolya=1]
Version 39.01

Set threads to 20
maskMiddle was disabled because useShortKmers=true
0.022 seconds.
Initial:
Memory: max=3221m, total=3221m, free=3191m, used=30m

Added 3614 kmers; time: 	0.019 seconds.
Memory: max=3221m, total=3221m, free=3182m, used=39m

Input is being processed as paired
Started output streams:	0.193 seconds.
[W::bgzf_read_block] EOF marker is absent. The input may be truncated
[W::bgzf_read_block] EOF marker is absent. The input may be truncated
Processing time:   		99.643 seconds.

Input:                  	91239098 reads 		9215148898 bases.
Polymer-trimmed:        	139155688 reads (152.52%) 	258398680 bases (2.80%)
KTrimmed:               	2975778 reads (3.26%) 	100625960 bases (1.09%)
Trimmed by overlap:     	2108682 reads (2.31%) 	10897444 bases (0.12%)
Total Removed:          	176982 reads (0.19%) 	369922084 bases (4.01%)
Result:                 	91062116 reads (99.81%) 	8845226814 bases (95.99%)

Time:                         	99.856 seconds.
Reads Processed:      91239k 	913.70k reads/sec
Bases Processed:       9215m 	92.28m bases/sec
[Tue Oct  3 14:10:40 2023]
Finished job 0.
1 of 1 steps (100%) done
