Building DAG of jobs...
Using shell: /usr/bin/bash
Provided cores: 20
Rules claiming more threads will be scaled down.
Provided resources: mem_mb=35054, mem_mib=33431, disk_mb=35054, disk_mib=33431
Select jobs to execute...

[Tue Oct  3 13:27:36 2023]
rule trim_bbduk:
    input: /research/labs/neurology/fryer/projects/aducanumab/mouse/bulkRNA/194_IgG_S27_L001_R1_001.fastq.gz, /research/labs/neurology/fryer/projects/aducanumab/mouse/bulkRNA/194_IgG_S27_L001_R2_001.fastq.gz, /research/labs/neurology/fryer/projects/aducanumab/mouse/bulkRNA/194_IgG_S27_L002_R1_001.fastq.gz, /research/labs/neurology/fryer/projects/aducanumab/mouse/bulkRNA/194_IgG_S27_L002_R2_001.fastq.gz, /research/labs/neurology/fryer/projects/aducanumab/mouse/bulkRNA/194_IgG_S27_L003_R1_001.fastq.gz, /research/labs/neurology/fryer/projects/aducanumab/mouse/bulkRNA/194_IgG_S27_L003_R2_001.fastq.gz, /research/labs/neurology/fryer/projects/aducanumab/mouse/bulkRNA/194_IgG_S27_L004_R1_001.fastq.gz, /research/labs/neurology/fryer/projects/aducanumab/mouse/bulkRNA/194_IgG_S27_L004_R2_001.fastq.gz
    output: trimmedReads/194_IgG_S27_L001_R1_trim.fastq.gz, trimmedReads/194_IgG_S27_L001_R2_trim.fastq.gz, trimmedReads/194_IgG_S27_L002_R1_trim.fastq.gz, trimmedReads/194_IgG_S27_L002_R2_trim.fastq.gz, trimmedReads/194_IgG_S27_L003_R1_trim.fastq.gz, trimmedReads/194_IgG_S27_L003_R2_trim.fastq.gz, trimmedReads/194_IgG_S27_L004_R1_trim.fastq.gz, trimmedReads/194_IgG_S27_L004_R2_trim.fastq.gz
    jobid: 0
    reason: Missing output files: trimmedReads/194_IgG_S27_L001_R1_trim.fastq.gz, trimmedReads/194_IgG_S27_L002_R2_trim.fastq.gz, trimmedReads/194_IgG_S27_L003_R1_trim.fastq.gz, trimmedReads/194_IgG_S27_L001_R2_trim.fastq.gz, trimmedReads/194_IgG_S27_L003_R2_trim.fastq.gz, trimmedReads/194_IgG_S27_L004_R2_trim.fastq.gz, trimmedReads/194_IgG_S27_L002_R1_trim.fastq.gz, trimmedReads/194_IgG_S27_L004_R1_trim.fastq.gz
    wildcards: sample=194_IgG_S27
    resources: mem_mb=35054, mem_mib=33431, disk_mb=35054, disk_mib=33431, tmpdir=/tmp

java -ea -Xmx3g -Xms3g -cp /research/labs/neurology/fryer/m214960/tools/miniconda3/envs/aducanumab/opt/bbmap-39.01-1/current/ jgi.BBDuk -Xmx3g in1=/research/labs/neurology/fryer/projects/aducanumab/mouse/bulkRNA/194_IgG_S27_L001_R1_001.fastq.gz in2=/research/labs/neurology/fryer/projects/aducanumab/mouse/bulkRNA/194_IgG_S27_L001_R2_001.fastq.gz out1=trimmedReads/194_IgG_S27_L001_R1_trim.fastq.gz out2=trimmedReads/194_IgG_S27_L001_R2_trim.fastq.gz ref=refs/adapters.fa ktrim=r k=23 mink=11 hdist=1 tpe tbo threads=20 trimpolyg=1 trimpolya=1
Executing jgi.BBDuk [-Xmx3g, in1=/research/labs/neurology/fryer/projects/aducanumab/mouse/bulkRNA/194_IgG_S27_L001_R1_001.fastq.gz, in2=/research/labs/neurology/fryer/projects/aducanumab/mouse/bulkRNA/194_IgG_S27_L001_R2_001.fastq.gz, out1=trimmedReads/194_IgG_S27_L001_R1_trim.fastq.gz, out2=trimmedReads/194_IgG_S27_L001_R2_trim.fastq.gz, ref=refs/adapters.fa, ktrim=r, k=23, mink=11, hdist=1, tpe, tbo, threads=20, trimpolyg=1, trimpolya=1]
Version 39.01

Set threads to 20
maskMiddle was disabled because useShortKmers=true
0.018 seconds.
Initial:
Memory: max=3221m, total=3221m, free=3191m, used=30m

Added 3614 kmers; time: 	0.016 seconds.
Memory: max=3221m, total=3221m, free=3183m, used=38m

Input is being processed as paired
Started output streams:	0.868 seconds.
[W::bgzf_read_block] EOF marker is absent. The input may be truncated
[W::bgzf_read_block] EOF marker is absent. The input may be truncated
Processing time:   		309.923 seconds.

Input:                  	81802838 reads 		8262086638 bases.
Polymer-trimmed:        	125200144 reads (153.05%) 	234013427 bases (2.83%)
KTrimmed:               	3034364 reads (3.71%) 	118184340 bases (1.43%)
Trimmed by overlap:     	2103440 reads (2.57%) 	10843688 bases (0.13%)
Total Removed:          	439896 reads (0.54%) 	363041455 bases (4.39%)
Result:                 	81362942 reads (99.46%) 	7899045183 bases (95.61%)

Time:                         	310.809 seconds.
Reads Processed:      81802k 	263.19k reads/sec
Bases Processed:       8262m 	26.58m bases/sec
java -ea -Xmx3g -Xms3g -cp /research/labs/neurology/fryer/m214960/tools/miniconda3/envs/aducanumab/opt/bbmap-39.01-1/current/ jgi.BBDuk -Xmx3g in1=/research/labs/neurology/fryer/projects/aducanumab/mouse/bulkRNA/194_IgG_S27_L002_R1_001.fastq.gz in2=/research/labs/neurology/fryer/projects/aducanumab/mouse/bulkRNA/194_IgG_S27_L002_R2_001.fastq.gz out1=trimmedReads/194_IgG_S27_L002_R1_trim.fastq.gz out2=trimmedReads/194_IgG_S27_L002_R2_trim.fastq.gz ref=refs/adapters.fa ktrim=r k=23 mink=11 hdist=1 tpe tbo threads=20 trimpolyg=1 trimpolya=1
Executing jgi.BBDuk [-Xmx3g, in1=/research/labs/neurology/fryer/projects/aducanumab/mouse/bulkRNA/194_IgG_S27_L002_R1_001.fastq.gz, in2=/research/labs/neurology/fryer/projects/aducanumab/mouse/bulkRNA/194_IgG_S27_L002_R2_001.fastq.gz, out1=trimmedReads/194_IgG_S27_L002_R1_trim.fastq.gz, out2=trimmedReads/194_IgG_S27_L002_R2_trim.fastq.gz, ref=refs/adapters.fa, ktrim=r, k=23, mink=11, hdist=1, tpe, tbo, threads=20, trimpolyg=1, trimpolya=1]
Version 39.01

Set threads to 20
maskMiddle was disabled because useShortKmers=true
0.017 seconds.
Initial:
Memory: max=3221m, total=3221m, free=3191m, used=30m

Added 3614 kmers; time: 	0.026 seconds.
Memory: max=3221m, total=3221m, free=3183m, used=38m

Input is being processed as paired
Started output streams:	0.458 seconds.
[W::bgzf_read_block] EOF marker is absent. The input may be truncated
[W::bgzf_read_block] EOF marker is absent. The input may be truncated
Processing time:   		179.695 seconds.

Input:                  	81841716 reads 		8266013316 bases.
Polymer-trimmed:        	125237388 reads (153.02%) 	234240655 bases (2.83%)
KTrimmed:               	2988404 reads (3.65%) 	116314496 bases (1.41%)
Trimmed by overlap:     	2079158 reads (2.54%) 	10712462 bases (0.13%)
Total Removed:          	435922 reads (0.53%) 	361267613 bases (4.37%)
Result:                 	81405794 reads (99.47%) 	7904745703 bases (95.63%)

Time:                         	180.180 seconds.
Reads Processed:      81841k 	454.22k reads/sec
Bases Processed:       8266m 	45.88m bases/sec
java -ea -Xmx3g -Xms3g -cp /research/labs/neurology/fryer/m214960/tools/miniconda3/envs/aducanumab/opt/bbmap-39.01-1/current/ jgi.BBDuk -Xmx3g in1=/research/labs/neurology/fryer/projects/aducanumab/mouse/bulkRNA/194_IgG_S27_L003_R1_001.fastq.gz in2=/research/labs/neurology/fryer/projects/aducanumab/mouse/bulkRNA/194_IgG_S27_L003_R2_001.fastq.gz out1=trimmedReads/194_IgG_S27_L003_R1_trim.fastq.gz out2=trimmedReads/194_IgG_S27_L003_R2_trim.fastq.gz ref=refs/adapters.fa ktrim=r k=23 mink=11 hdist=1 tpe tbo threads=20 trimpolyg=1 trimpolya=1
Executing jgi.BBDuk [-Xmx3g, in1=/research/labs/neurology/fryer/projects/aducanumab/mouse/bulkRNA/194_IgG_S27_L003_R1_001.fastq.gz, in2=/research/labs/neurology/fryer/projects/aducanumab/mouse/bulkRNA/194_IgG_S27_L003_R2_001.fastq.gz, out1=trimmedReads/194_IgG_S27_L003_R1_trim.fastq.gz, out2=trimmedReads/194_IgG_S27_L003_R2_trim.fastq.gz, ref=refs/adapters.fa, ktrim=r, k=23, mink=11, hdist=1, tpe, tbo, threads=20, trimpolyg=1, trimpolya=1]
Version 39.01

Set threads to 20
maskMiddle was disabled because useShortKmers=true
0.017 seconds.
Initial:
Memory: max=3221m, total=3221m, free=3191m, used=30m

Added 3614 kmers; time: 	0.017 seconds.
Memory: max=3221m, total=3221m, free=3183m, used=38m

Input is being processed as paired
Started output streams:	0.100 seconds.
[W::bgzf_read_block] EOF marker is absent. The input may be truncated
[W::bgzf_read_block] EOF marker is absent. The input may be truncated
Processing time:   		247.785 seconds.

Input:                  	81792620 reads 		8261054620 bases.
Polymer-trimmed:        	125515747 reads (153.46%) 	235246663 bases (2.85%)
KTrimmed:               	2985118 reads (3.65%) 	116361350 bases (1.41%)
Trimmed by overlap:     	2072310 reads (2.53%) 	10687032 bases (0.13%)
Total Removed:          	440348 reads (0.54%) 	362295045 bases (4.39%)
Result:                 	81352272 reads (99.46%) 	7898759575 bases (95.61%)

Time:                         	247.903 seconds.
Reads Processed:      81792k 	329.94k reads/sec
Bases Processed:       8261m 	33.32m bases/sec
java -ea -Xmx3g -Xms3g -cp /research/labs/neurology/fryer/m214960/tools/miniconda3/envs/aducanumab/opt/bbmap-39.01-1/current/ jgi.BBDuk -Xmx3g in1=/research/labs/neurology/fryer/projects/aducanumab/mouse/bulkRNA/194_IgG_S27_L004_R1_001.fastq.gz in2=/research/labs/neurology/fryer/projects/aducanumab/mouse/bulkRNA/194_IgG_S27_L004_R2_001.fastq.gz out1=trimmedReads/194_IgG_S27_L004_R1_trim.fastq.gz out2=trimmedReads/194_IgG_S27_L004_R2_trim.fastq.gz ref=refs/adapters.fa ktrim=r k=23 mink=11 hdist=1 tpe tbo threads=20 trimpolyg=1 trimpolya=1
Executing jgi.BBDuk [-Xmx3g, in1=/research/labs/neurology/fryer/projects/aducanumab/mouse/bulkRNA/194_IgG_S27_L004_R1_001.fastq.gz, in2=/research/labs/neurology/fryer/projects/aducanumab/mouse/bulkRNA/194_IgG_S27_L004_R2_001.fastq.gz, out1=trimmedReads/194_IgG_S27_L004_R1_trim.fastq.gz, out2=trimmedReads/194_IgG_S27_L004_R2_trim.fastq.gz, ref=refs/adapters.fa, ktrim=r, k=23, mink=11, hdist=1, tpe, tbo, threads=20, trimpolyg=1, trimpolya=1]
Version 39.01

Set threads to 20
maskMiddle was disabled because useShortKmers=true
0.022 seconds.
Initial:
Memory: max=3221m, total=3221m, free=3191m, used=30m

Added 3614 kmers; time: 	0.025 seconds.
Memory: max=3221m, total=3221m, free=3183m, used=38m

Input is being processed as paired
Started output streams:	0.143 seconds.
[W::bgzf_read_block] EOF marker is absent. The input may be truncated
[W::bgzf_read_block] EOF marker is absent. The input may be truncated
Processing time:   		205.076 seconds.

Input:                  	81870884 reads 		8268959284 bases.
Polymer-trimmed:        	125651647 reads (153.48%) 	235364618 bases (2.85%)
KTrimmed:               	2979068 reads (3.64%) 	116010130 bases (1.40%)
Trimmed by overlap:     	2069970 reads (2.53%) 	10672188 bases (0.13%)
Total Removed:          	436966 reads (0.53%) 	362046936 bases (4.38%)
Result:                 	81433918 reads (99.47%) 	7906912348 bases (95.62%)

Time:                         	205.246 seconds.
Reads Processed:      81870k 	398.89k reads/sec
Bases Processed:       8268m 	40.29m bases/sec
[Tue Oct  3 13:43:23 2023]
Finished job 0.
1 of 1 steps (100%) done
