Building DAG of jobs...
Using shell: /usr/bin/bash
Provided cores: 20
Rules claiming more threads will be scaled down.
Provided resources: mem_mb=43631, mem_mib=41610, disk_mb=43631, disk_mib=41610
Select jobs to execute...

[Tue Oct  3 14:10:46 2023]
rule trim_bbduk:
    input: /research/labs/neurology/fryer/projects/aducanumab/mouse/bulkRNA/758_Adu_S64_L001_R1_001.fastq.gz, /research/labs/neurology/fryer/projects/aducanumab/mouse/bulkRNA/758_Adu_S64_L001_R2_001.fastq.gz, /research/labs/neurology/fryer/projects/aducanumab/mouse/bulkRNA/758_Adu_S64_L002_R1_001.fastq.gz, /research/labs/neurology/fryer/projects/aducanumab/mouse/bulkRNA/758_Adu_S64_L002_R2_001.fastq.gz, /research/labs/neurology/fryer/projects/aducanumab/mouse/bulkRNA/758_Adu_S64_L003_R1_001.fastq.gz, /research/labs/neurology/fryer/projects/aducanumab/mouse/bulkRNA/758_Adu_S64_L003_R2_001.fastq.gz, /research/labs/neurology/fryer/projects/aducanumab/mouse/bulkRNA/758_Adu_S64_L004_R1_001.fastq.gz, /research/labs/neurology/fryer/projects/aducanumab/mouse/bulkRNA/758_Adu_S64_L004_R2_001.fastq.gz
    output: trimmedReads/758_Adu_S64_L001_R1_trim.fastq.gz, trimmedReads/758_Adu_S64_L001_R2_trim.fastq.gz, trimmedReads/758_Adu_S64_L002_R1_trim.fastq.gz, trimmedReads/758_Adu_S64_L002_R2_trim.fastq.gz, trimmedReads/758_Adu_S64_L003_R1_trim.fastq.gz, trimmedReads/758_Adu_S64_L003_R2_trim.fastq.gz, trimmedReads/758_Adu_S64_L004_R1_trim.fastq.gz, trimmedReads/758_Adu_S64_L004_R2_trim.fastq.gz
    jobid: 0
    reason: Missing output files: trimmedReads/758_Adu_S64_L002_R1_trim.fastq.gz, trimmedReads/758_Adu_S64_L003_R2_trim.fastq.gz, trimmedReads/758_Adu_S64_L001_R2_trim.fastq.gz, trimmedReads/758_Adu_S64_L004_R1_trim.fastq.gz, trimmedReads/758_Adu_S64_L002_R2_trim.fastq.gz, trimmedReads/758_Adu_S64_L004_R2_trim.fastq.gz, trimmedReads/758_Adu_S64_L001_R1_trim.fastq.gz, trimmedReads/758_Adu_S64_L003_R1_trim.fastq.gz
    wildcards: sample=758_Adu_S64
    resources: mem_mb=43631, mem_mib=41610, disk_mb=43631, disk_mib=41610, tmpdir=/tmp

java -ea -Xmx3g -Xms3g -cp /research/labs/neurology/fryer/m214960/tools/miniconda3/envs/aducanumab/opt/bbmap-39.01-1/current/ jgi.BBDuk -Xmx3g in1=/research/labs/neurology/fryer/projects/aducanumab/mouse/bulkRNA/758_Adu_S64_L001_R1_001.fastq.gz in2=/research/labs/neurology/fryer/projects/aducanumab/mouse/bulkRNA/758_Adu_S64_L001_R2_001.fastq.gz out1=trimmedReads/758_Adu_S64_L001_R1_trim.fastq.gz out2=trimmedReads/758_Adu_S64_L001_R2_trim.fastq.gz ref=refs/adapters.fa ktrim=r k=23 mink=11 hdist=1 tpe tbo threads=20 trimpolyg=1 trimpolya=1
Executing jgi.BBDuk [-Xmx3g, in1=/research/labs/neurology/fryer/projects/aducanumab/mouse/bulkRNA/758_Adu_S64_L001_R1_001.fastq.gz, in2=/research/labs/neurology/fryer/projects/aducanumab/mouse/bulkRNA/758_Adu_S64_L001_R2_001.fastq.gz, out1=trimmedReads/758_Adu_S64_L001_R1_trim.fastq.gz, out2=trimmedReads/758_Adu_S64_L001_R2_trim.fastq.gz, ref=refs/adapters.fa, ktrim=r, k=23, mink=11, hdist=1, tpe, tbo, threads=20, trimpolyg=1, trimpolya=1]
Version 39.01

Set threads to 20
maskMiddle was disabled because useShortKmers=true
0.023 seconds.
Initial:
Memory: max=3221m, total=3221m, free=3191m, used=30m

Added 3614 kmers; time: 	0.026 seconds.
Memory: max=3221m, total=3221m, free=3183m, used=38m

Input is being processed as paired
Started output streams:	0.117 seconds.
[W::bgzf_read_block] EOF marker is absent. The input may be truncated
[W::bgzf_read_block] EOF marker is absent. The input may be truncated
Processing time:   		109.666 seconds.

Input:                  	101158952 reads 		10217054152 bases.
Polymer-trimmed:        	151195307 reads (149.46%) 	280585285 bases (2.75%)
KTrimmed:               	4228254 reads (4.18%) 	147038936 bases (1.44%)
Trimmed by overlap:     	2890568 reads (2.86%) 	14783150 bases (0.14%)
Total Removed:          	258694 reads (0.26%) 	442407371 bases (4.33%)
Result:                 	100900258 reads (99.74%) 	9774646781 bases (95.67%)

Time:                         	109.810 seconds.
Reads Processed:        101m 	921.22k reads/sec
Bases Processed:      10217m 	93.04m bases/sec
java -ea -Xmx3g -Xms3g -cp /research/labs/neurology/fryer/m214960/tools/miniconda3/envs/aducanumab/opt/bbmap-39.01-1/current/ jgi.BBDuk -Xmx3g in1=/research/labs/neurology/fryer/projects/aducanumab/mouse/bulkRNA/758_Adu_S64_L002_R1_001.fastq.gz in2=/research/labs/neurology/fryer/projects/aducanumab/mouse/bulkRNA/758_Adu_S64_L002_R2_001.fastq.gz out1=trimmedReads/758_Adu_S64_L002_R1_trim.fastq.gz out2=trimmedReads/758_Adu_S64_L002_R2_trim.fastq.gz ref=refs/adapters.fa ktrim=r k=23 mink=11 hdist=1 tpe tbo threads=20 trimpolyg=1 trimpolya=1
Executing jgi.BBDuk [-Xmx3g, in1=/research/labs/neurology/fryer/projects/aducanumab/mouse/bulkRNA/758_Adu_S64_L002_R1_001.fastq.gz, in2=/research/labs/neurology/fryer/projects/aducanumab/mouse/bulkRNA/758_Adu_S64_L002_R2_001.fastq.gz, out1=trimmedReads/758_Adu_S64_L002_R1_trim.fastq.gz, out2=trimmedReads/758_Adu_S64_L002_R2_trim.fastq.gz, ref=refs/adapters.fa, ktrim=r, k=23, mink=11, hdist=1, tpe, tbo, threads=20, trimpolyg=1, trimpolya=1]
Version 39.01

Set threads to 20
maskMiddle was disabled because useShortKmers=true
0.018 seconds.
Initial:
Memory: max=3221m, total=3221m, free=3192m, used=29m

Added 3614 kmers; time: 	0.029 seconds.
Memory: max=3221m, total=3221m, free=3184m, used=37m

Input is being processed as paired
Started output streams:	0.178 seconds.
[W::bgzf_read_block] EOF marker is absent. The input may be truncated[W::bgzf_read_block] 
EOF marker is absent. The input may be truncated
Processing time:   		110.394 seconds.

Input:                  	101330698 reads 		10234400498 bases.
Polymer-trimmed:        	151468976 reads (149.48%) 	281267872 bases (2.75%)
KTrimmed:               	4168084 reads (4.11%) 	144885356 bases (1.42%)
Trimmed by overlap:     	2854926 reads (2.82%) 	14619826 bases (0.14%)
Total Removed:          	258218 reads (0.25%) 	440773054 bases (4.31%)
Result:                 	101072480 reads (99.75%) 	9793627444 bases (95.69%)

Time:                         	110.603 seconds.
Reads Processed:        101m 	916.16k reads/sec
Bases Processed:      10234m 	92.53m bases/sec
java -ea -Xmx3g -Xms3g -cp /research/labs/neurology/fryer/m214960/tools/miniconda3/envs/aducanumab/opt/bbmap-39.01-1/current/ jgi.BBDuk -Xmx3g in1=/research/labs/neurology/fryer/projects/aducanumab/mouse/bulkRNA/758_Adu_S64_L003_R1_001.fastq.gz in2=/research/labs/neurology/fryer/projects/aducanumab/mouse/bulkRNA/758_Adu_S64_L003_R2_001.fastq.gz out1=trimmedReads/758_Adu_S64_L003_R1_trim.fastq.gz out2=trimmedReads/758_Adu_S64_L003_R2_trim.fastq.gz ref=refs/adapters.fa ktrim=r k=23 mink=11 hdist=1 tpe tbo threads=20 trimpolyg=1 trimpolya=1
Executing jgi.BBDuk [-Xmx3g, in1=/research/labs/neurology/fryer/projects/aducanumab/mouse/bulkRNA/758_Adu_S64_L003_R1_001.fastq.gz, in2=/research/labs/neurology/fryer/projects/aducanumab/mouse/bulkRNA/758_Adu_S64_L003_R2_001.fastq.gz, out1=trimmedReads/758_Adu_S64_L003_R1_trim.fastq.gz, out2=trimmedReads/758_Adu_S64_L003_R2_trim.fastq.gz, ref=refs/adapters.fa, ktrim=r, k=23, mink=11, hdist=1, tpe, tbo, threads=20, trimpolyg=1, trimpolya=1]
Version 39.01

Set threads to 20
maskMiddle was disabled because useShortKmers=true
0.017 seconds.
Initial:
Memory: max=3221m, total=3221m, free=3191m, used=30m

Added 3614 kmers; time: 	0.026 seconds.
Memory: max=3221m, total=3221m, free=3182m, used=39m

Input is being processed as paired
Started output streams:	0.128 seconds.
[W::bgzf_read_block] EOF marker is absent. The input may be truncated
[W::bgzf_read_block] EOF marker is absent. The input may be truncated
Processing time:   		108.761 seconds.

Input:                  	101328776 reads 		10234206376 bases.
Polymer-trimmed:        	151855888 reads (149.86%) 	282420426 bases (2.76%)
KTrimmed:               	4155684 reads (4.10%) 	144562364 bases (1.41%)
Trimmed by overlap:     	2851418 reads (2.81%) 	14599576 bases (0.14%)
Total Removed:          	263286 reads (0.26%) 	441582366 bases (4.31%)
Result:                 	101065490 reads (99.74%) 	9792624010 bases (95.69%)

Time:                         	108.917 seconds.
Reads Processed:        101m 	930.33k reads/sec
Bases Processed:      10234m 	93.96m bases/sec
java -ea -Xmx3g -Xms3g -cp /research/labs/neurology/fryer/m214960/tools/miniconda3/envs/aducanumab/opt/bbmap-39.01-1/current/ jgi.BBDuk -Xmx3g in1=/research/labs/neurology/fryer/projects/aducanumab/mouse/bulkRNA/758_Adu_S64_L004_R1_001.fastq.gz in2=/research/labs/neurology/fryer/projects/aducanumab/mouse/bulkRNA/758_Adu_S64_L004_R2_001.fastq.gz out1=trimmedReads/758_Adu_S64_L004_R1_trim.fastq.gz out2=trimmedReads/758_Adu_S64_L004_R2_trim.fastq.gz ref=refs/adapters.fa ktrim=r k=23 mink=11 hdist=1 tpe tbo threads=20 trimpolyg=1 trimpolya=1
Executing jgi.BBDuk [-Xmx3g, in1=/research/labs/neurology/fryer/projects/aducanumab/mouse/bulkRNA/758_Adu_S64_L004_R1_001.fastq.gz, in2=/research/labs/neurology/fryer/projects/aducanumab/mouse/bulkRNA/758_Adu_S64_L004_R2_001.fastq.gz, out1=trimmedReads/758_Adu_S64_L004_R1_trim.fastq.gz, out2=trimmedReads/758_Adu_S64_L004_R2_trim.fastq.gz, ref=refs/adapters.fa, ktrim=r, k=23, mink=11, hdist=1, tpe, tbo, threads=20, trimpolyg=1, trimpolya=1]
Version 39.01

Set threads to 20
maskMiddle was disabled because useShortKmers=true
0.018 seconds.
Initial:
Memory: max=3221m, total=3221m, free=3191m, used=30m

Added 3614 kmers; time: 	0.027 seconds.
Memory: max=3221m, total=3221m, free=3183m, used=38m

Input is being processed as paired
Started output streams:	0.107 seconds.
[W::bgzf_read_block] EOF marker is absent. The input may be truncated
[W::bgzf_read_block] EOF marker is absent. The input may be truncated
Processing time:   		108.508 seconds.

Input:                  	101389342 reads 		10240323542 bases.
Polymer-trimmed:        	151826692 reads (149.75%) 	282246934 bases (2.76%)
KTrimmed:               	4144618 reads (4.09%) 	143973588 bases (1.41%)
Trimmed by overlap:     	2845654 reads (2.81%) 	14573320 bases (0.14%)
Total Removed:          	258432 reads (0.25%) 	440793842 bases (4.30%)
Result:                 	101130910 reads (99.75%) 	9799529700 bases (95.70%)

Time:                         	108.643 seconds.
Reads Processed:        101m 	933.23k reads/sec
Bases Processed:      10240m 	94.26m bases/sec
[Tue Oct  3 14:18:06 2023]
Finished job 0.
1 of 1 steps (100%) done
