Building DAG of jobs...
Using shell: /usr/bin/bash
Provided cores: 20
Rules claiming more threads will be scaled down.
Provided resources: mem_mb=34661, mem_mib=33056, disk_mb=34661, disk_mib=33056
Select jobs to execute...

[Tue Oct  3 13:59:19 2023]
rule trim_bbduk:
    input: /research/labs/neurology/fryer/projects/aducanumab/mouse/bulkRNA/463_Adu_S18_L001_R1_001.fastq.gz, /research/labs/neurology/fryer/projects/aducanumab/mouse/bulkRNA/463_Adu_S18_L001_R2_001.fastq.gz, /research/labs/neurology/fryer/projects/aducanumab/mouse/bulkRNA/463_Adu_S18_L002_R1_001.fastq.gz, /research/labs/neurology/fryer/projects/aducanumab/mouse/bulkRNA/463_Adu_S18_L002_R2_001.fastq.gz, /research/labs/neurology/fryer/projects/aducanumab/mouse/bulkRNA/463_Adu_S18_L003_R1_001.fastq.gz, /research/labs/neurology/fryer/projects/aducanumab/mouse/bulkRNA/463_Adu_S18_L003_R2_001.fastq.gz, /research/labs/neurology/fryer/projects/aducanumab/mouse/bulkRNA/463_Adu_S18_L004_R1_001.fastq.gz, /research/labs/neurology/fryer/projects/aducanumab/mouse/bulkRNA/463_Adu_S18_L004_R2_001.fastq.gz
    output: trimmedReads/463_Adu_S18_L001_R1_trim.fastq.gz, trimmedReads/463_Adu_S18_L001_R2_trim.fastq.gz, trimmedReads/463_Adu_S18_L002_R1_trim.fastq.gz, trimmedReads/463_Adu_S18_L002_R2_trim.fastq.gz, trimmedReads/463_Adu_S18_L003_R1_trim.fastq.gz, trimmedReads/463_Adu_S18_L003_R2_trim.fastq.gz, trimmedReads/463_Adu_S18_L004_R1_trim.fastq.gz, trimmedReads/463_Adu_S18_L004_R2_trim.fastq.gz
    jobid: 0
    reason: Missing output files: trimmedReads/463_Adu_S18_L001_R1_trim.fastq.gz, trimmedReads/463_Adu_S18_L001_R2_trim.fastq.gz, trimmedReads/463_Adu_S18_L003_R2_trim.fastq.gz, trimmedReads/463_Adu_S18_L002_R2_trim.fastq.gz, trimmedReads/463_Adu_S18_L002_R1_trim.fastq.gz, trimmedReads/463_Adu_S18_L003_R1_trim.fastq.gz, trimmedReads/463_Adu_S18_L004_R1_trim.fastq.gz, trimmedReads/463_Adu_S18_L004_R2_trim.fastq.gz
    wildcards: sample=463_Adu_S18
    resources: mem_mb=34661, mem_mib=33056, disk_mb=34661, disk_mib=33056, tmpdir=/tmp

java -ea -Xmx3g -Xms3g -cp /research/labs/neurology/fryer/m214960/tools/miniconda3/envs/aducanumab/opt/bbmap-39.01-1/current/ jgi.BBDuk -Xmx3g in1=/research/labs/neurology/fryer/projects/aducanumab/mouse/bulkRNA/463_Adu_S18_L001_R1_001.fastq.gz in2=/research/labs/neurology/fryer/projects/aducanumab/mouse/bulkRNA/463_Adu_S18_L001_R2_001.fastq.gz out1=trimmedReads/463_Adu_S18_L001_R1_trim.fastq.gz out2=trimmedReads/463_Adu_S18_L001_R2_trim.fastq.gz ref=refs/adapters.fa ktrim=r k=23 mink=11 hdist=1 tpe tbo threads=20 trimpolyg=1 trimpolya=1
Executing jgi.BBDuk [-Xmx3g, in1=/research/labs/neurology/fryer/projects/aducanumab/mouse/bulkRNA/463_Adu_S18_L001_R1_001.fastq.gz, in2=/research/labs/neurology/fryer/projects/aducanumab/mouse/bulkRNA/463_Adu_S18_L001_R2_001.fastq.gz, out1=trimmedReads/463_Adu_S18_L001_R1_trim.fastq.gz, out2=trimmedReads/463_Adu_S18_L001_R2_trim.fastq.gz, ref=refs/adapters.fa, ktrim=r, k=23, mink=11, hdist=1, tpe, tbo, threads=20, trimpolyg=1, trimpolya=1]
Version 39.01

Set threads to 20
maskMiddle was disabled because useShortKmers=true
0.017 seconds.
Initial:
Memory: max=3221m, total=3221m, free=3191m, used=30m

Added 3614 kmers; time: 	0.066 seconds.
Memory: max=3221m, total=3221m, free=3182m, used=39m

Input is being processed as paired
Started output streams:	0.308 seconds.
[W::bgzf_read_block] EOF marker is absent. The input may be truncated
[W::bgzf_read_block] EOF marker is absent. The input may be truncated
Processing time:   		113.598 seconds.

Input:                  	80724704 reads 		8153195104 bases.
Polymer-trimmed:        	123594874 reads (153.11%) 	231805704 bases (2.84%)
KTrimmed:               	2964986 reads (3.67%) 	104967922 bases (1.29%)
Trimmed by overlap:     	2073938 reads (2.57%) 	10743352 bases (0.13%)
Total Removed:          	247816 reads (0.31%) 	347516978 bases (4.26%)
Result:                 	80476888 reads (99.69%) 	7805678126 bases (95.74%)

Time:                         	113.974 seconds.
Reads Processed:      80724k 	708.27k reads/sec
Bases Processed:       8153m 	71.54m bases/sec
java -ea -Xmx3g -Xms3g -cp /research/labs/neurology/fryer/m214960/tools/miniconda3/envs/aducanumab/opt/bbmap-39.01-1/current/ jgi.BBDuk -Xmx3g in1=/research/labs/neurology/fryer/projects/aducanumab/mouse/bulkRNA/463_Adu_S18_L002_R1_001.fastq.gz in2=/research/labs/neurology/fryer/projects/aducanumab/mouse/bulkRNA/463_Adu_S18_L002_R2_001.fastq.gz out1=trimmedReads/463_Adu_S18_L002_R1_trim.fastq.gz out2=trimmedReads/463_Adu_S18_L002_R2_trim.fastq.gz ref=refs/adapters.fa ktrim=r k=23 mink=11 hdist=1 tpe tbo threads=20 trimpolyg=1 trimpolya=1
Executing jgi.BBDuk [-Xmx3g, in1=/research/labs/neurology/fryer/projects/aducanumab/mouse/bulkRNA/463_Adu_S18_L002_R1_001.fastq.gz, in2=/research/labs/neurology/fryer/projects/aducanumab/mouse/bulkRNA/463_Adu_S18_L002_R2_001.fastq.gz, out1=trimmedReads/463_Adu_S18_L002_R1_trim.fastq.gz, out2=trimmedReads/463_Adu_S18_L002_R2_trim.fastq.gz, ref=refs/adapters.fa, ktrim=r, k=23, mink=11, hdist=1, tpe, tbo, threads=20, trimpolyg=1, trimpolya=1]
Version 39.01

Set threads to 20
maskMiddle was disabled because useShortKmers=true
0.017 seconds.
Initial:
Memory: max=3221m, total=3221m, free=3191m, used=30m

Added 3614 kmers; time: 	0.052 seconds.
Memory: max=3221m, total=3221m, free=3181m, used=40m

Input is being processed as paired
Started output streams:	0.122 seconds.
[W::bgzf_read_block] EOF marker is absent. The input may be truncated
[W::bgzf_read_block] EOF marker is absent. The input may be truncated
Processing time:   		98.435 seconds.

Input:                  	80741168 reads 		8154857968 bases.
Polymer-trimmed:        	123713533 reads (153.22%) 	232234057 bases (2.85%)
KTrimmed:               	2915716 reads (3.61%) 	103024898 bases (1.26%)
Trimmed by overlap:     	2045824 reads (2.53%) 	10586804 bases (0.13%)
Total Removed:          	245046 reads (0.30%) 	345845759 bases (4.24%)
Result:                 	80496122 reads (99.70%) 	7809012209 bases (95.76%)

Time:                         	98.612 seconds.
Reads Processed:      80741k 	818.78k reads/sec
Bases Processed:       8154m 	82.70m bases/sec
java -ea -Xmx3g -Xms3g -cp /research/labs/neurology/fryer/m214960/tools/miniconda3/envs/aducanumab/opt/bbmap-39.01-1/current/ jgi.BBDuk -Xmx3g in1=/research/labs/neurology/fryer/projects/aducanumab/mouse/bulkRNA/463_Adu_S18_L003_R1_001.fastq.gz in2=/research/labs/neurology/fryer/projects/aducanumab/mouse/bulkRNA/463_Adu_S18_L003_R2_001.fastq.gz out1=trimmedReads/463_Adu_S18_L003_R1_trim.fastq.gz out2=trimmedReads/463_Adu_S18_L003_R2_trim.fastq.gz ref=refs/adapters.fa ktrim=r k=23 mink=11 hdist=1 tpe tbo threads=20 trimpolyg=1 trimpolya=1
Executing jgi.BBDuk [-Xmx3g, in1=/research/labs/neurology/fryer/projects/aducanumab/mouse/bulkRNA/463_Adu_S18_L003_R1_001.fastq.gz, in2=/research/labs/neurology/fryer/projects/aducanumab/mouse/bulkRNA/463_Adu_S18_L003_R2_001.fastq.gz, out1=trimmedReads/463_Adu_S18_L003_R1_trim.fastq.gz, out2=trimmedReads/463_Adu_S18_L003_R2_trim.fastq.gz, ref=refs/adapters.fa, ktrim=r, k=23, mink=11, hdist=1, tpe, tbo, threads=20, trimpolyg=1, trimpolya=1]
Version 39.01

Set threads to 20
maskMiddle was disabled because useShortKmers=true
0.023 seconds.
Initial:
Memory: max=3221m, total=3221m, free=3191m, used=30m

Added 3614 kmers; time: 	0.061 seconds.
Memory: max=3221m, total=3221m, free=3183m, used=38m

Input is being processed as paired
Started output streams:	0.138 seconds.
[W::bgzf_read_block] [W::bgzf_read_block] EOF marker is absent. The input may be truncatedEOF marker is absent. The input may be truncated

Processing time:   		86.797 seconds.

Input:                  	80703216 reads 		8151024816 bases.
Polymer-trimmed:        	123935720 reads (153.57%) 	233097378 bases (2.86%)
KTrimmed:               	2908266 reads (3.60%) 	102886530 bases (1.26%)
Trimmed by overlap:     	2039808 reads (2.53%) 	10560066 bases (0.13%)
Total Removed:          	248852 reads (0.31%) 	346543974 bases (4.25%)
Result:                 	80454364 reads (99.69%) 	7804480842 bases (95.75%)

Time:                         	86.998 seconds.
Reads Processed:      80703k 	927.65k reads/sec
Bases Processed:       8151m 	93.69m bases/sec
java -ea -Xmx3g -Xms3g -cp /research/labs/neurology/fryer/m214960/tools/miniconda3/envs/aducanumab/opt/bbmap-39.01-1/current/ jgi.BBDuk -Xmx3g in1=/research/labs/neurology/fryer/projects/aducanumab/mouse/bulkRNA/463_Adu_S18_L004_R1_001.fastq.gz in2=/research/labs/neurology/fryer/projects/aducanumab/mouse/bulkRNA/463_Adu_S18_L004_R2_001.fastq.gz out1=trimmedReads/463_Adu_S18_L004_R1_trim.fastq.gz out2=trimmedReads/463_Adu_S18_L004_R2_trim.fastq.gz ref=refs/adapters.fa ktrim=r k=23 mink=11 hdist=1 tpe tbo threads=20 trimpolyg=1 trimpolya=1
Executing jgi.BBDuk [-Xmx3g, in1=/research/labs/neurology/fryer/projects/aducanumab/mouse/bulkRNA/463_Adu_S18_L004_R1_001.fastq.gz, in2=/research/labs/neurology/fryer/projects/aducanumab/mouse/bulkRNA/463_Adu_S18_L004_R2_001.fastq.gz, out1=trimmedReads/463_Adu_S18_L004_R1_trim.fastq.gz, out2=trimmedReads/463_Adu_S18_L004_R2_trim.fastq.gz, ref=refs/adapters.fa, ktrim=r, k=23, mink=11, hdist=1, tpe, tbo, threads=20, trimpolyg=1, trimpolya=1]
Version 39.01

Set threads to 20
maskMiddle was disabled because useShortKmers=true
0.018 seconds.
Initial:
Memory: max=3221m, total=3221m, free=3191m, used=30m

Added 3614 kmers; time: 	0.018 seconds.
Memory: max=3221m, total=3221m, free=3181m, used=40m

Input is being processed as paired
Started output streams:	0.191 seconds.
[W::bgzf_read_block] EOF marker is absent. The input may be truncated
[W::bgzf_read_block] EOF marker is absent. The input may be truncated
Processing time:   		83.856 seconds.

Input:                  	80833136 reads 		8164146736 bases.
Polymer-trimmed:        	124190911 reads (153.64%) 	233388293 bases (2.86%)
KTrimmed:               	2895600 reads (3.58%) 	102337302 bases (1.25%)
Trimmed by overlap:     	2039702 reads (2.52%) 	10560480 bases (0.13%)
Total Removed:          	245304 reads (0.30%) 	346286075 bases (4.24%)
Result:                 	80587832 reads (99.70%) 	7817860661 bases (95.76%)

Time:                         	84.067 seconds.
Reads Processed:      80833k 	961.53k reads/sec
Bases Processed:       8164m 	97.11m bases/sec
[Tue Oct  3 14:05:43 2023]
Finished job 0.
1 of 1 steps (100%) done
