Building DAG of jobs...
Using shell: /usr/bin/bash
Provided cores: 20
Rules claiming more threads will be scaled down.
Provided resources: mem_mb=28352, mem_mib=27039, disk_mb=28352, disk_mib=27039
Select jobs to execute...

[Tue Oct  3 14:11:42 2023]
rule trim_bbduk:
    input: /research/labs/neurology/fryer/projects/aducanumab/mouse/bulkRNA/836_Adu_R_S13_L001_R1_001.fastq.gz, /research/labs/neurology/fryer/projects/aducanumab/mouse/bulkRNA/836_Adu_R_S13_L001_R2_001.fastq.gz, /research/labs/neurology/fryer/projects/aducanumab/mouse/bulkRNA/836_Adu_R_S13_L002_R1_001.fastq.gz, /research/labs/neurology/fryer/projects/aducanumab/mouse/bulkRNA/836_Adu_R_S13_L002_R2_001.fastq.gz, /research/labs/neurology/fryer/projects/aducanumab/mouse/bulkRNA/836_Adu_R_S13_L003_R1_001.fastq.gz, /research/labs/neurology/fryer/projects/aducanumab/mouse/bulkRNA/836_Adu_R_S13_L003_R2_001.fastq.gz, /research/labs/neurology/fryer/projects/aducanumab/mouse/bulkRNA/836_Adu_R_S13_L004_R1_001.fastq.gz, /research/labs/neurology/fryer/projects/aducanumab/mouse/bulkRNA/836_Adu_R_S13_L004_R2_001.fastq.gz
    output: trimmedReads/836_Adu_R_S13_L001_R1_trim.fastq.gz, trimmedReads/836_Adu_R_S13_L001_R2_trim.fastq.gz, trimmedReads/836_Adu_R_S13_L002_R1_trim.fastq.gz, trimmedReads/836_Adu_R_S13_L002_R2_trim.fastq.gz, trimmedReads/836_Adu_R_S13_L003_R1_trim.fastq.gz, trimmedReads/836_Adu_R_S13_L003_R2_trim.fastq.gz, trimmedReads/836_Adu_R_S13_L004_R1_trim.fastq.gz, trimmedReads/836_Adu_R_S13_L004_R2_trim.fastq.gz
    jobid: 0
    reason: Missing output files: trimmedReads/836_Adu_R_S13_L001_R2_trim.fastq.gz, trimmedReads/836_Adu_R_S13_L002_R2_trim.fastq.gz, trimmedReads/836_Adu_R_S13_L001_R1_trim.fastq.gz, trimmedReads/836_Adu_R_S13_L004_R2_trim.fastq.gz, trimmedReads/836_Adu_R_S13_L003_R1_trim.fastq.gz, trimmedReads/836_Adu_R_S13_L003_R2_trim.fastq.gz, trimmedReads/836_Adu_R_S13_L004_R1_trim.fastq.gz, trimmedReads/836_Adu_R_S13_L002_R1_trim.fastq.gz
    wildcards: sample=836_Adu_R_S13
    resources: mem_mb=28352, mem_mib=27039, disk_mb=28352, disk_mib=27039, tmpdir=/tmp

java -ea -Xmx3g -Xms3g -cp /research/labs/neurology/fryer/m214960/tools/miniconda3/envs/aducanumab/opt/bbmap-39.01-1/current/ jgi.BBDuk -Xmx3g in1=/research/labs/neurology/fryer/projects/aducanumab/mouse/bulkRNA/836_Adu_R_S13_L001_R1_001.fastq.gz in2=/research/labs/neurology/fryer/projects/aducanumab/mouse/bulkRNA/836_Adu_R_S13_L001_R2_001.fastq.gz out1=trimmedReads/836_Adu_R_S13_L001_R1_trim.fastq.gz out2=trimmedReads/836_Adu_R_S13_L001_R2_trim.fastq.gz ref=refs/adapters.fa ktrim=r k=23 mink=11 hdist=1 tpe tbo threads=20 trimpolyg=1 trimpolya=1
Executing jgi.BBDuk [-Xmx3g, in1=/research/labs/neurology/fryer/projects/aducanumab/mouse/bulkRNA/836_Adu_R_S13_L001_R1_001.fastq.gz, in2=/research/labs/neurology/fryer/projects/aducanumab/mouse/bulkRNA/836_Adu_R_S13_L001_R2_001.fastq.gz, out1=trimmedReads/836_Adu_R_S13_L001_R1_trim.fastq.gz, out2=trimmedReads/836_Adu_R_S13_L001_R2_trim.fastq.gz, ref=refs/adapters.fa, ktrim=r, k=23, mink=11, hdist=1, tpe, tbo, threads=20, trimpolyg=1, trimpolya=1]
Version 39.01

Set threads to 20
maskMiddle was disabled because useShortKmers=true
0.020 seconds.
Initial:
Memory: max=3221m, total=3221m, free=3191m, used=30m

Added 3614 kmers; time: 	0.018 seconds.
Memory: max=3221m, total=3221m, free=3182m, used=39m

Input is being processed as paired
Started output streams:	0.167 seconds.
[W::bgzf_read_block] EOF marker is absent. The input may be truncated
[W::bgzf_read_block] EOF marker is absent. The input may be truncated
Processing time:   		74.239 seconds.

Input:                  	66083712 reads 		6674454912 bases.
Polymer-trimmed:        	101289247 reads (153.27%) 	188606674 bases (2.83%)
KTrimmed:               	2011744 reads (3.04%) 	70696372 bases (1.06%)
Trimmed by overlap:     	1515930 reads (2.29%) 	7794376 bases (0.12%)
Total Removed:          	193368 reads (0.29%) 	267097422 bases (4.00%)
Result:                 	65890344 reads (99.71%) 	6407357490 bases (96.00%)

Time:                         	74.426 seconds.
Reads Processed:      66083k 	887.91k reads/sec
Bases Processed:       6674m 	89.68m bases/sec
java -ea -Xmx3g -Xms3g -cp /research/labs/neurology/fryer/m214960/tools/miniconda3/envs/aducanumab/opt/bbmap-39.01-1/current/ jgi.BBDuk -Xmx3g in1=/research/labs/neurology/fryer/projects/aducanumab/mouse/bulkRNA/836_Adu_R_S13_L002_R1_001.fastq.gz in2=/research/labs/neurology/fryer/projects/aducanumab/mouse/bulkRNA/836_Adu_R_S13_L002_R2_001.fastq.gz out1=trimmedReads/836_Adu_R_S13_L002_R1_trim.fastq.gz out2=trimmedReads/836_Adu_R_S13_L002_R2_trim.fastq.gz ref=refs/adapters.fa ktrim=r k=23 mink=11 hdist=1 tpe tbo threads=20 trimpolyg=1 trimpolya=1
Executing jgi.BBDuk [-Xmx3g, in1=/research/labs/neurology/fryer/projects/aducanumab/mouse/bulkRNA/836_Adu_R_S13_L002_R1_001.fastq.gz, in2=/research/labs/neurology/fryer/projects/aducanumab/mouse/bulkRNA/836_Adu_R_S13_L002_R2_001.fastq.gz, out1=trimmedReads/836_Adu_R_S13_L002_R1_trim.fastq.gz, out2=trimmedReads/836_Adu_R_S13_L002_R2_trim.fastq.gz, ref=refs/adapters.fa, ktrim=r, k=23, mink=11, hdist=1, tpe, tbo, threads=20, trimpolyg=1, trimpolya=1]
Version 39.01

Set threads to 20
maskMiddle was disabled because useShortKmers=true
0.019 seconds.
Initial:
Memory: max=3221m, total=3221m, free=3191m, used=30m

Added 3614 kmers; time: 	0.017 seconds.
Memory: max=3221m, total=3221m, free=3183m, used=38m

Input is being processed as paired
Started output streams:	0.118 seconds.
[W::bgzf_read_block] EOF marker is absent. The input may be truncated
[W::bgzf_read_block] EOF marker is absent. The input may be truncated
Processing time:   		71.747 seconds.

Input:                  	66194448 reads 		6685639248 bases.
Polymer-trimmed:        	101410384 reads (153.20%) 	188939260 bases (2.83%)
KTrimmed:               	1979614 reads (2.99%) 	69454584 bases (1.04%)
Trimmed by overlap:     	1495636 reads (2.26%) 	7696188 bases (0.12%)
Total Removed:          	190830 reads (0.29%) 	266090032 bases (3.98%)
Result:                 	66003618 reads (99.71%) 	6419549216 bases (96.02%)

Time:                         	71.884 seconds.
Reads Processed:      66194k 	920.85k reads/sec
Bases Processed:       6685m 	93.01m bases/sec
java -ea -Xmx3g -Xms3g -cp /research/labs/neurology/fryer/m214960/tools/miniconda3/envs/aducanumab/opt/bbmap-39.01-1/current/ jgi.BBDuk -Xmx3g in1=/research/labs/neurology/fryer/projects/aducanumab/mouse/bulkRNA/836_Adu_R_S13_L003_R1_001.fastq.gz in2=/research/labs/neurology/fryer/projects/aducanumab/mouse/bulkRNA/836_Adu_R_S13_L003_R2_001.fastq.gz out1=trimmedReads/836_Adu_R_S13_L003_R1_trim.fastq.gz out2=trimmedReads/836_Adu_R_S13_L003_R2_trim.fastq.gz ref=refs/adapters.fa ktrim=r k=23 mink=11 hdist=1 tpe tbo threads=20 trimpolyg=1 trimpolya=1
Executing jgi.BBDuk [-Xmx3g, in1=/research/labs/neurology/fryer/projects/aducanumab/mouse/bulkRNA/836_Adu_R_S13_L003_R1_001.fastq.gz, in2=/research/labs/neurology/fryer/projects/aducanumab/mouse/bulkRNA/836_Adu_R_S13_L003_R2_001.fastq.gz, out1=trimmedReads/836_Adu_R_S13_L003_R1_trim.fastq.gz, out2=trimmedReads/836_Adu_R_S13_L003_R2_trim.fastq.gz, ref=refs/adapters.fa, ktrim=r, k=23, mink=11, hdist=1, tpe, tbo, threads=20, trimpolyg=1, trimpolya=1]
Version 39.01

Set threads to 20
maskMiddle was disabled because useShortKmers=true
0.018 seconds.
Initial:
Memory: max=3221m, total=3221m, free=3191m, used=30m

Added 3614 kmers; time: 	0.027 seconds.
Memory: max=3221m, total=3221m, free=3181m, used=40m

Input is being processed as paired
Started output streams:	0.241 seconds.
[W::bgzf_read_block] EOF marker is absent. The input may be truncated
[W::bgzf_read_block] EOF marker is absent. The input may be truncated
Processing time:   		65.609 seconds.

Input:                  	66305490 reads 		6696854490 bases.
Polymer-trimmed:        	101843371 reads (153.60%) 	190078458 bases (2.84%)
KTrimmed:               	1979898 reads (2.99%) 	69574478 bases (1.04%)
Trimmed by overlap:     	1497128 reads (2.26%) 	7712552 bases (0.12%)
Total Removed:          	194788 reads (0.29%) 	267365488 bases (3.99%)
Result:                 	66110702 reads (99.71%) 	6429489002 bases (96.01%)

Time:                         	65.879 seconds.
Reads Processed:      66305k 	1006.47k reads/sec
Bases Processed:       6696m 	101.65m bases/sec
java -ea -Xmx3g -Xms3g -cp /research/labs/neurology/fryer/m214960/tools/miniconda3/envs/aducanumab/opt/bbmap-39.01-1/current/ jgi.BBDuk -Xmx3g in1=/research/labs/neurology/fryer/projects/aducanumab/mouse/bulkRNA/836_Adu_R_S13_L004_R1_001.fastq.gz in2=/research/labs/neurology/fryer/projects/aducanumab/mouse/bulkRNA/836_Adu_R_S13_L004_R2_001.fastq.gz out1=trimmedReads/836_Adu_R_S13_L004_R1_trim.fastq.gz out2=trimmedReads/836_Adu_R_S13_L004_R2_trim.fastq.gz ref=refs/adapters.fa ktrim=r k=23 mink=11 hdist=1 tpe tbo threads=20 trimpolyg=1 trimpolya=1
Executing jgi.BBDuk [-Xmx3g, in1=/research/labs/neurology/fryer/projects/aducanumab/mouse/bulkRNA/836_Adu_R_S13_L004_R1_001.fastq.gz, in2=/research/labs/neurology/fryer/projects/aducanumab/mouse/bulkRNA/836_Adu_R_S13_L004_R2_001.fastq.gz, out1=trimmedReads/836_Adu_R_S13_L004_R1_trim.fastq.gz, out2=trimmedReads/836_Adu_R_S13_L004_R2_trim.fastq.gz, ref=refs/adapters.fa, ktrim=r, k=23, mink=11, hdist=1, tpe, tbo, threads=20, trimpolyg=1, trimpolya=1]
Version 39.01

Set threads to 20
maskMiddle was disabled because useShortKmers=true
0.017 seconds.
Initial:
Memory: max=3221m, total=3221m, free=3191m, used=30m

Added 3614 kmers; time: 	0.017 seconds.
Memory: max=3221m, total=3221m, free=3182m, used=39m

Input is being processed as paired
Started output streams:	0.116 seconds.
[W::bgzf_read_block] EOF marker is absent. The input may be truncated
[W::bgzf_read_block] EOF marker is absent. The input may be truncated
Processing time:   		65.511 seconds.

Input:                  	66299004 reads 		6696199404 bases.
Polymer-trimmed:        	101828214 reads (153.59%) 	190011365 bases (2.84%)
KTrimmed:               	1977020 reads (2.98%) 	69360570 bases (1.04%)
Trimmed by overlap:     	1493586 reads (2.25%) 	7689810 bases (0.11%)
Total Removed:          	192898 reads (0.29%) 	267061745 bases (3.99%)
Result:                 	66106106 reads (99.71%) 	6429137659 bases (96.01%)

Time:                         	65.646 seconds.
Reads Processed:      66299k 	1009.95k reads/sec
Bases Processed:       6696m 	102.00m bases/sec
[Tue Oct  3 14:16:21 2023]
Finished job 0.
1 of 1 steps (100%) done
