Building DAG of jobs...
Using shell: /usr/bin/bash
Provided cores: 20
Rules claiming more threads will be scaled down.
Provided resources: mem_mb=37780, mem_mib=36030, disk_mb=37780, disk_mib=36030
Select jobs to execute...

[Tue Oct  3 13:16:29 2023]
rule trim_bbduk:
    input: /research/labs/neurology/fryer/projects/aducanumab/mouse/bulkRNA/453_IgG_S49_L001_R1_001.fastq.gz, /research/labs/neurology/fryer/projects/aducanumab/mouse/bulkRNA/453_IgG_S49_L001_R2_001.fastq.gz, /research/labs/neurology/fryer/projects/aducanumab/mouse/bulkRNA/453_IgG_S49_L002_R1_001.fastq.gz, /research/labs/neurology/fryer/projects/aducanumab/mouse/bulkRNA/453_IgG_S49_L002_R2_001.fastq.gz, /research/labs/neurology/fryer/projects/aducanumab/mouse/bulkRNA/453_IgG_S49_L003_R1_001.fastq.gz, /research/labs/neurology/fryer/projects/aducanumab/mouse/bulkRNA/453_IgG_S49_L003_R2_001.fastq.gz, /research/labs/neurology/fryer/projects/aducanumab/mouse/bulkRNA/453_IgG_S49_L004_R1_001.fastq.gz, /research/labs/neurology/fryer/projects/aducanumab/mouse/bulkRNA/453_IgG_S49_L004_R2_001.fastq.gz
    output: trimmedReads/453_IgG_S49_L001_R1_trim.fastq.gz, trimmedReads/453_IgG_S49_L001_R2_trim.fastq.gz, trimmedReads/453_IgG_S49_L002_R1_trim.fastq.gz, trimmedReads/453_IgG_S49_L002_R2_trim.fastq.gz, trimmedReads/453_IgG_S49_L003_R1_trim.fastq.gz, trimmedReads/453_IgG_S49_L003_R2_trim.fastq.gz, trimmedReads/453_IgG_S49_L004_R1_trim.fastq.gz, trimmedReads/453_IgG_S49_L004_R2_trim.fastq.gz
    jobid: 0
    reason: Missing output files: trimmedReads/453_IgG_S49_L002_R1_trim.fastq.gz, trimmedReads/453_IgG_S49_L003_R2_trim.fastq.gz, trimmedReads/453_IgG_S49_L003_R1_trim.fastq.gz, trimmedReads/453_IgG_S49_L002_R2_trim.fastq.gz, trimmedReads/453_IgG_S49_L004_R1_trim.fastq.gz, trimmedReads/453_IgG_S49_L001_R1_trim.fastq.gz, trimmedReads/453_IgG_S49_L004_R2_trim.fastq.gz, trimmedReads/453_IgG_S49_L001_R2_trim.fastq.gz
    wildcards: sample=453_IgG_S49
    resources: mem_mb=37780, mem_mib=36030, disk_mb=37780, disk_mib=36030, tmpdir=/tmp

java -ea -Xmx3g -Xms3g -cp /research/labs/neurology/fryer/m214960/tools/miniconda3/envs/aducanumab/opt/bbmap-39.01-1/current/ jgi.BBDuk -Xmx3g in1=/research/labs/neurology/fryer/projects/aducanumab/mouse/bulkRNA/453_IgG_S49_L001_R1_001.fastq.gz in2=/research/labs/neurology/fryer/projects/aducanumab/mouse/bulkRNA/453_IgG_S49_L001_R2_001.fastq.gz out1=trimmedReads/453_IgG_S49_L001_R1_trim.fastq.gz out2=trimmedReads/453_IgG_S49_L001_R2_trim.fastq.gz ref=refs/adapters.fa ktrim=r k=23 mink=11 hdist=1 tpe tbo threads=20 trimpolyg=1 trimpolya=1
Executing jgi.BBDuk [-Xmx3g, in1=/research/labs/neurology/fryer/projects/aducanumab/mouse/bulkRNA/453_IgG_S49_L001_R1_001.fastq.gz, in2=/research/labs/neurology/fryer/projects/aducanumab/mouse/bulkRNA/453_IgG_S49_L001_R2_001.fastq.gz, out1=trimmedReads/453_IgG_S49_L001_R1_trim.fastq.gz, out2=trimmedReads/453_IgG_S49_L001_R2_trim.fastq.gz, ref=refs/adapters.fa, ktrim=r, k=23, mink=11, hdist=1, tpe, tbo, threads=20, trimpolyg=1, trimpolya=1]
Version 39.01

Set threads to 20
maskMiddle was disabled because useShortKmers=true
0.024 seconds.
Initial:
Memory: max=3221m, total=3221m, free=3191m, used=30m

Added 3614 kmers; time: 	0.027 seconds.
Memory: max=3221m, total=3221m, free=3183m, used=38m

Input is being processed as paired
Started output streams:	0.133 seconds.
[W::bgzf_read_block] EOF marker is absent. The input may be truncated
[W::bgzf_read_block] EOF marker is absent. The input may be truncated
Processing time:   		93.106 seconds.

Input:                  	87808082 reads 		8868616282 bases.
Polymer-trimmed:        	132869995 reads (151.32%) 	248740746 bases (2.80%)
KTrimmed:               	3102982 reads (3.53%) 	113284386 bases (1.28%)
Trimmed by overlap:     	2060448 reads (2.35%) 	10575904 bases (0.12%)
Total Removed:          	266028 reads (0.30%) 	372601036 bases (4.20%)
Result:                 	87542054 reads (99.70%) 	8496015246 bases (95.80%)

Time:                         	93.268 seconds.
Reads Processed:      87808k 	941.46k reads/sec
Bases Processed:       8868m 	95.09m bases/sec
java -ea -Xmx3g -Xms3g -cp /research/labs/neurology/fryer/m214960/tools/miniconda3/envs/aducanumab/opt/bbmap-39.01-1/current/ jgi.BBDuk -Xmx3g in1=/research/labs/neurology/fryer/projects/aducanumab/mouse/bulkRNA/453_IgG_S49_L002_R1_001.fastq.gz in2=/research/labs/neurology/fryer/projects/aducanumab/mouse/bulkRNA/453_IgG_S49_L002_R2_001.fastq.gz out1=trimmedReads/453_IgG_S49_L002_R1_trim.fastq.gz out2=trimmedReads/453_IgG_S49_L002_R2_trim.fastq.gz ref=refs/adapters.fa ktrim=r k=23 mink=11 hdist=1 tpe tbo threads=20 trimpolyg=1 trimpolya=1
Executing jgi.BBDuk [-Xmx3g, in1=/research/labs/neurology/fryer/projects/aducanumab/mouse/bulkRNA/453_IgG_S49_L002_R1_001.fastq.gz, in2=/research/labs/neurology/fryer/projects/aducanumab/mouse/bulkRNA/453_IgG_S49_L002_R2_001.fastq.gz, out1=trimmedReads/453_IgG_S49_L002_R1_trim.fastq.gz, out2=trimmedReads/453_IgG_S49_L002_R2_trim.fastq.gz, ref=refs/adapters.fa, ktrim=r, k=23, mink=11, hdist=1, tpe, tbo, threads=20, trimpolyg=1, trimpolya=1]
Version 39.01

Set threads to 20
maskMiddle was disabled because useShortKmers=true
0.019 seconds.
Initial:
Memory: max=3221m, total=3221m, free=3191m, used=30m

Added 3614 kmers; time: 	0.016 seconds.
Memory: max=3221m, total=3221m, free=3182m, used=39m

Input is being processed as paired
Started output streams:	0.089 seconds.
[W::bgzf_read_block] EOF marker is absent. The input may be truncated
[W::bgzf_read_block] EOF marker is absent. The input may be truncated
Processing time:   		91.367 seconds.

Input:                  	87976440 reads 		8885620440 bases.
Polymer-trimmed:        	133202333 reads (151.41%) 	249588685 bases (2.81%)
KTrimmed:               	3057354 reads (3.48%) 	111495254 bases (1.25%)
Trimmed by overlap:     	2039610 reads (2.32%) 	10458234 bases (0.12%)
Total Removed:          	264810 reads (0.30%) 	371542173 bases (4.18%)
Result:                 	87711630 reads (99.70%) 	8514078267 bases (95.82%)

Time:                         	91.473 seconds.
Reads Processed:      87976k 	961.77k reads/sec
Bases Processed:       8885m 	97.14m bases/sec
java -ea -Xmx3g -Xms3g -cp /research/labs/neurology/fryer/m214960/tools/miniconda3/envs/aducanumab/opt/bbmap-39.01-1/current/ jgi.BBDuk -Xmx3g in1=/research/labs/neurology/fryer/projects/aducanumab/mouse/bulkRNA/453_IgG_S49_L003_R1_001.fastq.gz in2=/research/labs/neurology/fryer/projects/aducanumab/mouse/bulkRNA/453_IgG_S49_L003_R2_001.fastq.gz out1=trimmedReads/453_IgG_S49_L003_R1_trim.fastq.gz out2=trimmedReads/453_IgG_S49_L003_R2_trim.fastq.gz ref=refs/adapters.fa ktrim=r k=23 mink=11 hdist=1 tpe tbo threads=20 trimpolyg=1 trimpolya=1
Executing jgi.BBDuk [-Xmx3g, in1=/research/labs/neurology/fryer/projects/aducanumab/mouse/bulkRNA/453_IgG_S49_L003_R1_001.fastq.gz, in2=/research/labs/neurology/fryer/projects/aducanumab/mouse/bulkRNA/453_IgG_S49_L003_R2_001.fastq.gz, out1=trimmedReads/453_IgG_S49_L003_R1_trim.fastq.gz, out2=trimmedReads/453_IgG_S49_L003_R2_trim.fastq.gz, ref=refs/adapters.fa, ktrim=r, k=23, mink=11, hdist=1, tpe, tbo, threads=20, trimpolyg=1, trimpolya=1]
Version 39.01

Set threads to 20
maskMiddle was disabled because useShortKmers=true
0.019 seconds.
Initial:
Memory: max=3221m, total=3221m, free=3191m, used=30m

Added 3614 kmers; time: 	0.017 seconds.
Memory: max=3221m, total=3221m, free=3182m, used=39m

Input is being processed as paired
Started output streams:	0.089 seconds.
[W::bgzf_read_block] EOF marker is absent. The input may be truncated
[W::bgzf_read_block] EOF marker is absent. The input may be truncated
Processing time:   		93.911 seconds.

Input:                  	88100024 reads 		8898102424 bases.
Polymer-trimmed:        	133736330 reads (151.80%) 	251114155 bases (2.82%)
KTrimmed:               	3058368 reads (3.47%) 	111449180 bases (1.25%)
Trimmed by overlap:     	2035908 reads (2.31%) 	10436506 bases (0.12%)
Total Removed:          	268868 reads (0.31%) 	372999841 bases (4.19%)
Result:                 	87831156 reads (99.69%) 	8525102583 bases (95.81%)

Time:                         	94.020 seconds.
Reads Processed:      88100k 	937.04k reads/sec
Bases Processed:       8898m 	94.64m bases/sec
java -ea -Xmx3g -Xms3g -cp /research/labs/neurology/fryer/m214960/tools/miniconda3/envs/aducanumab/opt/bbmap-39.01-1/current/ jgi.BBDuk -Xmx3g in1=/research/labs/neurology/fryer/projects/aducanumab/mouse/bulkRNA/453_IgG_S49_L004_R1_001.fastq.gz in2=/research/labs/neurology/fryer/projects/aducanumab/mouse/bulkRNA/453_IgG_S49_L004_R2_001.fastq.gz out1=trimmedReads/453_IgG_S49_L004_R1_trim.fastq.gz out2=trimmedReads/453_IgG_S49_L004_R2_trim.fastq.gz ref=refs/adapters.fa ktrim=r k=23 mink=11 hdist=1 tpe tbo threads=20 trimpolyg=1 trimpolya=1
Executing jgi.BBDuk [-Xmx3g, in1=/research/labs/neurology/fryer/projects/aducanumab/mouse/bulkRNA/453_IgG_S49_L004_R1_001.fastq.gz, in2=/research/labs/neurology/fryer/projects/aducanumab/mouse/bulkRNA/453_IgG_S49_L004_R2_001.fastq.gz, out1=trimmedReads/453_IgG_S49_L004_R1_trim.fastq.gz, out2=trimmedReads/453_IgG_S49_L004_R2_trim.fastq.gz, ref=refs/adapters.fa, ktrim=r, k=23, mink=11, hdist=1, tpe, tbo, threads=20, trimpolyg=1, trimpolya=1]
Version 39.01

Set threads to 20
maskMiddle was disabled because useShortKmers=true
0.017 seconds.
Initial:
Memory: max=3221m, total=3221m, free=3191m, used=30m

Added 3614 kmers; time: 	0.029 seconds.
Memory: max=3221m, total=3221m, free=3182m, used=39m

Input is being processed as paired
Started output streams:	0.098 seconds.
[W::bgzf_read_block] EOF marker is absent. The input may be truncated
[W::bgzf_read_block] EOF marker is absent. The input may be truncated
Processing time:   		93.307 seconds.

Input:                  	88059868 reads 		8894046668 bases.
Polymer-trimmed:        	133706751 reads (151.84%) 	250969298 bases (2.82%)
KTrimmed:               	3050810 reads (3.46%) 	111075788 bases (1.25%)
Trimmed by overlap:     	2034080 reads (2.31%) 	10444956 bases (0.12%)
Total Removed:          	265514 reads (0.30%) 	372490042 bases (4.19%)
Result:                 	87794354 reads (99.70%) 	8521556626 bases (95.81%)

Time:                         	93.436 seconds.
Reads Processed:      88059k 	942.46k reads/sec
Bases Processed:       8894m 	95.19m bases/sec
[Tue Oct  3 13:22:43 2023]
Finished job 0.
1 of 1 steps (100%) done
