Building DAG of jobs...
Using shell: /usr/bin/bash
Provided cores: 20
Rules claiming more threads will be scaled down.
Provided resources: mem_mb=37266, mem_mib=35540, disk_mb=37266, disk_mib=35540
Select jobs to execute...

[Tue Oct  3 13:22:52 2023]
rule trim_bbduk:
    input: /research/labs/neurology/fryer/projects/aducanumab/mouse/bulkRNA/891_Adu_S1_L001_R1_001.fastq.gz, /research/labs/neurology/fryer/projects/aducanumab/mouse/bulkRNA/891_Adu_S1_L001_R2_001.fastq.gz, /research/labs/neurology/fryer/projects/aducanumab/mouse/bulkRNA/891_Adu_S1_L002_R1_001.fastq.gz, /research/labs/neurology/fryer/projects/aducanumab/mouse/bulkRNA/891_Adu_S1_L002_R2_001.fastq.gz, /research/labs/neurology/fryer/projects/aducanumab/mouse/bulkRNA/891_Adu_S1_L003_R1_001.fastq.gz, /research/labs/neurology/fryer/projects/aducanumab/mouse/bulkRNA/891_Adu_S1_L003_R2_001.fastq.gz, /research/labs/neurology/fryer/projects/aducanumab/mouse/bulkRNA/891_Adu_S1_L004_R1_001.fastq.gz, /research/labs/neurology/fryer/projects/aducanumab/mouse/bulkRNA/891_Adu_S1_L004_R2_001.fastq.gz
    output: trimmedReads/891_Adu_S1_L001_R1_trim.fastq.gz, trimmedReads/891_Adu_S1_L001_R2_trim.fastq.gz, trimmedReads/891_Adu_S1_L002_R1_trim.fastq.gz, trimmedReads/891_Adu_S1_L002_R2_trim.fastq.gz, trimmedReads/891_Adu_S1_L003_R1_trim.fastq.gz, trimmedReads/891_Adu_S1_L003_R2_trim.fastq.gz, trimmedReads/891_Adu_S1_L004_R1_trim.fastq.gz, trimmedReads/891_Adu_S1_L004_R2_trim.fastq.gz
    jobid: 0
    reason: Missing output files: trimmedReads/891_Adu_S1_L002_R1_trim.fastq.gz, trimmedReads/891_Adu_S1_L003_R2_trim.fastq.gz, trimmedReads/891_Adu_S1_L004_R2_trim.fastq.gz, trimmedReads/891_Adu_S1_L001_R2_trim.fastq.gz, trimmedReads/891_Adu_S1_L004_R1_trim.fastq.gz, trimmedReads/891_Adu_S1_L001_R1_trim.fastq.gz, trimmedReads/891_Adu_S1_L002_R2_trim.fastq.gz, trimmedReads/891_Adu_S1_L003_R1_trim.fastq.gz
    wildcards: sample=891_Adu_S1
    resources: mem_mb=37266, mem_mib=35540, disk_mb=37266, disk_mib=35540, tmpdir=/tmp

java -ea -Xmx3g -Xms3g -cp /research/labs/neurology/fryer/m214960/tools/miniconda3/envs/aducanumab/opt/bbmap-39.01-1/current/ jgi.BBDuk -Xmx3g in1=/research/labs/neurology/fryer/projects/aducanumab/mouse/bulkRNA/891_Adu_S1_L001_R1_001.fastq.gz in2=/research/labs/neurology/fryer/projects/aducanumab/mouse/bulkRNA/891_Adu_S1_L001_R2_001.fastq.gz out1=trimmedReads/891_Adu_S1_L001_R1_trim.fastq.gz out2=trimmedReads/891_Adu_S1_L001_R2_trim.fastq.gz ref=refs/adapters.fa ktrim=r k=23 mink=11 hdist=1 tpe tbo threads=20 trimpolyg=1 trimpolya=1
Executing jgi.BBDuk [-Xmx3g, in1=/research/labs/neurology/fryer/projects/aducanumab/mouse/bulkRNA/891_Adu_S1_L001_R1_001.fastq.gz, in2=/research/labs/neurology/fryer/projects/aducanumab/mouse/bulkRNA/891_Adu_S1_L001_R2_001.fastq.gz, out1=trimmedReads/891_Adu_S1_L001_R1_trim.fastq.gz, out2=trimmedReads/891_Adu_S1_L001_R2_trim.fastq.gz, ref=refs/adapters.fa, ktrim=r, k=23, mink=11, hdist=1, tpe, tbo, threads=20, trimpolyg=1, trimpolya=1]
Version 39.01

Set threads to 20
maskMiddle was disabled because useShortKmers=true
0.017 seconds.
Initial:
Memory: max=3221m, total=3221m, free=3191m, used=30m

Added 3614 kmers; time: 	0.016 seconds.
Memory: max=3221m, total=3221m, free=3183m, used=38m

Input is being processed as paired
Started output streams:	0.197 seconds.
[W::bgzf_read_block] EOF marker is absent. The input may be truncated
[W::bgzf_read_block] EOF marker is absent. The input may be truncated
Processing time:   		93.035 seconds.

Input:                  	86392678 reads 		8725660478 bases.
Polymer-trimmed:        	132439242 reads (153.30%) 	249608225 bases (2.86%)
KTrimmed:               	3196294 reads (3.70%) 	115165706 bases (1.32%)
Trimmed by overlap:     	1954318 reads (2.26%) 	10145904 bases (0.12%)
Total Removed:          	188998 reads (0.22%) 	374919835 bases (4.30%)
Result:                 	86203680 reads (99.78%) 	8350740643 bases (95.70%)

Time:                         	93.251 seconds.
Reads Processed:      86392k 	926.46k reads/sec
Bases Processed:       8725m 	93.57m bases/sec
java -ea -Xmx3g -Xms3g -cp /research/labs/neurology/fryer/m214960/tools/miniconda3/envs/aducanumab/opt/bbmap-39.01-1/current/ jgi.BBDuk -Xmx3g in1=/research/labs/neurology/fryer/projects/aducanumab/mouse/bulkRNA/891_Adu_S1_L002_R1_001.fastq.gz in2=/research/labs/neurology/fryer/projects/aducanumab/mouse/bulkRNA/891_Adu_S1_L002_R2_001.fastq.gz out1=trimmedReads/891_Adu_S1_L002_R1_trim.fastq.gz out2=trimmedReads/891_Adu_S1_L002_R2_trim.fastq.gz ref=refs/adapters.fa ktrim=r k=23 mink=11 hdist=1 tpe tbo threads=20 trimpolyg=1 trimpolya=1
Executing jgi.BBDuk [-Xmx3g, in1=/research/labs/neurology/fryer/projects/aducanumab/mouse/bulkRNA/891_Adu_S1_L002_R1_001.fastq.gz, in2=/research/labs/neurology/fryer/projects/aducanumab/mouse/bulkRNA/891_Adu_S1_L002_R2_001.fastq.gz, out1=trimmedReads/891_Adu_S1_L002_R1_trim.fastq.gz, out2=trimmedReads/891_Adu_S1_L002_R2_trim.fastq.gz, ref=refs/adapters.fa, ktrim=r, k=23, mink=11, hdist=1, tpe, tbo, threads=20, trimpolyg=1, trimpolya=1]
Version 39.01

Set threads to 20
maskMiddle was disabled because useShortKmers=true
0.020 seconds.
Initial:
Memory: max=3221m, total=3221m, free=3191m, used=30m

Added 3614 kmers; time: 	0.015 seconds.
Memory: max=3221m, total=3221m, free=3183m, used=38m

Input is being processed as paired
Started output streams:	0.124 seconds.
[W::bgzf_read_block] EOF marker is absent. The input may be truncated
[W::bgzf_read_block] EOF marker is absent. The input may be truncated
Processing time:   		93.523 seconds.

Input:                  	86867402 reads 		8773607602 bases.
Polymer-trimmed:        	133144708 reads (153.27%) 	250985070 bases (2.86%)
KTrimmed:               	3154626 reads (3.63%) 	113543952 bases (1.29%)
Trimmed by overlap:     	1935056 reads (2.23%) 	10029114 bases (0.11%)
Total Removed:          	187188 reads (0.22%) 	374558136 bases (4.27%)
Result:                 	86680214 reads (99.78%) 	8399049466 bases (95.73%)

Time:                         	93.664 seconds.
Reads Processed:      86867k 	927.43k reads/sec
Bases Processed:       8773m 	93.67m bases/sec
java -ea -Xmx3g -Xms3g -cp /research/labs/neurology/fryer/m214960/tools/miniconda3/envs/aducanumab/opt/bbmap-39.01-1/current/ jgi.BBDuk -Xmx3g in1=/research/labs/neurology/fryer/projects/aducanumab/mouse/bulkRNA/891_Adu_S1_L003_R1_001.fastq.gz in2=/research/labs/neurology/fryer/projects/aducanumab/mouse/bulkRNA/891_Adu_S1_L003_R2_001.fastq.gz out1=trimmedReads/891_Adu_S1_L003_R1_trim.fastq.gz out2=trimmedReads/891_Adu_S1_L003_R2_trim.fastq.gz ref=refs/adapters.fa ktrim=r k=23 mink=11 hdist=1 tpe tbo threads=20 trimpolyg=1 trimpolya=1
Executing jgi.BBDuk [-Xmx3g, in1=/research/labs/neurology/fryer/projects/aducanumab/mouse/bulkRNA/891_Adu_S1_L003_R1_001.fastq.gz, in2=/research/labs/neurology/fryer/projects/aducanumab/mouse/bulkRNA/891_Adu_S1_L003_R2_001.fastq.gz, out1=trimmedReads/891_Adu_S1_L003_R1_trim.fastq.gz, out2=trimmedReads/891_Adu_S1_L003_R2_trim.fastq.gz, ref=refs/adapters.fa, ktrim=r, k=23, mink=11, hdist=1, tpe, tbo, threads=20, trimpolyg=1, trimpolya=1]
Version 39.01

Set threads to 20
maskMiddle was disabled because useShortKmers=true
0.019 seconds.
Initial:
Memory: max=3221m, total=3221m, free=3191m, used=30m

Added 3614 kmers; time: 	0.052 seconds.
Memory: max=3221m, total=3221m, free=3182m, used=39m

Input is being processed as paired
Started output streams:	0.157 seconds.
[W::bgzf_read_block] EOF marker is absent. The input may be truncated
[W::bgzf_read_block] EOF marker is absent. The input may be truncated
Processing time:   		323.499 seconds.

Input:                  	87303120 reads 		8817615120 bases.
Polymer-trimmed:        	134139895 reads (153.65%) 	253285901 bases (2.87%)
KTrimmed:               	3149206 reads (3.61%) 	113265668 bases (1.28%)
Trimmed by overlap:     	1940140 reads (2.22%) 	10065000 bases (0.11%)
Total Removed:          	190708 reads (0.22%) 	376616569 bases (4.27%)
Result:                 	87112412 reads (99.78%) 	8440998551 bases (95.73%)

Time:                         	323.709 seconds.
Reads Processed:      87303k 	269.70k reads/sec
Bases Processed:       8817m 	27.24m bases/sec
java -ea -Xmx3g -Xms3g -cp /research/labs/neurology/fryer/m214960/tools/miniconda3/envs/aducanumab/opt/bbmap-39.01-1/current/ jgi.BBDuk -Xmx3g in1=/research/labs/neurology/fryer/projects/aducanumab/mouse/bulkRNA/891_Adu_S1_L004_R1_001.fastq.gz in2=/research/labs/neurology/fryer/projects/aducanumab/mouse/bulkRNA/891_Adu_S1_L004_R2_001.fastq.gz out1=trimmedReads/891_Adu_S1_L004_R1_trim.fastq.gz out2=trimmedReads/891_Adu_S1_L004_R2_trim.fastq.gz ref=refs/adapters.fa ktrim=r k=23 mink=11 hdist=1 tpe tbo threads=20 trimpolyg=1 trimpolya=1
Executing jgi.BBDuk [-Xmx3g, in1=/research/labs/neurology/fryer/projects/aducanumab/mouse/bulkRNA/891_Adu_S1_L004_R1_001.fastq.gz, in2=/research/labs/neurology/fryer/projects/aducanumab/mouse/bulkRNA/891_Adu_S1_L004_R2_001.fastq.gz, out1=trimmedReads/891_Adu_S1_L004_R1_trim.fastq.gz, out2=trimmedReads/891_Adu_S1_L004_R2_trim.fastq.gz, ref=refs/adapters.fa, ktrim=r, k=23, mink=11, hdist=1, tpe, tbo, threads=20, trimpolyg=1, trimpolya=1]
Version 39.01

Set threads to 20
maskMiddle was disabled because useShortKmers=true
0.084 seconds.
Initial:
Memory: max=3221m, total=3221m, free=3191m, used=30m

Added 3614 kmers; time: 	0.026 seconds.
Memory: max=3221m, total=3221m, free=3182m, used=39m

Input is being processed as paired
Started output streams:	1.685 seconds.
[W::bgzf_read_block] EOF marker is absent. The input may be truncated
[W::bgzf_read_block] EOF marker is absent. The input may be truncated
Processing time:   		202.491 seconds.

Input:                  	87176676 reads 		8804844276 bases.
Polymer-trimmed:        	133968557 reads (153.67%) 	252883729 bases (2.87%)
KTrimmed:               	3144548 reads (3.61%) 	113053884 bases (1.28%)
Trimmed by overlap:     	1935748 reads (2.22%) 	10044842 bases (0.11%)
Total Removed:          	189034 reads (0.22%) 	375982455 bases (4.27%)
Result:                 	86987642 reads (99.78%) 	8428861821 bases (95.73%)

Time:                         	204.203 seconds.
Reads Processed:      87176k 	426.91k reads/sec
Bases Processed:       8804m 	43.12m bases/sec
[Tue Oct  3 13:34:49 2023]
Finished job 0.
1 of 1 steps (100%) done
