Building DAG of jobs...
Using shell: /usr/bin/bash
Provided cores: 20
Rules claiming more threads will be scaled down.
Provided resources: mem_mb=36397, mem_mib=34711, disk_mb=36397, disk_mib=34711
Select jobs to execute...

[Tue Oct  3 13:16:29 2023]
rule trim_bbduk:
    input: /research/labs/neurology/fryer/projects/aducanumab/mouse/bulkRNA/241_Adu_S22_L001_R1_001.fastq.gz, /research/labs/neurology/fryer/projects/aducanumab/mouse/bulkRNA/241_Adu_S22_L001_R2_001.fastq.gz, /research/labs/neurology/fryer/projects/aducanumab/mouse/bulkRNA/241_Adu_S22_L002_R1_001.fastq.gz, /research/labs/neurology/fryer/projects/aducanumab/mouse/bulkRNA/241_Adu_S22_L002_R2_001.fastq.gz, /research/labs/neurology/fryer/projects/aducanumab/mouse/bulkRNA/241_Adu_S22_L003_R1_001.fastq.gz, /research/labs/neurology/fryer/projects/aducanumab/mouse/bulkRNA/241_Adu_S22_L003_R2_001.fastq.gz, /research/labs/neurology/fryer/projects/aducanumab/mouse/bulkRNA/241_Adu_S22_L004_R1_001.fastq.gz, /research/labs/neurology/fryer/projects/aducanumab/mouse/bulkRNA/241_Adu_S22_L004_R2_001.fastq.gz
    output: trimmedReads/241_Adu_S22_L001_R1_trim.fastq.gz, trimmedReads/241_Adu_S22_L001_R2_trim.fastq.gz, trimmedReads/241_Adu_S22_L002_R1_trim.fastq.gz, trimmedReads/241_Adu_S22_L002_R2_trim.fastq.gz, trimmedReads/241_Adu_S22_L003_R1_trim.fastq.gz, trimmedReads/241_Adu_S22_L003_R2_trim.fastq.gz, trimmedReads/241_Adu_S22_L004_R1_trim.fastq.gz, trimmedReads/241_Adu_S22_L004_R2_trim.fastq.gz
    jobid: 0
    reason: Missing output files: trimmedReads/241_Adu_S22_L002_R2_trim.fastq.gz, trimmedReads/241_Adu_S22_L001_R2_trim.fastq.gz, trimmedReads/241_Adu_S22_L001_R1_trim.fastq.gz, trimmedReads/241_Adu_S22_L004_R1_trim.fastq.gz, trimmedReads/241_Adu_S22_L003_R1_trim.fastq.gz, trimmedReads/241_Adu_S22_L003_R2_trim.fastq.gz, trimmedReads/241_Adu_S22_L002_R1_trim.fastq.gz, trimmedReads/241_Adu_S22_L004_R2_trim.fastq.gz
    wildcards: sample=241_Adu_S22
    resources: mem_mb=36397, mem_mib=34711, disk_mb=36397, disk_mib=34711, tmpdir=/tmp

java -ea -Xmx3g -Xms3g -cp /research/labs/neurology/fryer/m214960/tools/miniconda3/envs/aducanumab/opt/bbmap-39.01-1/current/ jgi.BBDuk -Xmx3g in1=/research/labs/neurology/fryer/projects/aducanumab/mouse/bulkRNA/241_Adu_S22_L001_R1_001.fastq.gz in2=/research/labs/neurology/fryer/projects/aducanumab/mouse/bulkRNA/241_Adu_S22_L001_R2_001.fastq.gz out1=trimmedReads/241_Adu_S22_L001_R1_trim.fastq.gz out2=trimmedReads/241_Adu_S22_L001_R2_trim.fastq.gz ref=refs/adapters.fa ktrim=r k=23 mink=11 hdist=1 tpe tbo threads=20 trimpolyg=1 trimpolya=1
Executing jgi.BBDuk [-Xmx3g, in1=/research/labs/neurology/fryer/projects/aducanumab/mouse/bulkRNA/241_Adu_S22_L001_R1_001.fastq.gz, in2=/research/labs/neurology/fryer/projects/aducanumab/mouse/bulkRNA/241_Adu_S22_L001_R2_001.fastq.gz, out1=trimmedReads/241_Adu_S22_L001_R1_trim.fastq.gz, out2=trimmedReads/241_Adu_S22_L001_R2_trim.fastq.gz, ref=refs/adapters.fa, ktrim=r, k=23, mink=11, hdist=1, tpe, tbo, threads=20, trimpolyg=1, trimpolya=1]
Version 39.01

Set threads to 20
maskMiddle was disabled because useShortKmers=true
0.020 seconds.
Initial:
Memory: max=3221m, total=3221m, free=3191m, used=30m

Added 3614 kmers; time: 	0.028 seconds.
Memory: max=3221m, total=3221m, free=3182m, used=39m

Input is being processed as paired
Started output streams:	0.179 seconds.
[W::bgzf_read_block] EOF marker is absent. The input may be truncated
[W::bgzf_read_block] EOF marker is absent. The input may be truncated
Processing time:   		91.092 seconds.

Input:                  	85378350 reads 		8623213350 bases.
Polymer-trimmed:        	130579601 reads (152.94%) 	242847031 bases (2.82%)
KTrimmed:               	2861832 reads (3.35%) 	96387682 bases (1.12%)
Trimmed by overlap:     	2164812 reads (2.54%) 	11300712 bases (0.13%)
Total Removed:          	252072 reads (0.30%) 	350535425 bases (4.07%)
Result:                 	85126278 reads (99.70%) 	8272677925 bases (95.93%)

Time:                         	91.301 seconds.
Reads Processed:      85378k 	935.13k reads/sec
Bases Processed:       8623m 	94.45m bases/sec
java -ea -Xmx3g -Xms3g -cp /research/labs/neurology/fryer/m214960/tools/miniconda3/envs/aducanumab/opt/bbmap-39.01-1/current/ jgi.BBDuk -Xmx3g in1=/research/labs/neurology/fryer/projects/aducanumab/mouse/bulkRNA/241_Adu_S22_L002_R1_001.fastq.gz in2=/research/labs/neurology/fryer/projects/aducanumab/mouse/bulkRNA/241_Adu_S22_L002_R2_001.fastq.gz out1=trimmedReads/241_Adu_S22_L002_R1_trim.fastq.gz out2=trimmedReads/241_Adu_S22_L002_R2_trim.fastq.gz ref=refs/adapters.fa ktrim=r k=23 mink=11 hdist=1 tpe tbo threads=20 trimpolyg=1 trimpolya=1
Executing jgi.BBDuk [-Xmx3g, in1=/research/labs/neurology/fryer/projects/aducanumab/mouse/bulkRNA/241_Adu_S22_L002_R1_001.fastq.gz, in2=/research/labs/neurology/fryer/projects/aducanumab/mouse/bulkRNA/241_Adu_S22_L002_R2_001.fastq.gz, out1=trimmedReads/241_Adu_S22_L002_R1_trim.fastq.gz, out2=trimmedReads/241_Adu_S22_L002_R2_trim.fastq.gz, ref=refs/adapters.fa, ktrim=r, k=23, mink=11, hdist=1, tpe, tbo, threads=20, trimpolyg=1, trimpolya=1]
Version 39.01

Set threads to 20
maskMiddle was disabled because useShortKmers=true
0.019 seconds.
Initial:
Memory: max=3221m, total=3221m, free=3191m, used=30m

Added 3614 kmers; time: 	0.018 seconds.
Memory: max=3221m, total=3221m, free=3182m, used=39m

Input is being processed as paired
Started output streams:	0.182 seconds.
[W::bgzf_read_block] EOF marker is absent. The input may be truncated
[W::bgzf_read_block] EOF marker is absent. The input may be truncated
Processing time:   		91.475 seconds.

Input:                  	85153890 reads 		8600542890 bases.
Polymer-trimmed:        	130047999 reads (152.72%) 	241975275 bases (2.81%)
KTrimmed:               	2813274 reads (3.30%) 	94865008 bases (1.10%)
Trimmed by overlap:     	2130706 reads (2.50%) 	11133706 bases (0.13%)
Total Removed:          	252008 reads (0.30%) 	347973989 bases (4.05%)
Result:                 	84901882 reads (99.70%) 	8252568901 bases (95.95%)

Time:                         	91.676 seconds.
Reads Processed:      85153k 	928.86k reads/sec
Bases Processed:       8600m 	93.81m bases/sec
java -ea -Xmx3g -Xms3g -cp /research/labs/neurology/fryer/m214960/tools/miniconda3/envs/aducanumab/opt/bbmap-39.01-1/current/ jgi.BBDuk -Xmx3g in1=/research/labs/neurology/fryer/projects/aducanumab/mouse/bulkRNA/241_Adu_S22_L003_R1_001.fastq.gz in2=/research/labs/neurology/fryer/projects/aducanumab/mouse/bulkRNA/241_Adu_S22_L003_R2_001.fastq.gz out1=trimmedReads/241_Adu_S22_L003_R1_trim.fastq.gz out2=trimmedReads/241_Adu_S22_L003_R2_trim.fastq.gz ref=refs/adapters.fa ktrim=r k=23 mink=11 hdist=1 tpe tbo threads=20 trimpolyg=1 trimpolya=1
Executing jgi.BBDuk [-Xmx3g, in1=/research/labs/neurology/fryer/projects/aducanumab/mouse/bulkRNA/241_Adu_S22_L003_R1_001.fastq.gz, in2=/research/labs/neurology/fryer/projects/aducanumab/mouse/bulkRNA/241_Adu_S22_L003_R2_001.fastq.gz, out1=trimmedReads/241_Adu_S22_L003_R1_trim.fastq.gz, out2=trimmedReads/241_Adu_S22_L003_R2_trim.fastq.gz, ref=refs/adapters.fa, ktrim=r, k=23, mink=11, hdist=1, tpe, tbo, threads=20, trimpolyg=1, trimpolya=1]
Version 39.01

Set threads to 20
maskMiddle was disabled because useShortKmers=true
0.018 seconds.
Initial:
Memory: max=3221m, total=3221m, free=3191m, used=30m

Added 3614 kmers; time: 	0.026 seconds.
Memory: max=3221m, total=3221m, free=3183m, used=38m

Input is being processed as paired
Started output streams:	0.095 seconds.
[W::bgzf_read_block] EOF marker is absent. The input may be truncated
[W::bgzf_read_block] EOF marker is absent. The input may be truncated
Processing time:   		89.542 seconds.

Input:                  	84518242 reads 		8536342442 bases.
Polymer-trimmed:        	129340492 reads (153.03%) 	240945992 bases (2.82%)
KTrimmed:               	2787984 reads (3.30%) 	94382160 bases (1.11%)
Trimmed by overlap:     	2114916 reads (2.50%) 	11047704 bases (0.13%)
Total Removed:          	256134 reads (0.30%) 	346375856 bases (4.06%)
Result:                 	84262108 reads (99.70%) 	8189966586 bases (95.94%)

Time:                         	89.664 seconds.
Reads Processed:      84518k 	942.61k reads/sec
Bases Processed:       8536m 	95.20m bases/sec
java -ea -Xmx3g -Xms3g -cp /research/labs/neurology/fryer/m214960/tools/miniconda3/envs/aducanumab/opt/bbmap-39.01-1/current/ jgi.BBDuk -Xmx3g in1=/research/labs/neurology/fryer/projects/aducanumab/mouse/bulkRNA/241_Adu_S22_L004_R1_001.fastq.gz in2=/research/labs/neurology/fryer/projects/aducanumab/mouse/bulkRNA/241_Adu_S22_L004_R2_001.fastq.gz out1=trimmedReads/241_Adu_S22_L004_R1_trim.fastq.gz out2=trimmedReads/241_Adu_S22_L004_R2_trim.fastq.gz ref=refs/adapters.fa ktrim=r k=23 mink=11 hdist=1 tpe tbo threads=20 trimpolyg=1 trimpolya=1
Executing jgi.BBDuk [-Xmx3g, in1=/research/labs/neurology/fryer/projects/aducanumab/mouse/bulkRNA/241_Adu_S22_L004_R1_001.fastq.gz, in2=/research/labs/neurology/fryer/projects/aducanumab/mouse/bulkRNA/241_Adu_S22_L004_R2_001.fastq.gz, out1=trimmedReads/241_Adu_S22_L004_R1_trim.fastq.gz, out2=trimmedReads/241_Adu_S22_L004_R2_trim.fastq.gz, ref=refs/adapters.fa, ktrim=r, k=23, mink=11, hdist=1, tpe, tbo, threads=20, trimpolyg=1, trimpolya=1]
Version 39.01

Set threads to 20
maskMiddle was disabled because useShortKmers=true
0.026 seconds.
Initial:
Memory: max=3221m, total=3221m, free=3191m, used=30m

Added 3614 kmers; time: 	0.020 seconds.
Memory: max=3221m, total=3221m, free=3182m, used=39m

Input is being processed as paired
Started output streams:	0.098 seconds.
[W::bgzf_read_block] EOF marker is absent. The input may be truncated
[W::bgzf_read_block] EOF marker is absent. The input may be truncated
Processing time:   		88.899 seconds.

Input:                  	84858308 reads 		8570689108 bases.
Polymer-trimmed:        	129801911 reads (152.96%) 	241802199 bases (2.82%)
KTrimmed:               	2793040 reads (3.29%) 	94178448 bases (1.10%)
Trimmed by overlap:     	2116442 reads (2.49%) 	11049928 bases (0.13%)
Total Removed:          	252340 reads (0.30%) 	347030575 bases (4.05%)
Result:                 	84605968 reads (99.70%) 	8223658533 bases (95.95%)

Time:                         	89.018 seconds.
Reads Processed:      84858k 	953.27k reads/sec
Bases Processed:       8570m 	96.28m bases/sec
[Tue Oct  3 13:22:33 2023]
Finished job 0.
1 of 1 steps (100%) done
