Building DAG of jobs...
Using shell: /usr/bin/bash
Provided cores: 20
Rules claiming more threads will be scaled down.
Provided resources: mem_mb=29578, mem_mib=28208, disk_mb=29578, disk_mib=28208
Select jobs to execute...

[Tue Oct  3 13:22:49 2023]
rule trim_bbduk:
    input: /research/labs/neurology/fryer/projects/aducanumab/mouse/bulkRNA/1024_IgG_S48_L001_R1_001.fastq.gz, /research/labs/neurology/fryer/projects/aducanumab/mouse/bulkRNA/1024_IgG_S48_L001_R2_001.fastq.gz, /research/labs/neurology/fryer/projects/aducanumab/mouse/bulkRNA/1024_IgG_S48_L002_R1_001.fastq.gz, /research/labs/neurology/fryer/projects/aducanumab/mouse/bulkRNA/1024_IgG_S48_L002_R2_001.fastq.gz, /research/labs/neurology/fryer/projects/aducanumab/mouse/bulkRNA/1024_IgG_S48_L003_R1_001.fastq.gz, /research/labs/neurology/fryer/projects/aducanumab/mouse/bulkRNA/1024_IgG_S48_L003_R2_001.fastq.gz, /research/labs/neurology/fryer/projects/aducanumab/mouse/bulkRNA/1024_IgG_S48_L004_R1_001.fastq.gz, /research/labs/neurology/fryer/projects/aducanumab/mouse/bulkRNA/1024_IgG_S48_L004_R2_001.fastq.gz
    output: trimmedReads/1024_IgG_S48_L001_R1_trim.fastq.gz, trimmedReads/1024_IgG_S48_L001_R2_trim.fastq.gz, trimmedReads/1024_IgG_S48_L002_R1_trim.fastq.gz, trimmedReads/1024_IgG_S48_L002_R2_trim.fastq.gz, trimmedReads/1024_IgG_S48_L003_R1_trim.fastq.gz, trimmedReads/1024_IgG_S48_L003_R2_trim.fastq.gz, trimmedReads/1024_IgG_S48_L004_R1_trim.fastq.gz, trimmedReads/1024_IgG_S48_L004_R2_trim.fastq.gz
    jobid: 0
    reason: Missing output files: trimmedReads/1024_IgG_S48_L001_R1_trim.fastq.gz, trimmedReads/1024_IgG_S48_L002_R1_trim.fastq.gz, trimmedReads/1024_IgG_S48_L004_R1_trim.fastq.gz, trimmedReads/1024_IgG_S48_L003_R2_trim.fastq.gz, trimmedReads/1024_IgG_S48_L004_R2_trim.fastq.gz, trimmedReads/1024_IgG_S48_L003_R1_trim.fastq.gz, trimmedReads/1024_IgG_S48_L002_R2_trim.fastq.gz, trimmedReads/1024_IgG_S48_L001_R2_trim.fastq.gz
    wildcards: sample=1024_IgG_S48
    resources: mem_mb=29578, mem_mib=28208, disk_mb=29578, disk_mib=28208, tmpdir=/tmp

java -ea -Xmx3g -Xms3g -cp /research/labs/neurology/fryer/m214960/tools/miniconda3/envs/aducanumab/opt/bbmap-39.01-1/current/ jgi.BBDuk -Xmx3g in1=/research/labs/neurology/fryer/projects/aducanumab/mouse/bulkRNA/1024_IgG_S48_L001_R1_001.fastq.gz in2=/research/labs/neurology/fryer/projects/aducanumab/mouse/bulkRNA/1024_IgG_S48_L001_R2_001.fastq.gz out1=trimmedReads/1024_IgG_S48_L001_R1_trim.fastq.gz out2=trimmedReads/1024_IgG_S48_L001_R2_trim.fastq.gz ref=refs/adapters.fa ktrim=r k=23 mink=11 hdist=1 tpe tbo threads=20 trimpolyg=1 trimpolya=1
Executing jgi.BBDuk [-Xmx3g, in1=/research/labs/neurology/fryer/projects/aducanumab/mouse/bulkRNA/1024_IgG_S48_L001_R1_001.fastq.gz, in2=/research/labs/neurology/fryer/projects/aducanumab/mouse/bulkRNA/1024_IgG_S48_L001_R2_001.fastq.gz, out1=trimmedReads/1024_IgG_S48_L001_R1_trim.fastq.gz, out2=trimmedReads/1024_IgG_S48_L001_R2_trim.fastq.gz, ref=refs/adapters.fa, ktrim=r, k=23, mink=11, hdist=1, tpe, tbo, threads=20, trimpolyg=1, trimpolya=1]
Version 39.01

Set threads to 20
maskMiddle was disabled because useShortKmers=true
0.025 seconds.
Initial:
Memory: max=3221m, total=3221m, free=3191m, used=30m

Added 3614 kmers; time: 	0.023 seconds.
Memory: max=3221m, total=3221m, free=3183m, used=38m

Input is being processed as paired
Started output streams:	0.168 seconds.
[W::bgzf_read_block] [W::bgzf_read_block] EOF marker is absent. The input may be truncatedEOF marker is absent. The input may be truncated

Processing time:   		73.992 seconds.

Input:                  	68580090 reads 		6926589090 bases.
Polymer-trimmed:        	100928871 reads (147.17%) 	184539208 bases (2.66%)
KTrimmed:               	2061558 reads (3.01%) 	71079894 bases (1.03%)
Trimmed by overlap:     	1481710 reads (2.16%) 	7641366 bases (0.11%)
Total Removed:          	155142 reads (0.23%) 	263260468 bases (3.80%)
Result:                 	68424948 reads (99.77%) 	6663328622 bases (96.20%)

Time:                         	74.185 seconds.
Reads Processed:      68580k 	924.45k reads/sec
Bases Processed:       6926m 	93.37m bases/sec
java -ea -Xmx3g -Xms3g -cp /research/labs/neurology/fryer/m214960/tools/miniconda3/envs/aducanumab/opt/bbmap-39.01-1/current/ jgi.BBDuk -Xmx3g in1=/research/labs/neurology/fryer/projects/aducanumab/mouse/bulkRNA/1024_IgG_S48_L002_R1_001.fastq.gz in2=/research/labs/neurology/fryer/projects/aducanumab/mouse/bulkRNA/1024_IgG_S48_L002_R2_001.fastq.gz out1=trimmedReads/1024_IgG_S48_L002_R1_trim.fastq.gz out2=trimmedReads/1024_IgG_S48_L002_R2_trim.fastq.gz ref=refs/adapters.fa ktrim=r k=23 mink=11 hdist=1 tpe tbo threads=20 trimpolyg=1 trimpolya=1
Executing jgi.BBDuk [-Xmx3g, in1=/research/labs/neurology/fryer/projects/aducanumab/mouse/bulkRNA/1024_IgG_S48_L002_R1_001.fastq.gz, in2=/research/labs/neurology/fryer/projects/aducanumab/mouse/bulkRNA/1024_IgG_S48_L002_R2_001.fastq.gz, out1=trimmedReads/1024_IgG_S48_L002_R1_trim.fastq.gz, out2=trimmedReads/1024_IgG_S48_L002_R2_trim.fastq.gz, ref=refs/adapters.fa, ktrim=r, k=23, mink=11, hdist=1, tpe, tbo, threads=20, trimpolyg=1, trimpolya=1]
Version 39.01

Set threads to 20
maskMiddle was disabled because useShortKmers=true
0.018 seconds.
Initial:
Memory: max=3221m, total=3221m, free=3191m, used=30m

Added 3614 kmers; time: 	0.018 seconds.
Memory: max=3221m, total=3221m, free=3182m, used=39m

Input is being processed as paired
Started output streams:	0.112 seconds.
[W::bgzf_read_block] EOF marker is absent. The input may be truncated
[W::bgzf_read_block] EOF marker is absent. The input may be truncated
Processing time:   		75.590 seconds.

Input:                  	68512668 reads 		6919779468 bases.
Polymer-trimmed:        	100749284 reads (147.05%) 	184207560 bases (2.66%)
KTrimmed:               	2029408 reads (2.96%) 	69965524 bases (1.01%)
Trimmed by overlap:     	1461204 reads (2.13%) 	7547994 bases (0.11%)
Total Removed:          	153164 reads (0.22%) 	261721078 bases (3.78%)
Result:                 	68359504 reads (99.78%) 	6658058390 bases (96.22%)

Time:                         	75.722 seconds.
Reads Processed:      68512k 	904.79k reads/sec
Bases Processed:       6919m 	91.38m bases/sec
java -ea -Xmx3g -Xms3g -cp /research/labs/neurology/fryer/m214960/tools/miniconda3/envs/aducanumab/opt/bbmap-39.01-1/current/ jgi.BBDuk -Xmx3g in1=/research/labs/neurology/fryer/projects/aducanumab/mouse/bulkRNA/1024_IgG_S48_L003_R1_001.fastq.gz in2=/research/labs/neurology/fryer/projects/aducanumab/mouse/bulkRNA/1024_IgG_S48_L003_R2_001.fastq.gz out1=trimmedReads/1024_IgG_S48_L003_R1_trim.fastq.gz out2=trimmedReads/1024_IgG_S48_L003_R2_trim.fastq.gz ref=refs/adapters.fa ktrim=r k=23 mink=11 hdist=1 tpe tbo threads=20 trimpolyg=1 trimpolya=1
Executing jgi.BBDuk [-Xmx3g, in1=/research/labs/neurology/fryer/projects/aducanumab/mouse/bulkRNA/1024_IgG_S48_L003_R1_001.fastq.gz, in2=/research/labs/neurology/fryer/projects/aducanumab/mouse/bulkRNA/1024_IgG_S48_L003_R2_001.fastq.gz, out1=trimmedReads/1024_IgG_S48_L003_R1_trim.fastq.gz, out2=trimmedReads/1024_IgG_S48_L003_R2_trim.fastq.gz, ref=refs/adapters.fa, ktrim=r, k=23, mink=11, hdist=1, tpe, tbo, threads=20, trimpolyg=1, trimpolya=1]
Version 39.01

Set threads to 20
maskMiddle was disabled because useShortKmers=true
0.018 seconds.
Initial:
Memory: max=3221m, total=3221m, free=3191m, used=30m

Added 3614 kmers; time: 	0.024 seconds.
Memory: max=3221m, total=3221m, free=3183m, used=38m

Input is being processed as paired
Started output streams:	0.106 seconds.
[W::bgzf_read_block] EOF marker is absent. The input may be truncated
[W::bgzf_read_block] EOF marker is absent. The input may be truncated
Processing time:   		75.934 seconds.

Input:                  	68336058 reads 		6901941858 bases.
Polymer-trimmed:        	100767796 reads (147.46%) 	184522225 bases (2.67%)
KTrimmed:               	2026120 reads (2.96%) 	69845728 bases (1.01%)
Trimmed by overlap:     	1458836 reads (2.13%) 	7539714 bases (0.11%)
Total Removed:          	156100 reads (0.23%) 	261907667 bases (3.79%)
Result:                 	68179958 reads (99.77%) 	6640034191 bases (96.21%)

Time:                         	76.066 seconds.
Reads Processed:      68336k 	898.37k reads/sec
Bases Processed:       6901m 	90.74m bases/sec
java -ea -Xmx3g -Xms3g -cp /research/labs/neurology/fryer/m214960/tools/miniconda3/envs/aducanumab/opt/bbmap-39.01-1/current/ jgi.BBDuk -Xmx3g in1=/research/labs/neurology/fryer/projects/aducanumab/mouse/bulkRNA/1024_IgG_S48_L004_R1_001.fastq.gz in2=/research/labs/neurology/fryer/projects/aducanumab/mouse/bulkRNA/1024_IgG_S48_L004_R2_001.fastq.gz out1=trimmedReads/1024_IgG_S48_L004_R1_trim.fastq.gz out2=trimmedReads/1024_IgG_S48_L004_R2_trim.fastq.gz ref=refs/adapters.fa ktrim=r k=23 mink=11 hdist=1 tpe tbo threads=20 trimpolyg=1 trimpolya=1
Executing jgi.BBDuk [-Xmx3g, in1=/research/labs/neurology/fryer/projects/aducanumab/mouse/bulkRNA/1024_IgG_S48_L004_R1_001.fastq.gz, in2=/research/labs/neurology/fryer/projects/aducanumab/mouse/bulkRNA/1024_IgG_S48_L004_R2_001.fastq.gz, out1=trimmedReads/1024_IgG_S48_L004_R1_trim.fastq.gz, out2=trimmedReads/1024_IgG_S48_L004_R2_trim.fastq.gz, ref=refs/adapters.fa, ktrim=r, k=23, mink=11, hdist=1, tpe, tbo, threads=20, trimpolyg=1, trimpolya=1]
Version 39.01

Set threads to 20
maskMiddle was disabled because useShortKmers=true
0.016 seconds.
Initial:
Memory: max=3221m, total=3221m, free=3191m, used=30m

Added 3614 kmers; time: 	0.018 seconds.
Memory: max=3221m, total=3221m, free=3183m, used=38m

Input is being processed as paired
Started output streams:	0.140 seconds.
[W::bgzf_read_block] EOF marker is absent. The input may be truncated
[W::bgzf_read_block] EOF marker is absent. The input may be truncated
Processing time:   		317.167 seconds.

Input:                  	68472944 reads 		6915767344 bases.
Polymer-trimmed:        	100890827 reads (147.34%) 	184665169 bases (2.67%)
KTrimmed:               	2021282 reads (2.95%) 	69531384 bases (1.01%)
Trimmed by overlap:     	1455544 reads (2.13%) 	7526188 bases (0.11%)
Total Removed:          	152750 reads (0.22%) 	261722741 bases (3.78%)
Result:                 	68320194 reads (99.78%) 	6654044603 bases (96.22%)

Time:                         	317.326 seconds.
Reads Processed:      68472k 	215.78k reads/sec
Bases Processed:       6915m 	21.79m bases/sec
[Tue Oct  3 13:31:55 2023]
Finished job 0.
1 of 1 steps (100%) done
