Building DAG of jobs...
Using shell: /usr/bin/bash
Provided cores: 20
Rules claiming more threads will be scaled down.
Provided resources: mem_mb=36552, mem_mib=34859, disk_mb=36552, disk_mib=34859
Select jobs to execute...

[Tue Oct  3 13:22:38 2023]
rule trim_bbduk:
    input: /research/labs/neurology/fryer/projects/aducanumab/mouse/bulkRNA/558_Adu_S17_L001_R1_001.fastq.gz, /research/labs/neurology/fryer/projects/aducanumab/mouse/bulkRNA/558_Adu_S17_L001_R2_001.fastq.gz, /research/labs/neurology/fryer/projects/aducanumab/mouse/bulkRNA/558_Adu_S17_L002_R1_001.fastq.gz, /research/labs/neurology/fryer/projects/aducanumab/mouse/bulkRNA/558_Adu_S17_L002_R2_001.fastq.gz, /research/labs/neurology/fryer/projects/aducanumab/mouse/bulkRNA/558_Adu_S17_L003_R1_001.fastq.gz, /research/labs/neurology/fryer/projects/aducanumab/mouse/bulkRNA/558_Adu_S17_L003_R2_001.fastq.gz, /research/labs/neurology/fryer/projects/aducanumab/mouse/bulkRNA/558_Adu_S17_L004_R1_001.fastq.gz, /research/labs/neurology/fryer/projects/aducanumab/mouse/bulkRNA/558_Adu_S17_L004_R2_001.fastq.gz
    output: trimmedReads/558_Adu_S17_L001_R1_trim.fastq.gz, trimmedReads/558_Adu_S17_L001_R2_trim.fastq.gz, trimmedReads/558_Adu_S17_L002_R1_trim.fastq.gz, trimmedReads/558_Adu_S17_L002_R2_trim.fastq.gz, trimmedReads/558_Adu_S17_L003_R1_trim.fastq.gz, trimmedReads/558_Adu_S17_L003_R2_trim.fastq.gz, trimmedReads/558_Adu_S17_L004_R1_trim.fastq.gz, trimmedReads/558_Adu_S17_L004_R2_trim.fastq.gz
    jobid: 0
    reason: Missing output files: trimmedReads/558_Adu_S17_L004_R1_trim.fastq.gz, trimmedReads/558_Adu_S17_L002_R1_trim.fastq.gz, trimmedReads/558_Adu_S17_L003_R2_trim.fastq.gz, trimmedReads/558_Adu_S17_L004_R2_trim.fastq.gz, trimmedReads/558_Adu_S17_L002_R2_trim.fastq.gz, trimmedReads/558_Adu_S17_L001_R1_trim.fastq.gz, trimmedReads/558_Adu_S17_L001_R2_trim.fastq.gz, trimmedReads/558_Adu_S17_L003_R1_trim.fastq.gz
    wildcards: sample=558_Adu_S17
    resources: mem_mb=36552, mem_mib=34859, disk_mb=36552, disk_mib=34859, tmpdir=/tmp

java -ea -Xmx3g -Xms3g -cp /research/labs/neurology/fryer/m214960/tools/miniconda3/envs/aducanumab/opt/bbmap-39.01-1/current/ jgi.BBDuk -Xmx3g in1=/research/labs/neurology/fryer/projects/aducanumab/mouse/bulkRNA/558_Adu_S17_L001_R1_001.fastq.gz in2=/research/labs/neurology/fryer/projects/aducanumab/mouse/bulkRNA/558_Adu_S17_L001_R2_001.fastq.gz out1=trimmedReads/558_Adu_S17_L001_R1_trim.fastq.gz out2=trimmedReads/558_Adu_S17_L001_R2_trim.fastq.gz ref=refs/adapters.fa ktrim=r k=23 mink=11 hdist=1 tpe tbo threads=20 trimpolyg=1 trimpolya=1
Executing jgi.BBDuk [-Xmx3g, in1=/research/labs/neurology/fryer/projects/aducanumab/mouse/bulkRNA/558_Adu_S17_L001_R1_001.fastq.gz, in2=/research/labs/neurology/fryer/projects/aducanumab/mouse/bulkRNA/558_Adu_S17_L001_R2_001.fastq.gz, out1=trimmedReads/558_Adu_S17_L001_R1_trim.fastq.gz, out2=trimmedReads/558_Adu_S17_L001_R2_trim.fastq.gz, ref=refs/adapters.fa, ktrim=r, k=23, mink=11, hdist=1, tpe, tbo, threads=20, trimpolyg=1, trimpolya=1]
Version 39.01

Set threads to 20
maskMiddle was disabled because useShortKmers=true
0.019 seconds.
Initial:
Memory: max=3221m, total=3221m, free=3191m, used=30m

Added 3614 kmers; time: 	0.023 seconds.
Memory: max=3221m, total=3221m, free=3183m, used=38m

Input is being processed as paired
Started output streams:	0.103 seconds.
[W::bgzf_read_block] EOF marker is absent. The input may be truncated
[W::bgzf_read_block] EOF marker is absent. The input may be truncated
Processing time:   		87.165 seconds.

Input:                  	85244668 reads 		8609711468 bases.
Polymer-trimmed:        	128601927 reads (150.86%) 	239705743 bases (2.78%)
KTrimmed:               	3274940 reads (3.84%) 	117960350 bases (1.37%)
Trimmed by overlap:     	2059052 reads (2.42%) 	10635430 bases (0.12%)
Total Removed:          	222704 reads (0.26%) 	368301523 bases (4.28%)
Result:                 	85021964 reads (99.74%) 	8241409945 bases (95.72%)

Time:                         	87.292 seconds.
Reads Processed:      85244k 	976.54k reads/sec
Bases Processed:       8609m 	98.63m bases/sec
java -ea -Xmx3g -Xms3g -cp /research/labs/neurology/fryer/m214960/tools/miniconda3/envs/aducanumab/opt/bbmap-39.01-1/current/ jgi.BBDuk -Xmx3g in1=/research/labs/neurology/fryer/projects/aducanumab/mouse/bulkRNA/558_Adu_S17_L002_R1_001.fastq.gz in2=/research/labs/neurology/fryer/projects/aducanumab/mouse/bulkRNA/558_Adu_S17_L002_R2_001.fastq.gz out1=trimmedReads/558_Adu_S17_L002_R1_trim.fastq.gz out2=trimmedReads/558_Adu_S17_L002_R2_trim.fastq.gz ref=refs/adapters.fa ktrim=r k=23 mink=11 hdist=1 tpe tbo threads=20 trimpolyg=1 trimpolya=1
Executing jgi.BBDuk [-Xmx3g, in1=/research/labs/neurology/fryer/projects/aducanumab/mouse/bulkRNA/558_Adu_S17_L002_R1_001.fastq.gz, in2=/research/labs/neurology/fryer/projects/aducanumab/mouse/bulkRNA/558_Adu_S17_L002_R2_001.fastq.gz, out1=trimmedReads/558_Adu_S17_L002_R1_trim.fastq.gz, out2=trimmedReads/558_Adu_S17_L002_R2_trim.fastq.gz, ref=refs/adapters.fa, ktrim=r, k=23, mink=11, hdist=1, tpe, tbo, threads=20, trimpolyg=1, trimpolya=1]
Version 39.01

Set threads to 20
maskMiddle was disabled because useShortKmers=true
0.017 seconds.
Initial:
Memory: max=3221m, total=3221m, free=3191m, used=30m

Added 3614 kmers; time: 	0.027 seconds.
Memory: max=3221m, total=3221m, free=3183m, used=38m

Input is being processed as paired
Started output streams:	0.090 seconds.
[W::bgzf_read_block] EOF marker is absent. The input may be truncated
[W::bgzf_read_block] EOF marker is absent. The input may be truncated
Processing time:   		86.338 seconds.

Input:                  	85246998 reads 		8609946798 bases.
Polymer-trimmed:        	128526540 reads (150.77%) 	239719620 bases (2.78%)
KTrimmed:               	3219198 reads (3.78%) 	115819638 bases (1.35%)
Trimmed by overlap:     	2031932 reads (2.38%) 	10504572 bases (0.12%)
Total Removed:          	222242 reads (0.26%) 	366043830 bases (4.25%)
Result:                 	85024756 reads (99.74%) 	8243902968 bases (95.75%)

Time:                         	86.457 seconds.
Reads Processed:      85246k 	986.00k reads/sec
Bases Processed:       8609m 	99.59m bases/sec
java -ea -Xmx3g -Xms3g -cp /research/labs/neurology/fryer/m214960/tools/miniconda3/envs/aducanumab/opt/bbmap-39.01-1/current/ jgi.BBDuk -Xmx3g in1=/research/labs/neurology/fryer/projects/aducanumab/mouse/bulkRNA/558_Adu_S17_L003_R1_001.fastq.gz in2=/research/labs/neurology/fryer/projects/aducanumab/mouse/bulkRNA/558_Adu_S17_L003_R2_001.fastq.gz out1=trimmedReads/558_Adu_S17_L003_R1_trim.fastq.gz out2=trimmedReads/558_Adu_S17_L003_R2_trim.fastq.gz ref=refs/adapters.fa ktrim=r k=23 mink=11 hdist=1 tpe tbo threads=20 trimpolyg=1 trimpolya=1
Executing jgi.BBDuk [-Xmx3g, in1=/research/labs/neurology/fryer/projects/aducanumab/mouse/bulkRNA/558_Adu_S17_L003_R1_001.fastq.gz, in2=/research/labs/neurology/fryer/projects/aducanumab/mouse/bulkRNA/558_Adu_S17_L003_R2_001.fastq.gz, out1=trimmedReads/558_Adu_S17_L003_R1_trim.fastq.gz, out2=trimmedReads/558_Adu_S17_L003_R2_trim.fastq.gz, ref=refs/adapters.fa, ktrim=r, k=23, mink=11, hdist=1, tpe, tbo, threads=20, trimpolyg=1, trimpolya=1]
Version 39.01

Set threads to 20
maskMiddle was disabled because useShortKmers=true
0.018 seconds.
Initial:
Memory: max=3221m, total=3221m, free=3191m, used=30m

Added 3614 kmers; time: 	0.023 seconds.
Memory: max=3221m, total=3221m, free=3182m, used=39m

Input is being processed as paired
Started output streams:	0.146 seconds.
[W::bgzf_read_block] EOF marker is absent. The input may be truncated
[W::bgzf_read_block] EOF marker is absent. The input may be truncated
Processing time:   		155.577 seconds.

Input:                  	85010302 reads 		8586040502 bases.
Polymer-trimmed:        	128479348 reads (151.13%) 	239935221 bases (2.79%)
KTrimmed:               	3202538 reads (3.77%) 	115289810 bases (1.34%)
Trimmed by overlap:     	2027660 reads (2.39%) 	10476240 bases (0.12%)
Total Removed:          	225496 reads (0.27%) 	365701271 bases (4.26%)
Result:                 	84784806 reads (99.73%) 	8220339231 bases (95.74%)

Time:                         	155.748 seconds.
Reads Processed:      85010k 	545.82k reads/sec
Bases Processed:       8586m 	55.13m bases/sec
java -ea -Xmx3g -Xms3g -cp /research/labs/neurology/fryer/m214960/tools/miniconda3/envs/aducanumab/opt/bbmap-39.01-1/current/ jgi.BBDuk -Xmx3g in1=/research/labs/neurology/fryer/projects/aducanumab/mouse/bulkRNA/558_Adu_S17_L004_R1_001.fastq.gz in2=/research/labs/neurology/fryer/projects/aducanumab/mouse/bulkRNA/558_Adu_S17_L004_R2_001.fastq.gz out1=trimmedReads/558_Adu_S17_L004_R1_trim.fastq.gz out2=trimmedReads/558_Adu_S17_L004_R2_trim.fastq.gz ref=refs/adapters.fa ktrim=r k=23 mink=11 hdist=1 tpe tbo threads=20 trimpolyg=1 trimpolya=1
Executing jgi.BBDuk [-Xmx3g, in1=/research/labs/neurology/fryer/projects/aducanumab/mouse/bulkRNA/558_Adu_S17_L004_R1_001.fastq.gz, in2=/research/labs/neurology/fryer/projects/aducanumab/mouse/bulkRNA/558_Adu_S17_L004_R2_001.fastq.gz, out1=trimmedReads/558_Adu_S17_L004_R1_trim.fastq.gz, out2=trimmedReads/558_Adu_S17_L004_R2_trim.fastq.gz, ref=refs/adapters.fa, ktrim=r, k=23, mink=11, hdist=1, tpe, tbo, threads=20, trimpolyg=1, trimpolya=1]
Version 39.01

Set threads to 20
maskMiddle was disabled because useShortKmers=true
0.017 seconds.
Initial:
Memory: max=3221m, total=3221m, free=3191m, used=30m

Added 3614 kmers; time: 	0.018 seconds.
Memory: max=3221m, total=3221m, free=3182m, used=39m

Input is being processed as paired
Started output streams:	1.807 seconds.
[W::bgzf_read_block] EOF marker is absent. The input may be truncated
[W::bgzf_read_block] EOF marker is absent. The input may be truncated
Processing time:   		315.450 seconds.

Input:                  	85160890 reads 		8601249890 bases.
Polymer-trimmed:        	128663396 reads (151.08%) 	240282369 bases (2.79%)
KTrimmed:               	3203700 reads (3.76%) 	115206388 bases (1.34%)
Trimmed by overlap:     	2024316 reads (2.38%) 	10465618 bases (0.12%)
Total Removed:          	223328 reads (0.26%) 	365954375 bases (4.25%)
Result:                 	84937562 reads (99.74%) 	8235295515 bases (95.75%)

Time:                         	317.277 seconds.
Reads Processed:      85160k 	268.41k reads/sec
Bases Processed:       8601m 	27.11m bases/sec
[Tue Oct  3 13:33:27 2023]
Finished job 0.
1 of 1 steps (100%) done
