Building DAG of jobs...
Using shell: /usr/bin/bash
Provided cores: 20
Rules claiming more threads will be scaled down.
Provided resources: mem_mb=40465, mem_mib=38591, disk_mb=40465, disk_mib=38591
Select jobs to execute...

[Tue Oct  3 14:24:18 2023]
rule trim_bbduk:
    input: /research/labs/neurology/fryer/projects/aducanumab/mouse/bulkRNA/466_Adu_S25_L001_R1_001.fastq.gz, /research/labs/neurology/fryer/projects/aducanumab/mouse/bulkRNA/466_Adu_S25_L001_R2_001.fastq.gz, /research/labs/neurology/fryer/projects/aducanumab/mouse/bulkRNA/466_Adu_S25_L002_R1_001.fastq.gz, /research/labs/neurology/fryer/projects/aducanumab/mouse/bulkRNA/466_Adu_S25_L002_R2_001.fastq.gz, /research/labs/neurology/fryer/projects/aducanumab/mouse/bulkRNA/466_Adu_S25_L003_R1_001.fastq.gz, /research/labs/neurology/fryer/projects/aducanumab/mouse/bulkRNA/466_Adu_S25_L003_R2_001.fastq.gz, /research/labs/neurology/fryer/projects/aducanumab/mouse/bulkRNA/466_Adu_S25_L004_R1_001.fastq.gz, /research/labs/neurology/fryer/projects/aducanumab/mouse/bulkRNA/466_Adu_S25_L004_R2_001.fastq.gz
    output: trimmedReads/466_Adu_S25_L001_R1_trim.fastq.gz, trimmedReads/466_Adu_S25_L001_R2_trim.fastq.gz, trimmedReads/466_Adu_S25_L002_R1_trim.fastq.gz, trimmedReads/466_Adu_S25_L002_R2_trim.fastq.gz, trimmedReads/466_Adu_S25_L003_R1_trim.fastq.gz, trimmedReads/466_Adu_S25_L003_R2_trim.fastq.gz, trimmedReads/466_Adu_S25_L004_R1_trim.fastq.gz, trimmedReads/466_Adu_S25_L004_R2_trim.fastq.gz
    jobid: 0
    reason: Missing output files: trimmedReads/466_Adu_S25_L004_R2_trim.fastq.gz, trimmedReads/466_Adu_S25_L002_R2_trim.fastq.gz, trimmedReads/466_Adu_S25_L003_R2_trim.fastq.gz, trimmedReads/466_Adu_S25_L001_R2_trim.fastq.gz, trimmedReads/466_Adu_S25_L004_R1_trim.fastq.gz, trimmedReads/466_Adu_S25_L002_R1_trim.fastq.gz, trimmedReads/466_Adu_S25_L003_R1_trim.fastq.gz, trimmedReads/466_Adu_S25_L001_R1_trim.fastq.gz
    wildcards: sample=466_Adu_S25
    resources: mem_mb=40465, mem_mib=38591, disk_mb=40465, disk_mib=38591, tmpdir=/tmp

java -ea -Xmx3g -Xms3g -cp /research/labs/neurology/fryer/m214960/tools/miniconda3/envs/aducanumab/opt/bbmap-39.01-1/current/ jgi.BBDuk -Xmx3g in1=/research/labs/neurology/fryer/projects/aducanumab/mouse/bulkRNA/466_Adu_S25_L001_R1_001.fastq.gz in2=/research/labs/neurology/fryer/projects/aducanumab/mouse/bulkRNA/466_Adu_S25_L001_R2_001.fastq.gz out1=trimmedReads/466_Adu_S25_L001_R1_trim.fastq.gz out2=trimmedReads/466_Adu_S25_L001_R2_trim.fastq.gz ref=refs/adapters.fa ktrim=r k=23 mink=11 hdist=1 tpe tbo threads=20 trimpolyg=1 trimpolya=1
Executing jgi.BBDuk [-Xmx3g, in1=/research/labs/neurology/fryer/projects/aducanumab/mouse/bulkRNA/466_Adu_S25_L001_R1_001.fastq.gz, in2=/research/labs/neurology/fryer/projects/aducanumab/mouse/bulkRNA/466_Adu_S25_L001_R2_001.fastq.gz, out1=trimmedReads/466_Adu_S25_L001_R1_trim.fastq.gz, out2=trimmedReads/466_Adu_S25_L001_R2_trim.fastq.gz, ref=refs/adapters.fa, ktrim=r, k=23, mink=11, hdist=1, tpe, tbo, threads=20, trimpolyg=1, trimpolya=1]
Version 39.01

Set threads to 20
maskMiddle was disabled because useShortKmers=true
0.441 seconds.
Initial:
Memory: max=3221m, total=3221m, free=3191m, used=30m

Added 3614 kmers; time: 	0.398 seconds.
Memory: max=3221m, total=3221m, free=3183m, used=38m

Input is being processed as paired
Started output streams:	0.270 seconds.
[W::bgzf_read_block] EOF marker is absent. The input may be truncated
[W::bgzf_read_block] EOF marker is absent. The input may be truncated
Processing time:   		102.380 seconds.

Input:                  	94712054 reads 		9565917454 bases.
Polymer-trimmed:        	147802287 reads (156.05%) 	276515251 bases (2.89%)
KTrimmed:               	2787128 reads (2.94%) 	93406912 bases (0.98%)
Trimmed by overlap:     	2147374 reads (2.27%) 	11009168 bases (0.12%)
Total Removed:          	181528 reads (0.19%) 	380931331 bases (3.98%)
Result:                 	94530526 reads (99.81%) 	9184986123 bases (96.02%)

Time:                         	103.049 seconds.
Reads Processed:      94712k 	919.10k reads/sec
Bases Processed:       9565m 	92.83m bases/sec
java -ea -Xmx3g -Xms3g -cp /research/labs/neurology/fryer/m214960/tools/miniconda3/envs/aducanumab/opt/bbmap-39.01-1/current/ jgi.BBDuk -Xmx3g in1=/research/labs/neurology/fryer/projects/aducanumab/mouse/bulkRNA/466_Adu_S25_L002_R1_001.fastq.gz in2=/research/labs/neurology/fryer/projects/aducanumab/mouse/bulkRNA/466_Adu_S25_L002_R2_001.fastq.gz out1=trimmedReads/466_Adu_S25_L002_R1_trim.fastq.gz out2=trimmedReads/466_Adu_S25_L002_R2_trim.fastq.gz ref=refs/adapters.fa ktrim=r k=23 mink=11 hdist=1 tpe tbo threads=20 trimpolyg=1 trimpolya=1
Executing jgi.BBDuk [-Xmx3g, in1=/research/labs/neurology/fryer/projects/aducanumab/mouse/bulkRNA/466_Adu_S25_L002_R1_001.fastq.gz, in2=/research/labs/neurology/fryer/projects/aducanumab/mouse/bulkRNA/466_Adu_S25_L002_R2_001.fastq.gz, out1=trimmedReads/466_Adu_S25_L002_R1_trim.fastq.gz, out2=trimmedReads/466_Adu_S25_L002_R2_trim.fastq.gz, ref=refs/adapters.fa, ktrim=r, k=23, mink=11, hdist=1, tpe, tbo, threads=20, trimpolyg=1, trimpolya=1]
Version 39.01

Set threads to 20
maskMiddle was disabled because useShortKmers=true
0.264 seconds.
Initial:
Memory: max=3221m, total=3221m, free=3191m, used=30m

Added 3614 kmers; time: 	0.147 seconds.
Memory: max=3221m, total=3221m, free=3183m, used=38m

Input is being processed as paired
Started output streams:	0.268 seconds.
[W::bgzf_read_block] EOF marker is absent. The input may be truncated
[W::bgzf_read_block] EOF marker is absent. The input may be truncated
Processing time:   		99.320 seconds.

Input:                  	94989114 reads 		9593900514 bases.
Polymer-trimmed:        	148054443 reads (155.86%) 	277200309 bases (2.89%)
KTrimmed:               	2747160 reads (2.89%) 	92188504 bases (0.96%)
Trimmed by overlap:     	2126634 reads (2.24%) 	10913984 bases (0.11%)
Total Removed:          	182718 reads (0.19%) 	380302797 bases (3.96%)
Result:                 	94806396 reads (99.81%) 	9213597717 bases (96.04%)

Time:                         	99.737 seconds.
Reads Processed:      94989k 	952.40k reads/sec
Bases Processed:       9593m 	96.19m bases/sec
java -ea -Xmx3g -Xms3g -cp /research/labs/neurology/fryer/m214960/tools/miniconda3/envs/aducanumab/opt/bbmap-39.01-1/current/ jgi.BBDuk -Xmx3g in1=/research/labs/neurology/fryer/projects/aducanumab/mouse/bulkRNA/466_Adu_S25_L003_R1_001.fastq.gz in2=/research/labs/neurology/fryer/projects/aducanumab/mouse/bulkRNA/466_Adu_S25_L003_R2_001.fastq.gz out1=trimmedReads/466_Adu_S25_L003_R1_trim.fastq.gz out2=trimmedReads/466_Adu_S25_L003_R2_trim.fastq.gz ref=refs/adapters.fa ktrim=r k=23 mink=11 hdist=1 tpe tbo threads=20 trimpolyg=1 trimpolya=1
Executing jgi.BBDuk [-Xmx3g, in1=/research/labs/neurology/fryer/projects/aducanumab/mouse/bulkRNA/466_Adu_S25_L003_R1_001.fastq.gz, in2=/research/labs/neurology/fryer/projects/aducanumab/mouse/bulkRNA/466_Adu_S25_L003_R2_001.fastq.gz, out1=trimmedReads/466_Adu_S25_L003_R1_trim.fastq.gz, out2=trimmedReads/466_Adu_S25_L003_R2_trim.fastq.gz, ref=refs/adapters.fa, ktrim=r, k=23, mink=11, hdist=1, tpe, tbo, threads=20, trimpolyg=1, trimpolya=1]
Version 39.01

Set threads to 20
maskMiddle was disabled because useShortKmers=true
0.113 seconds.
Initial:
Memory: max=3221m, total=3221m, free=3191m, used=30m

Added 3614 kmers; time: 	0.016 seconds.
Memory: max=3221m, total=3221m, free=3182m, used=39m

Input is being processed as paired
Started output streams:	0.187 seconds.
[W::bgzf_read_block] EOF marker is absent. The input may be truncated
[W::bgzf_read_block] EOF marker is absent. The input may be truncated
Processing time:   		94.937 seconds.

Input:                  	95252528 reads 		9620505328 bases.
Polymer-trimmed:        	148762149 reads (156.18%) 	278730763 bases (2.90%)
KTrimmed:               	2743496 reads (2.88%) 	91847526 bases (0.95%)
Trimmed by overlap:     	2132466 reads (2.24%) 	10935908 bases (0.11%)
Total Removed:          	184072 reads (0.19%) 	381514197 bases (3.97%)
Result:                 	95068456 reads (99.81%) 	9238991131 bases (96.03%)

Time:                         	95.142 seconds.
Reads Processed:      95252k 	1001.16k reads/sec
Bases Processed:       9620m 	101.12m bases/sec
java -ea -Xmx3g -Xms3g -cp /research/labs/neurology/fryer/m214960/tools/miniconda3/envs/aducanumab/opt/bbmap-39.01-1/current/ jgi.BBDuk -Xmx3g in1=/research/labs/neurology/fryer/projects/aducanumab/mouse/bulkRNA/466_Adu_S25_L004_R1_001.fastq.gz in2=/research/labs/neurology/fryer/projects/aducanumab/mouse/bulkRNA/466_Adu_S25_L004_R2_001.fastq.gz out1=trimmedReads/466_Adu_S25_L004_R1_trim.fastq.gz out2=trimmedReads/466_Adu_S25_L004_R2_trim.fastq.gz ref=refs/adapters.fa ktrim=r k=23 mink=11 hdist=1 tpe tbo threads=20 trimpolyg=1 trimpolya=1
Executing jgi.BBDuk [-Xmx3g, in1=/research/labs/neurology/fryer/projects/aducanumab/mouse/bulkRNA/466_Adu_S25_L004_R1_001.fastq.gz, in2=/research/labs/neurology/fryer/projects/aducanumab/mouse/bulkRNA/466_Adu_S25_L004_R2_001.fastq.gz, out1=trimmedReads/466_Adu_S25_L004_R1_trim.fastq.gz, out2=trimmedReads/466_Adu_S25_L004_R2_trim.fastq.gz, ref=refs/adapters.fa, ktrim=r, k=23, mink=11, hdist=1, tpe, tbo, threads=20, trimpolyg=1, trimpolya=1]
Version 39.01

Set threads to 20
maskMiddle was disabled because useShortKmers=true
0.088 seconds.
Initial:
Memory: max=3221m, total=3221m, free=3191m, used=30m

Added 3614 kmers; time: 	0.027 seconds.
Memory: max=3221m, total=3221m, free=3183m, used=38m

Input is being processed as paired
Started output streams:	0.191 seconds.
[W::bgzf_read_block] EOF marker is absent. The input may be truncated
[W::bgzf_read_block] EOF marker is absent. The input may be truncated
Processing time:   		92.325 seconds.

Input:                  	95206256 reads 		9615831856 bases.
Polymer-trimmed:        	148675705 reads (156.16%) 	278574825 bases (2.90%)
KTrimmed:               	2730720 reads (2.87%) 	91329468 bases (0.95%)
Trimmed by overlap:     	2123118 reads (2.23%) 	10880896 bases (0.11%)
Total Removed:          	182092 reads (0.19%) 	380785189 bases (3.96%)
Result:                 	95024164 reads (99.81%) 	9235046667 bases (96.04%)

Time:                         	92.545 seconds.
Reads Processed:      95206k 	1028.76k reads/sec
Bases Processed:       9615m 	103.90m bases/sec
[Tue Oct  3 14:30:56 2023]
Finished job 0.
1 of 1 steps (100%) done
