Building DAG of jobs...
Using shell: /usr/bin/bash
Provided cores: 20
Rules claiming more threads will be scaled down.
Provided resources: mem_mb=37770, mem_mib=36021, disk_mb=37770, disk_mib=36021
Select jobs to execute...

[Tue Oct  3 13:16:31 2023]
rule trim_bbduk:
    input: /research/labs/neurology/fryer/projects/aducanumab/mouse/bulkRNA/242_Adu_S62_L001_R1_001.fastq.gz, /research/labs/neurology/fryer/projects/aducanumab/mouse/bulkRNA/242_Adu_S62_L001_R2_001.fastq.gz, /research/labs/neurology/fryer/projects/aducanumab/mouse/bulkRNA/242_Adu_S62_L002_R1_001.fastq.gz, /research/labs/neurology/fryer/projects/aducanumab/mouse/bulkRNA/242_Adu_S62_L002_R2_001.fastq.gz, /research/labs/neurology/fryer/projects/aducanumab/mouse/bulkRNA/242_Adu_S62_L003_R1_001.fastq.gz, /research/labs/neurology/fryer/projects/aducanumab/mouse/bulkRNA/242_Adu_S62_L003_R2_001.fastq.gz, /research/labs/neurology/fryer/projects/aducanumab/mouse/bulkRNA/242_Adu_S62_L004_R1_001.fastq.gz, /research/labs/neurology/fryer/projects/aducanumab/mouse/bulkRNA/242_Adu_S62_L004_R2_001.fastq.gz
    output: trimmedReads/242_Adu_S62_L001_R1_trim.fastq.gz, trimmedReads/242_Adu_S62_L001_R2_trim.fastq.gz, trimmedReads/242_Adu_S62_L002_R1_trim.fastq.gz, trimmedReads/242_Adu_S62_L002_R2_trim.fastq.gz, trimmedReads/242_Adu_S62_L003_R1_trim.fastq.gz, trimmedReads/242_Adu_S62_L003_R2_trim.fastq.gz, trimmedReads/242_Adu_S62_L004_R1_trim.fastq.gz, trimmedReads/242_Adu_S62_L004_R2_trim.fastq.gz
    jobid: 0
    reason: Missing output files: trimmedReads/242_Adu_S62_L001_R2_trim.fastq.gz, trimmedReads/242_Adu_S62_L001_R1_trim.fastq.gz, trimmedReads/242_Adu_S62_L004_R1_trim.fastq.gz, trimmedReads/242_Adu_S62_L002_R1_trim.fastq.gz, trimmedReads/242_Adu_S62_L003_R1_trim.fastq.gz, trimmedReads/242_Adu_S62_L004_R2_trim.fastq.gz, trimmedReads/242_Adu_S62_L003_R2_trim.fastq.gz, trimmedReads/242_Adu_S62_L002_R2_trim.fastq.gz
    wildcards: sample=242_Adu_S62
    resources: mem_mb=37770, mem_mib=36021, disk_mb=37770, disk_mib=36021, tmpdir=/tmp

java -ea -Xmx3g -Xms3g -cp /research/labs/neurology/fryer/m214960/tools/miniconda3/envs/aducanumab/opt/bbmap-39.01-1/current/ jgi.BBDuk -Xmx3g in1=/research/labs/neurology/fryer/projects/aducanumab/mouse/bulkRNA/242_Adu_S62_L001_R1_001.fastq.gz in2=/research/labs/neurology/fryer/projects/aducanumab/mouse/bulkRNA/242_Adu_S62_L001_R2_001.fastq.gz out1=trimmedReads/242_Adu_S62_L001_R1_trim.fastq.gz out2=trimmedReads/242_Adu_S62_L001_R2_trim.fastq.gz ref=refs/adapters.fa ktrim=r k=23 mink=11 hdist=1 tpe tbo threads=20 trimpolyg=1 trimpolya=1
Executing jgi.BBDuk [-Xmx3g, in1=/research/labs/neurology/fryer/projects/aducanumab/mouse/bulkRNA/242_Adu_S62_L001_R1_001.fastq.gz, in2=/research/labs/neurology/fryer/projects/aducanumab/mouse/bulkRNA/242_Adu_S62_L001_R2_001.fastq.gz, out1=trimmedReads/242_Adu_S62_L001_R1_trim.fastq.gz, out2=trimmedReads/242_Adu_S62_L001_R2_trim.fastq.gz, ref=refs/adapters.fa, ktrim=r, k=23, mink=11, hdist=1, tpe, tbo, threads=20, trimpolyg=1, trimpolya=1]
Version 39.01

Set threads to 20
maskMiddle was disabled because useShortKmers=true
0.023 seconds.
Initial:
Memory: max=3221m, total=3221m, free=3191m, used=30m

Added 3614 kmers; time: 	0.028 seconds.
Memory: max=3221m, total=3221m, free=3183m, used=38m

Input is being processed as paired
Started output streams:	0.111 seconds.
[W::bgzf_read_block] EOF marker is absent. The input may be truncated
[W::bgzf_read_block] EOF marker is absent. The input may be truncated
Processing time:   		86.230 seconds.

Input:                  	87716636 reads 		8859380236 bases.
Polymer-trimmed:        	132333158 reads (150.86%) 	250774656 bases (2.83%)
KTrimmed:               	3772930 reads (4.30%) 	131143472 bases (1.48%)
Trimmed by overlap:     	2041646 reads (2.33%) 	10748816 bases (0.12%)
Total Removed:          	130094 reads (0.15%) 	392666944 bases (4.43%)
Result:                 	87586542 reads (99.85%) 	8466713292 bases (95.57%)

Time:                         	86.371 seconds.
Reads Processed:      87716k 	1015.58k reads/sec
Bases Processed:       8859m 	102.57m bases/sec
java -ea -Xmx3g -Xms3g -cp /research/labs/neurology/fryer/m214960/tools/miniconda3/envs/aducanumab/opt/bbmap-39.01-1/current/ jgi.BBDuk -Xmx3g in1=/research/labs/neurology/fryer/projects/aducanumab/mouse/bulkRNA/242_Adu_S62_L002_R1_001.fastq.gz in2=/research/labs/neurology/fryer/projects/aducanumab/mouse/bulkRNA/242_Adu_S62_L002_R2_001.fastq.gz out1=trimmedReads/242_Adu_S62_L002_R1_trim.fastq.gz out2=trimmedReads/242_Adu_S62_L002_R2_trim.fastq.gz ref=refs/adapters.fa ktrim=r k=23 mink=11 hdist=1 tpe tbo threads=20 trimpolyg=1 trimpolya=1
Executing jgi.BBDuk [-Xmx3g, in1=/research/labs/neurology/fryer/projects/aducanumab/mouse/bulkRNA/242_Adu_S62_L002_R1_001.fastq.gz, in2=/research/labs/neurology/fryer/projects/aducanumab/mouse/bulkRNA/242_Adu_S62_L002_R2_001.fastq.gz, out1=trimmedReads/242_Adu_S62_L002_R1_trim.fastq.gz, out2=trimmedReads/242_Adu_S62_L002_R2_trim.fastq.gz, ref=refs/adapters.fa, ktrim=r, k=23, mink=11, hdist=1, tpe, tbo, threads=20, trimpolyg=1, trimpolya=1]
Version 39.01

Set threads to 20
maskMiddle was disabled because useShortKmers=true
0.021 seconds.
Initial:
Memory: max=3221m, total=3221m, free=3191m, used=30m

Added 3614 kmers; time: 	0.017 seconds.
Memory: max=3221m, total=3221m, free=3183m, used=38m

Input is being processed as paired
Started output streams:	0.096 seconds.
[W::bgzf_read_block] [W::bgzf_read_block] EOF marker is absent. The input may be truncatedEOF marker is absent. The input may be truncated

Processing time:   		87.387 seconds.

Input:                  	87873226 reads 		8875195826 bases.
Polymer-trimmed:        	132556877 reads (150.85%) 	251446227 bases (2.83%)
KTrimmed:               	3705182 reads (4.22%) 	128507406 bases (1.45%)
Trimmed by overlap:     	2014852 reads (2.29%) 	10611696 bases (0.12%)
Total Removed:          	130860 reads (0.15%) 	390565329 bases (4.40%)
Result:                 	87742366 reads (99.85%) 	8484630497 bases (95.60%)

Time:                         	87.501 seconds.
Reads Processed:      87873k 	1004.25k reads/sec
Bases Processed:       8875m 	101.43m bases/sec
java -ea -Xmx3g -Xms3g -cp /research/labs/neurology/fryer/m214960/tools/miniconda3/envs/aducanumab/opt/bbmap-39.01-1/current/ jgi.BBDuk -Xmx3g in1=/research/labs/neurology/fryer/projects/aducanumab/mouse/bulkRNA/242_Adu_S62_L003_R1_001.fastq.gz in2=/research/labs/neurology/fryer/projects/aducanumab/mouse/bulkRNA/242_Adu_S62_L003_R2_001.fastq.gz out1=trimmedReads/242_Adu_S62_L003_R1_trim.fastq.gz out2=trimmedReads/242_Adu_S62_L003_R2_trim.fastq.gz ref=refs/adapters.fa ktrim=r k=23 mink=11 hdist=1 tpe tbo threads=20 trimpolyg=1 trimpolya=1
Executing jgi.BBDuk [-Xmx3g, in1=/research/labs/neurology/fryer/projects/aducanumab/mouse/bulkRNA/242_Adu_S62_L003_R1_001.fastq.gz, in2=/research/labs/neurology/fryer/projects/aducanumab/mouse/bulkRNA/242_Adu_S62_L003_R2_001.fastq.gz, out1=trimmedReads/242_Adu_S62_L003_R1_trim.fastq.gz, out2=trimmedReads/242_Adu_S62_L003_R2_trim.fastq.gz, ref=refs/adapters.fa, ktrim=r, k=23, mink=11, hdist=1, tpe, tbo, threads=20, trimpolyg=1, trimpolya=1]
Version 39.01

Set threads to 20
maskMiddle was disabled because useShortKmers=true
0.017 seconds.
Initial:
Memory: max=3221m, total=3221m, free=3191m, used=30m

Added 3614 kmers; time: 	0.024 seconds.
Memory: max=3221m, total=3221m, free=3181m, used=40m

Input is being processed as paired
Started output streams:	0.123 seconds.
[W::bgzf_read_block] EOF marker is absent. The input may be truncated
[W::bgzf_read_block] EOF marker is absent. The input may be truncated
Processing time:   		84.814 seconds.

Input:                  	87770190 reads 		8864789190 bases.
Polymer-trimmed:        	132712610 reads (151.20%) 	252346879 bases (2.85%)
KTrimmed:               	3680172 reads (4.19%) 	127637964 bases (1.44%)
Trimmed by overlap:     	2005356 reads (2.28%) 	10560622 bases (0.12%)
Total Removed:          	134486 reads (0.15%) 	390545465 bases (4.41%)
Result:                 	87635704 reads (99.85%) 	8474243725 bases (95.59%)

Time:                         	84.962 seconds.
Reads Processed:      87770k 	1033.05k reads/sec
Bases Processed:       8864m 	104.34m bases/sec
java -ea -Xmx3g -Xms3g -cp /research/labs/neurology/fryer/m214960/tools/miniconda3/envs/aducanumab/opt/bbmap-39.01-1/current/ jgi.BBDuk -Xmx3g in1=/research/labs/neurology/fryer/projects/aducanumab/mouse/bulkRNA/242_Adu_S62_L004_R1_001.fastq.gz in2=/research/labs/neurology/fryer/projects/aducanumab/mouse/bulkRNA/242_Adu_S62_L004_R2_001.fastq.gz out1=trimmedReads/242_Adu_S62_L004_R1_trim.fastq.gz out2=trimmedReads/242_Adu_S62_L004_R2_trim.fastq.gz ref=refs/adapters.fa ktrim=r k=23 mink=11 hdist=1 tpe tbo threads=20 trimpolyg=1 trimpolya=1
Executing jgi.BBDuk [-Xmx3g, in1=/research/labs/neurology/fryer/projects/aducanumab/mouse/bulkRNA/242_Adu_S62_L004_R1_001.fastq.gz, in2=/research/labs/neurology/fryer/projects/aducanumab/mouse/bulkRNA/242_Adu_S62_L004_R2_001.fastq.gz, out1=trimmedReads/242_Adu_S62_L004_R1_trim.fastq.gz, out2=trimmedReads/242_Adu_S62_L004_R2_trim.fastq.gz, ref=refs/adapters.fa, ktrim=r, k=23, mink=11, hdist=1, tpe, tbo, threads=20, trimpolyg=1, trimpolya=1]
Version 39.01

Set threads to 20
maskMiddle was disabled because useShortKmers=true
0.017 seconds.
Initial:
Memory: max=3221m, total=3221m, free=3191m, used=30m

Added 3614 kmers; time: 	0.017 seconds.
Memory: max=3221m, total=3221m, free=3183m, used=38m

Input is being processed as paired
Started output streams:	0.081 seconds.
[W::bgzf_read_block] EOF marker is absent. The input may be truncated
[W::bgzf_read_block] EOF marker is absent. The input may be truncated
Processing time:   		85.048 seconds.

Input:                  	87902398 reads 		8878142198 bases.
Polymer-trimmed:        	132942262 reads (151.24%) 	252701731 bases (2.85%)
KTrimmed:               	3679408 reads (4.19%) 	127443288 bases (1.44%)
Trimmed by overlap:     	2010726 reads (2.29%) 	10590624 bases (0.12%)
Total Removed:          	133012 reads (0.15%) 	390735643 bases (4.40%)
Result:                 	87769386 reads (99.85%) 	8487406555 bases (95.60%)

Time:                         	85.149 seconds.
Reads Processed:      87902k 	1032.34k reads/sec
Bases Processed:       8878m 	104.27m bases/sec
[Tue Oct  3 13:22:16 2023]
Finished job 0.
1 of 1 steps (100%) done
