Building DAG of jobs...
Using shell: /usr/bin/bash
Provided cores: 20
Rules claiming more threads will be scaled down.
Provided resources: mem_mb=43077, mem_mib=41082, disk_mb=43077, disk_mib=41082
Select jobs to execute...

[Tue Oct  3 13:16:31 2023]
rule trim_bbduk:
    input: /research/labs/neurology/fryer/projects/aducanumab/mouse/bulkRNA/827_IgG_S38_L001_R1_001.fastq.gz, /research/labs/neurology/fryer/projects/aducanumab/mouse/bulkRNA/827_IgG_S38_L001_R2_001.fastq.gz, /research/labs/neurology/fryer/projects/aducanumab/mouse/bulkRNA/827_IgG_S38_L002_R1_001.fastq.gz, /research/labs/neurology/fryer/projects/aducanumab/mouse/bulkRNA/827_IgG_S38_L002_R2_001.fastq.gz, /research/labs/neurology/fryer/projects/aducanumab/mouse/bulkRNA/827_IgG_S38_L003_R1_001.fastq.gz, /research/labs/neurology/fryer/projects/aducanumab/mouse/bulkRNA/827_IgG_S38_L003_R2_001.fastq.gz, /research/labs/neurology/fryer/projects/aducanumab/mouse/bulkRNA/827_IgG_S38_L004_R1_001.fastq.gz, /research/labs/neurology/fryer/projects/aducanumab/mouse/bulkRNA/827_IgG_S38_L004_R2_001.fastq.gz
    output: trimmedReads/827_IgG_S38_L001_R1_trim.fastq.gz, trimmedReads/827_IgG_S38_L001_R2_trim.fastq.gz, trimmedReads/827_IgG_S38_L002_R1_trim.fastq.gz, trimmedReads/827_IgG_S38_L002_R2_trim.fastq.gz, trimmedReads/827_IgG_S38_L003_R1_trim.fastq.gz, trimmedReads/827_IgG_S38_L003_R2_trim.fastq.gz, trimmedReads/827_IgG_S38_L004_R1_trim.fastq.gz, trimmedReads/827_IgG_S38_L004_R2_trim.fastq.gz
    jobid: 0
    reason: Missing output files: trimmedReads/827_IgG_S38_L002_R2_trim.fastq.gz, trimmedReads/827_IgG_S38_L004_R1_trim.fastq.gz, trimmedReads/827_IgG_S38_L003_R1_trim.fastq.gz, trimmedReads/827_IgG_S38_L004_R2_trim.fastq.gz, trimmedReads/827_IgG_S38_L003_R2_trim.fastq.gz, trimmedReads/827_IgG_S38_L002_R1_trim.fastq.gz, trimmedReads/827_IgG_S38_L001_R1_trim.fastq.gz, trimmedReads/827_IgG_S38_L001_R2_trim.fastq.gz
    wildcards: sample=827_IgG_S38
    resources: mem_mb=43077, mem_mib=41082, disk_mb=43077, disk_mib=41082, tmpdir=/tmp

java -ea -Xmx3g -Xms3g -cp /research/labs/neurology/fryer/m214960/tools/miniconda3/envs/aducanumab/opt/bbmap-39.01-1/current/ jgi.BBDuk -Xmx3g in1=/research/labs/neurology/fryer/projects/aducanumab/mouse/bulkRNA/827_IgG_S38_L001_R1_001.fastq.gz in2=/research/labs/neurology/fryer/projects/aducanumab/mouse/bulkRNA/827_IgG_S38_L001_R2_001.fastq.gz out1=trimmedReads/827_IgG_S38_L001_R1_trim.fastq.gz out2=trimmedReads/827_IgG_S38_L001_R2_trim.fastq.gz ref=refs/adapters.fa ktrim=r k=23 mink=11 hdist=1 tpe tbo threads=20 trimpolyg=1 trimpolya=1
Executing jgi.BBDuk [-Xmx3g, in1=/research/labs/neurology/fryer/projects/aducanumab/mouse/bulkRNA/827_IgG_S38_L001_R1_001.fastq.gz, in2=/research/labs/neurology/fryer/projects/aducanumab/mouse/bulkRNA/827_IgG_S38_L001_R2_001.fastq.gz, out1=trimmedReads/827_IgG_S38_L001_R1_trim.fastq.gz, out2=trimmedReads/827_IgG_S38_L001_R2_trim.fastq.gz, ref=refs/adapters.fa, ktrim=r, k=23, mink=11, hdist=1, tpe, tbo, threads=20, trimpolyg=1, trimpolya=1]
Version 39.01

Set threads to 20
maskMiddle was disabled because useShortKmers=true
0.027 seconds.
Initial:
Memory: max=3221m, total=3221m, free=3191m, used=30m

Added 3614 kmers; time: 	0.027 seconds.
Memory: max=3221m, total=3221m, free=3182m, used=39m

Input is being processed as paired
Started output streams:	0.080 seconds.
[W::bgzf_read_block] EOF marker is absent. The input may be truncated
[W::bgzf_read_block] EOF marker is absent. The input may be truncated
Processing time:   		102.947 seconds.

Input:                  	101767210 reads 		10278488210 bases.
Polymer-trimmed:        	153698526 reads (151.03%) 	284429455 bases (2.77%)
KTrimmed:               	3911226 reads (3.84%) 	136454288 bases (1.33%)
Trimmed by overlap:     	3075616 reads (3.02%) 	15531624 bases (0.15%)
Total Removed:          	379666 reads (0.37%) 	436415367 bases (4.25%)
Result:                 	101387544 reads (99.63%) 	9842072843 bases (95.75%)

Time:                         	103.055 seconds.
Reads Processed:        101m 	987.50k reads/sec
Bases Processed:      10278m 	99.74m bases/sec
java -ea -Xmx3g -Xms3g -cp /research/labs/neurology/fryer/m214960/tools/miniconda3/envs/aducanumab/opt/bbmap-39.01-1/current/ jgi.BBDuk -Xmx3g in1=/research/labs/neurology/fryer/projects/aducanumab/mouse/bulkRNA/827_IgG_S38_L002_R1_001.fastq.gz in2=/research/labs/neurology/fryer/projects/aducanumab/mouse/bulkRNA/827_IgG_S38_L002_R2_001.fastq.gz out1=trimmedReads/827_IgG_S38_L002_R1_trim.fastq.gz out2=trimmedReads/827_IgG_S38_L002_R2_trim.fastq.gz ref=refs/adapters.fa ktrim=r k=23 mink=11 hdist=1 tpe tbo threads=20 trimpolyg=1 trimpolya=1
Executing jgi.BBDuk [-Xmx3g, in1=/research/labs/neurology/fryer/projects/aducanumab/mouse/bulkRNA/827_IgG_S38_L002_R1_001.fastq.gz, in2=/research/labs/neurology/fryer/projects/aducanumab/mouse/bulkRNA/827_IgG_S38_L002_R2_001.fastq.gz, out1=trimmedReads/827_IgG_S38_L002_R1_trim.fastq.gz, out2=trimmedReads/827_IgG_S38_L002_R2_trim.fastq.gz, ref=refs/adapters.fa, ktrim=r, k=23, mink=11, hdist=1, tpe, tbo, threads=20, trimpolyg=1, trimpolya=1]
Version 39.01

Set threads to 20
maskMiddle was disabled because useShortKmers=true
0.022 seconds.
Initial:
Memory: max=3221m, total=3221m, free=3191m, used=30m

Added 3614 kmers; time: 	0.017 seconds.
Memory: max=3221m, total=3221m, free=3182m, used=39m

Input is being processed as paired
Started output streams:	0.108 seconds.
[W::bgzf_read_block] EOF marker is absent. The input may be truncated
[W::bgzf_read_block] EOF marker is absent. The input may be truncated
Processing time:   		103.692 seconds.

Input:                  	101667454 reads 		10268412854 bases.
Polymer-trimmed:        	153714023 reads (151.19%) 	284673132 bases (2.77%)
KTrimmed:               	3851882 reads (3.79%) 	134226384 bases (1.31%)
Trimmed by overlap:     	3030770 reads (2.98%) 	15289746 bases (0.15%)
Total Removed:          	375632 reads (0.37%) 	434189262 bases (4.23%)
Result:                 	101291822 reads (99.63%) 	9834223592 bases (95.77%)

Time:                         	103.820 seconds.
Reads Processed:        101m 	979.27k reads/sec
Bases Processed:      10268m 	98.91m bases/sec
java -ea -Xmx3g -Xms3g -cp /research/labs/neurology/fryer/m214960/tools/miniconda3/envs/aducanumab/opt/bbmap-39.01-1/current/ jgi.BBDuk -Xmx3g in1=/research/labs/neurology/fryer/projects/aducanumab/mouse/bulkRNA/827_IgG_S38_L003_R1_001.fastq.gz in2=/research/labs/neurology/fryer/projects/aducanumab/mouse/bulkRNA/827_IgG_S38_L003_R2_001.fastq.gz out1=trimmedReads/827_IgG_S38_L003_R1_trim.fastq.gz out2=trimmedReads/827_IgG_S38_L003_R2_trim.fastq.gz ref=refs/adapters.fa ktrim=r k=23 mink=11 hdist=1 tpe tbo threads=20 trimpolyg=1 trimpolya=1
Executing jgi.BBDuk [-Xmx3g, in1=/research/labs/neurology/fryer/projects/aducanumab/mouse/bulkRNA/827_IgG_S38_L003_R1_001.fastq.gz, in2=/research/labs/neurology/fryer/projects/aducanumab/mouse/bulkRNA/827_IgG_S38_L003_R2_001.fastq.gz, out1=trimmedReads/827_IgG_S38_L003_R1_trim.fastq.gz, out2=trimmedReads/827_IgG_S38_L003_R2_trim.fastq.gz, ref=refs/adapters.fa, ktrim=r, k=23, mink=11, hdist=1, tpe, tbo, threads=20, trimpolyg=1, trimpolya=1]
Version 39.01

Set threads to 20
maskMiddle was disabled because useShortKmers=true
0.018 seconds.
Initial:
Memory: max=3221m, total=3221m, free=3191m, used=30m

Added 3614 kmers; time: 	0.021 seconds.
Memory: max=3221m, total=3221m, free=3181m, used=40m

Input is being processed as paired
Started output streams:	0.129 seconds.
[W::bgzf_read_block] EOF marker is absent. The input may be truncated
[W::bgzf_read_block] EOF marker is absent. The input may be truncated
Processing time:   		101.113 seconds.

Input:                  	101496056 reads 		10251101656 bases.
Polymer-trimmed:        	153803423 reads (151.54%) 	285187469 bases (2.78%)
KTrimmed:               	3838874 reads (3.78%) 	133907622 bases (1.31%)
Trimmed by overlap:     	3031120 reads (2.99%) 	15300096 bases (0.15%)
Total Removed:          	379292 reads (0.37%) 	434395187 bases (4.24%)
Result:                 	101116764 reads (99.63%) 	9816706469 bases (95.76%)

Time:                         	101.265 seconds.
Reads Processed:        101m 	1002.28k reads/sec
Bases Processed:      10251m 	101.23m bases/sec
java -ea -Xmx3g -Xms3g -cp /research/labs/neurology/fryer/m214960/tools/miniconda3/envs/aducanumab/opt/bbmap-39.01-1/current/ jgi.BBDuk -Xmx3g in1=/research/labs/neurology/fryer/projects/aducanumab/mouse/bulkRNA/827_IgG_S38_L004_R1_001.fastq.gz in2=/research/labs/neurology/fryer/projects/aducanumab/mouse/bulkRNA/827_IgG_S38_L004_R2_001.fastq.gz out1=trimmedReads/827_IgG_S38_L004_R1_trim.fastq.gz out2=trimmedReads/827_IgG_S38_L004_R2_trim.fastq.gz ref=refs/adapters.fa ktrim=r k=23 mink=11 hdist=1 tpe tbo threads=20 trimpolyg=1 trimpolya=1
Executing jgi.BBDuk [-Xmx3g, in1=/research/labs/neurology/fryer/projects/aducanumab/mouse/bulkRNA/827_IgG_S38_L004_R1_001.fastq.gz, in2=/research/labs/neurology/fryer/projects/aducanumab/mouse/bulkRNA/827_IgG_S38_L004_R2_001.fastq.gz, out1=trimmedReads/827_IgG_S38_L004_R1_trim.fastq.gz, out2=trimmedReads/827_IgG_S38_L004_R2_trim.fastq.gz, ref=refs/adapters.fa, ktrim=r, k=23, mink=11, hdist=1, tpe, tbo, threads=20, trimpolyg=1, trimpolya=1]
Version 39.01

Set threads to 20
maskMiddle was disabled because useShortKmers=true
0.025 seconds.
Initial:
Memory: max=3221m, total=3221m, free=3191m, used=30m

Added 3614 kmers; time: 	0.015 seconds.
Memory: max=3221m, total=3221m, free=3182m, used=39m

Input is being processed as paired
Started output streams:	0.188 seconds.
[W::bgzf_read_block] [W::bgzf_read_block] EOF marker is absent. The input may be truncatedEOF marker is absent. The input may be truncated

Processing time:   		102.830 seconds.

Input:                  	101688090 reads 		10270497090 bases.
Polymer-trimmed:        	154192891 reads (151.63%) 	285834370 bases (2.78%)
KTrimmed:               	3831066 reads (3.77%) 	133351800 bases (1.30%)
Trimmed by overlap:     	3033422 reads (2.98%) 	15315832 bases (0.15%)
Total Removed:          	375264 reads (0.37%) 	434502002 bases (4.23%)
Result:                 	101312826 reads (99.63%) 	9835995088 bases (95.77%)

Time:                         	103.035 seconds.
Reads Processed:        101m 	986.93k reads/sec
Bases Processed:      10270m 	99.68m bases/sec
[Tue Oct  3 13:23:24 2023]
Finished job 0.
1 of 1 steps (100%) done
