Building DAG of jobs...
Using shell: /usr/bin/bash
Provided cores: 20
Rules claiming more threads will be scaled down.
Provided resources: mem_mb=29020, mem_mib=27676, disk_mb=29020, disk_mib=27676
Select jobs to execute...

[Tue Oct  3 13:22:16 2023]
rule trim_bbduk:
    input: /research/labs/neurology/fryer/projects/aducanumab/mouse/bulkRNA/457_Adu_S6_L001_R1_001.fastq.gz, /research/labs/neurology/fryer/projects/aducanumab/mouse/bulkRNA/457_Adu_S6_L001_R2_001.fastq.gz, /research/labs/neurology/fryer/projects/aducanumab/mouse/bulkRNA/457_Adu_S6_L002_R1_001.fastq.gz, /research/labs/neurology/fryer/projects/aducanumab/mouse/bulkRNA/457_Adu_S6_L002_R2_001.fastq.gz, /research/labs/neurology/fryer/projects/aducanumab/mouse/bulkRNA/457_Adu_S6_L003_R1_001.fastq.gz, /research/labs/neurology/fryer/projects/aducanumab/mouse/bulkRNA/457_Adu_S6_L003_R2_001.fastq.gz, /research/labs/neurology/fryer/projects/aducanumab/mouse/bulkRNA/457_Adu_S6_L004_R1_001.fastq.gz, /research/labs/neurology/fryer/projects/aducanumab/mouse/bulkRNA/457_Adu_S6_L004_R2_001.fastq.gz
    output: trimmedReads/457_Adu_S6_L001_R1_trim.fastq.gz, trimmedReads/457_Adu_S6_L001_R2_trim.fastq.gz, trimmedReads/457_Adu_S6_L002_R1_trim.fastq.gz, trimmedReads/457_Adu_S6_L002_R2_trim.fastq.gz, trimmedReads/457_Adu_S6_L003_R1_trim.fastq.gz, trimmedReads/457_Adu_S6_L003_R2_trim.fastq.gz, trimmedReads/457_Adu_S6_L004_R1_trim.fastq.gz, trimmedReads/457_Adu_S6_L004_R2_trim.fastq.gz
    jobid: 0
    reason: Missing output files: trimmedReads/457_Adu_S6_L002_R1_trim.fastq.gz, trimmedReads/457_Adu_S6_L003_R2_trim.fastq.gz, trimmedReads/457_Adu_S6_L004_R1_trim.fastq.gz, trimmedReads/457_Adu_S6_L001_R1_trim.fastq.gz, trimmedReads/457_Adu_S6_L003_R1_trim.fastq.gz, trimmedReads/457_Adu_S6_L002_R2_trim.fastq.gz, trimmedReads/457_Adu_S6_L004_R2_trim.fastq.gz, trimmedReads/457_Adu_S6_L001_R2_trim.fastq.gz
    wildcards: sample=457_Adu_S6
    resources: mem_mb=29020, mem_mib=27676, disk_mb=29020, disk_mib=27676, tmpdir=/tmp

java -ea -Xmx3g -Xms3g -cp /research/labs/neurology/fryer/m214960/tools/miniconda3/envs/aducanumab/opt/bbmap-39.01-1/current/ jgi.BBDuk -Xmx3g in1=/research/labs/neurology/fryer/projects/aducanumab/mouse/bulkRNA/457_Adu_S6_L001_R1_001.fastq.gz in2=/research/labs/neurology/fryer/projects/aducanumab/mouse/bulkRNA/457_Adu_S6_L001_R2_001.fastq.gz out1=trimmedReads/457_Adu_S6_L001_R1_trim.fastq.gz out2=trimmedReads/457_Adu_S6_L001_R2_trim.fastq.gz ref=refs/adapters.fa ktrim=r k=23 mink=11 hdist=1 tpe tbo threads=20 trimpolyg=1 trimpolya=1
Executing jgi.BBDuk [-Xmx3g, in1=/research/labs/neurology/fryer/projects/aducanumab/mouse/bulkRNA/457_Adu_S6_L001_R1_001.fastq.gz, in2=/research/labs/neurology/fryer/projects/aducanumab/mouse/bulkRNA/457_Adu_S6_L001_R2_001.fastq.gz, out1=trimmedReads/457_Adu_S6_L001_R1_trim.fastq.gz, out2=trimmedReads/457_Adu_S6_L001_R2_trim.fastq.gz, ref=refs/adapters.fa, ktrim=r, k=23, mink=11, hdist=1, tpe, tbo, threads=20, trimpolyg=1, trimpolya=1]
Version 39.01

Set threads to 20
maskMiddle was disabled because useShortKmers=true
0.018 seconds.
Initial:
Memory: max=3221m, total=3221m, free=3191m, used=30m

Added 3614 kmers; time: 	0.017 seconds.
Memory: max=3221m, total=3221m, free=3182m, used=39m

Input is being processed as paired
Started output streams:	0.132 seconds.
[W::bgzf_read_block] EOF marker is absent. The input may be truncated
[W::bgzf_read_block] EOF marker is absent. The input may be truncated
Processing time:   		68.393 seconds.

Input:                  	67355356 reads 		6802890956 bases.
Polymer-trimmed:        	101803694 reads (151.14%) 	189434624 bases (2.78%)
KTrimmed:               	2205908 reads (3.28%) 	68534342 bases (1.01%)
Trimmed by overlap:     	1651376 reads (2.45%) 	8626482 bases (0.13%)
Total Removed:          	126746 reads (0.19%) 	266595448 bases (3.92%)
Result:                 	67228610 reads (99.81%) 	6536295508 bases (96.08%)

Time:                         	68.544 seconds.
Reads Processed:      67355k 	982.66k reads/sec
Bases Processed:       6802m 	99.25m bases/sec
java -ea -Xmx3g -Xms3g -cp /research/labs/neurology/fryer/m214960/tools/miniconda3/envs/aducanumab/opt/bbmap-39.01-1/current/ jgi.BBDuk -Xmx3g in1=/research/labs/neurology/fryer/projects/aducanumab/mouse/bulkRNA/457_Adu_S6_L002_R1_001.fastq.gz in2=/research/labs/neurology/fryer/projects/aducanumab/mouse/bulkRNA/457_Adu_S6_L002_R2_001.fastq.gz out1=trimmedReads/457_Adu_S6_L002_R1_trim.fastq.gz out2=trimmedReads/457_Adu_S6_L002_R2_trim.fastq.gz ref=refs/adapters.fa ktrim=r k=23 mink=11 hdist=1 tpe tbo threads=20 trimpolyg=1 trimpolya=1
Executing jgi.BBDuk [-Xmx3g, in1=/research/labs/neurology/fryer/projects/aducanumab/mouse/bulkRNA/457_Adu_S6_L002_R1_001.fastq.gz, in2=/research/labs/neurology/fryer/projects/aducanumab/mouse/bulkRNA/457_Adu_S6_L002_R2_001.fastq.gz, out1=trimmedReads/457_Adu_S6_L002_R1_trim.fastq.gz, out2=trimmedReads/457_Adu_S6_L002_R2_trim.fastq.gz, ref=refs/adapters.fa, ktrim=r, k=23, mink=11, hdist=1, tpe, tbo, threads=20, trimpolyg=1, trimpolya=1]
Version 39.01

Set threads to 20
maskMiddle was disabled because useShortKmers=true
0.018 seconds.
Initial:
Memory: max=3221m, total=3221m, free=3191m, used=30m

Added 3614 kmers; time: 	0.025 seconds.
Memory: max=3221m, total=3221m, free=3182m, used=39m

Input is being processed as paired
Started output streams:	0.135 seconds.
[W::bgzf_read_block] EOF marker is absent. The input may be truncated[W::bgzf_read_block] 
EOF marker is absent. The input may be truncated
Processing time:   		66.796 seconds.

Input:                  	67496942 reads 		6817191142 bases.
Polymer-trimmed:        	102078032 reads (151.23%) 	190090337 bases (2.79%)
KTrimmed:               	2173002 reads (3.22%) 	67338336 bases (0.99%)
Trimmed by overlap:     	1629652 reads (2.41%) 	8516922 bases (0.12%)
Total Removed:          	125420 reads (0.19%) 	265945595 bases (3.90%)
Result:                 	67371522 reads (99.81%) 	6551245547 bases (96.10%)

Time:                         	66.957 seconds.
Reads Processed:      67496k 	1008.07k reads/sec
Bases Processed:       6817m 	101.81m bases/sec
java -ea -Xmx3g -Xms3g -cp /research/labs/neurology/fryer/m214960/tools/miniconda3/envs/aducanumab/opt/bbmap-39.01-1/current/ jgi.BBDuk -Xmx3g in1=/research/labs/neurology/fryer/projects/aducanumab/mouse/bulkRNA/457_Adu_S6_L003_R1_001.fastq.gz in2=/research/labs/neurology/fryer/projects/aducanumab/mouse/bulkRNA/457_Adu_S6_L003_R2_001.fastq.gz out1=trimmedReads/457_Adu_S6_L003_R1_trim.fastq.gz out2=trimmedReads/457_Adu_S6_L003_R2_trim.fastq.gz ref=refs/adapters.fa ktrim=r k=23 mink=11 hdist=1 tpe tbo threads=20 trimpolyg=1 trimpolya=1
Executing jgi.BBDuk [-Xmx3g, in1=/research/labs/neurology/fryer/projects/aducanumab/mouse/bulkRNA/457_Adu_S6_L003_R1_001.fastq.gz, in2=/research/labs/neurology/fryer/projects/aducanumab/mouse/bulkRNA/457_Adu_S6_L003_R2_001.fastq.gz, out1=trimmedReads/457_Adu_S6_L003_R1_trim.fastq.gz, out2=trimmedReads/457_Adu_S6_L003_R2_trim.fastq.gz, ref=refs/adapters.fa, ktrim=r, k=23, mink=11, hdist=1, tpe, tbo, threads=20, trimpolyg=1, trimpolya=1]
Version 39.01

Set threads to 20
maskMiddle was disabled because useShortKmers=true
0.017 seconds.
Initial:
Memory: max=3221m, total=3221m, free=3191m, used=30m

Added 3614 kmers; time: 	0.016 seconds.
Memory: max=3221m, total=3221m, free=3183m, used=38m

Input is being processed as paired
Started output streams:	0.115 seconds.
[W::bgzf_read_block] EOF marker is absent. The input may be truncated
[W::bgzf_read_block] EOF marker is absent. The input may be truncated
Processing time:   		64.063 seconds.

Input:                  	67514188 reads 		6818932988 bases.
Polymer-trimmed:        	102339415 reads (151.58%) 	190887565 bases (2.80%)
KTrimmed:               	2162520 reads (3.20%) 	67059260 bases (0.98%)
Trimmed by overlap:     	1630906 reads (2.42%) 	8521378 bases (0.12%)
Total Removed:          	127006 reads (0.19%) 	266468203 bases (3.91%)
Result:                 	67387182 reads (99.81%) 	6552464785 bases (96.09%)

Time:                         	64.195 seconds.
Reads Processed:      67514k 	1051.71k reads/sec
Bases Processed:       6818m 	106.22m bases/sec
java -ea -Xmx3g -Xms3g -cp /research/labs/neurology/fryer/m214960/tools/miniconda3/envs/aducanumab/opt/bbmap-39.01-1/current/ jgi.BBDuk -Xmx3g in1=/research/labs/neurology/fryer/projects/aducanumab/mouse/bulkRNA/457_Adu_S6_L004_R1_001.fastq.gz in2=/research/labs/neurology/fryer/projects/aducanumab/mouse/bulkRNA/457_Adu_S6_L004_R2_001.fastq.gz out1=trimmedReads/457_Adu_S6_L004_R1_trim.fastq.gz out2=trimmedReads/457_Adu_S6_L004_R2_trim.fastq.gz ref=refs/adapters.fa ktrim=r k=23 mink=11 hdist=1 tpe tbo threads=20 trimpolyg=1 trimpolya=1
Executing jgi.BBDuk [-Xmx3g, in1=/research/labs/neurology/fryer/projects/aducanumab/mouse/bulkRNA/457_Adu_S6_L004_R1_001.fastq.gz, in2=/research/labs/neurology/fryer/projects/aducanumab/mouse/bulkRNA/457_Adu_S6_L004_R2_001.fastq.gz, out1=trimmedReads/457_Adu_S6_L004_R1_trim.fastq.gz, out2=trimmedReads/457_Adu_S6_L004_R2_trim.fastq.gz, ref=refs/adapters.fa, ktrim=r, k=23, mink=11, hdist=1, tpe, tbo, threads=20, trimpolyg=1, trimpolya=1]
Version 39.01

Set threads to 20
maskMiddle was disabled because useShortKmers=true
0.017 seconds.
Initial:
Memory: max=3221m, total=3221m, free=3191m, used=30m

Added 3614 kmers; time: 	0.016 seconds.
Memory: max=3221m, total=3221m, free=3183m, used=38m

Input is being processed as paired
Started output streams:	0.103 seconds.
[W::bgzf_read_block] EOF marker is absent. The input may be truncated
[W::bgzf_read_block] EOF marker is absent. The input may be truncated
Processing time:   		66.999 seconds.

Input:                  	67522948 reads 		6819817748 bases.
Polymer-trimmed:        	102408152 reads (151.66%) 	190944941 bases (2.80%)
KTrimmed:               	2158124 reads (3.20%) 	66693560 bases (0.98%)
Trimmed by overlap:     	1626374 reads (2.41%) 	8504070 bases (0.12%)
Total Removed:          	125188 reads (0.19%) 	266142571 bases (3.90%)
Result:                 	67397760 reads (99.81%) 	6553675177 bases (96.10%)

Time:                         	67.120 seconds.
Reads Processed:      67522k 	1006.01k reads/sec
Bases Processed:       6819m 	101.61m bases/sec
[Tue Oct  3 13:26:44 2023]
Finished job 0.
1 of 1 steps (100%) done
