Building DAG of jobs...
Using shell: /usr/bin/bash
Provided cores: 20
Rules claiming more threads will be scaled down.
Provided resources: mem_mb=26108, mem_mib=24899, disk_mb=26108, disk_mib=24899
Select jobs to execute...

[Tue Oct  3 13:22:30 2023]
rule trim_bbduk:
    input: /research/labs/neurology/fryer/projects/aducanumab/mouse/bulkRNA/189_IgG_S55_L001_R1_001.fastq.gz, /research/labs/neurology/fryer/projects/aducanumab/mouse/bulkRNA/189_IgG_S55_L001_R2_001.fastq.gz, /research/labs/neurology/fryer/projects/aducanumab/mouse/bulkRNA/189_IgG_S55_L002_R1_001.fastq.gz, /research/labs/neurology/fryer/projects/aducanumab/mouse/bulkRNA/189_IgG_S55_L002_R2_001.fastq.gz, /research/labs/neurology/fryer/projects/aducanumab/mouse/bulkRNA/189_IgG_S55_L003_R1_001.fastq.gz, /research/labs/neurology/fryer/projects/aducanumab/mouse/bulkRNA/189_IgG_S55_L003_R2_001.fastq.gz, /research/labs/neurology/fryer/projects/aducanumab/mouse/bulkRNA/189_IgG_S55_L004_R1_001.fastq.gz, /research/labs/neurology/fryer/projects/aducanumab/mouse/bulkRNA/189_IgG_S55_L004_R2_001.fastq.gz
    output: trimmedReads/189_IgG_S55_L001_R1_trim.fastq.gz, trimmedReads/189_IgG_S55_L001_R2_trim.fastq.gz, trimmedReads/189_IgG_S55_L002_R1_trim.fastq.gz, trimmedReads/189_IgG_S55_L002_R2_trim.fastq.gz, trimmedReads/189_IgG_S55_L003_R1_trim.fastq.gz, trimmedReads/189_IgG_S55_L003_R2_trim.fastq.gz, trimmedReads/189_IgG_S55_L004_R1_trim.fastq.gz, trimmedReads/189_IgG_S55_L004_R2_trim.fastq.gz
    jobid: 0
    reason: Missing output files: trimmedReads/189_IgG_S55_L001_R2_trim.fastq.gz, trimmedReads/189_IgG_S55_L003_R1_trim.fastq.gz, trimmedReads/189_IgG_S55_L002_R1_trim.fastq.gz, trimmedReads/189_IgG_S55_L004_R2_trim.fastq.gz, trimmedReads/189_IgG_S55_L003_R2_trim.fastq.gz, trimmedReads/189_IgG_S55_L001_R1_trim.fastq.gz, trimmedReads/189_IgG_S55_L004_R1_trim.fastq.gz, trimmedReads/189_IgG_S55_L002_R2_trim.fastq.gz
    wildcards: sample=189_IgG_S55
    resources: mem_mb=26108, mem_mib=24899, disk_mb=26108, disk_mib=24899, tmpdir=/tmp

java -ea -Xmx3g -Xms3g -cp /research/labs/neurology/fryer/m214960/tools/miniconda3/envs/aducanumab/opt/bbmap-39.01-1/current/ jgi.BBDuk -Xmx3g in1=/research/labs/neurology/fryer/projects/aducanumab/mouse/bulkRNA/189_IgG_S55_L001_R1_001.fastq.gz in2=/research/labs/neurology/fryer/projects/aducanumab/mouse/bulkRNA/189_IgG_S55_L001_R2_001.fastq.gz out1=trimmedReads/189_IgG_S55_L001_R1_trim.fastq.gz out2=trimmedReads/189_IgG_S55_L001_R2_trim.fastq.gz ref=refs/adapters.fa ktrim=r k=23 mink=11 hdist=1 tpe tbo threads=20 trimpolyg=1 trimpolya=1
Executing jgi.BBDuk [-Xmx3g, in1=/research/labs/neurology/fryer/projects/aducanumab/mouse/bulkRNA/189_IgG_S55_L001_R1_001.fastq.gz, in2=/research/labs/neurology/fryer/projects/aducanumab/mouse/bulkRNA/189_IgG_S55_L001_R2_001.fastq.gz, out1=trimmedReads/189_IgG_S55_L001_R1_trim.fastq.gz, out2=trimmedReads/189_IgG_S55_L001_R2_trim.fastq.gz, ref=refs/adapters.fa, ktrim=r, k=23, mink=11, hdist=1, tpe, tbo, threads=20, trimpolyg=1, trimpolya=1]
Version 39.01

Set threads to 20
maskMiddle was disabled because useShortKmers=true
0.018 seconds.
Initial:
Memory: max=3221m, total=3221m, free=3191m, used=30m

Added 3614 kmers; time: 	0.018 seconds.
Memory: max=3221m, total=3221m, free=3183m, used=38m

Input is being processed as paired
Started output streams:	0.152 seconds.
[W::bgzf_read_block] EOF marker is absent. The input may be truncated
[W::bgzf_read_block] EOF marker is absent. The input may be truncated
Processing time:   		62.654 seconds.

Input:                  	60736310 reads 		6134367310 bases.
Polymer-trimmed:        	93502459 reads (153.95%) 	172864315 bases (2.82%)
KTrimmed:               	1659990 reads (2.73%) 	51332410 bases (0.84%)
Trimmed by overlap:     	1439894 reads (2.37%) 	7398786 bases (0.12%)
Total Removed:          	107926 reads (0.18%) 	231595511 bases (3.78%)
Result:                 	60628384 reads (99.82%) 	5902771799 bases (96.22%)

Time:                         	62.825 seconds.
Reads Processed:      60736k 	966.76k reads/sec
Bases Processed:       6134m 	97.64m bases/sec
java -ea -Xmx3g -Xms3g -cp /research/labs/neurology/fryer/m214960/tools/miniconda3/envs/aducanumab/opt/bbmap-39.01-1/current/ jgi.BBDuk -Xmx3g in1=/research/labs/neurology/fryer/projects/aducanumab/mouse/bulkRNA/189_IgG_S55_L002_R1_001.fastq.gz in2=/research/labs/neurology/fryer/projects/aducanumab/mouse/bulkRNA/189_IgG_S55_L002_R2_001.fastq.gz out1=trimmedReads/189_IgG_S55_L002_R1_trim.fastq.gz out2=trimmedReads/189_IgG_S55_L002_R2_trim.fastq.gz ref=refs/adapters.fa ktrim=r k=23 mink=11 hdist=1 tpe tbo threads=20 trimpolyg=1 trimpolya=1
Executing jgi.BBDuk [-Xmx3g, in1=/research/labs/neurology/fryer/projects/aducanumab/mouse/bulkRNA/189_IgG_S55_L002_R1_001.fastq.gz, in2=/research/labs/neurology/fryer/projects/aducanumab/mouse/bulkRNA/189_IgG_S55_L002_R2_001.fastq.gz, out1=trimmedReads/189_IgG_S55_L002_R1_trim.fastq.gz, out2=trimmedReads/189_IgG_S55_L002_R2_trim.fastq.gz, ref=refs/adapters.fa, ktrim=r, k=23, mink=11, hdist=1, tpe, tbo, threads=20, trimpolyg=1, trimpolya=1]
Version 39.01

Set threads to 20
maskMiddle was disabled because useShortKmers=true
0.029 seconds.
Initial:
Memory: max=3221m, total=3221m, free=3191m, used=30m

Added 3614 kmers; time: 	0.018 seconds.
Memory: max=3221m, total=3221m, free=3182m, used=39m

Input is being processed as paired
Started output streams:	0.168 seconds.
[W::bgzf_read_block] [W::bgzf_read_block] EOF marker is absent. The input may be truncatedEOF marker is absent. The input may be truncated

Processing time:   		66.939 seconds.

Input:                  	60756106 reads 		6136366706 bases.
Polymer-trimmed:        	93411289 reads (153.75%) 	172652455 bases (2.81%)
KTrimmed:               	1634500 reads (2.69%) 	50573936 bases (0.82%)
Trimmed by overlap:     	1424824 reads (2.35%) 	7352414 bases (0.12%)
Total Removed:          	106778 reads (0.18%) 	230578805 bases (3.76%)
Result:                 	60649328 reads (99.82%) 	5905787901 bases (96.24%)

Time:                         	67.126 seconds.
Reads Processed:      60756k 	905.11k reads/sec
Bases Processed:       6136m 	91.42m bases/sec
java -ea -Xmx3g -Xms3g -cp /research/labs/neurology/fryer/m214960/tools/miniconda3/envs/aducanumab/opt/bbmap-39.01-1/current/ jgi.BBDuk -Xmx3g in1=/research/labs/neurology/fryer/projects/aducanumab/mouse/bulkRNA/189_IgG_S55_L003_R1_001.fastq.gz in2=/research/labs/neurology/fryer/projects/aducanumab/mouse/bulkRNA/189_IgG_S55_L003_R2_001.fastq.gz out1=trimmedReads/189_IgG_S55_L003_R1_trim.fastq.gz out2=trimmedReads/189_IgG_S55_L003_R2_trim.fastq.gz ref=refs/adapters.fa ktrim=r k=23 mink=11 hdist=1 tpe tbo threads=20 trimpolyg=1 trimpolya=1
Executing jgi.BBDuk [-Xmx3g, in1=/research/labs/neurology/fryer/projects/aducanumab/mouse/bulkRNA/189_IgG_S55_L003_R1_001.fastq.gz, in2=/research/labs/neurology/fryer/projects/aducanumab/mouse/bulkRNA/189_IgG_S55_L003_R2_001.fastq.gz, out1=trimmedReads/189_IgG_S55_L003_R1_trim.fastq.gz, out2=trimmedReads/189_IgG_S55_L003_R2_trim.fastq.gz, ref=refs/adapters.fa, ktrim=r, k=23, mink=11, hdist=1, tpe, tbo, threads=20, trimpolyg=1, trimpolya=1]
Version 39.01

Set threads to 20
maskMiddle was disabled because useShortKmers=true
0.122 seconds.
Initial:
Memory: max=3221m, total=3221m, free=3191m, used=30m

Added 3614 kmers; time: 	0.018 seconds.
Memory: max=3221m, total=3221m, free=3182m, used=39m

Input is being processed as paired
Started output streams:	0.111 seconds.
[W::bgzf_read_block] EOF marker is absent. The input may be truncated
[W::bgzf_read_block] EOF marker is absent. The input may be truncated
Processing time:   		65.460 seconds.

Input:                  	60766302 reads 		6137396502 bases.
Polymer-trimmed:        	93689639 reads (154.18%) 	173289613 bases (2.82%)
KTrimmed:               	1631198 reads (2.68%) 	50560794 bases (0.82%)
Trimmed by overlap:     	1420902 reads (2.34%) 	7326148 bases (0.12%)
Total Removed:          	107624 reads (0.18%) 	231176555 bases (3.77%)
Result:                 	60658678 reads (99.82%) 	5906219947 bases (96.23%)

Time:                         	65.591 seconds.
Reads Processed:      60766k 	926.44k reads/sec
Bases Processed:       6137m 	93.57m bases/sec
java -ea -Xmx3g -Xms3g -cp /research/labs/neurology/fryer/m214960/tools/miniconda3/envs/aducanumab/opt/bbmap-39.01-1/current/ jgi.BBDuk -Xmx3g in1=/research/labs/neurology/fryer/projects/aducanumab/mouse/bulkRNA/189_IgG_S55_L004_R1_001.fastq.gz in2=/research/labs/neurology/fryer/projects/aducanumab/mouse/bulkRNA/189_IgG_S55_L004_R2_001.fastq.gz out1=trimmedReads/189_IgG_S55_L004_R1_trim.fastq.gz out2=trimmedReads/189_IgG_S55_L004_R2_trim.fastq.gz ref=refs/adapters.fa ktrim=r k=23 mink=11 hdist=1 tpe tbo threads=20 trimpolyg=1 trimpolya=1
Executing jgi.BBDuk [-Xmx3g, in1=/research/labs/neurology/fryer/projects/aducanumab/mouse/bulkRNA/189_IgG_S55_L004_R1_001.fastq.gz, in2=/research/labs/neurology/fryer/projects/aducanumab/mouse/bulkRNA/189_IgG_S55_L004_R2_001.fastq.gz, out1=trimmedReads/189_IgG_S55_L004_R1_trim.fastq.gz, out2=trimmedReads/189_IgG_S55_L004_R2_trim.fastq.gz, ref=refs/adapters.fa, ktrim=r, k=23, mink=11, hdist=1, tpe, tbo, threads=20, trimpolyg=1, trimpolya=1]
Version 39.01

Set threads to 20
maskMiddle was disabled because useShortKmers=true
0.017 seconds.
Initial:
Memory: max=3221m, total=3221m, free=3191m, used=30m

Added 3614 kmers; time: 	0.019 seconds.
Memory: max=3221m, total=3221m, free=3182m, used=39m

Input is being processed as paired
Started output streams:	0.235 seconds.
[W::bgzf_read_block] EOF marker is absent. The input may be truncated[W::bgzf_read_block] 
EOF marker is absent. The input may be truncated
Processing time:   		127.053 seconds.

Input:                  	60780296 reads 		6138809896 bases.
Polymer-trimmed:        	93657642 reads (154.09%) 	173164292 bases (2.82%)
KTrimmed:               	1632794 reads (2.69%) 	50541894 bases (0.82%)
Trimmed by overlap:     	1419554 reads (2.34%) 	7312488 bases (0.12%)
Total Removed:          	107118 reads (0.18%) 	231018674 bases (3.76%)
Result:                 	60673178 reads (99.82%) 	5907791222 bases (96.24%)

Time:                         	127.308 seconds.
Reads Processed:      60780k 	477.43k reads/sec
Bases Processed:       6138m 	48.22m bases/sec
[Tue Oct  3 13:28:11 2023]
Finished job 0.
1 of 1 steps (100%) done
