Building DAG of jobs...
Using shell: /usr/bin/bash
Provided cores: 20
Rules claiming more threads will be scaled down.
Provided resources: mem_mb=27991, mem_mib=26695, disk_mb=27991, disk_mib=26695
Select jobs to execute...

[Tue Oct  3 14:36:44 2023]
rule exon_count:
    input: starAligned/791_Adu_R_S5.Aligned.sortedByCoord.out.bam, /research/labs/neurology/fryer/projects/references/mouse/refdata-gex-mm10-2020-A/genes/genes.gtf
    output: featureCounts/791_Adu_R_S5_exon.counts
    jobid: 0
    reason: Missing output files: featureCounts/791_Adu_R_S5_exon.counts
    wildcards: sample=791_Adu_R_S5
    resources: mem_mb=27991, mem_mib=26695, disk_mb=27991, disk_mib=26695, tmpdir=/tmp


        ==========     _____ _    _ ____  _____  ______          _____  
        =====         / ____| |  | |  _ \|  __ \|  ____|   /\   |  __ \ 
          =====      | (___ | |  | | |_) | |__) | |__     /  \  | |  | |
            ====      \___ \| |  | |  _ <|  _  /|  __|   / /\ \ | |  | |
              ====    ____) | |__| | |_) | | \ \| |____ / ____ \| |__| |
        ==========   |_____/ \____/|____/|_|  \_\______/_/    \_\_____/
	  v2.0.6

//========================== featureCounts setting ===========================\\
||                                                                            ||
||             Input files : 1 BAM file                                       ||
||                                                                            ||
||                           791_Adu_R_S5.Aligned.sortedByCoord.out.bam       ||
||                                                                            ||
||             Output file : 791_Adu_R_S5_exon.counts                         ||
||                 Summary : 791_Adu_R_S5_exon.counts.summary                 ||
||              Paired-end : yes                                              ||
||        Count read pairs : no                                               ||
||              Annotation : genes.gtf (GTF)                                  ||
||      Dir for temp files : featureCounts                                    ||
||                                                                            ||
||                 Threads : 20                                               ||
||                   Level : meta-feature level                               ||
||      Multimapping reads : not counted                                      ||
||     Multiple alignments : primary alignment only                           ||
|| Multi-overlapping reads : not counted                                      ||
||   Min overlapping bases : 1                                                ||
||                                                                            ||
\\============================================================================//

//================================= Running ==================================\\
||                                                                            ||
|| Load annotation file genes.gtf ...                                         ||
||    Features : 805200                                                       ||
||    Meta-features : 32285                                                   ||
||    Chromosomes/contigs : 41                                                ||
||                                                                            ||
|| Process BAM file 791_Adu_R_S5.Aligned.sortedByCoord.out.bam...             ||
||    Strand specific : reversely stranded                                    ||
||    Paired-end reads are included.                                          ||
||    The reads are assigned on the single-end mode.                          ||
||    Total alignments : 306093942                                            ||
||    Successfully assigned alignments : 218991784 (71.5%)                    ||
||    Running time : 1.32 minutes                                             ||
||                                                                            ||
|| Write the final count table.                                               ||
|| Write the read assignment summary.                                         ||
||                                                                            ||
|| Summary of counting results can be found in file "featureCounts/791_Adu_R  ||
|| _S5_exon.counts.summary"                                                   ||
||                                                                            ||
\\============================================================================//

[Tue Oct  3 14:38:08 2023]
Finished job 0.
1 of 1 steps (100%) done
