Building DAG of jobs...
Using shell: /usr/bin/bash
Provided cores: 20
Rules claiming more threads will be scaled down.
Provided resources: mem_mb=42031, mem_mib=40084, disk_mb=42031, disk_mib=40084
Select jobs to execute...

[Tue Oct  3 14:30:27 2023]
rule trim_bbduk:
    input: /research/labs/neurology/fryer/projects/aducanumab/mouse/bulkRNA/367_IgG_S4_L001_R1_001.fastq.gz, /research/labs/neurology/fryer/projects/aducanumab/mouse/bulkRNA/367_IgG_S4_L001_R2_001.fastq.gz, /research/labs/neurology/fryer/projects/aducanumab/mouse/bulkRNA/367_IgG_S4_L002_R1_001.fastq.gz, /research/labs/neurology/fryer/projects/aducanumab/mouse/bulkRNA/367_IgG_S4_L002_R2_001.fastq.gz, /research/labs/neurology/fryer/projects/aducanumab/mouse/bulkRNA/367_IgG_S4_L003_R1_001.fastq.gz, /research/labs/neurology/fryer/projects/aducanumab/mouse/bulkRNA/367_IgG_S4_L003_R2_001.fastq.gz, /research/labs/neurology/fryer/projects/aducanumab/mouse/bulkRNA/367_IgG_S4_L004_R1_001.fastq.gz, /research/labs/neurology/fryer/projects/aducanumab/mouse/bulkRNA/367_IgG_S4_L004_R2_001.fastq.gz
    output: trimmedReads/367_IgG_S4_L001_R1_trim.fastq.gz, trimmedReads/367_IgG_S4_L001_R2_trim.fastq.gz, trimmedReads/367_IgG_S4_L002_R1_trim.fastq.gz, trimmedReads/367_IgG_S4_L002_R2_trim.fastq.gz, trimmedReads/367_IgG_S4_L003_R1_trim.fastq.gz, trimmedReads/367_IgG_S4_L003_R2_trim.fastq.gz, trimmedReads/367_IgG_S4_L004_R1_trim.fastq.gz, trimmedReads/367_IgG_S4_L004_R2_trim.fastq.gz
    jobid: 0
    reason: Missing output files: trimmedReads/367_IgG_S4_L002_R2_trim.fastq.gz, trimmedReads/367_IgG_S4_L003_R1_trim.fastq.gz, trimmedReads/367_IgG_S4_L004_R2_trim.fastq.gz, trimmedReads/367_IgG_S4_L003_R2_trim.fastq.gz, trimmedReads/367_IgG_S4_L001_R2_trim.fastq.gz, trimmedReads/367_IgG_S4_L004_R1_trim.fastq.gz, trimmedReads/367_IgG_S4_L002_R1_trim.fastq.gz, trimmedReads/367_IgG_S4_L001_R1_trim.fastq.gz
    wildcards: sample=367_IgG_S4
    resources: mem_mb=42031, mem_mib=40084, disk_mb=42031, disk_mib=40084, tmpdir=/tmp

java -ea -Xmx3g -Xms3g -cp /research/labs/neurology/fryer/m214960/tools/miniconda3/envs/aducanumab/opt/bbmap-39.01-1/current/ jgi.BBDuk -Xmx3g in1=/research/labs/neurology/fryer/projects/aducanumab/mouse/bulkRNA/367_IgG_S4_L001_R1_001.fastq.gz in2=/research/labs/neurology/fryer/projects/aducanumab/mouse/bulkRNA/367_IgG_S4_L001_R2_001.fastq.gz out1=trimmedReads/367_IgG_S4_L001_R1_trim.fastq.gz out2=trimmedReads/367_IgG_S4_L001_R2_trim.fastq.gz ref=refs/adapters.fa ktrim=r k=23 mink=11 hdist=1 tpe tbo threads=20 trimpolyg=1 trimpolya=1
Executing jgi.BBDuk [-Xmx3g, in1=/research/labs/neurology/fryer/projects/aducanumab/mouse/bulkRNA/367_IgG_S4_L001_R1_001.fastq.gz, in2=/research/labs/neurology/fryer/projects/aducanumab/mouse/bulkRNA/367_IgG_S4_L001_R2_001.fastq.gz, out1=trimmedReads/367_IgG_S4_L001_R1_trim.fastq.gz, out2=trimmedReads/367_IgG_S4_L001_R2_trim.fastq.gz, ref=refs/adapters.fa, ktrim=r, k=23, mink=11, hdist=1, tpe, tbo, threads=20, trimpolyg=1, trimpolya=1]
Version 39.01

Set threads to 20
maskMiddle was disabled because useShortKmers=true
0.025 seconds.
Initial:
Memory: max=3221m, total=3221m, free=3191m, used=30m

Added 3614 kmers; time: 	0.017 seconds.
Memory: max=3221m, total=3221m, free=3182m, used=39m

Input is being processed as paired
Started output streams:	0.129 seconds.
[W::bgzf_read_block] [W::bgzf_read_block] EOF marker is absent. The input may be truncatedEOF marker is absent. The input may be truncated

Processing time:   		108.450 seconds.

Input:                  	98564106 reads 		9954974706 bases.
Polymer-trimmed:        	149417190 reads (151.59%) 	277361294 bases (2.79%)
KTrimmed:               	3255996 reads (3.30%) 	105121606 bases (1.06%)
Trimmed by overlap:     	2530300 reads (2.57%) 	12967758 bases (0.13%)
Total Removed:          	200332 reads (0.20%) 	395450658 bases (3.97%)
Result:                 	98363774 reads (99.80%) 	9559524048 bases (96.03%)

Time:                         	108.597 seconds.
Reads Processed:      98564k 	907.61k reads/sec
Bases Processed:       9954m 	91.67m bases/sec
java -ea -Xmx3g -Xms3g -cp /research/labs/neurology/fryer/m214960/tools/miniconda3/envs/aducanumab/opt/bbmap-39.01-1/current/ jgi.BBDuk -Xmx3g in1=/research/labs/neurology/fryer/projects/aducanumab/mouse/bulkRNA/367_IgG_S4_L002_R1_001.fastq.gz in2=/research/labs/neurology/fryer/projects/aducanumab/mouse/bulkRNA/367_IgG_S4_L002_R2_001.fastq.gz out1=trimmedReads/367_IgG_S4_L002_R1_trim.fastq.gz out2=trimmedReads/367_IgG_S4_L002_R2_trim.fastq.gz ref=refs/adapters.fa ktrim=r k=23 mink=11 hdist=1 tpe tbo threads=20 trimpolyg=1 trimpolya=1
Executing jgi.BBDuk [-Xmx3g, in1=/research/labs/neurology/fryer/projects/aducanumab/mouse/bulkRNA/367_IgG_S4_L002_R1_001.fastq.gz, in2=/research/labs/neurology/fryer/projects/aducanumab/mouse/bulkRNA/367_IgG_S4_L002_R2_001.fastq.gz, out1=trimmedReads/367_IgG_S4_L002_R1_trim.fastq.gz, out2=trimmedReads/367_IgG_S4_L002_R2_trim.fastq.gz, ref=refs/adapters.fa, ktrim=r, k=23, mink=11, hdist=1, tpe, tbo, threads=20, trimpolyg=1, trimpolya=1]
Version 39.01

Set threads to 20
maskMiddle was disabled because useShortKmers=true
0.017 seconds.
Initial:
Memory: max=3221m, total=3221m, free=3191m, used=30m

Added 3614 kmers; time: 	0.024 seconds.
Memory: max=3221m, total=3221m, free=3183m, used=38m

Input is being processed as paired
Started output streams:	0.126 seconds.
[W::bgzf_read_block] EOF marker is absent. The input may be truncated
[W::bgzf_read_block] EOF marker is absent. The input may be truncated
Processing time:   		112.649 seconds.

Input:                  	98385372 reads 		9936922572 bases.
Polymer-trimmed:        	148971463 reads (151.42%) 	276609235 bases (2.78%)
KTrimmed:               	3207756 reads (3.26%) 	103524334 bases (1.04%)
Trimmed by overlap:     	2484102 reads (2.52%) 	12758948 bases (0.13%)
Total Removed:          	200184 reads (0.20%) 	392892517 bases (3.95%)
Result:                 	98185188 reads (99.80%) 	9544030055 bases (96.05%)

Time:                         	112.802 seconds.
Reads Processed:      98385k 	872.20k reads/sec
Bases Processed:       9936m 	88.09m bases/sec
java -ea -Xmx3g -Xms3g -cp /research/labs/neurology/fryer/m214960/tools/miniconda3/envs/aducanumab/opt/bbmap-39.01-1/current/ jgi.BBDuk -Xmx3g in1=/research/labs/neurology/fryer/projects/aducanumab/mouse/bulkRNA/367_IgG_S4_L003_R1_001.fastq.gz in2=/research/labs/neurology/fryer/projects/aducanumab/mouse/bulkRNA/367_IgG_S4_L003_R2_001.fastq.gz out1=trimmedReads/367_IgG_S4_L003_R1_trim.fastq.gz out2=trimmedReads/367_IgG_S4_L003_R2_trim.fastq.gz ref=refs/adapters.fa ktrim=r k=23 mink=11 hdist=1 tpe tbo threads=20 trimpolyg=1 trimpolya=1
Executing jgi.BBDuk [-Xmx3g, in1=/research/labs/neurology/fryer/projects/aducanumab/mouse/bulkRNA/367_IgG_S4_L003_R1_001.fastq.gz, in2=/research/labs/neurology/fryer/projects/aducanumab/mouse/bulkRNA/367_IgG_S4_L003_R2_001.fastq.gz, out1=trimmedReads/367_IgG_S4_L003_R1_trim.fastq.gz, out2=trimmedReads/367_IgG_S4_L003_R2_trim.fastq.gz, ref=refs/adapters.fa, ktrim=r, k=23, mink=11, hdist=1, tpe, tbo, threads=20, trimpolyg=1, trimpolya=1]
Version 39.01

Set threads to 20
maskMiddle was disabled because useShortKmers=true
0.018 seconds.
Initial:
Memory: max=3221m, total=3221m, free=3191m, used=30m

Added 3614 kmers; time: 	0.018 seconds.
Memory: max=3221m, total=3221m, free=3182m, used=39m

Input is being processed as paired
Started output streams:	0.121 seconds.
[W::bgzf_read_block] EOF marker is absent. The input may be truncated
[W::bgzf_read_block] EOF marker is absent. The input may be truncated
Processing time:   		107.333 seconds.

Input:                  	98162920 reads 		9914454920 bases.
Polymer-trimmed:        	148948128 reads (151.74%) 	276905731 bases (2.79%)
KTrimmed:               	3186532 reads (3.25%) 	102757532 bases (1.04%)
Trimmed by overlap:     	2484692 reads (2.53%) 	12735874 bases (0.13%)
Total Removed:          	202326 reads (0.21%) 	392399137 bases (3.96%)
Result:                 	97960594 reads (99.79%) 	9522055783 bases (96.04%)

Time:                         	107.474 seconds.
Reads Processed:      98162k 	913.36k reads/sec
Bases Processed:       9914m 	92.25m bases/sec
java -ea -Xmx3g -Xms3g -cp /research/labs/neurology/fryer/m214960/tools/miniconda3/envs/aducanumab/opt/bbmap-39.01-1/current/ jgi.BBDuk -Xmx3g in1=/research/labs/neurology/fryer/projects/aducanumab/mouse/bulkRNA/367_IgG_S4_L004_R1_001.fastq.gz in2=/research/labs/neurology/fryer/projects/aducanumab/mouse/bulkRNA/367_IgG_S4_L004_R2_001.fastq.gz out1=trimmedReads/367_IgG_S4_L004_R1_trim.fastq.gz out2=trimmedReads/367_IgG_S4_L004_R2_trim.fastq.gz ref=refs/adapters.fa ktrim=r k=23 mink=11 hdist=1 tpe tbo threads=20 trimpolyg=1 trimpolya=1
Executing jgi.BBDuk [-Xmx3g, in1=/research/labs/neurology/fryer/projects/aducanumab/mouse/bulkRNA/367_IgG_S4_L004_R1_001.fastq.gz, in2=/research/labs/neurology/fryer/projects/aducanumab/mouse/bulkRNA/367_IgG_S4_L004_R2_001.fastq.gz, out1=trimmedReads/367_IgG_S4_L004_R1_trim.fastq.gz, out2=trimmedReads/367_IgG_S4_L004_R2_trim.fastq.gz, ref=refs/adapters.fa, ktrim=r, k=23, mink=11, hdist=1, tpe, tbo, threads=20, trimpolyg=1, trimpolya=1]
Version 39.01

Set threads to 20
maskMiddle was disabled because useShortKmers=true
0.019 seconds.
Initial:
Memory: max=3221m, total=3221m, free=3191m, used=30m

Added 3614 kmers; time: 	0.019 seconds.
Memory: max=3221m, total=3221m, free=3183m, used=38m

Input is being processed as paired
Started output streams:	0.429 seconds.
[W::bgzf_read_block] EOF marker is absent. The input may be truncated
[W::bgzf_read_block] EOF marker is absent. The input may be truncated
Processing time:   		107.666 seconds.

Input:                  	98466064 reads 		9945072464 bases.
Polymer-trimmed:        	149309678 reads (151.64%) 	277437545 bases (2.79%)
KTrimmed:               	3195118 reads (3.24%) 	102990290 bases (1.04%)
Trimmed by overlap:     	2484158 reads (2.52%) 	12744356 bases (0.13%)
Total Removed:          	201714 reads (0.20%) 	393172191 bases (3.95%)
Result:                 	98264350 reads (99.80%) 	9551900273 bases (96.05%)

Time:                         	108.116 seconds.
Reads Processed:      98466k 	910.75k reads/sec
Bases Processed:       9945m 	91.99m bases/sec
[Tue Oct  3 14:38:16 2023]
Finished job 0.
1 of 1 steps (100%) done
