Building DAG of jobs...
Using shell: /usr/bin/bash
Provided cores: 20
Rules claiming more threads will be scaled down.
Provided resources: mem_mb=32718, mem_mib=31203, disk_mb=32718, disk_mib=31203
Select jobs to execute...

[Tue Oct  3 14:14:17 2023]
rule trim_bbduk:
    input: /research/labs/neurology/fryer/projects/aducanumab/mouse/bulkRNA/959_IgG_R_S45_L001_R1_001.fastq.gz, /research/labs/neurology/fryer/projects/aducanumab/mouse/bulkRNA/959_IgG_R_S45_L001_R2_001.fastq.gz, /research/labs/neurology/fryer/projects/aducanumab/mouse/bulkRNA/959_IgG_R_S45_L002_R1_001.fastq.gz, /research/labs/neurology/fryer/projects/aducanumab/mouse/bulkRNA/959_IgG_R_S45_L002_R2_001.fastq.gz, /research/labs/neurology/fryer/projects/aducanumab/mouse/bulkRNA/959_IgG_R_S45_L003_R1_001.fastq.gz, /research/labs/neurology/fryer/projects/aducanumab/mouse/bulkRNA/959_IgG_R_S45_L003_R2_001.fastq.gz, /research/labs/neurology/fryer/projects/aducanumab/mouse/bulkRNA/959_IgG_R_S45_L004_R1_001.fastq.gz, /research/labs/neurology/fryer/projects/aducanumab/mouse/bulkRNA/959_IgG_R_S45_L004_R2_001.fastq.gz
    output: trimmedReads/959_IgG_R_S45_L001_R1_trim.fastq.gz, trimmedReads/959_IgG_R_S45_L001_R2_trim.fastq.gz, trimmedReads/959_IgG_R_S45_L002_R1_trim.fastq.gz, trimmedReads/959_IgG_R_S45_L002_R2_trim.fastq.gz, trimmedReads/959_IgG_R_S45_L003_R1_trim.fastq.gz, trimmedReads/959_IgG_R_S45_L003_R2_trim.fastq.gz, trimmedReads/959_IgG_R_S45_L004_R1_trim.fastq.gz, trimmedReads/959_IgG_R_S45_L004_R2_trim.fastq.gz
    jobid: 0
    reason: Missing output files: trimmedReads/959_IgG_R_S45_L003_R1_trim.fastq.gz, trimmedReads/959_IgG_R_S45_L001_R1_trim.fastq.gz, trimmedReads/959_IgG_R_S45_L003_R2_trim.fastq.gz, trimmedReads/959_IgG_R_S45_L001_R2_trim.fastq.gz, trimmedReads/959_IgG_R_S45_L002_R1_trim.fastq.gz, trimmedReads/959_IgG_R_S45_L004_R2_trim.fastq.gz, trimmedReads/959_IgG_R_S45_L004_R1_trim.fastq.gz, trimmedReads/959_IgG_R_S45_L002_R2_trim.fastq.gz
    wildcards: sample=959_IgG_R_S45
    resources: mem_mb=32718, mem_mib=31203, disk_mb=32718, disk_mib=31203, tmpdir=/tmp

java -ea -Xmx3g -Xms3g -cp /research/labs/neurology/fryer/m214960/tools/miniconda3/envs/aducanumab/opt/bbmap-39.01-1/current/ jgi.BBDuk -Xmx3g in1=/research/labs/neurology/fryer/projects/aducanumab/mouse/bulkRNA/959_IgG_R_S45_L001_R1_001.fastq.gz in2=/research/labs/neurology/fryer/projects/aducanumab/mouse/bulkRNA/959_IgG_R_S45_L001_R2_001.fastq.gz out1=trimmedReads/959_IgG_R_S45_L001_R1_trim.fastq.gz out2=trimmedReads/959_IgG_R_S45_L001_R2_trim.fastq.gz ref=refs/adapters.fa ktrim=r k=23 mink=11 hdist=1 tpe tbo threads=20 trimpolyg=1 trimpolya=1
Executing jgi.BBDuk [-Xmx3g, in1=/research/labs/neurology/fryer/projects/aducanumab/mouse/bulkRNA/959_IgG_R_S45_L001_R1_001.fastq.gz, in2=/research/labs/neurology/fryer/projects/aducanumab/mouse/bulkRNA/959_IgG_R_S45_L001_R2_001.fastq.gz, out1=trimmedReads/959_IgG_R_S45_L001_R1_trim.fastq.gz, out2=trimmedReads/959_IgG_R_S45_L001_R2_trim.fastq.gz, ref=refs/adapters.fa, ktrim=r, k=23, mink=11, hdist=1, tpe, tbo, threads=20, trimpolyg=1, trimpolya=1]
Version 39.01

Set threads to 20
maskMiddle was disabled because useShortKmers=true
0.020 seconds.
Initial:
Memory: max=3221m, total=3221m, free=3191m, used=30m

Added 3614 kmers; time: 	0.028 seconds.
Memory: max=3221m, total=3221m, free=3182m, used=39m

Input is being processed as paired
Started output streams:	0.177 seconds.
[W::bgzf_read_block] EOF marker is absent. The input may be truncated
[W::bgzf_read_block] EOF marker is absent. The input may be truncated
Processing time:   		78.598 seconds.

Input:                  	76574762 reads 		7734050962 bases.
Polymer-trimmed:        	116561866 reads (152.22%) 	217649450 bases (2.81%)
KTrimmed:               	3022494 reads (3.95%) 	108289784 bases (1.40%)
Trimmed by overlap:     	1981802 reads (2.59%) 	10401762 bases (0.13%)
Total Removed:          	281908 reads (0.37%) 	336340996 bases (4.35%)
Result:                 	76292854 reads (99.63%) 	7397709966 bases (95.65%)

Time:                         	78.805 seconds.
Reads Processed:      76574k 	971.69k reads/sec
Bases Processed:       7734m 	98.14m bases/sec
java -ea -Xmx3g -Xms3g -cp /research/labs/neurology/fryer/m214960/tools/miniconda3/envs/aducanumab/opt/bbmap-39.01-1/current/ jgi.BBDuk -Xmx3g in1=/research/labs/neurology/fryer/projects/aducanumab/mouse/bulkRNA/959_IgG_R_S45_L002_R1_001.fastq.gz in2=/research/labs/neurology/fryer/projects/aducanumab/mouse/bulkRNA/959_IgG_R_S45_L002_R2_001.fastq.gz out1=trimmedReads/959_IgG_R_S45_L002_R1_trim.fastq.gz out2=trimmedReads/959_IgG_R_S45_L002_R2_trim.fastq.gz ref=refs/adapters.fa ktrim=r k=23 mink=11 hdist=1 tpe tbo threads=20 trimpolyg=1 trimpolya=1
Executing jgi.BBDuk [-Xmx3g, in1=/research/labs/neurology/fryer/projects/aducanumab/mouse/bulkRNA/959_IgG_R_S45_L002_R1_001.fastq.gz, in2=/research/labs/neurology/fryer/projects/aducanumab/mouse/bulkRNA/959_IgG_R_S45_L002_R2_001.fastq.gz, out1=trimmedReads/959_IgG_R_S45_L002_R1_trim.fastq.gz, out2=trimmedReads/959_IgG_R_S45_L002_R2_trim.fastq.gz, ref=refs/adapters.fa, ktrim=r, k=23, mink=11, hdist=1, tpe, tbo, threads=20, trimpolyg=1, trimpolya=1]
Version 39.01

Set threads to 20
maskMiddle was disabled because useShortKmers=true
0.025 seconds.
Initial:
Memory: max=3221m, total=3221m, free=3191m, used=30m

Added 3614 kmers; time: 	0.016 seconds.
Memory: max=3221m, total=3221m, free=3183m, used=38m

Input is being processed as paired
Started output streams:	0.137 seconds.
[W::bgzf_read_block] EOF marker is absent. The input may be truncated
[W::bgzf_read_block] EOF marker is absent. The input may be truncated
Processing time:   		78.334 seconds.

Input:                  	76481766 reads 		7724658366 bases.
Polymer-trimmed:        	116442344 reads (152.25%) 	217557024 bases (2.82%)
KTrimmed:               	2969488 reads (3.88%) 	106276084 bases (1.38%)
Trimmed by overlap:     	1950840 reads (2.55%) 	10245710 bases (0.13%)
Total Removed:          	277630 reads (0.36%) 	334078818 bases (4.32%)
Result:                 	76204136 reads (99.64%) 	7390579548 bases (95.68%)

Time:                         	78.488 seconds.
Reads Processed:      76481k 	974.43k reads/sec
Bases Processed:       7724m 	98.42m bases/sec
java -ea -Xmx3g -Xms3g -cp /research/labs/neurology/fryer/m214960/tools/miniconda3/envs/aducanumab/opt/bbmap-39.01-1/current/ jgi.BBDuk -Xmx3g in1=/research/labs/neurology/fryer/projects/aducanumab/mouse/bulkRNA/959_IgG_R_S45_L003_R1_001.fastq.gz in2=/research/labs/neurology/fryer/projects/aducanumab/mouse/bulkRNA/959_IgG_R_S45_L003_R2_001.fastq.gz out1=trimmedReads/959_IgG_R_S45_L003_R1_trim.fastq.gz out2=trimmedReads/959_IgG_R_S45_L003_R2_trim.fastq.gz ref=refs/adapters.fa ktrim=r k=23 mink=11 hdist=1 tpe tbo threads=20 trimpolyg=1 trimpolya=1
Executing jgi.BBDuk [-Xmx3g, in1=/research/labs/neurology/fryer/projects/aducanumab/mouse/bulkRNA/959_IgG_R_S45_L003_R1_001.fastq.gz, in2=/research/labs/neurology/fryer/projects/aducanumab/mouse/bulkRNA/959_IgG_R_S45_L003_R2_001.fastq.gz, out1=trimmedReads/959_IgG_R_S45_L003_R1_trim.fastq.gz, out2=trimmedReads/959_IgG_R_S45_L003_R2_trim.fastq.gz, ref=refs/adapters.fa, ktrim=r, k=23, mink=11, hdist=1, tpe, tbo, threads=20, trimpolyg=1, trimpolya=1]
Version 39.01

Set threads to 20
maskMiddle was disabled because useShortKmers=true
0.018 seconds.
Initial:
Memory: max=3221m, total=3221m, free=3191m, used=30m

Added 3614 kmers; time: 	0.018 seconds.
Memory: max=3221m, total=3221m, free=3183m, used=38m

Input is being processed as paired
Started output streams:	0.335 seconds.
[W::bgzf_read_block] EOF marker is absent. The input may be truncated
[W::bgzf_read_block] EOF marker is absent. The input may be truncated
Processing time:   		83.342 seconds.

Input:                  	76222180 reads 		7698440180 bases.
Polymer-trimmed:        	116340797 reads (152.63%) 	217795773 bases (2.83%)
KTrimmed:               	2945672 reads (3.86%) 	105497548 bases (1.37%)
Trimmed by overlap:     	1943616 reads (2.55%) 	10210836 bases (0.13%)
Total Removed:          	279288 reads (0.37%) 	333504157 bases (4.33%)
Result:                 	75942892 reads (99.63%) 	7364936023 bases (95.67%)

Time:                         	83.696 seconds.
Reads Processed:      76222k 	910.70k reads/sec
Bases Processed:       7698m 	91.98m bases/sec
java -ea -Xmx3g -Xms3g -cp /research/labs/neurology/fryer/m214960/tools/miniconda3/envs/aducanumab/opt/bbmap-39.01-1/current/ jgi.BBDuk -Xmx3g in1=/research/labs/neurology/fryer/projects/aducanumab/mouse/bulkRNA/959_IgG_R_S45_L004_R1_001.fastq.gz in2=/research/labs/neurology/fryer/projects/aducanumab/mouse/bulkRNA/959_IgG_R_S45_L004_R2_001.fastq.gz out1=trimmedReads/959_IgG_R_S45_L004_R1_trim.fastq.gz out2=trimmedReads/959_IgG_R_S45_L004_R2_trim.fastq.gz ref=refs/adapters.fa ktrim=r k=23 mink=11 hdist=1 tpe tbo threads=20 trimpolyg=1 trimpolya=1
Executing jgi.BBDuk [-Xmx3g, in1=/research/labs/neurology/fryer/projects/aducanumab/mouse/bulkRNA/959_IgG_R_S45_L004_R1_001.fastq.gz, in2=/research/labs/neurology/fryer/projects/aducanumab/mouse/bulkRNA/959_IgG_R_S45_L004_R2_001.fastq.gz, out1=trimmedReads/959_IgG_R_S45_L004_R1_trim.fastq.gz, out2=trimmedReads/959_IgG_R_S45_L004_R2_trim.fastq.gz, ref=refs/adapters.fa, ktrim=r, k=23, mink=11, hdist=1, tpe, tbo, threads=20, trimpolyg=1, trimpolya=1]
Version 39.01

Set threads to 20
maskMiddle was disabled because useShortKmers=true
0.019 seconds.
Initial:
Memory: max=3221m, total=3221m, free=3191m, used=30m

Added 3614 kmers; time: 	0.025 seconds.
Memory: max=3221m, total=3221m, free=3183m, used=38m

Input is being processed as paired
Started output streams:	0.509 seconds.
[W::bgzf_read_block] EOF marker is absent. The input may be truncated
[W::bgzf_read_block] EOF marker is absent. The input may be truncated
Processing time:   		82.604 seconds.

Input:                  	76387382 reads 		7715125582 bases.
Polymer-trimmed:        	116633673 reads (152.69%) 	218298293 bases (2.83%)
KTrimmed:               	2946008 reads (3.86%) 	105278822 bases (1.36%)
Trimmed by overlap:     	1942576 reads (2.54%) 	10207962 bases (0.13%)
Total Removed:          	276472 reads (0.36%) 	333785077 bases (4.33%)
Result:                 	76110910 reads (99.64%) 	7381340505 bases (95.67%)

Time:                         	83.140 seconds.
Reads Processed:      76387k 	918.79k reads/sec
Bases Processed:       7715m 	92.80m bases/sec
[Tue Oct  3 14:19:42 2023]
Finished job 0.
1 of 1 steps (100%) done
