Building DAG of jobs...
Using shell: /usr/bin/bash
Provided cores: 20
Rules claiming more threads will be scaled down.
Provided resources: mem_mb=39726, mem_mib=37886, disk_mb=39726, disk_mib=37886
Select jobs to execute...

[Tue Oct  3 13:46:09 2023]
rule trim_bbduk:
    input: /research/labs/neurology/fryer/projects/aducanumab/mouse/bulkRNA/392_IgG_S19_L001_R1_001.fastq.gz, /research/labs/neurology/fryer/projects/aducanumab/mouse/bulkRNA/392_IgG_S19_L001_R2_001.fastq.gz, /research/labs/neurology/fryer/projects/aducanumab/mouse/bulkRNA/392_IgG_S19_L002_R1_001.fastq.gz, /research/labs/neurology/fryer/projects/aducanumab/mouse/bulkRNA/392_IgG_S19_L002_R2_001.fastq.gz, /research/labs/neurology/fryer/projects/aducanumab/mouse/bulkRNA/392_IgG_S19_L003_R1_001.fastq.gz, /research/labs/neurology/fryer/projects/aducanumab/mouse/bulkRNA/392_IgG_S19_L003_R2_001.fastq.gz, /research/labs/neurology/fryer/projects/aducanumab/mouse/bulkRNA/392_IgG_S19_L004_R1_001.fastq.gz, /research/labs/neurology/fryer/projects/aducanumab/mouse/bulkRNA/392_IgG_S19_L004_R2_001.fastq.gz
    output: trimmedReads/392_IgG_S19_L001_R1_trim.fastq.gz, trimmedReads/392_IgG_S19_L001_R2_trim.fastq.gz, trimmedReads/392_IgG_S19_L002_R1_trim.fastq.gz, trimmedReads/392_IgG_S19_L002_R2_trim.fastq.gz, trimmedReads/392_IgG_S19_L003_R1_trim.fastq.gz, trimmedReads/392_IgG_S19_L003_R2_trim.fastq.gz, trimmedReads/392_IgG_S19_L004_R1_trim.fastq.gz, trimmedReads/392_IgG_S19_L004_R2_trim.fastq.gz
    jobid: 0
    reason: Missing output files: trimmedReads/392_IgG_S19_L004_R2_trim.fastq.gz, trimmedReads/392_IgG_S19_L004_R1_trim.fastq.gz, trimmedReads/392_IgG_S19_L002_R2_trim.fastq.gz, trimmedReads/392_IgG_S19_L003_R1_trim.fastq.gz, trimmedReads/392_IgG_S19_L001_R2_trim.fastq.gz, trimmedReads/392_IgG_S19_L001_R1_trim.fastq.gz, trimmedReads/392_IgG_S19_L003_R2_trim.fastq.gz, trimmedReads/392_IgG_S19_L002_R1_trim.fastq.gz
    wildcards: sample=392_IgG_S19
    resources: mem_mb=39726, mem_mib=37886, disk_mb=39726, disk_mib=37886, tmpdir=/tmp

java -ea -Xmx3g -Xms3g -cp /research/labs/neurology/fryer/m214960/tools/miniconda3/envs/aducanumab/opt/bbmap-39.01-1/current/ jgi.BBDuk -Xmx3g in1=/research/labs/neurology/fryer/projects/aducanumab/mouse/bulkRNA/392_IgG_S19_L001_R1_001.fastq.gz in2=/research/labs/neurology/fryer/projects/aducanumab/mouse/bulkRNA/392_IgG_S19_L001_R2_001.fastq.gz out1=trimmedReads/392_IgG_S19_L001_R1_trim.fastq.gz out2=trimmedReads/392_IgG_S19_L001_R2_trim.fastq.gz ref=refs/adapters.fa ktrim=r k=23 mink=11 hdist=1 tpe tbo threads=20 trimpolyg=1 trimpolya=1
Executing jgi.BBDuk [-Xmx3g, in1=/research/labs/neurology/fryer/projects/aducanumab/mouse/bulkRNA/392_IgG_S19_L001_R1_001.fastq.gz, in2=/research/labs/neurology/fryer/projects/aducanumab/mouse/bulkRNA/392_IgG_S19_L001_R2_001.fastq.gz, out1=trimmedReads/392_IgG_S19_L001_R1_trim.fastq.gz, out2=trimmedReads/392_IgG_S19_L001_R2_trim.fastq.gz, ref=refs/adapters.fa, ktrim=r, k=23, mink=11, hdist=1, tpe, tbo, threads=20, trimpolyg=1, trimpolya=1]
Version 39.01

Set threads to 20
maskMiddle was disabled because useShortKmers=true
0.018 seconds.
Initial:
Memory: max=3221m, total=3221m, free=3191m, used=30m

Added 3614 kmers; time: 	0.017 seconds.
Memory: max=3221m, total=3221m, free=3182m, used=39m

Input is being processed as paired
Started output streams:	1.452 seconds.
[W::bgzf_read_block] EOF marker is absent. The input may be truncated
[W::bgzf_read_block] EOF marker is absent. The input may be truncated
Processing time:   		339.189 seconds.

Input:                  	88831928 reads 		8972024728 bases.
Polymer-trimmed:        	123685073 reads (139.23%) 	226130238 bases (2.52%)
KTrimmed:               	3090744 reads (3.48%) 	105702698 bases (1.18%)
Trimmed by overlap:     	2217880 reads (2.50%) 	11373066 bases (0.13%)
Total Removed:          	194500 reads (0.22%) 	343206002 bases (3.83%)
Result:                 	88637428 reads (99.78%) 	8628818726 bases (96.17%)

Time:                         	340.659 seconds.
Reads Processed:      88831k 	260.76k reads/sec
Bases Processed:       8972m 	26.34m bases/sec
java -ea -Xmx3g -Xms3g -cp /research/labs/neurology/fryer/m214960/tools/miniconda3/envs/aducanumab/opt/bbmap-39.01-1/current/ jgi.BBDuk -Xmx3g in1=/research/labs/neurology/fryer/projects/aducanumab/mouse/bulkRNA/392_IgG_S19_L002_R1_001.fastq.gz in2=/research/labs/neurology/fryer/projects/aducanumab/mouse/bulkRNA/392_IgG_S19_L002_R2_001.fastq.gz out1=trimmedReads/392_IgG_S19_L002_R1_trim.fastq.gz out2=trimmedReads/392_IgG_S19_L002_R2_trim.fastq.gz ref=refs/adapters.fa ktrim=r k=23 mink=11 hdist=1 tpe tbo threads=20 trimpolyg=1 trimpolya=1
Executing jgi.BBDuk [-Xmx3g, in1=/research/labs/neurology/fryer/projects/aducanumab/mouse/bulkRNA/392_IgG_S19_L002_R1_001.fastq.gz, in2=/research/labs/neurology/fryer/projects/aducanumab/mouse/bulkRNA/392_IgG_S19_L002_R2_001.fastq.gz, out1=trimmedReads/392_IgG_S19_L002_R1_trim.fastq.gz, out2=trimmedReads/392_IgG_S19_L002_R2_trim.fastq.gz, ref=refs/adapters.fa, ktrim=r, k=23, mink=11, hdist=1, tpe, tbo, threads=20, trimpolyg=1, trimpolya=1]
Version 39.01

Set threads to 20
maskMiddle was disabled because useShortKmers=true
0.017 seconds.
Initial:
Memory: max=3221m, total=3221m, free=3191m, used=30m

Added 3614 kmers; time: 	0.017 seconds.
Memory: max=3221m, total=3221m, free=3183m, used=38m

Input is being processed as paired
Started output streams:	0.360 seconds.
[W::bgzf_read_block] [W::bgzf_read_block] EOF marker is absent. The input may be truncatedEOF marker is absent. The input may be truncated

Processing time:   		353.665 seconds.

Input:                  	88906730 reads 		8979579730 bases.
Polymer-trimmed:        	123668995 reads (139.10%) 	226121724 bases (2.52%)
KTrimmed:               	3054164 reads (3.44%) 	104456542 bases (1.16%)
Trimmed by overlap:     	2184972 reads (2.46%) 	11212540 bases (0.12%)
Total Removed:          	195094 reads (0.22%) 	341790806 bases (3.81%)
Result:                 	88711636 reads (99.78%) 	8637788924 bases (96.19%)

Time:                         	354.043 seconds.
Reads Processed:      88906k 	251.12k reads/sec
Bases Processed:       8979m 	25.36m bases/sec
java -ea -Xmx3g -Xms3g -cp /research/labs/neurology/fryer/m214960/tools/miniconda3/envs/aducanumab/opt/bbmap-39.01-1/current/ jgi.BBDuk -Xmx3g in1=/research/labs/neurology/fryer/projects/aducanumab/mouse/bulkRNA/392_IgG_S19_L003_R1_001.fastq.gz in2=/research/labs/neurology/fryer/projects/aducanumab/mouse/bulkRNA/392_IgG_S19_L003_R2_001.fastq.gz out1=trimmedReads/392_IgG_S19_L003_R1_trim.fastq.gz out2=trimmedReads/392_IgG_S19_L003_R2_trim.fastq.gz ref=refs/adapters.fa ktrim=r k=23 mink=11 hdist=1 tpe tbo threads=20 trimpolyg=1 trimpolya=1
Executing jgi.BBDuk [-Xmx3g, in1=/research/labs/neurology/fryer/projects/aducanumab/mouse/bulkRNA/392_IgG_S19_L003_R1_001.fastq.gz, in2=/research/labs/neurology/fryer/projects/aducanumab/mouse/bulkRNA/392_IgG_S19_L003_R2_001.fastq.gz, out1=trimmedReads/392_IgG_S19_L003_R1_trim.fastq.gz, out2=trimmedReads/392_IgG_S19_L003_R2_trim.fastq.gz, ref=refs/adapters.fa, ktrim=r, k=23, mink=11, hdist=1, tpe, tbo, threads=20, trimpolyg=1, trimpolya=1]
Version 39.01

Set threads to 20
maskMiddle was disabled because useShortKmers=true
0.018 seconds.
Initial:
Memory: max=3221m, total=3221m, free=3191m, used=30m

Added 3614 kmers; time: 	0.027 seconds.
Memory: max=3221m, total=3221m, free=3183m, used=38m

Input is being processed as paired
Started output streams:	0.381 seconds.
[W::bgzf_read_block] EOF marker is absent. The input may be truncated
[W::bgzf_read_block] EOF marker is absent. The input may be truncated
Processing time:   		157.901 seconds.

Input:                  	88719526 reads 		8960672126 bases.
Polymer-trimmed:        	123696497 reads (139.42%) 	226409303 bases (2.53%)
KTrimmed:               	3039446 reads (3.43%) 	104065090 bases (1.16%)
Trimmed by overlap:     	2182260 reads (2.46%) 	11192534 bases (0.12%)
Total Removed:          	199190 reads (0.22%) 	341666927 bases (3.81%)
Result:                 	88520336 reads (99.78%) 	8619005199 bases (96.19%)

Time:                         	158.310 seconds.
Reads Processed:      88719k 	560.42k reads/sec
Bases Processed:       8960m 	56.60m bases/sec
java -ea -Xmx3g -Xms3g -cp /research/labs/neurology/fryer/m214960/tools/miniconda3/envs/aducanumab/opt/bbmap-39.01-1/current/ jgi.BBDuk -Xmx3g in1=/research/labs/neurology/fryer/projects/aducanumab/mouse/bulkRNA/392_IgG_S19_L004_R1_001.fastq.gz in2=/research/labs/neurology/fryer/projects/aducanumab/mouse/bulkRNA/392_IgG_S19_L004_R2_001.fastq.gz out1=trimmedReads/392_IgG_S19_L004_R1_trim.fastq.gz out2=trimmedReads/392_IgG_S19_L004_R2_trim.fastq.gz ref=refs/adapters.fa ktrim=r k=23 mink=11 hdist=1 tpe tbo threads=20 trimpolyg=1 trimpolya=1
Executing jgi.BBDuk [-Xmx3g, in1=/research/labs/neurology/fryer/projects/aducanumab/mouse/bulkRNA/392_IgG_S19_L004_R1_001.fastq.gz, in2=/research/labs/neurology/fryer/projects/aducanumab/mouse/bulkRNA/392_IgG_S19_L004_R2_001.fastq.gz, out1=trimmedReads/392_IgG_S19_L004_R1_trim.fastq.gz, out2=trimmedReads/392_IgG_S19_L004_R2_trim.fastq.gz, ref=refs/adapters.fa, ktrim=r, k=23, mink=11, hdist=1, tpe, tbo, threads=20, trimpolyg=1, trimpolya=1]
Version 39.01

Set threads to 20
maskMiddle was disabled because useShortKmers=true
0.017 seconds.
Initial:
Memory: max=3221m, total=3221m, free=3191m, used=30m

Added 3614 kmers; time: 	0.026 seconds.
Memory: max=3221m, total=3221m, free=3182m, used=39m

Input is being processed as paired
Started output streams:	0.358 seconds.
[W::bgzf_read_block] EOF marker is absent. The input may be truncated
[W::bgzf_read_block] EOF marker is absent. The input may be truncated
Processing time:   		104.159 seconds.

Input:                  	88779256 reads 		8966704856 bases.
Polymer-trimmed:        	123515818 reads (139.13%) 	225937975 bases (2.52%)
KTrimmed:               	3034938 reads (3.42%) 	103823496 bases (1.16%)
Trimmed by overlap:     	2183178 reads (2.46%) 	11215498 bases (0.13%)
Total Removed:          	197732 reads (0.22%) 	340976969 bases (3.80%)
Result:                 	88581524 reads (99.78%) 	8625727887 bases (96.20%)

Time:                         	104.544 seconds.
Reads Processed:      88779k 	849.20k reads/sec
Bases Processed:       8966m 	85.77m bases/sec
[Tue Oct  3 14:02:09 2023]
Finished job 0.
1 of 1 steps (100%) done
