Building DAG of jobs...
Using shell: /usr/bin/bash
Provided cores: 20
Rules claiming more threads will be scaled down.
Provided resources: mem_mb=43478, mem_mib=41464, disk_mb=43478, disk_mib=41464
Select jobs to execute...

[Tue Oct  3 14:06:44 2023]
rule trim_bbduk:
    input: /research/labs/neurology/fryer/projects/aducanumab/mouse/bulkRNA/884_IgG_S37_L001_R1_001.fastq.gz, /research/labs/neurology/fryer/projects/aducanumab/mouse/bulkRNA/884_IgG_S37_L001_R2_001.fastq.gz, /research/labs/neurology/fryer/projects/aducanumab/mouse/bulkRNA/884_IgG_S37_L002_R1_001.fastq.gz, /research/labs/neurology/fryer/projects/aducanumab/mouse/bulkRNA/884_IgG_S37_L002_R2_001.fastq.gz, /research/labs/neurology/fryer/projects/aducanumab/mouse/bulkRNA/884_IgG_S37_L003_R1_001.fastq.gz, /research/labs/neurology/fryer/projects/aducanumab/mouse/bulkRNA/884_IgG_S37_L003_R2_001.fastq.gz, /research/labs/neurology/fryer/projects/aducanumab/mouse/bulkRNA/884_IgG_S37_L004_R1_001.fastq.gz, /research/labs/neurology/fryer/projects/aducanumab/mouse/bulkRNA/884_IgG_S37_L004_R2_001.fastq.gz
    output: trimmedReads/884_IgG_S37_L001_R1_trim.fastq.gz, trimmedReads/884_IgG_S37_L001_R2_trim.fastq.gz, trimmedReads/884_IgG_S37_L002_R1_trim.fastq.gz, trimmedReads/884_IgG_S37_L002_R2_trim.fastq.gz, trimmedReads/884_IgG_S37_L003_R1_trim.fastq.gz, trimmedReads/884_IgG_S37_L003_R2_trim.fastq.gz, trimmedReads/884_IgG_S37_L004_R1_trim.fastq.gz, trimmedReads/884_IgG_S37_L004_R2_trim.fastq.gz
    jobid: 0
    reason: Missing output files: trimmedReads/884_IgG_S37_L004_R2_trim.fastq.gz, trimmedReads/884_IgG_S37_L002_R1_trim.fastq.gz, trimmedReads/884_IgG_S37_L001_R1_trim.fastq.gz, trimmedReads/884_IgG_S37_L002_R2_trim.fastq.gz, trimmedReads/884_IgG_S37_L003_R2_trim.fastq.gz, trimmedReads/884_IgG_S37_L003_R1_trim.fastq.gz, trimmedReads/884_IgG_S37_L004_R1_trim.fastq.gz, trimmedReads/884_IgG_S37_L001_R2_trim.fastq.gz
    wildcards: sample=884_IgG_S37
    resources: mem_mb=43478, mem_mib=41464, disk_mb=43478, disk_mib=41464, tmpdir=/tmp

java -ea -Xmx3g -Xms3g -cp /research/labs/neurology/fryer/m214960/tools/miniconda3/envs/aducanumab/opt/bbmap-39.01-1/current/ jgi.BBDuk -Xmx3g in1=/research/labs/neurology/fryer/projects/aducanumab/mouse/bulkRNA/884_IgG_S37_L001_R1_001.fastq.gz in2=/research/labs/neurology/fryer/projects/aducanumab/mouse/bulkRNA/884_IgG_S37_L001_R2_001.fastq.gz out1=trimmedReads/884_IgG_S37_L001_R1_trim.fastq.gz out2=trimmedReads/884_IgG_S37_L001_R2_trim.fastq.gz ref=refs/adapters.fa ktrim=r k=23 mink=11 hdist=1 tpe tbo threads=20 trimpolyg=1 trimpolya=1
Executing jgi.BBDuk [-Xmx3g, in1=/research/labs/neurology/fryer/projects/aducanumab/mouse/bulkRNA/884_IgG_S37_L001_R1_001.fastq.gz, in2=/research/labs/neurology/fryer/projects/aducanumab/mouse/bulkRNA/884_IgG_S37_L001_R2_001.fastq.gz, out1=trimmedReads/884_IgG_S37_L001_R1_trim.fastq.gz, out2=trimmedReads/884_IgG_S37_L001_R2_trim.fastq.gz, ref=refs/adapters.fa, ktrim=r, k=23, mink=11, hdist=1, tpe, tbo, threads=20, trimpolyg=1, trimpolya=1]
Version 39.01

Set threads to 20
maskMiddle was disabled because useShortKmers=true
0.017 seconds.
Initial:
Memory: max=3221m, total=3221m, free=3191m, used=30m

Added 3614 kmers; time: 	0.016 seconds.
Memory: max=3221m, total=3221m, free=3183m, used=38m

Input is being processed as paired
Started output streams:	0.234 seconds.
[W::bgzf_read_block] EOF marker is absent. The input may be truncated
[W::bgzf_read_block] EOF marker is absent. The input may be truncated
Processing time:   		105.911 seconds.

Input:                  	102102238 reads 		10312326038 bases.
Polymer-trimmed:        	158136492 reads (154.88%) 	295318141 bases (2.86%)
KTrimmed:               	3149692 reads (3.08%) 	105426274 bases (1.02%)
Trimmed by overlap:     	2410208 reads (2.36%) 	12335290 bases (0.12%)
Total Removed:          	200912 reads (0.20%) 	413079705 bases (4.01%)
Result:                 	101901326 reads (99.80%) 	9899246333 bases (95.99%)

Time:                         	106.163 seconds.
Reads Processed:        102m 	961.75k reads/sec
Bases Processed:      10312m 	97.14m bases/sec
java -ea -Xmx3g -Xms3g -cp /research/labs/neurology/fryer/m214960/tools/miniconda3/envs/aducanumab/opt/bbmap-39.01-1/current/ jgi.BBDuk -Xmx3g in1=/research/labs/neurology/fryer/projects/aducanumab/mouse/bulkRNA/884_IgG_S37_L002_R1_001.fastq.gz in2=/research/labs/neurology/fryer/projects/aducanumab/mouse/bulkRNA/884_IgG_S37_L002_R2_001.fastq.gz out1=trimmedReads/884_IgG_S37_L002_R1_trim.fastq.gz out2=trimmedReads/884_IgG_S37_L002_R2_trim.fastq.gz ref=refs/adapters.fa ktrim=r k=23 mink=11 hdist=1 tpe tbo threads=20 trimpolyg=1 trimpolya=1
Executing jgi.BBDuk [-Xmx3g, in1=/research/labs/neurology/fryer/projects/aducanumab/mouse/bulkRNA/884_IgG_S37_L002_R1_001.fastq.gz, in2=/research/labs/neurology/fryer/projects/aducanumab/mouse/bulkRNA/884_IgG_S37_L002_R2_001.fastq.gz, out1=trimmedReads/884_IgG_S37_L002_R1_trim.fastq.gz, out2=trimmedReads/884_IgG_S37_L002_R2_trim.fastq.gz, ref=refs/adapters.fa, ktrim=r, k=23, mink=11, hdist=1, tpe, tbo, threads=20, trimpolyg=1, trimpolya=1]
Version 39.01

Set threads to 20
maskMiddle was disabled because useShortKmers=true
0.017 seconds.
Initial:
Memory: max=3221m, total=3221m, free=3191m, used=30m

Added 3614 kmers; time: 	0.016 seconds.
Memory: max=3221m, total=3221m, free=3183m, used=38m

Input is being processed as paired
Started output streams:	0.112 seconds.
[W::bgzf_read_block] EOF marker is absent. The input may be truncated
[W::bgzf_read_block] EOF marker is absent. The input may be truncated
Processing time:   		106.494 seconds.

Input:                  	102131866 reads 		10315318466 bases.
Polymer-trimmed:        	157971765 reads (154.67%) 	295079422 bases (2.86%)
KTrimmed:               	3102704 reads (3.04%) 	103960744 bases (1.01%)
Trimmed by overlap:     	2371452 reads (2.32%) 	12129576 bases (0.12%)
Total Removed:          	200214 reads (0.20%) 	411169742 bases (3.99%)
Result:                 	101931652 reads (99.80%) 	9904148724 bases (96.01%)

Time:                         	106.624 seconds.
Reads Processed:        102m 	957.87k reads/sec
Bases Processed:      10315m 	96.75m bases/sec
java -ea -Xmx3g -Xms3g -cp /research/labs/neurology/fryer/m214960/tools/miniconda3/envs/aducanumab/opt/bbmap-39.01-1/current/ jgi.BBDuk -Xmx3g in1=/research/labs/neurology/fryer/projects/aducanumab/mouse/bulkRNA/884_IgG_S37_L003_R1_001.fastq.gz in2=/research/labs/neurology/fryer/projects/aducanumab/mouse/bulkRNA/884_IgG_S37_L003_R2_001.fastq.gz out1=trimmedReads/884_IgG_S37_L003_R1_trim.fastq.gz out2=trimmedReads/884_IgG_S37_L003_R2_trim.fastq.gz ref=refs/adapters.fa ktrim=r k=23 mink=11 hdist=1 tpe tbo threads=20 trimpolyg=1 trimpolya=1
Executing jgi.BBDuk [-Xmx3g, in1=/research/labs/neurology/fryer/projects/aducanumab/mouse/bulkRNA/884_IgG_S37_L003_R1_001.fastq.gz, in2=/research/labs/neurology/fryer/projects/aducanumab/mouse/bulkRNA/884_IgG_S37_L003_R2_001.fastq.gz, out1=trimmedReads/884_IgG_S37_L003_R1_trim.fastq.gz, out2=trimmedReads/884_IgG_S37_L003_R2_trim.fastq.gz, ref=refs/adapters.fa, ktrim=r, k=23, mink=11, hdist=1, tpe, tbo, threads=20, trimpolyg=1, trimpolya=1]
Version 39.01

Set threads to 20
maskMiddle was disabled because useShortKmers=true
0.018 seconds.
Initial:
Memory: max=3221m, total=3221m, free=3191m, used=30m

Added 3614 kmers; time: 	0.017 seconds.
Memory: max=3221m, total=3221m, free=3182m, used=39m

Input is being processed as paired
Started output streams:	0.155 seconds.
[W::bgzf_read_block] EOF marker is absent. The input may be truncated
[W::bgzf_read_block] EOF marker is absent. The input may be truncated
Processing time:   		103.622 seconds.

Input:                  	102031554 reads 		10305186954 bases.
Polymer-trimmed:        	158041924 reads (154.90%) 	295485082 bases (2.87%)
KTrimmed:               	3085208 reads (3.02%) 	103178668 bases (1.00%)
Trimmed by overlap:     	2368976 reads (2.32%) 	12116870 bases (0.12%)
Total Removed:          	201634 reads (0.20%) 	410780620 bases (3.99%)
Result:                 	101829920 reads (99.80%) 	9894406334 bases (96.01%)

Time:                         	103.795 seconds.
Reads Processed:        102m 	983.01k reads/sec
Bases Processed:      10305m 	99.28m bases/sec
java -ea -Xmx3g -Xms3g -cp /research/labs/neurology/fryer/m214960/tools/miniconda3/envs/aducanumab/opt/bbmap-39.01-1/current/ jgi.BBDuk -Xmx3g in1=/research/labs/neurology/fryer/projects/aducanumab/mouse/bulkRNA/884_IgG_S37_L004_R1_001.fastq.gz in2=/research/labs/neurology/fryer/projects/aducanumab/mouse/bulkRNA/884_IgG_S37_L004_R2_001.fastq.gz out1=trimmedReads/884_IgG_S37_L004_R1_trim.fastq.gz out2=trimmedReads/884_IgG_S37_L004_R2_trim.fastq.gz ref=refs/adapters.fa ktrim=r k=23 mink=11 hdist=1 tpe tbo threads=20 trimpolyg=1 trimpolya=1
Executing jgi.BBDuk [-Xmx3g, in1=/research/labs/neurology/fryer/projects/aducanumab/mouse/bulkRNA/884_IgG_S37_L004_R1_001.fastq.gz, in2=/research/labs/neurology/fryer/projects/aducanumab/mouse/bulkRNA/884_IgG_S37_L004_R2_001.fastq.gz, out1=trimmedReads/884_IgG_S37_L004_R1_trim.fastq.gz, out2=trimmedReads/884_IgG_S37_L004_R2_trim.fastq.gz, ref=refs/adapters.fa, ktrim=r, k=23, mink=11, hdist=1, tpe, tbo, threads=20, trimpolyg=1, trimpolya=1]
Version 39.01

Set threads to 20
maskMiddle was disabled because useShortKmers=true
0.017 seconds.
Initial:
Memory: max=3221m, total=3221m, free=3191m, used=30m

Added 3614 kmers; time: 	0.026 seconds.
Memory: max=3221m, total=3221m, free=3183m, used=38m

Input is being processed as paired
Started output streams:	0.135 seconds.
[W::bgzf_read_block] EOF marker is absent. The input may be truncated
[W::bgzf_read_block] EOF marker is absent. The input may be truncated
Processing time:   		105.966 seconds.

Input:                  	102190840 reads 		10321274840 bases.
Polymer-trimmed:        	158264725 reads (154.87%) 	295876361 bases (2.87%)
KTrimmed:               	3086638 reads (3.02%) 	103242434 bases (1.00%)
Trimmed by overlap:     	2369952 reads (2.32%) 	12120932 bases (0.12%)
Total Removed:          	201234 reads (0.20%) 	411239727 bases (3.98%)
Result:                 	101989606 reads (99.80%) 	9910035113 bases (96.02%)

Time:                         	106.129 seconds.
Reads Processed:        102m 	962.89k reads/sec
Bases Processed:      10321m 	97.25m bases/sec
[Tue Oct  3 14:13:48 2023]
Finished job 0.
1 of 1 steps (100%) done
