Building DAG of jobs...
Using shell: /usr/bin/bash
Provided cores: 20
Rules claiming more threads will be scaled down.
Provided resources: mem_mb=41709, mem_mib=39777, disk_mb=41709, disk_mib=39777
Select jobs to execute...

[Tue Oct  3 13:22:16 2023]
rule trim_bbduk:
    input: /research/labs/neurology/fryer/projects/aducanumab/mouse/bulkRNA/243_Adu_S33_L001_R1_001.fastq.gz, /research/labs/neurology/fryer/projects/aducanumab/mouse/bulkRNA/243_Adu_S33_L001_R2_001.fastq.gz, /research/labs/neurology/fryer/projects/aducanumab/mouse/bulkRNA/243_Adu_S33_L002_R1_001.fastq.gz, /research/labs/neurology/fryer/projects/aducanumab/mouse/bulkRNA/243_Adu_S33_L002_R2_001.fastq.gz, /research/labs/neurology/fryer/projects/aducanumab/mouse/bulkRNA/243_Adu_S33_L003_R1_001.fastq.gz, /research/labs/neurology/fryer/projects/aducanumab/mouse/bulkRNA/243_Adu_S33_L003_R2_001.fastq.gz, /research/labs/neurology/fryer/projects/aducanumab/mouse/bulkRNA/243_Adu_S33_L004_R1_001.fastq.gz, /research/labs/neurology/fryer/projects/aducanumab/mouse/bulkRNA/243_Adu_S33_L004_R2_001.fastq.gz
    output: trimmedReads/243_Adu_S33_L001_R1_trim.fastq.gz, trimmedReads/243_Adu_S33_L001_R2_trim.fastq.gz, trimmedReads/243_Adu_S33_L002_R1_trim.fastq.gz, trimmedReads/243_Adu_S33_L002_R2_trim.fastq.gz, trimmedReads/243_Adu_S33_L003_R1_trim.fastq.gz, trimmedReads/243_Adu_S33_L003_R2_trim.fastq.gz, trimmedReads/243_Adu_S33_L004_R1_trim.fastq.gz, trimmedReads/243_Adu_S33_L004_R2_trim.fastq.gz
    jobid: 0
    reason: Missing output files: trimmedReads/243_Adu_S33_L001_R1_trim.fastq.gz, trimmedReads/243_Adu_S33_L003_R1_trim.fastq.gz, trimmedReads/243_Adu_S33_L003_R2_trim.fastq.gz, trimmedReads/243_Adu_S33_L002_R2_trim.fastq.gz, trimmedReads/243_Adu_S33_L001_R2_trim.fastq.gz, trimmedReads/243_Adu_S33_L002_R1_trim.fastq.gz, trimmedReads/243_Adu_S33_L004_R1_trim.fastq.gz, trimmedReads/243_Adu_S33_L004_R2_trim.fastq.gz
    wildcards: sample=243_Adu_S33
    resources: mem_mb=41709, mem_mib=39777, disk_mb=41709, disk_mib=39777, tmpdir=/tmp

java -ea -Xmx3g -Xms3g -cp /research/labs/neurology/fryer/m214960/tools/miniconda3/envs/aducanumab/opt/bbmap-39.01-1/current/ jgi.BBDuk -Xmx3g in1=/research/labs/neurology/fryer/projects/aducanumab/mouse/bulkRNA/243_Adu_S33_L001_R1_001.fastq.gz in2=/research/labs/neurology/fryer/projects/aducanumab/mouse/bulkRNA/243_Adu_S33_L001_R2_001.fastq.gz out1=trimmedReads/243_Adu_S33_L001_R1_trim.fastq.gz out2=trimmedReads/243_Adu_S33_L001_R2_trim.fastq.gz ref=refs/adapters.fa ktrim=r k=23 mink=11 hdist=1 tpe tbo threads=20 trimpolyg=1 trimpolya=1
Executing jgi.BBDuk [-Xmx3g, in1=/research/labs/neurology/fryer/projects/aducanumab/mouse/bulkRNA/243_Adu_S33_L001_R1_001.fastq.gz, in2=/research/labs/neurology/fryer/projects/aducanumab/mouse/bulkRNA/243_Adu_S33_L001_R2_001.fastq.gz, out1=trimmedReads/243_Adu_S33_L001_R1_trim.fastq.gz, out2=trimmedReads/243_Adu_S33_L001_R2_trim.fastq.gz, ref=refs/adapters.fa, ktrim=r, k=23, mink=11, hdist=1, tpe, tbo, threads=20, trimpolyg=1, trimpolya=1]
Version 39.01

Set threads to 20
maskMiddle was disabled because useShortKmers=true
0.020 seconds.
Initial:
Memory: max=3221m, total=3221m, free=3191m, used=30m

Added 3614 kmers; time: 	0.020 seconds.
Memory: max=3221m, total=3221m, free=3183m, used=38m

Input is being processed as paired
Started output streams:	0.098 seconds.
[W::bgzf_read_block] EOF marker is absent. The input may be truncated
[W::bgzf_read_block] EOF marker is absent. The input may be truncated
Processing time:   		103.170 seconds.

Input:                  	98294870 reads 		9927781870 bases.
Polymer-trimmed:        	151892956 reads (154.53%) 	283250704 bases (2.85%)
KTrimmed:               	3259692 reads (3.32%) 	109400852 bases (1.10%)
Trimmed by overlap:     	2649214 reads (2.70%) 	13601974 bases (0.14%)
Total Removed:          	273352 reads (0.28%) 	406253530 bases (4.09%)
Result:                 	98021518 reads (99.72%) 	9521528340 bases (95.91%)

Time:                         	103.290 seconds.
Reads Processed:      98294k 	951.64k reads/sec
Bases Processed:       9927m 	96.12m bases/sec
java -ea -Xmx3g -Xms3g -cp /research/labs/neurology/fryer/m214960/tools/miniconda3/envs/aducanumab/opt/bbmap-39.01-1/current/ jgi.BBDuk -Xmx3g in1=/research/labs/neurology/fryer/projects/aducanumab/mouse/bulkRNA/243_Adu_S33_L002_R1_001.fastq.gz in2=/research/labs/neurology/fryer/projects/aducanumab/mouse/bulkRNA/243_Adu_S33_L002_R2_001.fastq.gz out1=trimmedReads/243_Adu_S33_L002_R1_trim.fastq.gz out2=trimmedReads/243_Adu_S33_L002_R2_trim.fastq.gz ref=refs/adapters.fa ktrim=r k=23 mink=11 hdist=1 tpe tbo threads=20 trimpolyg=1 trimpolya=1
Executing jgi.BBDuk [-Xmx3g, in1=/research/labs/neurology/fryer/projects/aducanumab/mouse/bulkRNA/243_Adu_S33_L002_R1_001.fastq.gz, in2=/research/labs/neurology/fryer/projects/aducanumab/mouse/bulkRNA/243_Adu_S33_L002_R2_001.fastq.gz, out1=trimmedReads/243_Adu_S33_L002_R1_trim.fastq.gz, out2=trimmedReads/243_Adu_S33_L002_R2_trim.fastq.gz, ref=refs/adapters.fa, ktrim=r, k=23, mink=11, hdist=1, tpe, tbo, threads=20, trimpolyg=1, trimpolya=1]
Version 39.01

Set threads to 20
maskMiddle was disabled because useShortKmers=true
0.018 seconds.
Initial:
Memory: max=3221m, total=3221m, free=3191m, used=30m

Added 3614 kmers; time: 	0.016 seconds.
Memory: max=3221m, total=3221m, free=3183m, used=38m

Input is being processed as paired
Started output streams:	0.077 seconds.
[W::bgzf_read_block] EOF marker is absent. The input may be truncated
[W::bgzf_read_block] EOF marker is absent. The input may be truncated
Processing time:   		100.926 seconds.

Input:                  	98034670 reads 		9901501670 bases.
Polymer-trimmed:        	151554552 reads (154.59%) 	282849203 bases (2.86%)
KTrimmed:               	3202914 reads (3.27%) 	107546352 bases (1.09%)
Trimmed by overlap:     	2605632 reads (2.66%) 	13371874 bases (0.14%)
Total Removed:          	271344 reads (0.28%) 	403767429 bases (4.08%)
Result:                 	97763326 reads (99.72%) 	9497734241 bases (95.92%)

Time:                         	101.020 seconds.
Reads Processed:      98034k 	970.45k reads/sec
Bases Processed:       9901m 	98.02m bases/sec
java -ea -Xmx3g -Xms3g -cp /research/labs/neurology/fryer/m214960/tools/miniconda3/envs/aducanumab/opt/bbmap-39.01-1/current/ jgi.BBDuk -Xmx3g in1=/research/labs/neurology/fryer/projects/aducanumab/mouse/bulkRNA/243_Adu_S33_L003_R1_001.fastq.gz in2=/research/labs/neurology/fryer/projects/aducanumab/mouse/bulkRNA/243_Adu_S33_L003_R2_001.fastq.gz out1=trimmedReads/243_Adu_S33_L003_R1_trim.fastq.gz out2=trimmedReads/243_Adu_S33_L003_R2_trim.fastq.gz ref=refs/adapters.fa ktrim=r k=23 mink=11 hdist=1 tpe tbo threads=20 trimpolyg=1 trimpolya=1
Executing jgi.BBDuk [-Xmx3g, in1=/research/labs/neurology/fryer/projects/aducanumab/mouse/bulkRNA/243_Adu_S33_L003_R1_001.fastq.gz, in2=/research/labs/neurology/fryer/projects/aducanumab/mouse/bulkRNA/243_Adu_S33_L003_R2_001.fastq.gz, out1=trimmedReads/243_Adu_S33_L003_R1_trim.fastq.gz, out2=trimmedReads/243_Adu_S33_L003_R2_trim.fastq.gz, ref=refs/adapters.fa, ktrim=r, k=23, mink=11, hdist=1, tpe, tbo, threads=20, trimpolyg=1, trimpolya=1]
Version 39.01

Set threads to 20
maskMiddle was disabled because useShortKmers=true
0.017 seconds.
Initial:
Memory: max=3221m, total=3221m, free=3191m, used=30m

Added 3614 kmers; time: 	0.017 seconds.
Memory: max=3221m, total=3221m, free=3181m, used=40m

Input is being processed as paired
Started output streams:	0.272 seconds.
[W::bgzf_read_block] EOF marker is absent. The input may be truncated
[W::bgzf_read_block] EOF marker is absent. The input may be truncated
Processing time:   		284.051 seconds.

Input:                  	97812288 reads 		9879041088 bases.
Polymer-trimmed:        	151491607 reads (154.88%) 	283135199 bases (2.87%)
KTrimmed:               	3190054 reads (3.26%) 	107272208 bases (1.09%)
Trimmed by overlap:     	2591226 reads (2.65%) 	13317006 bases (0.13%)
Total Removed:          	275048 reads (0.28%) 	403724413 bases (4.09%)
Result:                 	97537240 reads (99.72%) 	9475316675 bases (95.91%)

Time:                         	284.342 seconds.
Reads Processed:      97812k 	344.00k reads/sec
Bases Processed:       9879m 	34.74m bases/sec
java -ea -Xmx3g -Xms3g -cp /research/labs/neurology/fryer/m214960/tools/miniconda3/envs/aducanumab/opt/bbmap-39.01-1/current/ jgi.BBDuk -Xmx3g in1=/research/labs/neurology/fryer/projects/aducanumab/mouse/bulkRNA/243_Adu_S33_L004_R1_001.fastq.gz in2=/research/labs/neurology/fryer/projects/aducanumab/mouse/bulkRNA/243_Adu_S33_L004_R2_001.fastq.gz out1=trimmedReads/243_Adu_S33_L004_R1_trim.fastq.gz out2=trimmedReads/243_Adu_S33_L004_R2_trim.fastq.gz ref=refs/adapters.fa ktrim=r k=23 mink=11 hdist=1 tpe tbo threads=20 trimpolyg=1 trimpolya=1
Executing jgi.BBDuk [-Xmx3g, in1=/research/labs/neurology/fryer/projects/aducanumab/mouse/bulkRNA/243_Adu_S33_L004_R1_001.fastq.gz, in2=/research/labs/neurology/fryer/projects/aducanumab/mouse/bulkRNA/243_Adu_S33_L004_R2_001.fastq.gz, out1=trimmedReads/243_Adu_S33_L004_R1_trim.fastq.gz, out2=trimmedReads/243_Adu_S33_L004_R2_trim.fastq.gz, ref=refs/adapters.fa, ktrim=r, k=23, mink=11, hdist=1, tpe, tbo, threads=20, trimpolyg=1, trimpolya=1]
Version 39.01

Set threads to 20
maskMiddle was disabled because useShortKmers=true
0.017 seconds.
Initial:
Memory: max=3221m, total=3221m, free=3191m, used=30m

Added 3614 kmers; time: 	0.026 seconds.
Memory: max=3221m, total=3221m, free=3183m, used=38m

Input is being processed as paired
Started output streams:	0.316 seconds.
[W::bgzf_read_block] EOF marker is absent. The input may be truncated
[W::bgzf_read_block] EOF marker is absent. The input may be truncated
Processing time:   		253.665 seconds.

Input:                  	98010678 reads 		9899078478 bases.
Polymer-trimmed:        	151921416 reads (155.00%) 	283785592 bases (2.87%)
KTrimmed:               	3180042 reads (3.24%) 	106703668 bases (1.08%)
Trimmed by overlap:     	2594828 reads (2.65%) 	13313360 bases (0.13%)
Total Removed:          	269892 reads (0.28%) 	403802620 bases (4.08%)
Result:                 	97740786 reads (99.72%) 	9495275858 bases (95.92%)

Time:                         	254.009 seconds.
Reads Processed:      98010k 	385.86k reads/sec
Bases Processed:       9899m 	38.97m bases/sec
[Tue Oct  3 13:34:40 2023]
Finished job 0.
1 of 1 steps (100%) done
