Building DAG of jobs...
Using shell: /usr/bin/bash
Provided cores: 20
Rules claiming more threads will be scaled down.
Provided resources: mem_mb=31565, mem_mib=30103, disk_mb=31565, disk_mib=30103
Select jobs to execute...

[Tue Oct  3 13:16:41 2023]
rule trim_bbduk:
    input: /research/labs/neurology/fryer/projects/aducanumab/mouse/bulkRNA/223_Adu_S41_L001_R1_001.fastq.gz, /research/labs/neurology/fryer/projects/aducanumab/mouse/bulkRNA/223_Adu_S41_L001_R2_001.fastq.gz, /research/labs/neurology/fryer/projects/aducanumab/mouse/bulkRNA/223_Adu_S41_L002_R1_001.fastq.gz, /research/labs/neurology/fryer/projects/aducanumab/mouse/bulkRNA/223_Adu_S41_L002_R2_001.fastq.gz, /research/labs/neurology/fryer/projects/aducanumab/mouse/bulkRNA/223_Adu_S41_L003_R1_001.fastq.gz, /research/labs/neurology/fryer/projects/aducanumab/mouse/bulkRNA/223_Adu_S41_L003_R2_001.fastq.gz, /research/labs/neurology/fryer/projects/aducanumab/mouse/bulkRNA/223_Adu_S41_L004_R1_001.fastq.gz, /research/labs/neurology/fryer/projects/aducanumab/mouse/bulkRNA/223_Adu_S41_L004_R2_001.fastq.gz
    output: trimmedReads/223_Adu_S41_L001_R1_trim.fastq.gz, trimmedReads/223_Adu_S41_L001_R2_trim.fastq.gz, trimmedReads/223_Adu_S41_L002_R1_trim.fastq.gz, trimmedReads/223_Adu_S41_L002_R2_trim.fastq.gz, trimmedReads/223_Adu_S41_L003_R1_trim.fastq.gz, trimmedReads/223_Adu_S41_L003_R2_trim.fastq.gz, trimmedReads/223_Adu_S41_L004_R1_trim.fastq.gz, trimmedReads/223_Adu_S41_L004_R2_trim.fastq.gz
    jobid: 0
    reason: Missing output files: trimmedReads/223_Adu_S41_L002_R1_trim.fastq.gz, trimmedReads/223_Adu_S41_L001_R2_trim.fastq.gz, trimmedReads/223_Adu_S41_L002_R2_trim.fastq.gz, trimmedReads/223_Adu_S41_L004_R1_trim.fastq.gz, trimmedReads/223_Adu_S41_L001_R1_trim.fastq.gz, trimmedReads/223_Adu_S41_L003_R1_trim.fastq.gz, trimmedReads/223_Adu_S41_L003_R2_trim.fastq.gz, trimmedReads/223_Adu_S41_L004_R2_trim.fastq.gz
    wildcards: sample=223_Adu_S41
    resources: mem_mb=31565, mem_mib=30103, disk_mb=31565, disk_mib=30103, tmpdir=/tmp

java -ea -Xmx3g -Xms3g -cp /research/labs/neurology/fryer/m214960/tools/miniconda3/envs/aducanumab/opt/bbmap-39.01-1/current/ jgi.BBDuk -Xmx3g in1=/research/labs/neurology/fryer/projects/aducanumab/mouse/bulkRNA/223_Adu_S41_L001_R1_001.fastq.gz in2=/research/labs/neurology/fryer/projects/aducanumab/mouse/bulkRNA/223_Adu_S41_L001_R2_001.fastq.gz out1=trimmedReads/223_Adu_S41_L001_R1_trim.fastq.gz out2=trimmedReads/223_Adu_S41_L001_R2_trim.fastq.gz ref=refs/adapters.fa ktrim=r k=23 mink=11 hdist=1 tpe tbo threads=20 trimpolyg=1 trimpolya=1
Executing jgi.BBDuk [-Xmx3g, in1=/research/labs/neurology/fryer/projects/aducanumab/mouse/bulkRNA/223_Adu_S41_L001_R1_001.fastq.gz, in2=/research/labs/neurology/fryer/projects/aducanumab/mouse/bulkRNA/223_Adu_S41_L001_R2_001.fastq.gz, out1=trimmedReads/223_Adu_S41_L001_R1_trim.fastq.gz, out2=trimmedReads/223_Adu_S41_L001_R2_trim.fastq.gz, ref=refs/adapters.fa, ktrim=r, k=23, mink=11, hdist=1, tpe, tbo, threads=20, trimpolyg=1, trimpolya=1]
Version 39.01

Set threads to 20
maskMiddle was disabled because useShortKmers=true
0.181 seconds.
Initial:
Memory: max=3221m, total=3221m, free=3191m, used=30m

Added 3614 kmers; time: 	0.394 seconds.
Memory: max=3221m, total=3221m, free=3183m, used=38m

Input is being processed as paired
Started output streams:	0.242 seconds.
[W::bgzf_read_block] EOF marker is absent. The input may be truncated
[W::bgzf_read_block] EOF marker is absent. The input may be truncated
Processing time:   		76.977 seconds.

Input:                  	73418308 reads 		7415249108 bases.
Polymer-trimmed:        	113009124 reads (153.92%) 	211530269 bases (2.85%)
KTrimmed:               	2281662 reads (3.11%) 	73377992 bases (0.99%)
Trimmed by overlap:     	1725310 reads (2.35%) 	8959506 bases (0.12%)
Total Removed:          	139656 reads (0.19%) 	293867767 bases (3.96%)
Result:                 	73278652 reads (99.81%) 	7121381341 bases (96.04%)

Time:                         	77.615 seconds.
Reads Processed:      73418k 	945.93k reads/sec
Bases Processed:       7415m 	95.54m bases/sec
java -ea -Xmx3g -Xms3g -cp /research/labs/neurology/fryer/m214960/tools/miniconda3/envs/aducanumab/opt/bbmap-39.01-1/current/ jgi.BBDuk -Xmx3g in1=/research/labs/neurology/fryer/projects/aducanumab/mouse/bulkRNA/223_Adu_S41_L002_R1_001.fastq.gz in2=/research/labs/neurology/fryer/projects/aducanumab/mouse/bulkRNA/223_Adu_S41_L002_R2_001.fastq.gz out1=trimmedReads/223_Adu_S41_L002_R1_trim.fastq.gz out2=trimmedReads/223_Adu_S41_L002_R2_trim.fastq.gz ref=refs/adapters.fa ktrim=r k=23 mink=11 hdist=1 tpe tbo threads=20 trimpolyg=1 trimpolya=1
Executing jgi.BBDuk [-Xmx3g, in1=/research/labs/neurology/fryer/projects/aducanumab/mouse/bulkRNA/223_Adu_S41_L002_R1_001.fastq.gz, in2=/research/labs/neurology/fryer/projects/aducanumab/mouse/bulkRNA/223_Adu_S41_L002_R2_001.fastq.gz, out1=trimmedReads/223_Adu_S41_L002_R1_trim.fastq.gz, out2=trimmedReads/223_Adu_S41_L002_R2_trim.fastq.gz, ref=refs/adapters.fa, ktrim=r, k=23, mink=11, hdist=1, tpe, tbo, threads=20, trimpolyg=1, trimpolya=1]
Version 39.01

Set threads to 20
maskMiddle was disabled because useShortKmers=true
0.018 seconds.
Initial:
Memory: max=3221m, total=3221m, free=3191m, used=30m

Added 3614 kmers; time: 	0.025 seconds.
Memory: max=3221m, total=3221m, free=3182m, used=39m

Input is being processed as paired
Started output streams:	0.212 seconds.
[W::bgzf_read_block] EOF marker is absent. The input may be truncated
[W::bgzf_read_block] EOF marker is absent. The input may be truncated
Processing time:   		76.748 seconds.

Input:                  	73650710 reads 		7438721710 bases.
Polymer-trimmed:        	113216345 reads (153.72%) 	212088898 bases (2.85%)
KTrimmed:               	2244518 reads (3.05%) 	72249528 bases (0.97%)
Trimmed by overlap:     	1706420 reads (2.32%) 	8868942 bases (0.12%)
Total Removed:          	141088 reads (0.19%) 	293207368 bases (3.94%)
Result:                 	73509622 reads (99.81%) 	7145514342 bases (96.06%)

Time:                         	76.987 seconds.
Reads Processed:      73650k 	956.67k reads/sec
Bases Processed:       7438m 	96.62m bases/sec
java -ea -Xmx3g -Xms3g -cp /research/labs/neurology/fryer/m214960/tools/miniconda3/envs/aducanumab/opt/bbmap-39.01-1/current/ jgi.BBDuk -Xmx3g in1=/research/labs/neurology/fryer/projects/aducanumab/mouse/bulkRNA/223_Adu_S41_L003_R1_001.fastq.gz in2=/research/labs/neurology/fryer/projects/aducanumab/mouse/bulkRNA/223_Adu_S41_L003_R2_001.fastq.gz out1=trimmedReads/223_Adu_S41_L003_R1_trim.fastq.gz out2=trimmedReads/223_Adu_S41_L003_R2_trim.fastq.gz ref=refs/adapters.fa ktrim=r k=23 mink=11 hdist=1 tpe tbo threads=20 trimpolyg=1 trimpolya=1
Executing jgi.BBDuk [-Xmx3g, in1=/research/labs/neurology/fryer/projects/aducanumab/mouse/bulkRNA/223_Adu_S41_L003_R1_001.fastq.gz, in2=/research/labs/neurology/fryer/projects/aducanumab/mouse/bulkRNA/223_Adu_S41_L003_R2_001.fastq.gz, out1=trimmedReads/223_Adu_S41_L003_R1_trim.fastq.gz, out2=trimmedReads/223_Adu_S41_L003_R2_trim.fastq.gz, ref=refs/adapters.fa, ktrim=r, k=23, mink=11, hdist=1, tpe, tbo, threads=20, trimpolyg=1, trimpolya=1]
Version 39.01

Set threads to 20
maskMiddle was disabled because useShortKmers=true
0.018 seconds.
Initial:
Memory: max=3221m, total=3221m, free=3191m, used=30m

Added 3614 kmers; time: 	0.035 seconds.
Memory: max=3221m, total=3221m, free=3183m, used=38m

Input is being processed as paired
Started output streams:	0.144 seconds.
[W::bgzf_read_block] [W::bgzf_read_block] EOF marker is absent. The input may be truncatedEOF marker is absent. The input may be truncated

Processing time:   		75.799 seconds.

Input:                  	73899458 reads 		7463845258 bases.
Polymer-trimmed:        	113872597 reads (154.09%) 	213675974 bases (2.86%)
KTrimmed:               	2247988 reads (3.04%) 	72310660 bases (0.97%)
Trimmed by overlap:     	1712628 reads (2.32%) 	8897646 bases (0.12%)
Total Removed:          	144480 reads (0.20%) 	294884280 bases (3.95%)
Result:                 	73754978 reads (99.80%) 	7168960978 bases (96.05%)

Time:                         	75.979 seconds.
Reads Processed:      73899k 	972.63k reads/sec
Bases Processed:       7463m 	98.24m bases/sec
java -ea -Xmx3g -Xms3g -cp /research/labs/neurology/fryer/m214960/tools/miniconda3/envs/aducanumab/opt/bbmap-39.01-1/current/ jgi.BBDuk -Xmx3g in1=/research/labs/neurology/fryer/projects/aducanumab/mouse/bulkRNA/223_Adu_S41_L004_R1_001.fastq.gz in2=/research/labs/neurology/fryer/projects/aducanumab/mouse/bulkRNA/223_Adu_S41_L004_R2_001.fastq.gz out1=trimmedReads/223_Adu_S41_L004_R1_trim.fastq.gz out2=trimmedReads/223_Adu_S41_L004_R2_trim.fastq.gz ref=refs/adapters.fa ktrim=r k=23 mink=11 hdist=1 tpe tbo threads=20 trimpolyg=1 trimpolya=1
Executing jgi.BBDuk [-Xmx3g, in1=/research/labs/neurology/fryer/projects/aducanumab/mouse/bulkRNA/223_Adu_S41_L004_R1_001.fastq.gz, in2=/research/labs/neurology/fryer/projects/aducanumab/mouse/bulkRNA/223_Adu_S41_L004_R2_001.fastq.gz, out1=trimmedReads/223_Adu_S41_L004_R1_trim.fastq.gz, out2=trimmedReads/223_Adu_S41_L004_R2_trim.fastq.gz, ref=refs/adapters.fa, ktrim=r, k=23, mink=11, hdist=1, tpe, tbo, threads=20, trimpolyg=1, trimpolya=1]
Version 39.01

Set threads to 20
maskMiddle was disabled because useShortKmers=true
0.018 seconds.
Initial:
Memory: max=3221m, total=3221m, free=3191m, used=30m

Added 3614 kmers; time: 	0.017 seconds.
Memory: max=3221m, total=3221m, free=3182m, used=39m

Input is being processed as paired
Started output streams:	0.109 seconds.
[W::bgzf_read_block] EOF marker is absent. The input may be truncated
[W::bgzf_read_block] EOF marker is absent. The input may be truncated
Processing time:   		76.129 seconds.

Input:                  	73814990 reads 		7455313990 bases.
Polymer-trimmed:        	113711990 reads (154.05%) 	213258910 bases (2.86%)
KTrimmed:               	2241928 reads (3.04%) 	71973630 bases (0.97%)
Trimmed by overlap:     	1706940 reads (2.31%) 	8874172 bases (0.12%)
Total Removed:          	142120 reads (0.19%) 	294106712 bases (3.94%)
Result:                 	73672870 reads (99.81%) 	7161207278 bases (96.06%)

Time:                         	76.256 seconds.
Reads Processed:      73814k 	967.99k reads/sec
Bases Processed:       7455m 	97.77m bases/sec
[Tue Oct  3 13:21:59 2023]
Finished job 0.
1 of 1 steps (100%) done
