Building DAG of jobs...
Using shell: /usr/bin/bash
Provided cores: 20
Rules claiming more threads will be scaled down.
Provided resources: mem_mb=33867, mem_mib=32299, disk_mb=33867, disk_mib=32299
Select jobs to execute...

[Tue Oct  3 13:16:29 2023]
rule trim_bbduk:
    input: /research/labs/neurology/fryer/projects/aducanumab/mouse/bulkRNA/713_Adu_S10_L001_R1_001.fastq.gz, /research/labs/neurology/fryer/projects/aducanumab/mouse/bulkRNA/713_Adu_S10_L001_R2_001.fastq.gz, /research/labs/neurology/fryer/projects/aducanumab/mouse/bulkRNA/713_Adu_S10_L002_R1_001.fastq.gz, /research/labs/neurology/fryer/projects/aducanumab/mouse/bulkRNA/713_Adu_S10_L002_R2_001.fastq.gz, /research/labs/neurology/fryer/projects/aducanumab/mouse/bulkRNA/713_Adu_S10_L003_R1_001.fastq.gz, /research/labs/neurology/fryer/projects/aducanumab/mouse/bulkRNA/713_Adu_S10_L003_R2_001.fastq.gz, /research/labs/neurology/fryer/projects/aducanumab/mouse/bulkRNA/713_Adu_S10_L004_R1_001.fastq.gz, /research/labs/neurology/fryer/projects/aducanumab/mouse/bulkRNA/713_Adu_S10_L004_R2_001.fastq.gz
    output: trimmedReads/713_Adu_S10_L001_R1_trim.fastq.gz, trimmedReads/713_Adu_S10_L001_R2_trim.fastq.gz, trimmedReads/713_Adu_S10_L002_R1_trim.fastq.gz, trimmedReads/713_Adu_S10_L002_R2_trim.fastq.gz, trimmedReads/713_Adu_S10_L003_R1_trim.fastq.gz, trimmedReads/713_Adu_S10_L003_R2_trim.fastq.gz, trimmedReads/713_Adu_S10_L004_R1_trim.fastq.gz, trimmedReads/713_Adu_S10_L004_R2_trim.fastq.gz
    jobid: 0
    reason: Missing output files: trimmedReads/713_Adu_S10_L001_R2_trim.fastq.gz, trimmedReads/713_Adu_S10_L002_R2_trim.fastq.gz, trimmedReads/713_Adu_S10_L003_R2_trim.fastq.gz, trimmedReads/713_Adu_S10_L003_R1_trim.fastq.gz, trimmedReads/713_Adu_S10_L004_R1_trim.fastq.gz, trimmedReads/713_Adu_S10_L002_R1_trim.fastq.gz, trimmedReads/713_Adu_S10_L004_R2_trim.fastq.gz, trimmedReads/713_Adu_S10_L001_R1_trim.fastq.gz
    wildcards: sample=713_Adu_S10
    resources: mem_mb=33867, mem_mib=32299, disk_mb=33867, disk_mib=32299, tmpdir=/tmp

java -ea -Xmx3g -Xms3g -cp /research/labs/neurology/fryer/m214960/tools/miniconda3/envs/aducanumab/opt/bbmap-39.01-1/current/ jgi.BBDuk -Xmx3g in1=/research/labs/neurology/fryer/projects/aducanumab/mouse/bulkRNA/713_Adu_S10_L001_R1_001.fastq.gz in2=/research/labs/neurology/fryer/projects/aducanumab/mouse/bulkRNA/713_Adu_S10_L001_R2_001.fastq.gz out1=trimmedReads/713_Adu_S10_L001_R1_trim.fastq.gz out2=trimmedReads/713_Adu_S10_L001_R2_trim.fastq.gz ref=refs/adapters.fa ktrim=r k=23 mink=11 hdist=1 tpe tbo threads=20 trimpolyg=1 trimpolya=1
Executing jgi.BBDuk [-Xmx3g, in1=/research/labs/neurology/fryer/projects/aducanumab/mouse/bulkRNA/713_Adu_S10_L001_R1_001.fastq.gz, in2=/research/labs/neurology/fryer/projects/aducanumab/mouse/bulkRNA/713_Adu_S10_L001_R2_001.fastq.gz, out1=trimmedReads/713_Adu_S10_L001_R1_trim.fastq.gz, out2=trimmedReads/713_Adu_S10_L001_R2_trim.fastq.gz, ref=refs/adapters.fa, ktrim=r, k=23, mink=11, hdist=1, tpe, tbo, threads=20, trimpolyg=1, trimpolya=1]
Version 39.01

Set threads to 20
maskMiddle was disabled because useShortKmers=true
0.026 seconds.
Initial:
Memory: max=3221m, total=3221m, free=3191m, used=30m

Added 3614 kmers; time: 	0.028 seconds.
Memory: max=3221m, total=3221m, free=3183m, used=38m

Input is being processed as paired
Started output streams:	0.127 seconds.
[W::bgzf_read_block] EOF marker is absent. The input may be truncated
[W::bgzf_read_block] EOF marker is absent. The input may be truncated
Processing time:   		83.201 seconds.

Input:                  	78674576 reads 		7946132176 bases.
Polymer-trimmed:        	118587645 reads (150.73%) 	222524435 bases (2.80%)
KTrimmed:               	2498778 reads (3.18%) 	80516696 bases (1.01%)
Trimmed by overlap:     	1757202 reads (2.23%) 	9228010 bases (0.12%)
Total Removed:          	134536 reads (0.17%) 	312269141 bases (3.93%)
Result:                 	78540040 reads (99.83%) 	7633863035 bases (96.07%)

Time:                         	83.357 seconds.
Reads Processed:      78674k 	943.83k reads/sec
Bases Processed:       7946m 	95.33m bases/sec
java -ea -Xmx3g -Xms3g -cp /research/labs/neurology/fryer/m214960/tools/miniconda3/envs/aducanumab/opt/bbmap-39.01-1/current/ jgi.BBDuk -Xmx3g in1=/research/labs/neurology/fryer/projects/aducanumab/mouse/bulkRNA/713_Adu_S10_L002_R1_001.fastq.gz in2=/research/labs/neurology/fryer/projects/aducanumab/mouse/bulkRNA/713_Adu_S10_L002_R2_001.fastq.gz out1=trimmedReads/713_Adu_S10_L002_R1_trim.fastq.gz out2=trimmedReads/713_Adu_S10_L002_R2_trim.fastq.gz ref=refs/adapters.fa ktrim=r k=23 mink=11 hdist=1 tpe tbo threads=20 trimpolyg=1 trimpolya=1
Executing jgi.BBDuk [-Xmx3g, in1=/research/labs/neurology/fryer/projects/aducanumab/mouse/bulkRNA/713_Adu_S10_L002_R1_001.fastq.gz, in2=/research/labs/neurology/fryer/projects/aducanumab/mouse/bulkRNA/713_Adu_S10_L002_R2_001.fastq.gz, out1=trimmedReads/713_Adu_S10_L002_R1_trim.fastq.gz, out2=trimmedReads/713_Adu_S10_L002_R2_trim.fastq.gz, ref=refs/adapters.fa, ktrim=r, k=23, mink=11, hdist=1, tpe, tbo, threads=20, trimpolyg=1, trimpolya=1]
Version 39.01

Set threads to 20
maskMiddle was disabled because useShortKmers=true
0.017 seconds.
Initial:
Memory: max=3221m, total=3221m, free=3191m, used=30m

Added 3614 kmers; time: 	0.029 seconds.
Memory: max=3221m, total=3221m, free=3182m, used=39m

Input is being processed as paired
Started output streams:	0.091 seconds.
[W::bgzf_read_block] EOF marker is absent. The input may be truncated
[W::bgzf_read_block] EOF marker is absent. The input may be truncated
Processing time:   		81.548 seconds.

Input:                  	78540946 reads 		7932635546 bases.
Polymer-trimmed:        	118175014 reads (150.46%) 	221953836 bases (2.80%)
KTrimmed:               	2452966 reads (3.12%) 	78905468 bases (0.99%)
Trimmed by overlap:     	1723952 reads (2.19%) 	9045040 bases (0.11%)
Total Removed:          	135074 reads (0.17%) 	309904344 bases (3.91%)
Result:                 	78405872 reads (99.83%) 	7622731202 bases (96.09%)

Time:                         	81.671 seconds.
Reads Processed:      78540k 	961.67k reads/sec
Bases Processed:       7932m 	97.13m bases/sec
java -ea -Xmx3g -Xms3g -cp /research/labs/neurology/fryer/m214960/tools/miniconda3/envs/aducanumab/opt/bbmap-39.01-1/current/ jgi.BBDuk -Xmx3g in1=/research/labs/neurology/fryer/projects/aducanumab/mouse/bulkRNA/713_Adu_S10_L003_R1_001.fastq.gz in2=/research/labs/neurology/fryer/projects/aducanumab/mouse/bulkRNA/713_Adu_S10_L003_R2_001.fastq.gz out1=trimmedReads/713_Adu_S10_L003_R1_trim.fastq.gz out2=trimmedReads/713_Adu_S10_L003_R2_trim.fastq.gz ref=refs/adapters.fa ktrim=r k=23 mink=11 hdist=1 tpe tbo threads=20 trimpolyg=1 trimpolya=1
Executing jgi.BBDuk [-Xmx3g, in1=/research/labs/neurology/fryer/projects/aducanumab/mouse/bulkRNA/713_Adu_S10_L003_R1_001.fastq.gz, in2=/research/labs/neurology/fryer/projects/aducanumab/mouse/bulkRNA/713_Adu_S10_L003_R2_001.fastq.gz, out1=trimmedReads/713_Adu_S10_L003_R1_trim.fastq.gz, out2=trimmedReads/713_Adu_S10_L003_R2_trim.fastq.gz, ref=refs/adapters.fa, ktrim=r, k=23, mink=11, hdist=1, tpe, tbo, threads=20, trimpolyg=1, trimpolya=1]
Version 39.01

Set threads to 20
maskMiddle was disabled because useShortKmers=true
0.019 seconds.
Initial:
Memory: max=3221m, total=3221m, free=3191m, used=30m

Added 3614 kmers; time: 	0.018 seconds.
Memory: max=3221m, total=3221m, free=3183m, used=38m

Input is being processed as paired
Started output streams:	0.168 seconds.
[W::bgzf_read_block] EOF marker is absent. The input may be truncated
[W::bgzf_read_block] EOF marker is absent. The input may be truncated
Processing time:   		81.665 seconds.

Input:                  	78217182 reads 		7899935382 bases.
Polymer-trimmed:        	118010639 reads (150.88%) 	222063203 bases (2.81%)
KTrimmed:               	2431154 reads (3.11%) 	78245460 bases (0.99%)
Trimmed by overlap:     	1716918 reads (2.20%) 	9013616 bases (0.11%)
Total Removed:          	138704 reads (0.18%) 	309322279 bases (3.92%)
Result:                 	78078478 reads (99.82%) 	7590613103 bases (96.08%)

Time:                         	81.852 seconds.
Reads Processed:      78217k 	955.59k reads/sec
Bases Processed:       7899m 	96.51m bases/sec
java -ea -Xmx3g -Xms3g -cp /research/labs/neurology/fryer/m214960/tools/miniconda3/envs/aducanumab/opt/bbmap-39.01-1/current/ jgi.BBDuk -Xmx3g in1=/research/labs/neurology/fryer/projects/aducanumab/mouse/bulkRNA/713_Adu_S10_L004_R1_001.fastq.gz in2=/research/labs/neurology/fryer/projects/aducanumab/mouse/bulkRNA/713_Adu_S10_L004_R2_001.fastq.gz out1=trimmedReads/713_Adu_S10_L004_R1_trim.fastq.gz out2=trimmedReads/713_Adu_S10_L004_R2_trim.fastq.gz ref=refs/adapters.fa ktrim=r k=23 mink=11 hdist=1 tpe tbo threads=20 trimpolyg=1 trimpolya=1
Executing jgi.BBDuk [-Xmx3g, in1=/research/labs/neurology/fryer/projects/aducanumab/mouse/bulkRNA/713_Adu_S10_L004_R1_001.fastq.gz, in2=/research/labs/neurology/fryer/projects/aducanumab/mouse/bulkRNA/713_Adu_S10_L004_R2_001.fastq.gz, out1=trimmedReads/713_Adu_S10_L004_R1_trim.fastq.gz, out2=trimmedReads/713_Adu_S10_L004_R2_trim.fastq.gz, ref=refs/adapters.fa, ktrim=r, k=23, mink=11, hdist=1, tpe, tbo, threads=20, trimpolyg=1, trimpolya=1]
Version 39.01

Set threads to 20
maskMiddle was disabled because useShortKmers=true
0.018 seconds.
Initial:
Memory: max=3221m, total=3221m, free=3191m, used=30m

Added 3614 kmers; time: 	0.019 seconds.
Memory: max=3221m, total=3221m, free=3182m, used=39m

Input is being processed as paired
Started output streams:	0.172 seconds.
[W::bgzf_read_block] EOF marker is absent. The input may be truncated
[W::bgzf_read_block] EOF marker is absent. The input may be truncated
Processing time:   		81.487 seconds.

Input:                  	78426628 reads 		7921089428 bases.
Polymer-trimmed:        	118254988 reads (150.78%) 	222418336 bases (2.81%)
KTrimmed:               	2435768 reads (3.11%) 	78398960 bases (0.99%)
Trimmed by overlap:     	1719196 reads (2.19%) 	9033818 bases (0.11%)
Total Removed:          	137306 reads (0.18%) 	309851114 bases (3.91%)
Result:                 	78289322 reads (99.82%) 	7611238314 bases (96.09%)

Time:                         	81.680 seconds.
Reads Processed:      78426k 	960.17k reads/sec
Bases Processed:       7921m 	96.98m bases/sec
[Tue Oct  3 13:22:00 2023]
Finished job 0.
1 of 1 steps (100%) done
