Building DAG of jobs...
Using shell: /usr/bin/bash
Provided cores: 20
Rules claiming more threads will be scaled down.
Provided resources: mem_mb=34772, mem_mib=33162, disk_mb=34772, disk_mib=33162
Select jobs to execute...

[Tue Oct  3 13:16:29 2023]
rule trim_bbduk:
    input: /research/labs/neurology/fryer/projects/aducanumab/mouse/bulkRNA/734_Adu_R_S63_L001_R1_001.fastq.gz, /research/labs/neurology/fryer/projects/aducanumab/mouse/bulkRNA/734_Adu_R_S63_L001_R2_001.fastq.gz, /research/labs/neurology/fryer/projects/aducanumab/mouse/bulkRNA/734_Adu_R_S63_L002_R1_001.fastq.gz, /research/labs/neurology/fryer/projects/aducanumab/mouse/bulkRNA/734_Adu_R_S63_L002_R2_001.fastq.gz, /research/labs/neurology/fryer/projects/aducanumab/mouse/bulkRNA/734_Adu_R_S63_L003_R1_001.fastq.gz, /research/labs/neurology/fryer/projects/aducanumab/mouse/bulkRNA/734_Adu_R_S63_L003_R2_001.fastq.gz, /research/labs/neurology/fryer/projects/aducanumab/mouse/bulkRNA/734_Adu_R_S63_L004_R1_001.fastq.gz, /research/labs/neurology/fryer/projects/aducanumab/mouse/bulkRNA/734_Adu_R_S63_L004_R2_001.fastq.gz
    output: trimmedReads/734_Adu_R_S63_L001_R1_trim.fastq.gz, trimmedReads/734_Adu_R_S63_L001_R2_trim.fastq.gz, trimmedReads/734_Adu_R_S63_L002_R1_trim.fastq.gz, trimmedReads/734_Adu_R_S63_L002_R2_trim.fastq.gz, trimmedReads/734_Adu_R_S63_L003_R1_trim.fastq.gz, trimmedReads/734_Adu_R_S63_L003_R2_trim.fastq.gz, trimmedReads/734_Adu_R_S63_L004_R1_trim.fastq.gz, trimmedReads/734_Adu_R_S63_L004_R2_trim.fastq.gz
    jobid: 0
    reason: Missing output files: trimmedReads/734_Adu_R_S63_L001_R1_trim.fastq.gz, trimmedReads/734_Adu_R_S63_L003_R1_trim.fastq.gz, trimmedReads/734_Adu_R_S63_L004_R1_trim.fastq.gz, trimmedReads/734_Adu_R_S63_L002_R2_trim.fastq.gz, trimmedReads/734_Adu_R_S63_L004_R2_trim.fastq.gz, trimmedReads/734_Adu_R_S63_L003_R2_trim.fastq.gz, trimmedReads/734_Adu_R_S63_L001_R2_trim.fastq.gz, trimmedReads/734_Adu_R_S63_L002_R1_trim.fastq.gz
    wildcards: sample=734_Adu_R_S63
    resources: mem_mb=34772, mem_mib=33162, disk_mb=34772, disk_mib=33162, tmpdir=/tmp

java -ea -Xmx3g -Xms3g -cp /research/labs/neurology/fryer/m214960/tools/miniconda3/envs/aducanumab/opt/bbmap-39.01-1/current/ jgi.BBDuk -Xmx3g in1=/research/labs/neurology/fryer/projects/aducanumab/mouse/bulkRNA/734_Adu_R_S63_L001_R1_001.fastq.gz in2=/research/labs/neurology/fryer/projects/aducanumab/mouse/bulkRNA/734_Adu_R_S63_L001_R2_001.fastq.gz out1=trimmedReads/734_Adu_R_S63_L001_R1_trim.fastq.gz out2=trimmedReads/734_Adu_R_S63_L001_R2_trim.fastq.gz ref=refs/adapters.fa ktrim=r k=23 mink=11 hdist=1 tpe tbo threads=20 trimpolyg=1 trimpolya=1
Executing jgi.BBDuk [-Xmx3g, in1=/research/labs/neurology/fryer/projects/aducanumab/mouse/bulkRNA/734_Adu_R_S63_L001_R1_001.fastq.gz, in2=/research/labs/neurology/fryer/projects/aducanumab/mouse/bulkRNA/734_Adu_R_S63_L001_R2_001.fastq.gz, out1=trimmedReads/734_Adu_R_S63_L001_R1_trim.fastq.gz, out2=trimmedReads/734_Adu_R_S63_L001_R2_trim.fastq.gz, ref=refs/adapters.fa, ktrim=r, k=23, mink=11, hdist=1, tpe, tbo, threads=20, trimpolyg=1, trimpolya=1]
Version 39.01

Set threads to 20
maskMiddle was disabled because useShortKmers=true
0.018 seconds.
Initial:
Memory: max=3221m, total=3221m, free=3191m, used=30m

Added 3614 kmers; time: 	0.022 seconds.
Memory: max=3221m, total=3221m, free=3182m, used=39m

Input is being processed as paired
Started output streams:	0.163 seconds.
[W::bgzf_read_block] EOF marker is absent. The input may be truncated
[W::bgzf_read_block] EOF marker is absent. The input may be truncated
Processing time:   		80.703 seconds.

Input:                  	80446430 reads 		8125089430 bases.
Polymer-trimmed:        	122110992 reads (151.79%) 	230783589 bases (2.84%)
KTrimmed:               	2728514 reads (3.39%) 	92709010 bases (1.14%)
Trimmed by overlap:     	1886748 reads (2.35%) 	9874868 bases (0.12%)
Total Removed:          	205082 reads (0.25%) 	333367467 bases (4.10%)
Result:                 	80241348 reads (99.75%) 	7791721963 bases (95.90%)

Time:                         	80.889 seconds.
Reads Processed:      80446k 	994.52k reads/sec
Bases Processed:       8125m 	100.45m bases/sec
java -ea -Xmx3g -Xms3g -cp /research/labs/neurology/fryer/m214960/tools/miniconda3/envs/aducanumab/opt/bbmap-39.01-1/current/ jgi.BBDuk -Xmx3g in1=/research/labs/neurology/fryer/projects/aducanumab/mouse/bulkRNA/734_Adu_R_S63_L002_R1_001.fastq.gz in2=/research/labs/neurology/fryer/projects/aducanumab/mouse/bulkRNA/734_Adu_R_S63_L002_R2_001.fastq.gz out1=trimmedReads/734_Adu_R_S63_L002_R1_trim.fastq.gz out2=trimmedReads/734_Adu_R_S63_L002_R2_trim.fastq.gz ref=refs/adapters.fa ktrim=r k=23 mink=11 hdist=1 tpe tbo threads=20 trimpolyg=1 trimpolya=1
Executing jgi.BBDuk [-Xmx3g, in1=/research/labs/neurology/fryer/projects/aducanumab/mouse/bulkRNA/734_Adu_R_S63_L002_R1_001.fastq.gz, in2=/research/labs/neurology/fryer/projects/aducanumab/mouse/bulkRNA/734_Adu_R_S63_L002_R2_001.fastq.gz, out1=trimmedReads/734_Adu_R_S63_L002_R1_trim.fastq.gz, out2=trimmedReads/734_Adu_R_S63_L002_R2_trim.fastq.gz, ref=refs/adapters.fa, ktrim=r, k=23, mink=11, hdist=1, tpe, tbo, threads=20, trimpolyg=1, trimpolya=1]
Version 39.01

Set threads to 20
maskMiddle was disabled because useShortKmers=true
0.017 seconds.
Initial:
Memory: max=3221m, total=3221m, free=3191m, used=30m

Added 3614 kmers; time: 	0.015 seconds.
Memory: max=3221m, total=3221m, free=3182m, used=39m

Input is being processed as paired
Started output streams:	0.177 seconds.
[W::bgzf_read_block] [W::bgzf_read_block] EOF marker is absent. The input may be truncatedEOF marker is absent. The input may be truncated

Processing time:   		80.900 seconds.

Input:                  	80888308 reads 		8169719108 bases.
Polymer-trimmed:        	122786920 reads (151.80%) 	232290266 bases (2.84%)
KTrimmed:               	2691732 reads (3.33%) 	91354698 bases (1.12%)
Trimmed by overlap:     	1865992 reads (2.31%) 	9776768 bases (0.12%)
Total Removed:          	204972 reads (0.25%) 	333421732 bases (4.08%)
Result:                 	80683336 reads (99.75%) 	7836297376 bases (95.92%)

Time:                         	81.093 seconds.
Reads Processed:      80888k 	997.47k reads/sec
Bases Processed:       8169m 	100.74m bases/sec
java -ea -Xmx3g -Xms3g -cp /research/labs/neurology/fryer/m214960/tools/miniconda3/envs/aducanumab/opt/bbmap-39.01-1/current/ jgi.BBDuk -Xmx3g in1=/research/labs/neurology/fryer/projects/aducanumab/mouse/bulkRNA/734_Adu_R_S63_L003_R1_001.fastq.gz in2=/research/labs/neurology/fryer/projects/aducanumab/mouse/bulkRNA/734_Adu_R_S63_L003_R2_001.fastq.gz out1=trimmedReads/734_Adu_R_S63_L003_R1_trim.fastq.gz out2=trimmedReads/734_Adu_R_S63_L003_R2_trim.fastq.gz ref=refs/adapters.fa ktrim=r k=23 mink=11 hdist=1 tpe tbo threads=20 trimpolyg=1 trimpolya=1
Executing jgi.BBDuk [-Xmx3g, in1=/research/labs/neurology/fryer/projects/aducanumab/mouse/bulkRNA/734_Adu_R_S63_L003_R1_001.fastq.gz, in2=/research/labs/neurology/fryer/projects/aducanumab/mouse/bulkRNA/734_Adu_R_S63_L003_R2_001.fastq.gz, out1=trimmedReads/734_Adu_R_S63_L003_R1_trim.fastq.gz, out2=trimmedReads/734_Adu_R_S63_L003_R2_trim.fastq.gz, ref=refs/adapters.fa, ktrim=r, k=23, mink=11, hdist=1, tpe, tbo, threads=20, trimpolyg=1, trimpolya=1]
Version 39.01

Set threads to 20
maskMiddle was disabled because useShortKmers=true
0.019 seconds.
Initial:
Memory: max=3221m, total=3221m, free=3191m, used=30m

Added 3614 kmers; time: 	0.023 seconds.
Memory: max=3221m, total=3221m, free=3181m, used=40m

Input is being processed as paired
Started output streams:	0.106 seconds.
[W::bgzf_read_block] EOF marker is absent. The input may be truncated
[W::bgzf_read_block] EOF marker is absent. The input may be truncated
Processing time:   		84.508 seconds.

Input:                  	81358082 reads 		8217166282 bases.
Polymer-trimmed:        	123875708 reads (152.26%) 	235112605 bases (2.86%)
KTrimmed:               	2697840 reads (3.32%) 	91590824 bases (1.11%)
Trimmed by overlap:     	1874204 reads (2.30%) 	9820666 bases (0.12%)
Total Removed:          	212210 reads (0.26%) 	336524095 bases (4.10%)
Result:                 	81145872 reads (99.74%) 	7880642187 bases (95.90%)

Time:                         	84.639 seconds.
Reads Processed:      81358k 	961.23k reads/sec
Bases Processed:       8217m 	97.08m bases/sec
java -ea -Xmx3g -Xms3g -cp /research/labs/neurology/fryer/m214960/tools/miniconda3/envs/aducanumab/opt/bbmap-39.01-1/current/ jgi.BBDuk -Xmx3g in1=/research/labs/neurology/fryer/projects/aducanumab/mouse/bulkRNA/734_Adu_R_S63_L004_R1_001.fastq.gz in2=/research/labs/neurology/fryer/projects/aducanumab/mouse/bulkRNA/734_Adu_R_S63_L004_R2_001.fastq.gz out1=trimmedReads/734_Adu_R_S63_L004_R1_trim.fastq.gz out2=trimmedReads/734_Adu_R_S63_L004_R2_trim.fastq.gz ref=refs/adapters.fa ktrim=r k=23 mink=11 hdist=1 tpe tbo threads=20 trimpolyg=1 trimpolya=1
Executing jgi.BBDuk [-Xmx3g, in1=/research/labs/neurology/fryer/projects/aducanumab/mouse/bulkRNA/734_Adu_R_S63_L004_R1_001.fastq.gz, in2=/research/labs/neurology/fryer/projects/aducanumab/mouse/bulkRNA/734_Adu_R_S63_L004_R2_001.fastq.gz, out1=trimmedReads/734_Adu_R_S63_L004_R1_trim.fastq.gz, out2=trimmedReads/734_Adu_R_S63_L004_R2_trim.fastq.gz, ref=refs/adapters.fa, ktrim=r, k=23, mink=11, hdist=1, tpe, tbo, threads=20, trimpolyg=1, trimpolya=1]
Version 39.01

Set threads to 20
maskMiddle was disabled because useShortKmers=true
0.018 seconds.
Initial:
Memory: max=3221m, total=3221m, free=3191m, used=30m

Added 3614 kmers; time: 	0.019 seconds.
Memory: max=3221m, total=3221m, free=3182m, used=39m

Input is being processed as paired
Started output streams:	0.198 seconds.
[W::bgzf_read_block] EOF marker is absent. The input may be truncated
[W::bgzf_read_block] EOF marker is absent. The input may be truncated
Processing time:   		82.937 seconds.

Input:                  	81257982 reads 		8207056182 bases.
Polymer-trimmed:        	123722255 reads (152.26%) 	234588126 bases (2.86%)
KTrimmed:               	2688406 reads (3.31%) 	91101488 bases (1.11%)
Trimmed by overlap:     	1867852 reads (2.30%) 	9781348 bases (0.12%)
Total Removed:          	208468 reads (0.26%) 	335470962 bases (4.09%)
Result:                 	81049514 reads (99.74%) 	7871585220 bases (95.91%)

Time:                         	83.156 seconds.
Reads Processed:      81257k 	977.17k reads/sec
Bases Processed:       8207m 	98.69m bases/sec
[Tue Oct  3 13:22:01 2023]
Finished job 0.
1 of 1 steps (100%) done
