Building DAG of jobs...
Using shell: /usr/bin/bash
Provided cores: 20
Rules claiming more threads will be scaled down.
Provided resources: mem_mb=42025, mem_mib=40079, disk_mb=42025, disk_mib=40079
Select jobs to execute...

[Tue Oct  3 13:16:29 2023]
rule trim_bbduk:
    input: /research/labs/neurology/fryer/projects/aducanumab/mouse/bulkRNA/206_IgG_S60_L001_R1_001.fastq.gz, /research/labs/neurology/fryer/projects/aducanumab/mouse/bulkRNA/206_IgG_S60_L001_R2_001.fastq.gz, /research/labs/neurology/fryer/projects/aducanumab/mouse/bulkRNA/206_IgG_S60_L002_R1_001.fastq.gz, /research/labs/neurology/fryer/projects/aducanumab/mouse/bulkRNA/206_IgG_S60_L002_R2_001.fastq.gz, /research/labs/neurology/fryer/projects/aducanumab/mouse/bulkRNA/206_IgG_S60_L003_R1_001.fastq.gz, /research/labs/neurology/fryer/projects/aducanumab/mouse/bulkRNA/206_IgG_S60_L003_R2_001.fastq.gz, /research/labs/neurology/fryer/projects/aducanumab/mouse/bulkRNA/206_IgG_S60_L004_R1_001.fastq.gz, /research/labs/neurology/fryer/projects/aducanumab/mouse/bulkRNA/206_IgG_S60_L004_R2_001.fastq.gz
    output: trimmedReads/206_IgG_S60_L001_R1_trim.fastq.gz, trimmedReads/206_IgG_S60_L001_R2_trim.fastq.gz, trimmedReads/206_IgG_S60_L002_R1_trim.fastq.gz, trimmedReads/206_IgG_S60_L002_R2_trim.fastq.gz, trimmedReads/206_IgG_S60_L003_R1_trim.fastq.gz, trimmedReads/206_IgG_S60_L003_R2_trim.fastq.gz, trimmedReads/206_IgG_S60_L004_R1_trim.fastq.gz, trimmedReads/206_IgG_S60_L004_R2_trim.fastq.gz
    jobid: 0
    reason: Missing output files: trimmedReads/206_IgG_S60_L002_R1_trim.fastq.gz, trimmedReads/206_IgG_S60_L003_R1_trim.fastq.gz, trimmedReads/206_IgG_S60_L001_R2_trim.fastq.gz, trimmedReads/206_IgG_S60_L004_R1_trim.fastq.gz, trimmedReads/206_IgG_S60_L004_R2_trim.fastq.gz, trimmedReads/206_IgG_S60_L003_R2_trim.fastq.gz, trimmedReads/206_IgG_S60_L002_R2_trim.fastq.gz, trimmedReads/206_IgG_S60_L001_R1_trim.fastq.gz
    wildcards: sample=206_IgG_S60
    resources: mem_mb=42025, mem_mib=40079, disk_mb=42025, disk_mib=40079, tmpdir=/tmp

java -ea -Xmx3g -Xms3g -cp /research/labs/neurology/fryer/m214960/tools/miniconda3/envs/aducanumab/opt/bbmap-39.01-1/current/ jgi.BBDuk -Xmx3g in1=/research/labs/neurology/fryer/projects/aducanumab/mouse/bulkRNA/206_IgG_S60_L001_R1_001.fastq.gz in2=/research/labs/neurology/fryer/projects/aducanumab/mouse/bulkRNA/206_IgG_S60_L001_R2_001.fastq.gz out1=trimmedReads/206_IgG_S60_L001_R1_trim.fastq.gz out2=trimmedReads/206_IgG_S60_L001_R2_trim.fastq.gz ref=refs/adapters.fa ktrim=r k=23 mink=11 hdist=1 tpe tbo threads=20 trimpolyg=1 trimpolya=1
Executing jgi.BBDuk [-Xmx3g, in1=/research/labs/neurology/fryer/projects/aducanumab/mouse/bulkRNA/206_IgG_S60_L001_R1_001.fastq.gz, in2=/research/labs/neurology/fryer/projects/aducanumab/mouse/bulkRNA/206_IgG_S60_L001_R2_001.fastq.gz, out1=trimmedReads/206_IgG_S60_L001_R1_trim.fastq.gz, out2=trimmedReads/206_IgG_S60_L001_R2_trim.fastq.gz, ref=refs/adapters.fa, ktrim=r, k=23, mink=11, hdist=1, tpe, tbo, threads=20, trimpolyg=1, trimpolya=1]
Version 39.01

Set threads to 20
maskMiddle was disabled because useShortKmers=true
0.024 seconds.
Initial:
Memory: max=3221m, total=3221m, free=3191m, used=30m

Added 3614 kmers; time: 	0.028 seconds.
Memory: max=3221m, total=3221m, free=3181m, used=40m

Input is being processed as paired
Started output streams:	0.144 seconds.
[W::bgzf_read_block] EOF marker is absent. The input may be truncated
[W::bgzf_read_block] EOF marker is absent. The input may be truncated
Processing time:   		105.733 seconds.

Input:                  	99091578 reads 		10008249378 bases.
Polymer-trimmed:        	151531137 reads (152.92%) 	282215061 bases (2.82%)
KTrimmed:               	2894874 reads (2.92%) 	96568492 bases (0.96%)
Trimmed by overlap:     	1961178 reads (1.98%) 	10182348 bases (0.10%)
Total Removed:          	147794 reads (0.15%) 	388965901 bases (3.89%)
Result:                 	98943784 reads (99.85%) 	9619283477 bases (96.11%)

Time:                         	105.906 seconds.
Reads Processed:      99091k 	935.65k reads/sec
Bases Processed:      10008m 	94.50m bases/sec
java -ea -Xmx3g -Xms3g -cp /research/labs/neurology/fryer/m214960/tools/miniconda3/envs/aducanumab/opt/bbmap-39.01-1/current/ jgi.BBDuk -Xmx3g in1=/research/labs/neurology/fryer/projects/aducanumab/mouse/bulkRNA/206_IgG_S60_L002_R1_001.fastq.gz in2=/research/labs/neurology/fryer/projects/aducanumab/mouse/bulkRNA/206_IgG_S60_L002_R2_001.fastq.gz out1=trimmedReads/206_IgG_S60_L002_R1_trim.fastq.gz out2=trimmedReads/206_IgG_S60_L002_R2_trim.fastq.gz ref=refs/adapters.fa ktrim=r k=23 mink=11 hdist=1 tpe tbo threads=20 trimpolyg=1 trimpolya=1
Executing jgi.BBDuk [-Xmx3g, in1=/research/labs/neurology/fryer/projects/aducanumab/mouse/bulkRNA/206_IgG_S60_L002_R1_001.fastq.gz, in2=/research/labs/neurology/fryer/projects/aducanumab/mouse/bulkRNA/206_IgG_S60_L002_R2_001.fastq.gz, out1=trimmedReads/206_IgG_S60_L002_R1_trim.fastq.gz, out2=trimmedReads/206_IgG_S60_L002_R2_trim.fastq.gz, ref=refs/adapters.fa, ktrim=r, k=23, mink=11, hdist=1, tpe, tbo, threads=20, trimpolyg=1, trimpolya=1]
Version 39.01

Set threads to 20
maskMiddle was disabled because useShortKmers=true
0.018 seconds.
Initial:
Memory: max=3221m, total=3221m, free=3191m, used=30m

Added 3614 kmers; time: 	0.020 seconds.
Memory: max=3221m, total=3221m, free=3183m, used=38m

Input is being processed as paired
Started output streams:	0.130 seconds.
[W::bgzf_read_block] EOF marker is absent. The input may be truncated
[W::bgzf_read_block] EOF marker is absent. The input may be truncated
Processing time:   		106.492 seconds.

Input:                  	99338700 reads 		10033208700 bases.
Polymer-trimmed:        	151670972 reads (152.68%) 	282543744 bases (2.82%)
KTrimmed:               	2855840 reads (2.87%) 	95132294 bases (0.95%)
Trimmed by overlap:     	1937716 reads (1.95%) 	10074878 bases (0.10%)
Total Removed:          	147166 reads (0.15%) 	387750916 bases (3.86%)
Result:                 	99191534 reads (99.85%) 	9645457784 bases (96.14%)

Time:                         	106.644 seconds.
Reads Processed:      99338k 	931.50k reads/sec
Bases Processed:      10033m 	94.08m bases/sec
java -ea -Xmx3g -Xms3g -cp /research/labs/neurology/fryer/m214960/tools/miniconda3/envs/aducanumab/opt/bbmap-39.01-1/current/ jgi.BBDuk -Xmx3g in1=/research/labs/neurology/fryer/projects/aducanumab/mouse/bulkRNA/206_IgG_S60_L003_R1_001.fastq.gz in2=/research/labs/neurology/fryer/projects/aducanumab/mouse/bulkRNA/206_IgG_S60_L003_R2_001.fastq.gz out1=trimmedReads/206_IgG_S60_L003_R1_trim.fastq.gz out2=trimmedReads/206_IgG_S60_L003_R2_trim.fastq.gz ref=refs/adapters.fa ktrim=r k=23 mink=11 hdist=1 tpe tbo threads=20 trimpolyg=1 trimpolya=1
Executing jgi.BBDuk [-Xmx3g, in1=/research/labs/neurology/fryer/projects/aducanumab/mouse/bulkRNA/206_IgG_S60_L003_R1_001.fastq.gz, in2=/research/labs/neurology/fryer/projects/aducanumab/mouse/bulkRNA/206_IgG_S60_L003_R2_001.fastq.gz, out1=trimmedReads/206_IgG_S60_L003_R1_trim.fastq.gz, out2=trimmedReads/206_IgG_S60_L003_R2_trim.fastq.gz, ref=refs/adapters.fa, ktrim=r, k=23, mink=11, hdist=1, tpe, tbo, threads=20, trimpolyg=1, trimpolya=1]
Version 39.01

Set threads to 20
maskMiddle was disabled because useShortKmers=true
0.020 seconds.
Initial:
Memory: max=3221m, total=3221m, free=3191m, used=30m

Added 3614 kmers; time: 	0.019 seconds.
Memory: max=3221m, total=3221m, free=3182m, used=39m

Input is being processed as paired
Started output streams:	0.085 seconds.
[W::bgzf_read_block] EOF marker is absent. The input may be truncated
[W::bgzf_read_block] EOF marker is absent. The input may be truncated
Processing time:   		104.385 seconds.

Input:                  	99625380 reads 		10062163380 bases.
Polymer-trimmed:        	152437413 reads (153.01%) 	284320221 bases (2.83%)
KTrimmed:               	2855750 reads (2.87%) 	95141000 bases (0.95%)
Trimmed by overlap:     	1940556 reads (1.95%) 	10088040 bases (0.10%)
Total Removed:          	151018 reads (0.15%) 	389549261 bases (3.87%)
Result:                 	99474362 reads (99.85%) 	9672614119 bases (96.13%)

Time:                         	104.491 seconds.
Reads Processed:      99625k 	953.44k reads/sec
Bases Processed:      10062m 	96.30m bases/sec
java -ea -Xmx3g -Xms3g -cp /research/labs/neurology/fryer/m214960/tools/miniconda3/envs/aducanumab/opt/bbmap-39.01-1/current/ jgi.BBDuk -Xmx3g in1=/research/labs/neurology/fryer/projects/aducanumab/mouse/bulkRNA/206_IgG_S60_L004_R1_001.fastq.gz in2=/research/labs/neurology/fryer/projects/aducanumab/mouse/bulkRNA/206_IgG_S60_L004_R2_001.fastq.gz out1=trimmedReads/206_IgG_S60_L004_R1_trim.fastq.gz out2=trimmedReads/206_IgG_S60_L004_R2_trim.fastq.gz ref=refs/adapters.fa ktrim=r k=23 mink=11 hdist=1 tpe tbo threads=20 trimpolyg=1 trimpolya=1
Executing jgi.BBDuk [-Xmx3g, in1=/research/labs/neurology/fryer/projects/aducanumab/mouse/bulkRNA/206_IgG_S60_L004_R1_001.fastq.gz, in2=/research/labs/neurology/fryer/projects/aducanumab/mouse/bulkRNA/206_IgG_S60_L004_R2_001.fastq.gz, out1=trimmedReads/206_IgG_S60_L004_R1_trim.fastq.gz, out2=trimmedReads/206_IgG_S60_L004_R2_trim.fastq.gz, ref=refs/adapters.fa, ktrim=r, k=23, mink=11, hdist=1, tpe, tbo, threads=20, trimpolyg=1, trimpolya=1]
Version 39.01

Set threads to 20
maskMiddle was disabled because useShortKmers=true
0.019 seconds.
Initial:
Memory: max=3221m, total=3221m, free=3191m, used=30m

Added 3614 kmers; time: 	0.019 seconds.
Memory: max=3221m, total=3221m, free=3183m, used=38m

Input is being processed as paired
Started output streams:	0.195 seconds.
[W::bgzf_read_block] EOF marker is absent. The input may be truncated
[W::bgzf_read_block] EOF marker is absent. The input may be truncated
Processing time:   		104.090 seconds.

Input:                  	99612684 reads 		10060881084 bases.
Polymer-trimmed:        	152360333 reads (152.95%) 	284130037 bases (2.82%)
KTrimmed:               	2848936 reads (2.86%) 	94767730 bases (0.94%)
Trimmed by overlap:     	1940740 reads (1.95%) 	10093230 bases (0.10%)
Total Removed:          	148108 reads (0.15%) 	388990997 bases (3.87%)
Result:                 	99464576 reads (99.85%) 	9671890087 bases (96.13%)

Time:                         	104.306 seconds.
Reads Processed:      99612k 	955.00k reads/sec
Bases Processed:      10060m 	96.46m bases/sec
[Tue Oct  3 13:23:33 2023]
Finished job 0.
1 of 1 steps (100%) done
