Building DAG of jobs...
Using shell: /usr/bin/bash
Provided cores: 20
Rules claiming more threads will be scaled down.
Provided resources: mem_mb=28121, mem_mib=26819, disk_mb=28121, disk_mib=26819
Select jobs to execute...

[Tue Oct  3 14:31:55 2023]
rule trim_bbduk:
    input: /research/labs/neurology/fryer/projects/aducanumab/mouse/bulkRNA/218_Adu_S34_L001_R1_001.fastq.gz, /research/labs/neurology/fryer/projects/aducanumab/mouse/bulkRNA/218_Adu_S34_L001_R2_001.fastq.gz, /research/labs/neurology/fryer/projects/aducanumab/mouse/bulkRNA/218_Adu_S34_L002_R1_001.fastq.gz, /research/labs/neurology/fryer/projects/aducanumab/mouse/bulkRNA/218_Adu_S34_L002_R2_001.fastq.gz, /research/labs/neurology/fryer/projects/aducanumab/mouse/bulkRNA/218_Adu_S34_L003_R1_001.fastq.gz, /research/labs/neurology/fryer/projects/aducanumab/mouse/bulkRNA/218_Adu_S34_L003_R2_001.fastq.gz, /research/labs/neurology/fryer/projects/aducanumab/mouse/bulkRNA/218_Adu_S34_L004_R1_001.fastq.gz, /research/labs/neurology/fryer/projects/aducanumab/mouse/bulkRNA/218_Adu_S34_L004_R2_001.fastq.gz
    output: trimmedReads/218_Adu_S34_L001_R1_trim.fastq.gz, trimmedReads/218_Adu_S34_L001_R2_trim.fastq.gz, trimmedReads/218_Adu_S34_L002_R1_trim.fastq.gz, trimmedReads/218_Adu_S34_L002_R2_trim.fastq.gz, trimmedReads/218_Adu_S34_L003_R1_trim.fastq.gz, trimmedReads/218_Adu_S34_L003_R2_trim.fastq.gz, trimmedReads/218_Adu_S34_L004_R1_trim.fastq.gz, trimmedReads/218_Adu_S34_L004_R2_trim.fastq.gz
    jobid: 0
    reason: Missing output files: trimmedReads/218_Adu_S34_L001_R2_trim.fastq.gz, trimmedReads/218_Adu_S34_L001_R1_trim.fastq.gz, trimmedReads/218_Adu_S34_L003_R1_trim.fastq.gz, trimmedReads/218_Adu_S34_L004_R2_trim.fastq.gz, trimmedReads/218_Adu_S34_L002_R1_trim.fastq.gz, trimmedReads/218_Adu_S34_L004_R1_trim.fastq.gz, trimmedReads/218_Adu_S34_L002_R2_trim.fastq.gz, trimmedReads/218_Adu_S34_L003_R2_trim.fastq.gz
    wildcards: sample=218_Adu_S34
    resources: mem_mb=28121, mem_mib=26819, disk_mb=28121, disk_mib=26819, tmpdir=/tmp

java -ea -Xmx3g -Xms3g -cp /research/labs/neurology/fryer/m214960/tools/miniconda3/envs/aducanumab/opt/bbmap-39.01-1/current/ jgi.BBDuk -Xmx3g in1=/research/labs/neurology/fryer/projects/aducanumab/mouse/bulkRNA/218_Adu_S34_L001_R1_001.fastq.gz in2=/research/labs/neurology/fryer/projects/aducanumab/mouse/bulkRNA/218_Adu_S34_L001_R2_001.fastq.gz out1=trimmedReads/218_Adu_S34_L001_R1_trim.fastq.gz out2=trimmedReads/218_Adu_S34_L001_R2_trim.fastq.gz ref=refs/adapters.fa ktrim=r k=23 mink=11 hdist=1 tpe tbo threads=20 trimpolyg=1 trimpolya=1
Executing jgi.BBDuk [-Xmx3g, in1=/research/labs/neurology/fryer/projects/aducanumab/mouse/bulkRNA/218_Adu_S34_L001_R1_001.fastq.gz, in2=/research/labs/neurology/fryer/projects/aducanumab/mouse/bulkRNA/218_Adu_S34_L001_R2_001.fastq.gz, out1=trimmedReads/218_Adu_S34_L001_R1_trim.fastq.gz, out2=trimmedReads/218_Adu_S34_L001_R2_trim.fastq.gz, ref=refs/adapters.fa, ktrim=r, k=23, mink=11, hdist=1, tpe, tbo, threads=20, trimpolyg=1, trimpolya=1]
Version 39.01

Set threads to 20
maskMiddle was disabled because useShortKmers=true
0.084 seconds.
Initial:
Memory: max=3221m, total=3221m, free=3191m, used=30m

Added 3614 kmers; time: 	0.488 seconds.
Memory: max=3221m, total=3221m, free=3183m, used=38m

Input is being processed as paired
Started output streams:	0.204 seconds.
[W::bgzf_read_block] EOF marker is absent. The input may be truncated
[W::bgzf_read_block] EOF marker is absent. The input may be truncated
Processing time:   		65.872 seconds.

Input:                  	65385322 reads 		6603917522 bases.
Polymer-trimmed:        	98498026 reads (150.64%) 	180120419 bases (2.73%)
KTrimmed:               	1987960 reads (3.04%) 	70604928 bases (1.07%)
Trimmed by overlap:     	1704948 reads (2.61%) 	8662876 bases (0.13%)
Total Removed:          	268226 reads (0.41%) 	259388223 bases (3.93%)
Result:                 	65117096 reads (99.59%) 	6344529299 bases (96.07%)

Time:                         	66.565 seconds.
Reads Processed:      65385k 	982.27k reads/sec
Bases Processed:       6603m 	99.21m bases/sec
java -ea -Xmx3g -Xms3g -cp /research/labs/neurology/fryer/m214960/tools/miniconda3/envs/aducanumab/opt/bbmap-39.01-1/current/ jgi.BBDuk -Xmx3g in1=/research/labs/neurology/fryer/projects/aducanumab/mouse/bulkRNA/218_Adu_S34_L002_R1_001.fastq.gz in2=/research/labs/neurology/fryer/projects/aducanumab/mouse/bulkRNA/218_Adu_S34_L002_R2_001.fastq.gz out1=trimmedReads/218_Adu_S34_L002_R1_trim.fastq.gz out2=trimmedReads/218_Adu_S34_L002_R2_trim.fastq.gz ref=refs/adapters.fa ktrim=r k=23 mink=11 hdist=1 tpe tbo threads=20 trimpolyg=1 trimpolya=1
Executing jgi.BBDuk [-Xmx3g, in1=/research/labs/neurology/fryer/projects/aducanumab/mouse/bulkRNA/218_Adu_S34_L002_R1_001.fastq.gz, in2=/research/labs/neurology/fryer/projects/aducanumab/mouse/bulkRNA/218_Adu_S34_L002_R2_001.fastq.gz, out1=trimmedReads/218_Adu_S34_L002_R1_trim.fastq.gz, out2=trimmedReads/218_Adu_S34_L002_R2_trim.fastq.gz, ref=refs/adapters.fa, ktrim=r, k=23, mink=11, hdist=1, tpe, tbo, threads=20, trimpolyg=1, trimpolya=1]
Version 39.01

Set threads to 20
maskMiddle was disabled because useShortKmers=true
0.044 seconds.
Initial:
Memory: max=3221m, total=3221m, free=3191m, used=30m

Added 3614 kmers; time: 	0.019 seconds.
Memory: max=3221m, total=3221m, free=3182m, used=39m

Input is being processed as paired
Started output streams:	0.117 seconds.
[W::bgzf_read_block] EOF marker is absent. The input may be truncated
[W::bgzf_read_block] EOF marker is absent. The input may be truncated
Processing time:   		68.970 seconds.

Input:                  	65415032 reads 		6606918232 bases.
Polymer-trimmed:        	98456813 reads (150.51%) 	180175739 bases (2.73%)
KTrimmed:               	1962046 reads (3.00%) 	69755294 bases (1.06%)
Trimmed by overlap:     	1685050 reads (2.58%) 	8569476 bases (0.13%)
Total Removed:          	267892 reads (0.41%) 	258500509 bases (3.91%)
Result:                 	65147140 reads (99.59%) 	6348417723 bases (96.09%)

Time:                         	69.107 seconds.
Reads Processed:      65415k 	946.58k reads/sec
Bases Processed:       6606m 	95.60m bases/sec
java -ea -Xmx3g -Xms3g -cp /research/labs/neurology/fryer/m214960/tools/miniconda3/envs/aducanumab/opt/bbmap-39.01-1/current/ jgi.BBDuk -Xmx3g in1=/research/labs/neurology/fryer/projects/aducanumab/mouse/bulkRNA/218_Adu_S34_L003_R1_001.fastq.gz in2=/research/labs/neurology/fryer/projects/aducanumab/mouse/bulkRNA/218_Adu_S34_L003_R2_001.fastq.gz out1=trimmedReads/218_Adu_S34_L003_R1_trim.fastq.gz out2=trimmedReads/218_Adu_S34_L003_R2_trim.fastq.gz ref=refs/adapters.fa ktrim=r k=23 mink=11 hdist=1 tpe tbo threads=20 trimpolyg=1 trimpolya=1
Executing jgi.BBDuk [-Xmx3g, in1=/research/labs/neurology/fryer/projects/aducanumab/mouse/bulkRNA/218_Adu_S34_L003_R1_001.fastq.gz, in2=/research/labs/neurology/fryer/projects/aducanumab/mouse/bulkRNA/218_Adu_S34_L003_R2_001.fastq.gz, out1=trimmedReads/218_Adu_S34_L003_R1_trim.fastq.gz, out2=trimmedReads/218_Adu_S34_L003_R2_trim.fastq.gz, ref=refs/adapters.fa, ktrim=r, k=23, mink=11, hdist=1, tpe, tbo, threads=20, trimpolyg=1, trimpolya=1]
Version 39.01

Set threads to 20
maskMiddle was disabled because useShortKmers=true
0.018 seconds.
Initial:
Memory: max=3221m, total=3221m, free=3191m, used=30m

Added 3614 kmers; time: 	0.016 seconds.
Memory: max=3221m, total=3221m, free=3182m, used=39m

Input is being processed as paired
Started output streams:	0.188 seconds.
[W::bgzf_read_block] EOF marker is absent. The input may be truncated
[W::bgzf_read_block] EOF marker is absent. The input may be truncated
Processing time:   		69.494 seconds.

Input:                  	65359474 reads 		6601306874 bases.
Polymer-trimmed:        	98622384 reads (150.89%) 	180606743 bases (2.74%)
KTrimmed:               	1969162 reads (3.01%) 	70341758 bases (1.07%)
Trimmed by overlap:     	1683992 reads (2.58%) 	8561874 bases (0.13%)
Total Removed:          	273284 reads (0.42%) 	259510375 bases (3.93%)
Result:                 	65086190 reads (99.58%) 	6341796499 bases (96.07%)

Time:                         	69.700 seconds.
Reads Processed:      65359k 	937.73k reads/sec
Bases Processed:       6601m 	94.71m bases/sec
java -ea -Xmx3g -Xms3g -cp /research/labs/neurology/fryer/m214960/tools/miniconda3/envs/aducanumab/opt/bbmap-39.01-1/current/ jgi.BBDuk -Xmx3g in1=/research/labs/neurology/fryer/projects/aducanumab/mouse/bulkRNA/218_Adu_S34_L004_R1_001.fastq.gz in2=/research/labs/neurology/fryer/projects/aducanumab/mouse/bulkRNA/218_Adu_S34_L004_R2_001.fastq.gz out1=trimmedReads/218_Adu_S34_L004_R1_trim.fastq.gz out2=trimmedReads/218_Adu_S34_L004_R2_trim.fastq.gz ref=refs/adapters.fa ktrim=r k=23 mink=11 hdist=1 tpe tbo threads=20 trimpolyg=1 trimpolya=1
Executing jgi.BBDuk [-Xmx3g, in1=/research/labs/neurology/fryer/projects/aducanumab/mouse/bulkRNA/218_Adu_S34_L004_R1_001.fastq.gz, in2=/research/labs/neurology/fryer/projects/aducanumab/mouse/bulkRNA/218_Adu_S34_L004_R2_001.fastq.gz, out1=trimmedReads/218_Adu_S34_L004_R1_trim.fastq.gz, out2=trimmedReads/218_Adu_S34_L004_R2_trim.fastq.gz, ref=refs/adapters.fa, ktrim=r, k=23, mink=11, hdist=1, tpe, tbo, threads=20, trimpolyg=1, trimpolya=1]
Version 39.01

Set threads to 20
maskMiddle was disabled because useShortKmers=true
0.017 seconds.
Initial:
Memory: max=3221m, total=3221m, free=3191m, used=30m

Added 3614 kmers; time: 	0.022 seconds.
Memory: max=3221m, total=3221m, free=3181m, used=40m

Input is being processed as paired
Started output streams:	0.116 seconds.
[W::bgzf_read_block] EOF marker is absent. The input may be truncated
[W::bgzf_read_block] EOF marker is absent. The input may be truncated
Processing time:   		68.672 seconds.

Input:                  	65498986 reads 		6615397586 bases.
Polymer-trimmed:        	98756179 reads (150.78%) 	180804243 bases (2.73%)
KTrimmed:               	1961462 reads (2.99%) 	69851508 bases (1.06%)
Trimmed by overlap:     	1684828 reads (2.57%) 	8562988 bases (0.13%)
Total Removed:          	270460 reads (0.41%) 	259218739 bases (3.92%)
Result:                 	65228526 reads (99.59%) 	6356178847 bases (96.08%)

Time:                         	68.812 seconds.
Reads Processed:      65498k 	951.86k reads/sec
Bases Processed:       6615m 	96.14m bases/sec
[Tue Oct  3 14:36:31 2023]
Finished job 0.
1 of 1 steps (100%) done
