Building DAG of jobs...
Using shell: /usr/bin/bash
Provided cores: 20
Rules claiming more threads will be scaled down.
Provided resources: mem_mb=43414, mem_mib=41403, disk_mb=43414, disk_mib=41403
Select jobs to execute...

[Tue Oct  3 14:07:22 2023]
rule trim_bbduk:
    input: /research/labs/neurology/fryer/projects/aducanumab/mouse/bulkRNA/962_IgG_S2_L001_R1_001.fastq.gz, /research/labs/neurology/fryer/projects/aducanumab/mouse/bulkRNA/962_IgG_S2_L001_R2_001.fastq.gz, /research/labs/neurology/fryer/projects/aducanumab/mouse/bulkRNA/962_IgG_S2_L002_R1_001.fastq.gz, /research/labs/neurology/fryer/projects/aducanumab/mouse/bulkRNA/962_IgG_S2_L002_R2_001.fastq.gz, /research/labs/neurology/fryer/projects/aducanumab/mouse/bulkRNA/962_IgG_S2_L003_R1_001.fastq.gz, /research/labs/neurology/fryer/projects/aducanumab/mouse/bulkRNA/962_IgG_S2_L003_R2_001.fastq.gz, /research/labs/neurology/fryer/projects/aducanumab/mouse/bulkRNA/962_IgG_S2_L004_R1_001.fastq.gz, /research/labs/neurology/fryer/projects/aducanumab/mouse/bulkRNA/962_IgG_S2_L004_R2_001.fastq.gz
    output: trimmedReads/962_IgG_S2_L001_R1_trim.fastq.gz, trimmedReads/962_IgG_S2_L001_R2_trim.fastq.gz, trimmedReads/962_IgG_S2_L002_R1_trim.fastq.gz, trimmedReads/962_IgG_S2_L002_R2_trim.fastq.gz, trimmedReads/962_IgG_S2_L003_R1_trim.fastq.gz, trimmedReads/962_IgG_S2_L003_R2_trim.fastq.gz, trimmedReads/962_IgG_S2_L004_R1_trim.fastq.gz, trimmedReads/962_IgG_S2_L004_R2_trim.fastq.gz
    jobid: 0
    reason: Missing output files: trimmedReads/962_IgG_S2_L001_R2_trim.fastq.gz, trimmedReads/962_IgG_S2_L002_R1_trim.fastq.gz, trimmedReads/962_IgG_S2_L001_R1_trim.fastq.gz, trimmedReads/962_IgG_S2_L002_R2_trim.fastq.gz, trimmedReads/962_IgG_S2_L004_R2_trim.fastq.gz, trimmedReads/962_IgG_S2_L004_R1_trim.fastq.gz, trimmedReads/962_IgG_S2_L003_R1_trim.fastq.gz, trimmedReads/962_IgG_S2_L003_R2_trim.fastq.gz
    wildcards: sample=962_IgG_S2
    resources: mem_mb=43414, mem_mib=41403, disk_mb=43414, disk_mib=41403, tmpdir=/tmp

java -ea -Xmx3g -Xms3g -cp /research/labs/neurology/fryer/m214960/tools/miniconda3/envs/aducanumab/opt/bbmap-39.01-1/current/ jgi.BBDuk -Xmx3g in1=/research/labs/neurology/fryer/projects/aducanumab/mouse/bulkRNA/962_IgG_S2_L001_R1_001.fastq.gz in2=/research/labs/neurology/fryer/projects/aducanumab/mouse/bulkRNA/962_IgG_S2_L001_R2_001.fastq.gz out1=trimmedReads/962_IgG_S2_L001_R1_trim.fastq.gz out2=trimmedReads/962_IgG_S2_L001_R2_trim.fastq.gz ref=refs/adapters.fa ktrim=r k=23 mink=11 hdist=1 tpe tbo threads=20 trimpolyg=1 trimpolya=1
Executing jgi.BBDuk [-Xmx3g, in1=/research/labs/neurology/fryer/projects/aducanumab/mouse/bulkRNA/962_IgG_S2_L001_R1_001.fastq.gz, in2=/research/labs/neurology/fryer/projects/aducanumab/mouse/bulkRNA/962_IgG_S2_L001_R2_001.fastq.gz, out1=trimmedReads/962_IgG_S2_L001_R1_trim.fastq.gz, out2=trimmedReads/962_IgG_S2_L001_R2_trim.fastq.gz, ref=refs/adapters.fa, ktrim=r, k=23, mink=11, hdist=1, tpe, tbo, threads=20, trimpolyg=1, trimpolya=1]
Version 39.01

Set threads to 20
maskMiddle was disabled because useShortKmers=true
0.154 seconds.
Initial:
Memory: max=3221m, total=3221m, free=3191m, used=30m

Added 3614 kmers; time: 	0.678 seconds.
Memory: max=3221m, total=3221m, free=3183m, used=38m

Input is being processed as paired
Started output streams:	0.378 seconds.
[W::bgzf_read_block] EOF marker is absent. The input may be truncated
[W::bgzf_read_block] EOF marker is absent. The input may be truncated
Processing time:   		111.128 seconds.

Input:                  	101562306 reads 		10257792906 bases.
Polymer-trimmed:        	154714788 reads (152.33%) 	289398555 bases (2.82%)
KTrimmed:               	3277732 reads (3.23%) 	112469128 bases (1.10%)
Trimmed by overlap:     	2106326 reads (2.07%) 	11000580 bases (0.11%)
Total Removed:          	202452 reads (0.20%) 	412868263 bases (4.02%)
Result:                 	101359854 reads (99.80%) 	9844924643 bases (95.98%)

Time:                         	112.185 seconds.
Reads Processed:        101m 	905.31k reads/sec
Bases Processed:      10257m 	91.44m bases/sec
java -ea -Xmx3g -Xms3g -cp /research/labs/neurology/fryer/m214960/tools/miniconda3/envs/aducanumab/opt/bbmap-39.01-1/current/ jgi.BBDuk -Xmx3g in1=/research/labs/neurology/fryer/projects/aducanumab/mouse/bulkRNA/962_IgG_S2_L002_R1_001.fastq.gz in2=/research/labs/neurology/fryer/projects/aducanumab/mouse/bulkRNA/962_IgG_S2_L002_R2_001.fastq.gz out1=trimmedReads/962_IgG_S2_L002_R1_trim.fastq.gz out2=trimmedReads/962_IgG_S2_L002_R2_trim.fastq.gz ref=refs/adapters.fa ktrim=r k=23 mink=11 hdist=1 tpe tbo threads=20 trimpolyg=1 trimpolya=1
Executing jgi.BBDuk [-Xmx3g, in1=/research/labs/neurology/fryer/projects/aducanumab/mouse/bulkRNA/962_IgG_S2_L002_R1_001.fastq.gz, in2=/research/labs/neurology/fryer/projects/aducanumab/mouse/bulkRNA/962_IgG_S2_L002_R2_001.fastq.gz, out1=trimmedReads/962_IgG_S2_L002_R1_trim.fastq.gz, out2=trimmedReads/962_IgG_S2_L002_R2_trim.fastq.gz, ref=refs/adapters.fa, ktrim=r, k=23, mink=11, hdist=1, tpe, tbo, threads=20, trimpolyg=1, trimpolya=1]
Version 39.01

Set threads to 20
maskMiddle was disabled because useShortKmers=true
0.037 seconds.
Initial:
Memory: max=3221m, total=3221m, free=3191m, used=30m

Added 3614 kmers; time: 	0.040 seconds.
Memory: max=3221m, total=3221m, free=3183m, used=38m

Input is being processed as paired
Started output streams:	0.146 seconds.
[W::bgzf_read_block] EOF marker is absent. The input may be truncated
[W::bgzf_read_block] EOF marker is absent. The input may be truncated
Processing time:   		111.816 seconds.

Input:                  	101598900 reads 		10261488900 bases.
Polymer-trimmed:        	154619017 reads (152.19%) 	289378282 bases (2.82%)
KTrimmed:               	3226114 reads (3.18%) 	110642696 bases (1.08%)
Trimmed by overlap:     	2074114 reads (2.04%) 	10842438 bases (0.11%)
Total Removed:          	202854 reads (0.20%) 	410863416 bases (4.00%)
Result:                 	101396046 reads (99.80%) 	9850625484 bases (96.00%)

Time:                         	112.004 seconds.
Reads Processed:        101m 	907.10k reads/sec
Bases Processed:      10261m 	91.62m bases/sec
java -ea -Xmx3g -Xms3g -cp /research/labs/neurology/fryer/m214960/tools/miniconda3/envs/aducanumab/opt/bbmap-39.01-1/current/ jgi.BBDuk -Xmx3g in1=/research/labs/neurology/fryer/projects/aducanumab/mouse/bulkRNA/962_IgG_S2_L003_R1_001.fastq.gz in2=/research/labs/neurology/fryer/projects/aducanumab/mouse/bulkRNA/962_IgG_S2_L003_R2_001.fastq.gz out1=trimmedReads/962_IgG_S2_L003_R1_trim.fastq.gz out2=trimmedReads/962_IgG_S2_L003_R2_trim.fastq.gz ref=refs/adapters.fa ktrim=r k=23 mink=11 hdist=1 tpe tbo threads=20 trimpolyg=1 trimpolya=1
Executing jgi.BBDuk [-Xmx3g, in1=/research/labs/neurology/fryer/projects/aducanumab/mouse/bulkRNA/962_IgG_S2_L003_R1_001.fastq.gz, in2=/research/labs/neurology/fryer/projects/aducanumab/mouse/bulkRNA/962_IgG_S2_L003_R2_001.fastq.gz, out1=trimmedReads/962_IgG_S2_L003_R1_trim.fastq.gz, out2=trimmedReads/962_IgG_S2_L003_R2_trim.fastq.gz, ref=refs/adapters.fa, ktrim=r, k=23, mink=11, hdist=1, tpe, tbo, threads=20, trimpolyg=1, trimpolya=1]
Version 39.01

Set threads to 20
maskMiddle was disabled because useShortKmers=true
0.028 seconds.
Initial:
Memory: max=3221m, total=3221m, free=3191m, used=30m

Added 3614 kmers; time: 	0.020 seconds.
Memory: max=3221m, total=3221m, free=3183m, used=38m

Input is being processed as paired
Started output streams:	0.245 seconds.
[W::bgzf_read_block] EOF marker is absent. The input may be truncated
[W::bgzf_read_block] EOF marker is absent. The input may be truncated
Processing time:   		112.636 seconds.

Input:                  	101534734 reads 		10255008134 bases.
Polymer-trimmed:        	154884438 reads (152.54%) 	290192617 bases (2.83%)
KTrimmed:               	3207646 reads (3.16%) 	109976580 bases (1.07%)
Trimmed by overlap:     	2075542 reads (2.04%) 	10864008 bases (0.11%)
Total Removed:          	204962 reads (0.20%) 	411033205 bases (4.01%)
Result:                 	101329772 reads (99.80%) 	9843974929 bases (95.99%)

Time:                         	112.902 seconds.
Reads Processed:        101m 	899.32k reads/sec
Bases Processed:      10255m 	90.83m bases/sec
java -ea -Xmx3g -Xms3g -cp /research/labs/neurology/fryer/m214960/tools/miniconda3/envs/aducanumab/opt/bbmap-39.01-1/current/ jgi.BBDuk -Xmx3g in1=/research/labs/neurology/fryer/projects/aducanumab/mouse/bulkRNA/962_IgG_S2_L004_R1_001.fastq.gz in2=/research/labs/neurology/fryer/projects/aducanumab/mouse/bulkRNA/962_IgG_S2_L004_R2_001.fastq.gz out1=trimmedReads/962_IgG_S2_L004_R1_trim.fastq.gz out2=trimmedReads/962_IgG_S2_L004_R2_trim.fastq.gz ref=refs/adapters.fa ktrim=r k=23 mink=11 hdist=1 tpe tbo threads=20 trimpolyg=1 trimpolya=1
Executing jgi.BBDuk [-Xmx3g, in1=/research/labs/neurology/fryer/projects/aducanumab/mouse/bulkRNA/962_IgG_S2_L004_R1_001.fastq.gz, in2=/research/labs/neurology/fryer/projects/aducanumab/mouse/bulkRNA/962_IgG_S2_L004_R2_001.fastq.gz, out1=trimmedReads/962_IgG_S2_L004_R1_trim.fastq.gz, out2=trimmedReads/962_IgG_S2_L004_R2_trim.fastq.gz, ref=refs/adapters.fa, ktrim=r, k=23, mink=11, hdist=1, tpe, tbo, threads=20, trimpolyg=1, trimpolya=1]
Version 39.01

Set threads to 20
maskMiddle was disabled because useShortKmers=true
0.019 seconds.
Initial:
Memory: max=3221m, total=3221m, free=3191m, used=30m

Added 3614 kmers; time: 	0.020 seconds.
Memory: max=3221m, total=3221m, free=3183m, used=38m

Input is being processed as paired
Started output streams:	0.127 seconds.
[W::bgzf_read_block] EOF marker is absent. The input may be truncated
[W::bgzf_read_block] EOF marker is absent. The input may be truncated
Processing time:   		111.856 seconds.

Input:                  	101587292 reads 		10260316492 bases.
Polymer-trimmed:        	154933814 reads (152.51%) 	290293087 bases (2.83%)
KTrimmed:               	3204562 reads (3.15%) 	109896508 bases (1.07%)
Trimmed by overlap:     	2067196 reads (2.03%) 	10808752 bases (0.11%)
Total Removed:          	204958 reads (0.20%) 	410998347 bases (4.01%)
Result:                 	101382334 reads (99.80%) 	9849318145 bases (95.99%)

Time:                         	112.005 seconds.
Reads Processed:        101m 	906.99k reads/sec
Bases Processed:      10260m 	91.61m bases/sec
[Tue Oct  3 14:14:55 2023]
Finished job 0.
1 of 1 steps (100%) done
