Building DAG of jobs...
Using shell: /usr/bin/bash
Provided cores: 20
Rules claiming more threads will be scaled down.
Provided resources: mem_mb=28115, mem_mib=26813, disk_mb=28115, disk_mib=26813
Select jobs to execute...

[Tue Oct  3 14:08:12 2023]
rule trim_bbduk:
    input: /research/labs/neurology/fryer/projects/aducanumab/mouse/bulkRNA/391_IgG_S3_L001_R1_001.fastq.gz, /research/labs/neurology/fryer/projects/aducanumab/mouse/bulkRNA/391_IgG_S3_L001_R2_001.fastq.gz, /research/labs/neurology/fryer/projects/aducanumab/mouse/bulkRNA/391_IgG_S3_L002_R1_001.fastq.gz, /research/labs/neurology/fryer/projects/aducanumab/mouse/bulkRNA/391_IgG_S3_L002_R2_001.fastq.gz, /research/labs/neurology/fryer/projects/aducanumab/mouse/bulkRNA/391_IgG_S3_L003_R1_001.fastq.gz, /research/labs/neurology/fryer/projects/aducanumab/mouse/bulkRNA/391_IgG_S3_L003_R2_001.fastq.gz, /research/labs/neurology/fryer/projects/aducanumab/mouse/bulkRNA/391_IgG_S3_L004_R1_001.fastq.gz, /research/labs/neurology/fryer/projects/aducanumab/mouse/bulkRNA/391_IgG_S3_L004_R2_001.fastq.gz
    output: trimmedReads/391_IgG_S3_L001_R1_trim.fastq.gz, trimmedReads/391_IgG_S3_L001_R2_trim.fastq.gz, trimmedReads/391_IgG_S3_L002_R1_trim.fastq.gz, trimmedReads/391_IgG_S3_L002_R2_trim.fastq.gz, trimmedReads/391_IgG_S3_L003_R1_trim.fastq.gz, trimmedReads/391_IgG_S3_L003_R2_trim.fastq.gz, trimmedReads/391_IgG_S3_L004_R1_trim.fastq.gz, trimmedReads/391_IgG_S3_L004_R2_trim.fastq.gz
    jobid: 0
    reason: Missing output files: trimmedReads/391_IgG_S3_L001_R1_trim.fastq.gz, trimmedReads/391_IgG_S3_L003_R1_trim.fastq.gz, trimmedReads/391_IgG_S3_L002_R2_trim.fastq.gz, trimmedReads/391_IgG_S3_L001_R2_trim.fastq.gz, trimmedReads/391_IgG_S3_L003_R2_trim.fastq.gz, trimmedReads/391_IgG_S3_L004_R1_trim.fastq.gz, trimmedReads/391_IgG_S3_L002_R1_trim.fastq.gz, trimmedReads/391_IgG_S3_L004_R2_trim.fastq.gz
    wildcards: sample=391_IgG_S3
    resources: mem_mb=28115, mem_mib=26813, disk_mb=28115, disk_mib=26813, tmpdir=/tmp

java -ea -Xmx3g -Xms3g -cp /research/labs/neurology/fryer/m214960/tools/miniconda3/envs/aducanumab/opt/bbmap-39.01-1/current/ jgi.BBDuk -Xmx3g in1=/research/labs/neurology/fryer/projects/aducanumab/mouse/bulkRNA/391_IgG_S3_L001_R1_001.fastq.gz in2=/research/labs/neurology/fryer/projects/aducanumab/mouse/bulkRNA/391_IgG_S3_L001_R2_001.fastq.gz out1=trimmedReads/391_IgG_S3_L001_R1_trim.fastq.gz out2=trimmedReads/391_IgG_S3_L001_R2_trim.fastq.gz ref=refs/adapters.fa ktrim=r k=23 mink=11 hdist=1 tpe tbo threads=20 trimpolyg=1 trimpolya=1
Executing jgi.BBDuk [-Xmx3g, in1=/research/labs/neurology/fryer/projects/aducanumab/mouse/bulkRNA/391_IgG_S3_L001_R1_001.fastq.gz, in2=/research/labs/neurology/fryer/projects/aducanumab/mouse/bulkRNA/391_IgG_S3_L001_R2_001.fastq.gz, out1=trimmedReads/391_IgG_S3_L001_R1_trim.fastq.gz, out2=trimmedReads/391_IgG_S3_L001_R2_trim.fastq.gz, ref=refs/adapters.fa, ktrim=r, k=23, mink=11, hdist=1, tpe, tbo, threads=20, trimpolyg=1, trimpolya=1]
Version 39.01

Set threads to 20
maskMiddle was disabled because useShortKmers=true
0.027 seconds.
Initial:
Memory: max=3221m, total=3221m, free=3191m, used=30m

Added 3614 kmers; time: 	0.030 seconds.
Memory: max=3221m, total=3221m, free=3183m, used=38m

Input is being processed as paired
Started output streams:	0.322 seconds.
[W::bgzf_read_block] EOF marker is absent. The input may be truncated
[W::bgzf_read_block] EOF marker is absent. The input may be truncated
Processing time:   		71.903 seconds.

Input:                  	64223744 reads 		6486598144 bases.
Polymer-trimmed:        	95037351 reads (147.98%) 	174964283 bases (2.70%)
KTrimmed:               	1968156 reads (3.06%) 	62894638 bases (0.97%)
Trimmed by overlap:     	1768802 reads (2.75%) 	9021438 bases (0.14%)
Total Removed:          	161660 reads (0.25%) 	246880359 bases (3.81%)
Result:                 	64062084 reads (99.75%) 	6239717785 bases (96.19%)

Time:                         	72.257 seconds.
Reads Processed:      64223k 	888.82k reads/sec
Bases Processed:       6486m 	89.77m bases/sec
java -ea -Xmx3g -Xms3g -cp /research/labs/neurology/fryer/m214960/tools/miniconda3/envs/aducanumab/opt/bbmap-39.01-1/current/ jgi.BBDuk -Xmx3g in1=/research/labs/neurology/fryer/projects/aducanumab/mouse/bulkRNA/391_IgG_S3_L002_R1_001.fastq.gz in2=/research/labs/neurology/fryer/projects/aducanumab/mouse/bulkRNA/391_IgG_S3_L002_R2_001.fastq.gz out1=trimmedReads/391_IgG_S3_L002_R1_trim.fastq.gz out2=trimmedReads/391_IgG_S3_L002_R2_trim.fastq.gz ref=refs/adapters.fa ktrim=r k=23 mink=11 hdist=1 tpe tbo threads=20 trimpolyg=1 trimpolya=1
Executing jgi.BBDuk [-Xmx3g, in1=/research/labs/neurology/fryer/projects/aducanumab/mouse/bulkRNA/391_IgG_S3_L002_R1_001.fastq.gz, in2=/research/labs/neurology/fryer/projects/aducanumab/mouse/bulkRNA/391_IgG_S3_L002_R2_001.fastq.gz, out1=trimmedReads/391_IgG_S3_L002_R1_trim.fastq.gz, out2=trimmedReads/391_IgG_S3_L002_R2_trim.fastq.gz, ref=refs/adapters.fa, ktrim=r, k=23, mink=11, hdist=1, tpe, tbo, threads=20, trimpolyg=1, trimpolya=1]
Version 39.01

Set threads to 20
maskMiddle was disabled because useShortKmers=true
0.026 seconds.
Initial:
Memory: max=3221m, total=3221m, free=3191m, used=30m

Added 3614 kmers; time: 	0.030 seconds.
Memory: max=3221m, total=3221m, free=3183m, used=38m

Input is being processed as paired
Started output streams:	0.156 seconds.
[W::bgzf_read_block] EOF marker is absent. The input may be truncated
[W::bgzf_read_block] EOF marker is absent. The input may be truncated
Processing time:   		70.890 seconds.

Input:                  	64286092 reads 		6492895292 bases.
Polymer-trimmed:        	95106655 reads (147.94%) 	175199538 bases (2.70%)
KTrimmed:               	1944062 reads (3.02%) 	62036790 bases (0.96%)
Trimmed by overlap:     	1745636 reads (2.72%) 	8910472 bases (0.14%)
Total Removed:          	161454 reads (0.25%) 	246146800 bases (3.79%)
Result:                 	64124638 reads (99.75%) 	6246748492 bases (96.21%)

Time:                         	71.078 seconds.
Reads Processed:      64286k 	904.44k reads/sec
Bases Processed:       6492m 	91.35m bases/sec
java -ea -Xmx3g -Xms3g -cp /research/labs/neurology/fryer/m214960/tools/miniconda3/envs/aducanumab/opt/bbmap-39.01-1/current/ jgi.BBDuk -Xmx3g in1=/research/labs/neurology/fryer/projects/aducanumab/mouse/bulkRNA/391_IgG_S3_L003_R1_001.fastq.gz in2=/research/labs/neurology/fryer/projects/aducanumab/mouse/bulkRNA/391_IgG_S3_L003_R2_001.fastq.gz out1=trimmedReads/391_IgG_S3_L003_R1_trim.fastq.gz out2=trimmedReads/391_IgG_S3_L003_R2_trim.fastq.gz ref=refs/adapters.fa ktrim=r k=23 mink=11 hdist=1 tpe tbo threads=20 trimpolyg=1 trimpolya=1
Executing jgi.BBDuk [-Xmx3g, in1=/research/labs/neurology/fryer/projects/aducanumab/mouse/bulkRNA/391_IgG_S3_L003_R1_001.fastq.gz, in2=/research/labs/neurology/fryer/projects/aducanumab/mouse/bulkRNA/391_IgG_S3_L003_R2_001.fastq.gz, out1=trimmedReads/391_IgG_S3_L003_R1_trim.fastq.gz, out2=trimmedReads/391_IgG_S3_L003_R2_trim.fastq.gz, ref=refs/adapters.fa, ktrim=r, k=23, mink=11, hdist=1, tpe, tbo, threads=20, trimpolyg=1, trimpolya=1]
Version 39.01

Set threads to 20
maskMiddle was disabled because useShortKmers=true
0.019 seconds.
Initial:
Memory: max=3221m, total=3221m, free=3191m, used=30m

Added 3614 kmers; time: 	0.018 seconds.
Memory: max=3221m, total=3221m, free=3183m, used=38m

Input is being processed as paired
Started output streams:	0.165 seconds.
[W::bgzf_read_block] EOF marker is absent. The input may be truncated
[W::bgzf_read_block] EOF marker is absent. The input may be truncated
Processing time:   		72.104 seconds.

Input:                  	64318152 reads 		6496133352 bases.
Polymer-trimmed:        	95423836 reads (148.36%) 	176140292 bases (2.71%)
KTrimmed:               	1939470 reads (3.02%) 	62090242 bases (0.96%)
Trimmed by overlap:     	1746408 reads (2.72%) 	8905636 bases (0.14%)
Total Removed:          	164980 reads (0.26%) 	247136170 bases (3.80%)
Result:                 	64153172 reads (99.74%) 	6248997182 bases (96.20%)

Time:                         	72.289 seconds.
Reads Processed:      64318k 	889.74k reads/sec
Bases Processed:       6496m 	89.86m bases/sec
java -ea -Xmx3g -Xms3g -cp /research/labs/neurology/fryer/m214960/tools/miniconda3/envs/aducanumab/opt/bbmap-39.01-1/current/ jgi.BBDuk -Xmx3g in1=/research/labs/neurology/fryer/projects/aducanumab/mouse/bulkRNA/391_IgG_S3_L004_R1_001.fastq.gz in2=/research/labs/neurology/fryer/projects/aducanumab/mouse/bulkRNA/391_IgG_S3_L004_R2_001.fastq.gz out1=trimmedReads/391_IgG_S3_L004_R1_trim.fastq.gz out2=trimmedReads/391_IgG_S3_L004_R2_trim.fastq.gz ref=refs/adapters.fa ktrim=r k=23 mink=11 hdist=1 tpe tbo threads=20 trimpolyg=1 trimpolya=1
Executing jgi.BBDuk [-Xmx3g, in1=/research/labs/neurology/fryer/projects/aducanumab/mouse/bulkRNA/391_IgG_S3_L004_R1_001.fastq.gz, in2=/research/labs/neurology/fryer/projects/aducanumab/mouse/bulkRNA/391_IgG_S3_L004_R2_001.fastq.gz, out1=trimmedReads/391_IgG_S3_L004_R1_trim.fastq.gz, out2=trimmedReads/391_IgG_S3_L004_R2_trim.fastq.gz, ref=refs/adapters.fa, ktrim=r, k=23, mink=11, hdist=1, tpe, tbo, threads=20, trimpolyg=1, trimpolya=1]
Version 39.01

Set threads to 20
maskMiddle was disabled because useShortKmers=true
0.019 seconds.
Initial:
Memory: max=3221m, total=3221m, free=3191m, used=30m

Added 3614 kmers; time: 	0.019 seconds.
Memory: max=3221m, total=3221m, free=3182m, used=39m

Input is being processed as paired
Started output streams:	0.245 seconds.
[W::bgzf_read_block] EOF marker is absent. The input may be truncated
[W::bgzf_read_block] EOF marker is absent. The input may be truncated
Processing time:   		72.855 seconds.

Input:                  	64362430 reads 		6500605430 bases.
Polymer-trimmed:        	95289706 reads (148.05%) 	175725184 bases (2.70%)
KTrimmed:               	1935780 reads (3.01%) 	61810254 bases (0.95%)
Trimmed by overlap:     	1745390 reads (2.71%) 	8910256 bases (0.14%)
Total Removed:          	162320 reads (0.25%) 	246445694 bases (3.79%)
Result:                 	64200110 reads (99.75%) 	6254159736 bases (96.21%)

Time:                         	73.120 seconds.
Reads Processed:      64362k 	880.23k reads/sec
Bases Processed:       6500m 	88.90m bases/sec
[Tue Oct  3 14:13:02 2023]
Finished job 0.
1 of 1 steps (100%) done
