Building DAG of jobs...
Using shell: /usr/bin/bash
Provided cores: 20
Rules claiming more threads will be scaled down.
Provided resources: mem_mb=36575, mem_mib=34881, disk_mb=36575, disk_mib=34881
Select jobs to execute...

[Tue Oct  3 13:16:31 2023]
rule trim_bbduk:
    input: /research/labs/neurology/fryer/projects/aducanumab/mouse/bulkRNA/319_Adu_S8_L001_R1_001.fastq.gz, /research/labs/neurology/fryer/projects/aducanumab/mouse/bulkRNA/319_Adu_S8_L001_R2_001.fastq.gz, /research/labs/neurology/fryer/projects/aducanumab/mouse/bulkRNA/319_Adu_S8_L002_R1_001.fastq.gz, /research/labs/neurology/fryer/projects/aducanumab/mouse/bulkRNA/319_Adu_S8_L002_R2_001.fastq.gz, /research/labs/neurology/fryer/projects/aducanumab/mouse/bulkRNA/319_Adu_S8_L003_R1_001.fastq.gz, /research/labs/neurology/fryer/projects/aducanumab/mouse/bulkRNA/319_Adu_S8_L003_R2_001.fastq.gz, /research/labs/neurology/fryer/projects/aducanumab/mouse/bulkRNA/319_Adu_S8_L004_R1_001.fastq.gz, /research/labs/neurology/fryer/projects/aducanumab/mouse/bulkRNA/319_Adu_S8_L004_R2_001.fastq.gz
    output: trimmedReads/319_Adu_S8_L001_R1_trim.fastq.gz, trimmedReads/319_Adu_S8_L001_R2_trim.fastq.gz, trimmedReads/319_Adu_S8_L002_R1_trim.fastq.gz, trimmedReads/319_Adu_S8_L002_R2_trim.fastq.gz, trimmedReads/319_Adu_S8_L003_R1_trim.fastq.gz, trimmedReads/319_Adu_S8_L003_R2_trim.fastq.gz, trimmedReads/319_Adu_S8_L004_R1_trim.fastq.gz, trimmedReads/319_Adu_S8_L004_R2_trim.fastq.gz
    jobid: 0
    reason: Missing output files: trimmedReads/319_Adu_S8_L002_R2_trim.fastq.gz, trimmedReads/319_Adu_S8_L004_R1_trim.fastq.gz, trimmedReads/319_Adu_S8_L002_R1_trim.fastq.gz, trimmedReads/319_Adu_S8_L003_R2_trim.fastq.gz, trimmedReads/319_Adu_S8_L004_R2_trim.fastq.gz, trimmedReads/319_Adu_S8_L001_R2_trim.fastq.gz, trimmedReads/319_Adu_S8_L001_R1_trim.fastq.gz, trimmedReads/319_Adu_S8_L003_R1_trim.fastq.gz
    wildcards: sample=319_Adu_S8
    resources: mem_mb=36575, mem_mib=34881, disk_mb=36575, disk_mib=34881, tmpdir=/tmp

java -ea -Xmx3g -Xms3g -cp /research/labs/neurology/fryer/m214960/tools/miniconda3/envs/aducanumab/opt/bbmap-39.01-1/current/ jgi.BBDuk -Xmx3g in1=/research/labs/neurology/fryer/projects/aducanumab/mouse/bulkRNA/319_Adu_S8_L001_R1_001.fastq.gz in2=/research/labs/neurology/fryer/projects/aducanumab/mouse/bulkRNA/319_Adu_S8_L001_R2_001.fastq.gz out1=trimmedReads/319_Adu_S8_L001_R1_trim.fastq.gz out2=trimmedReads/319_Adu_S8_L001_R2_trim.fastq.gz ref=refs/adapters.fa ktrim=r k=23 mink=11 hdist=1 tpe tbo threads=20 trimpolyg=1 trimpolya=1
Executing jgi.BBDuk [-Xmx3g, in1=/research/labs/neurology/fryer/projects/aducanumab/mouse/bulkRNA/319_Adu_S8_L001_R1_001.fastq.gz, in2=/research/labs/neurology/fryer/projects/aducanumab/mouse/bulkRNA/319_Adu_S8_L001_R2_001.fastq.gz, out1=trimmedReads/319_Adu_S8_L001_R1_trim.fastq.gz, out2=trimmedReads/319_Adu_S8_L001_R2_trim.fastq.gz, ref=refs/adapters.fa, ktrim=r, k=23, mink=11, hdist=1, tpe, tbo, threads=20, trimpolyg=1, trimpolya=1]
Version 39.01

Set threads to 20
maskMiddle was disabled because useShortKmers=true
0.023 seconds.
Initial:
Memory: max=3221m, total=3221m, free=3191m, used=30m

Added 3614 kmers; time: 	0.028 seconds.
Memory: max=3221m, total=3221m, free=3183m, used=38m

Input is being processed as paired
Started output streams:	0.175 seconds.
[W::bgzf_read_block] EOF marker is absent. The input may be truncated
[W::bgzf_read_block] EOF marker is absent. The input may be truncated
Processing time:   		86.153 seconds.

Input:                  	84732808 reads 		8558013608 bases.
Polymer-trimmed:        	127939971 reads (150.99%) 	237696014 bases (2.78%)
KTrimmed:               	2151726 reads (2.54%) 	69395816 bases (0.81%)
Trimmed by overlap:     	1647982 reads (1.94%) 	8510344 bases (0.10%)
Total Removed:          	98864 reads (0.12%) 	315602174 bases (3.69%)
Result:                 	84633944 reads (99.88%) 	8242411434 bases (96.31%)

Time:                         	86.359 seconds.
Reads Processed:      84732k 	981.17k reads/sec
Bases Processed:       8558m 	99.10m bases/sec
java -ea -Xmx3g -Xms3g -cp /research/labs/neurology/fryer/m214960/tools/miniconda3/envs/aducanumab/opt/bbmap-39.01-1/current/ jgi.BBDuk -Xmx3g in1=/research/labs/neurology/fryer/projects/aducanumab/mouse/bulkRNA/319_Adu_S8_L002_R1_001.fastq.gz in2=/research/labs/neurology/fryer/projects/aducanumab/mouse/bulkRNA/319_Adu_S8_L002_R2_001.fastq.gz out1=trimmedReads/319_Adu_S8_L002_R1_trim.fastq.gz out2=trimmedReads/319_Adu_S8_L002_R2_trim.fastq.gz ref=refs/adapters.fa ktrim=r k=23 mink=11 hdist=1 tpe tbo threads=20 trimpolyg=1 trimpolya=1
Executing jgi.BBDuk [-Xmx3g, in1=/research/labs/neurology/fryer/projects/aducanumab/mouse/bulkRNA/319_Adu_S8_L002_R1_001.fastq.gz, in2=/research/labs/neurology/fryer/projects/aducanumab/mouse/bulkRNA/319_Adu_S8_L002_R2_001.fastq.gz, out1=trimmedReads/319_Adu_S8_L002_R1_trim.fastq.gz, out2=trimmedReads/319_Adu_S8_L002_R2_trim.fastq.gz, ref=refs/adapters.fa, ktrim=r, k=23, mink=11, hdist=1, tpe, tbo, threads=20, trimpolyg=1, trimpolya=1]
Version 39.01

Set threads to 20
maskMiddle was disabled because useShortKmers=true
0.018 seconds.
Initial:
Memory: max=3221m, total=3221m, free=3191m, used=30m

Added 3614 kmers; time: 	0.027 seconds.
Memory: max=3221m, total=3221m, free=3183m, used=38m

Input is being processed as paired
Started output streams:	0.190 seconds.
[W::bgzf_read_block] [W::bgzf_read_block] EOF marker is absent. The input may be truncatedEOF marker is absent. The input may be truncated

Processing time:   		85.345 seconds.

Input:                  	85006358 reads 		8585642158 bases.
Polymer-trimmed:        	128217013 reads (150.83%) 	238313730 bases (2.78%)
KTrimmed:               	2122078 reads (2.50%) 	68378706 bases (0.80%)
Trimmed by overlap:     	1623974 reads (1.91%) 	8383620 bases (0.10%)
Total Removed:          	99578 reads (0.12%) 	315076056 bases (3.67%)
Result:                 	84906780 reads (99.88%) 	8270566102 bases (96.33%)

Time:                         	85.564 seconds.
Reads Processed:      85006k 	993.48k reads/sec
Bases Processed:       8585m 	100.34m bases/sec
java -ea -Xmx3g -Xms3g -cp /research/labs/neurology/fryer/m214960/tools/miniconda3/envs/aducanumab/opt/bbmap-39.01-1/current/ jgi.BBDuk -Xmx3g in1=/research/labs/neurology/fryer/projects/aducanumab/mouse/bulkRNA/319_Adu_S8_L003_R1_001.fastq.gz in2=/research/labs/neurology/fryer/projects/aducanumab/mouse/bulkRNA/319_Adu_S8_L003_R2_001.fastq.gz out1=trimmedReads/319_Adu_S8_L003_R1_trim.fastq.gz out2=trimmedReads/319_Adu_S8_L003_R2_trim.fastq.gz ref=refs/adapters.fa ktrim=r k=23 mink=11 hdist=1 tpe tbo threads=20 trimpolyg=1 trimpolya=1
Executing jgi.BBDuk [-Xmx3g, in1=/research/labs/neurology/fryer/projects/aducanumab/mouse/bulkRNA/319_Adu_S8_L003_R1_001.fastq.gz, in2=/research/labs/neurology/fryer/projects/aducanumab/mouse/bulkRNA/319_Adu_S8_L003_R2_001.fastq.gz, out1=trimmedReads/319_Adu_S8_L003_R1_trim.fastq.gz, out2=trimmedReads/319_Adu_S8_L003_R2_trim.fastq.gz, ref=refs/adapters.fa, ktrim=r, k=23, mink=11, hdist=1, tpe, tbo, threads=20, trimpolyg=1, trimpolya=1]
Version 39.01

Set threads to 20
maskMiddle was disabled because useShortKmers=true
0.016 seconds.
Initial:
Memory: max=3221m, total=3221m, free=3191m, used=30m

Added 3614 kmers; time: 	0.017 seconds.
Memory: max=3221m, total=3221m, free=3182m, used=39m

Input is being processed as paired
Started output streams:	0.130 seconds.
[W::bgzf_read_block] EOF marker is absent. The input may be truncated
[W::bgzf_read_block] EOF marker is absent. The input may be truncated
Processing time:   		85.300 seconds.

Input:                  	85111488 reads 		8596260288 bases.
Polymer-trimmed:        	128648285 reads (151.15%) 	239424800 bases (2.79%)
KTrimmed:               	2118086 reads (2.49%) 	68322428 bases (0.79%)
Trimmed by overlap:     	1626648 reads (1.91%) 	8387386 bases (0.10%)
Total Removed:          	102956 reads (0.12%) 	316134614 bases (3.68%)
Result:                 	85008532 reads (99.88%) 	8280125674 bases (96.32%)

Time:                         	85.449 seconds.
Reads Processed:      85111k 	996.05k reads/sec
Bases Processed:       8596m 	100.60m bases/sec
java -ea -Xmx3g -Xms3g -cp /research/labs/neurology/fryer/m214960/tools/miniconda3/envs/aducanumab/opt/bbmap-39.01-1/current/ jgi.BBDuk -Xmx3g in1=/research/labs/neurology/fryer/projects/aducanumab/mouse/bulkRNA/319_Adu_S8_L004_R1_001.fastq.gz in2=/research/labs/neurology/fryer/projects/aducanumab/mouse/bulkRNA/319_Adu_S8_L004_R2_001.fastq.gz out1=trimmedReads/319_Adu_S8_L004_R1_trim.fastq.gz out2=trimmedReads/319_Adu_S8_L004_R2_trim.fastq.gz ref=refs/adapters.fa ktrim=r k=23 mink=11 hdist=1 tpe tbo threads=20 trimpolyg=1 trimpolya=1
Executing jgi.BBDuk [-Xmx3g, in1=/research/labs/neurology/fryer/projects/aducanumab/mouse/bulkRNA/319_Adu_S8_L004_R1_001.fastq.gz, in2=/research/labs/neurology/fryer/projects/aducanumab/mouse/bulkRNA/319_Adu_S8_L004_R2_001.fastq.gz, out1=trimmedReads/319_Adu_S8_L004_R1_trim.fastq.gz, out2=trimmedReads/319_Adu_S8_L004_R2_trim.fastq.gz, ref=refs/adapters.fa, ktrim=r, k=23, mink=11, hdist=1, tpe, tbo, threads=20, trimpolyg=1, trimpolya=1]
Version 39.01

Set threads to 20
maskMiddle was disabled because useShortKmers=true
0.018 seconds.
Initial:
Memory: max=3221m, total=3221m, free=3191m, used=30m

Added 3614 kmers; time: 	0.015 seconds.
Memory: max=3221m, total=3221m, free=3183m, used=38m

Input is being processed as paired
Started output streams:	0.082 seconds.
[W::bgzf_read_block] [W::bgzf_read_block] EOF marker is absent. The input may be truncatedEOF marker is absent. The input may be truncated

Processing time:   		84.524 seconds.

Input:                  	85183856 reads 		8603569456 bases.
Polymer-trimmed:        	128677006 reads (151.06%) 	239398068 bases (2.78%)
KTrimmed:               	2112064 reads (2.48%) 	68004072 bases (0.79%)
Trimmed by overlap:     	1623654 reads (1.91%) 	8382534 bases (0.10%)
Total Removed:          	100864 reads (0.12%) 	315784674 bases (3.67%)
Result:                 	85082992 reads (99.88%) 	8287784782 bases (96.33%)

Time:                         	84.623 seconds.
Reads Processed:      85183k 	1006.63k reads/sec
Bases Processed:       8603m 	101.67m bases/sec
[Tue Oct  3 13:22:15 2023]
Finished job 0.
1 of 1 steps (100%) done
