Building DAG of jobs...
Using shell: /usr/bin/bash
Provided cores: 20
Rules claiming more threads will be scaled down.
Provided resources: mem_mb=45649, mem_mib=43535, disk_mb=45649, disk_mib=43535
Select jobs to execute...

[Tue Oct  3 13:16:41 2023]
rule trim_bbduk:
    input: /research/labs/neurology/fryer/projects/aducanumab/mouse/bulkRNA/316_Adu_S31_L001_R1_001.fastq.gz, /research/labs/neurology/fryer/projects/aducanumab/mouse/bulkRNA/316_Adu_S31_L001_R2_001.fastq.gz, /research/labs/neurology/fryer/projects/aducanumab/mouse/bulkRNA/316_Adu_S31_L002_R1_001.fastq.gz, /research/labs/neurology/fryer/projects/aducanumab/mouse/bulkRNA/316_Adu_S31_L002_R2_001.fastq.gz, /research/labs/neurology/fryer/projects/aducanumab/mouse/bulkRNA/316_Adu_S31_L003_R1_001.fastq.gz, /research/labs/neurology/fryer/projects/aducanumab/mouse/bulkRNA/316_Adu_S31_L003_R2_001.fastq.gz, /research/labs/neurology/fryer/projects/aducanumab/mouse/bulkRNA/316_Adu_S31_L004_R1_001.fastq.gz, /research/labs/neurology/fryer/projects/aducanumab/mouse/bulkRNA/316_Adu_S31_L004_R2_001.fastq.gz
    output: trimmedReads/316_Adu_S31_L001_R1_trim.fastq.gz, trimmedReads/316_Adu_S31_L001_R2_trim.fastq.gz, trimmedReads/316_Adu_S31_L002_R1_trim.fastq.gz, trimmedReads/316_Adu_S31_L002_R2_trim.fastq.gz, trimmedReads/316_Adu_S31_L003_R1_trim.fastq.gz, trimmedReads/316_Adu_S31_L003_R2_trim.fastq.gz, trimmedReads/316_Adu_S31_L004_R1_trim.fastq.gz, trimmedReads/316_Adu_S31_L004_R2_trim.fastq.gz
    jobid: 0
    reason: Missing output files: trimmedReads/316_Adu_S31_L004_R2_trim.fastq.gz, trimmedReads/316_Adu_S31_L001_R2_trim.fastq.gz, trimmedReads/316_Adu_S31_L004_R1_trim.fastq.gz, trimmedReads/316_Adu_S31_L002_R2_trim.fastq.gz, trimmedReads/316_Adu_S31_L001_R1_trim.fastq.gz, trimmedReads/316_Adu_S31_L003_R1_trim.fastq.gz, trimmedReads/316_Adu_S31_L002_R1_trim.fastq.gz, trimmedReads/316_Adu_S31_L003_R2_trim.fastq.gz
    wildcards: sample=316_Adu_S31
    resources: mem_mb=45649, mem_mib=43535, disk_mb=45649, disk_mib=43535, tmpdir=/tmp

java -ea -Xmx3g -Xms3g -cp /research/labs/neurology/fryer/m214960/tools/miniconda3/envs/aducanumab/opt/bbmap-39.01-1/current/ jgi.BBDuk -Xmx3g in1=/research/labs/neurology/fryer/projects/aducanumab/mouse/bulkRNA/316_Adu_S31_L001_R1_001.fastq.gz in2=/research/labs/neurology/fryer/projects/aducanumab/mouse/bulkRNA/316_Adu_S31_L001_R2_001.fastq.gz out1=trimmedReads/316_Adu_S31_L001_R1_trim.fastq.gz out2=trimmedReads/316_Adu_S31_L001_R2_trim.fastq.gz ref=refs/adapters.fa ktrim=r k=23 mink=11 hdist=1 tpe tbo threads=20 trimpolyg=1 trimpolya=1
Executing jgi.BBDuk [-Xmx3g, in1=/research/labs/neurology/fryer/projects/aducanumab/mouse/bulkRNA/316_Adu_S31_L001_R1_001.fastq.gz, in2=/research/labs/neurology/fryer/projects/aducanumab/mouse/bulkRNA/316_Adu_S31_L001_R2_001.fastq.gz, out1=trimmedReads/316_Adu_S31_L001_R1_trim.fastq.gz, out2=trimmedReads/316_Adu_S31_L001_R2_trim.fastq.gz, ref=refs/adapters.fa, ktrim=r, k=23, mink=11, hdist=1, tpe, tbo, threads=20, trimpolyg=1, trimpolya=1]
Version 39.01

Set threads to 20
maskMiddle was disabled because useShortKmers=true
0.175 seconds.
Initial:
Memory: max=3221m, total=3221m, free=3191m, used=30m

Added 3614 kmers; time: 	0.397 seconds.
Memory: max=3221m, total=3221m, free=3183m, used=38m

Input is being processed as paired
Started output streams:	0.247 seconds.
[W::bgzf_read_block] [W::bgzf_read_block] EOF marker is absent. The input may be truncatedEOF marker is absent. The input may be truncated

Processing time:   		111.993 seconds.

Input:                  	105187286 reads 		10623915886 bases.
Polymer-trimmed:        	154460580 reads (146.84%) 	284666446 bases (2.68%)
KTrimmed:               	3786022 reads (3.60%) 	130999416 bases (1.23%)
Trimmed by overlap:     	2405542 reads (2.29%) 	12517824 bases (0.12%)
Total Removed:          	204252 reads (0.19%) 	428183686 bases (4.03%)
Result:                 	104983034 reads (99.81%) 	10195732200 bases (95.97%)

Time:                         	112.640 seconds.
Reads Processed:        105m 	933.84k reads/sec
Bases Processed:      10623m 	94.32m bases/sec
java -ea -Xmx3g -Xms3g -cp /research/labs/neurology/fryer/m214960/tools/miniconda3/envs/aducanumab/opt/bbmap-39.01-1/current/ jgi.BBDuk -Xmx3g in1=/research/labs/neurology/fryer/projects/aducanumab/mouse/bulkRNA/316_Adu_S31_L002_R1_001.fastq.gz in2=/research/labs/neurology/fryer/projects/aducanumab/mouse/bulkRNA/316_Adu_S31_L002_R2_001.fastq.gz out1=trimmedReads/316_Adu_S31_L002_R1_trim.fastq.gz out2=trimmedReads/316_Adu_S31_L002_R2_trim.fastq.gz ref=refs/adapters.fa ktrim=r k=23 mink=11 hdist=1 tpe tbo threads=20 trimpolyg=1 trimpolya=1
Executing jgi.BBDuk [-Xmx3g, in1=/research/labs/neurology/fryer/projects/aducanumab/mouse/bulkRNA/316_Adu_S31_L002_R1_001.fastq.gz, in2=/research/labs/neurology/fryer/projects/aducanumab/mouse/bulkRNA/316_Adu_S31_L002_R2_001.fastq.gz, out1=trimmedReads/316_Adu_S31_L002_R1_trim.fastq.gz, out2=trimmedReads/316_Adu_S31_L002_R2_trim.fastq.gz, ref=refs/adapters.fa, ktrim=r, k=23, mink=11, hdist=1, tpe, tbo, threads=20, trimpolyg=1, trimpolya=1]
Version 39.01

Set threads to 20
maskMiddle was disabled because useShortKmers=true
0.018 seconds.
Initial:
Memory: max=3221m, total=3221m, free=3191m, used=30m

Added 3614 kmers; time: 	0.021 seconds.
Memory: max=3221m, total=3221m, free=3183m, used=38m

Input is being processed as paired
Started output streams:	0.165 seconds.
[W::bgzf_read_block] EOF marker is absent. The input may be truncated
[W::bgzf_read_block] EOF marker is absent. The input may be truncated
Processing time:   		109.632 seconds.

Input:                  	105522444 reads 		10657766844 bases.
Polymer-trimmed:        	154879573 reads (146.77%) 	285708186 bases (2.68%)
KTrimmed:               	3736368 reads (3.54%) 	129198632 bases (1.21%)
Trimmed by overlap:     	2374820 reads (2.25%) 	12340222 bases (0.12%)
Total Removed:          	204366 reads (0.19%) 	427247040 bases (4.01%)
Result:                 	105318078 reads (99.81%) 	10230519804 bases (95.99%)

Time:                         	109.820 seconds.
Reads Processed:        105m 	960.87k reads/sec
Bases Processed:      10657m 	97.05m bases/sec
java -ea -Xmx3g -Xms3g -cp /research/labs/neurology/fryer/m214960/tools/miniconda3/envs/aducanumab/opt/bbmap-39.01-1/current/ jgi.BBDuk -Xmx3g in1=/research/labs/neurology/fryer/projects/aducanumab/mouse/bulkRNA/316_Adu_S31_L003_R1_001.fastq.gz in2=/research/labs/neurology/fryer/projects/aducanumab/mouse/bulkRNA/316_Adu_S31_L003_R2_001.fastq.gz out1=trimmedReads/316_Adu_S31_L003_R1_trim.fastq.gz out2=trimmedReads/316_Adu_S31_L003_R2_trim.fastq.gz ref=refs/adapters.fa ktrim=r k=23 mink=11 hdist=1 tpe tbo threads=20 trimpolyg=1 trimpolya=1
Executing jgi.BBDuk [-Xmx3g, in1=/research/labs/neurology/fryer/projects/aducanumab/mouse/bulkRNA/316_Adu_S31_L003_R1_001.fastq.gz, in2=/research/labs/neurology/fryer/projects/aducanumab/mouse/bulkRNA/316_Adu_S31_L003_R2_001.fastq.gz, out1=trimmedReads/316_Adu_S31_L003_R1_trim.fastq.gz, out2=trimmedReads/316_Adu_S31_L003_R2_trim.fastq.gz, ref=refs/adapters.fa, ktrim=r, k=23, mink=11, hdist=1, tpe, tbo, threads=20, trimpolyg=1, trimpolya=1]
Version 39.01

Set threads to 20
maskMiddle was disabled because useShortKmers=true
0.023 seconds.
Initial:
Memory: max=3221m, total=3221m, free=3191m, used=30m

Added 3614 kmers; time: 	0.019 seconds.
Memory: max=3221m, total=3221m, free=3182m, used=39m

Input is being processed as paired
Started output streams:	0.207 seconds.
[W::bgzf_read_block] EOF marker is absent. The input may be truncated
[W::bgzf_read_block] EOF marker is absent. The input may be truncated
Processing time:   		108.959 seconds.

Input:                  	105734204 reads 		10679154604 bases.
Polymer-trimmed:        	155599039 reads (147.16%) 	287551523 bases (2.69%)
KTrimmed:               	3733720 reads (3.53%) 	129234424 bases (1.21%)
Trimmed by overlap:     	2376426 reads (2.25%) 	12364328 bases (0.12%)
Total Removed:          	208630 reads (0.20%) 	429150275 bases (4.02%)
Result:                 	105525574 reads (99.80%) 	10250004329 bases (95.98%)

Time:                         	109.187 seconds.
Reads Processed:        105m 	968.38k reads/sec
Bases Processed:      10679m 	97.81m bases/sec
java -ea -Xmx3g -Xms3g -cp /research/labs/neurology/fryer/m214960/tools/miniconda3/envs/aducanumab/opt/bbmap-39.01-1/current/ jgi.BBDuk -Xmx3g in1=/research/labs/neurology/fryer/projects/aducanumab/mouse/bulkRNA/316_Adu_S31_L004_R1_001.fastq.gz in2=/research/labs/neurology/fryer/projects/aducanumab/mouse/bulkRNA/316_Adu_S31_L004_R2_001.fastq.gz out1=trimmedReads/316_Adu_S31_L004_R1_trim.fastq.gz out2=trimmedReads/316_Adu_S31_L004_R2_trim.fastq.gz ref=refs/adapters.fa ktrim=r k=23 mink=11 hdist=1 tpe tbo threads=20 trimpolyg=1 trimpolya=1
Executing jgi.BBDuk [-Xmx3g, in1=/research/labs/neurology/fryer/projects/aducanumab/mouse/bulkRNA/316_Adu_S31_L004_R1_001.fastq.gz, in2=/research/labs/neurology/fryer/projects/aducanumab/mouse/bulkRNA/316_Adu_S31_L004_R2_001.fastq.gz, out1=trimmedReads/316_Adu_S31_L004_R1_trim.fastq.gz, out2=trimmedReads/316_Adu_S31_L004_R2_trim.fastq.gz, ref=refs/adapters.fa, ktrim=r, k=23, mink=11, hdist=1, tpe, tbo, threads=20, trimpolyg=1, trimpolya=1]
Version 39.01

Set threads to 20
maskMiddle was disabled because useShortKmers=true
0.017 seconds.
Initial:
Memory: max=3221m, total=3221m, free=3191m, used=30m

Added 3614 kmers; time: 	0.018 seconds.
Memory: max=3221m, total=3221m, free=3182m, used=39m

Input is being processed as paired
Started output streams:	0.124 seconds.
[W::bgzf_read_block] EOF marker is absent. The input may be truncated
[W::bgzf_read_block] EOF marker is absent. The input may be truncated
Processing time:   		109.862 seconds.

Input:                  	105812782 reads 		10687090982 bases.
Polymer-trimmed:        	155596322 reads (147.05%) 	287361231 bases (2.69%)
KTrimmed:               	3724780 reads (3.52%) 	128705950 bases (1.20%)
Trimmed by overlap:     	2377008 reads (2.25%) 	12365852 bases (0.12%)
Total Removed:          	205602 reads (0.19%) 	428433033 bases (4.01%)
Result:                 	105607180 reads (99.81%) 	10258657949 bases (95.99%)

Time:                         	110.004 seconds.
Reads Processed:        105m 	961.90k reads/sec
Bases Processed:      10687m 	97.15m bases/sec
[Tue Oct  3 13:24:07 2023]
Finished job 0.
1 of 1 steps (100%) done
