Building DAG of jobs...
Using shell: /usr/bin/bash
Provided cores: 20
Rules claiming more threads will be scaled down.
Provided resources: mem_mb=29258, mem_mib=27903, disk_mb=29258, disk_mib=27903
Select jobs to execute...

[Tue Oct  3 14:31:11 2023]
rule trim_bbduk:
    input: /research/labs/neurology/fryer/projects/aducanumab/mouse/bulkRNA/946_Adu_S29_L001_R1_001.fastq.gz, /research/labs/neurology/fryer/projects/aducanumab/mouse/bulkRNA/946_Adu_S29_L001_R2_001.fastq.gz, /research/labs/neurology/fryer/projects/aducanumab/mouse/bulkRNA/946_Adu_S29_L002_R1_001.fastq.gz, /research/labs/neurology/fryer/projects/aducanumab/mouse/bulkRNA/946_Adu_S29_L002_R2_001.fastq.gz, /research/labs/neurology/fryer/projects/aducanumab/mouse/bulkRNA/946_Adu_S29_L003_R1_001.fastq.gz, /research/labs/neurology/fryer/projects/aducanumab/mouse/bulkRNA/946_Adu_S29_L003_R2_001.fastq.gz, /research/labs/neurology/fryer/projects/aducanumab/mouse/bulkRNA/946_Adu_S29_L004_R1_001.fastq.gz, /research/labs/neurology/fryer/projects/aducanumab/mouse/bulkRNA/946_Adu_S29_L004_R2_001.fastq.gz
    output: trimmedReads/946_Adu_S29_L001_R1_trim.fastq.gz, trimmedReads/946_Adu_S29_L001_R2_trim.fastq.gz, trimmedReads/946_Adu_S29_L002_R1_trim.fastq.gz, trimmedReads/946_Adu_S29_L002_R2_trim.fastq.gz, trimmedReads/946_Adu_S29_L003_R1_trim.fastq.gz, trimmedReads/946_Adu_S29_L003_R2_trim.fastq.gz, trimmedReads/946_Adu_S29_L004_R1_trim.fastq.gz, trimmedReads/946_Adu_S29_L004_R2_trim.fastq.gz
    jobid: 0
    reason: Missing output files: trimmedReads/946_Adu_S29_L004_R2_trim.fastq.gz, trimmedReads/946_Adu_S29_L003_R2_trim.fastq.gz, trimmedReads/946_Adu_S29_L002_R1_trim.fastq.gz, trimmedReads/946_Adu_S29_L001_R1_trim.fastq.gz, trimmedReads/946_Adu_S29_L001_R2_trim.fastq.gz, trimmedReads/946_Adu_S29_L003_R1_trim.fastq.gz, trimmedReads/946_Adu_S29_L002_R2_trim.fastq.gz, trimmedReads/946_Adu_S29_L004_R1_trim.fastq.gz
    wildcards: sample=946_Adu_S29
    resources: mem_mb=29258, mem_mib=27903, disk_mb=29258, disk_mib=27903, tmpdir=/tmp

java -ea -Xmx3g -Xms3g -cp /research/labs/neurology/fryer/m214960/tools/miniconda3/envs/aducanumab/opt/bbmap-39.01-1/current/ jgi.BBDuk -Xmx3g in1=/research/labs/neurology/fryer/projects/aducanumab/mouse/bulkRNA/946_Adu_S29_L001_R1_001.fastq.gz in2=/research/labs/neurology/fryer/projects/aducanumab/mouse/bulkRNA/946_Adu_S29_L001_R2_001.fastq.gz out1=trimmedReads/946_Adu_S29_L001_R1_trim.fastq.gz out2=trimmedReads/946_Adu_S29_L001_R2_trim.fastq.gz ref=refs/adapters.fa ktrim=r k=23 mink=11 hdist=1 tpe tbo threads=20 trimpolyg=1 trimpolya=1
Executing jgi.BBDuk [-Xmx3g, in1=/research/labs/neurology/fryer/projects/aducanumab/mouse/bulkRNA/946_Adu_S29_L001_R1_001.fastq.gz, in2=/research/labs/neurology/fryer/projects/aducanumab/mouse/bulkRNA/946_Adu_S29_L001_R2_001.fastq.gz, out1=trimmedReads/946_Adu_S29_L001_R1_trim.fastq.gz, out2=trimmedReads/946_Adu_S29_L001_R2_trim.fastq.gz, ref=refs/adapters.fa, ktrim=r, k=23, mink=11, hdist=1, tpe, tbo, threads=20, trimpolyg=1, trimpolya=1]
Version 39.01

Set threads to 20
maskMiddle was disabled because useShortKmers=true
0.262 seconds.
Initial:
Memory: max=3221m, total=3221m, free=3191m, used=30m

Added 3614 kmers; time: 	0.380 seconds.
Memory: max=3221m, total=3221m, free=3182m, used=39m

Input is being processed as paired
Started output streams:	0.291 seconds.
[W::bgzf_read_block] EOF marker is absent. The input may be truncated
[W::bgzf_read_block] EOF marker is absent. The input may be truncated
Processing time:   		67.538 seconds.

Input:                  	67668056 reads 		6834473656 bases.
Polymer-trimmed:        	101768672 reads (150.39%) 	189708691 bases (2.78%)
KTrimmed:               	2121804 reads (3.14%) 	74515516 bases (1.09%)
Trimmed by overlap:     	1517802 reads (2.24%) 	7741660 bases (0.11%)
Total Removed:          	144514 reads (0.21%) 	271965867 bases (3.98%)
Result:                 	67523542 reads (99.79%) 	6562507789 bases (96.02%)

Time:                         	68.210 seconds.
Reads Processed:      67668k 	992.05k reads/sec
Bases Processed:       6834m 	100.20m bases/sec
java -ea -Xmx3g -Xms3g -cp /research/labs/neurology/fryer/m214960/tools/miniconda3/envs/aducanumab/opt/bbmap-39.01-1/current/ jgi.BBDuk -Xmx3g in1=/research/labs/neurology/fryer/projects/aducanumab/mouse/bulkRNA/946_Adu_S29_L002_R1_001.fastq.gz in2=/research/labs/neurology/fryer/projects/aducanumab/mouse/bulkRNA/946_Adu_S29_L002_R2_001.fastq.gz out1=trimmedReads/946_Adu_S29_L002_R1_trim.fastq.gz out2=trimmedReads/946_Adu_S29_L002_R2_trim.fastq.gz ref=refs/adapters.fa ktrim=r k=23 mink=11 hdist=1 tpe tbo threads=20 trimpolyg=1 trimpolya=1
Executing jgi.BBDuk [-Xmx3g, in1=/research/labs/neurology/fryer/projects/aducanumab/mouse/bulkRNA/946_Adu_S29_L002_R1_001.fastq.gz, in2=/research/labs/neurology/fryer/projects/aducanumab/mouse/bulkRNA/946_Adu_S29_L002_R2_001.fastq.gz, out1=trimmedReads/946_Adu_S29_L002_R1_trim.fastq.gz, out2=trimmedReads/946_Adu_S29_L002_R2_trim.fastq.gz, ref=refs/adapters.fa, ktrim=r, k=23, mink=11, hdist=1, tpe, tbo, threads=20, trimpolyg=1, trimpolya=1]
Version 39.01

Set threads to 20
maskMiddle was disabled because useShortKmers=true
0.065 seconds.
Initial:
Memory: max=3221m, total=3221m, free=3191m, used=30m

Added 3614 kmers; time: 	0.026 seconds.
Memory: max=3221m, total=3221m, free=3183m, used=38m

Input is being processed as paired
Started output streams:	0.148 seconds.
[W::bgzf_read_block] EOF marker is absent. The input may be truncated
[W::bgzf_read_block] EOF marker is absent. The input may be truncated
Processing time:   		72.391 seconds.

Input:                  	68030340 reads 		6871064340 bases.
Polymer-trimmed:        	102345389 reads (150.44%) 	190897062 bases (2.78%)
KTrimmed:               	2101466 reads (3.09%) 	73753318 bases (1.07%)
Trimmed by overlap:     	1504708 reads (2.21%) 	7676892 bases (0.11%)
Total Removed:          	144716 reads (0.21%) 	272327272 bases (3.96%)
Result:                 	67885624 reads (99.79%) 	6598737068 bases (96.04%)

Time:                         	72.567 seconds.
Reads Processed:      68030k 	937.48k reads/sec
Bases Processed:       6871m 	94.69m bases/sec
java -ea -Xmx3g -Xms3g -cp /research/labs/neurology/fryer/m214960/tools/miniconda3/envs/aducanumab/opt/bbmap-39.01-1/current/ jgi.BBDuk -Xmx3g in1=/research/labs/neurology/fryer/projects/aducanumab/mouse/bulkRNA/946_Adu_S29_L003_R1_001.fastq.gz in2=/research/labs/neurology/fryer/projects/aducanumab/mouse/bulkRNA/946_Adu_S29_L003_R2_001.fastq.gz out1=trimmedReads/946_Adu_S29_L003_R1_trim.fastq.gz out2=trimmedReads/946_Adu_S29_L003_R2_trim.fastq.gz ref=refs/adapters.fa ktrim=r k=23 mink=11 hdist=1 tpe tbo threads=20 trimpolyg=1 trimpolya=1
Executing jgi.BBDuk [-Xmx3g, in1=/research/labs/neurology/fryer/projects/aducanumab/mouse/bulkRNA/946_Adu_S29_L003_R1_001.fastq.gz, in2=/research/labs/neurology/fryer/projects/aducanumab/mouse/bulkRNA/946_Adu_S29_L003_R2_001.fastq.gz, out1=trimmedReads/946_Adu_S29_L003_R1_trim.fastq.gz, out2=trimmedReads/946_Adu_S29_L003_R2_trim.fastq.gz, ref=refs/adapters.fa, ktrim=r, k=23, mink=11, hdist=1, tpe, tbo, threads=20, trimpolyg=1, trimpolya=1]
Version 39.01

Set threads to 20
maskMiddle was disabled because useShortKmers=true
0.027 seconds.
Initial:
Memory: max=3221m, total=3221m, free=3191m, used=30m

Added 3614 kmers; time: 	0.019 seconds.
Memory: max=3221m, total=3221m, free=3182m, used=39m

Input is being processed as paired
Started output streams:	0.540 seconds.
[W::bgzf_read_block] [W::bgzf_read_block] EOF marker is absent. The input may be truncatedEOF marker is absent. The input may be truncated

Processing time:   		71.656 seconds.

Input:                  	68288468 reads 		6897135268 bases.
Polymer-trimmed:        	102970892 reads (150.79%) 	192458095 bases (2.79%)
KTrimmed:               	2100636 reads (3.08%) 	73842550 bases (1.07%)
Trimmed by overlap:     	1506624 reads (2.21%) 	7686418 bases (0.11%)
Total Removed:          	149372 reads (0.22%) 	273987063 bases (3.97%)
Result:                 	68139096 reads (99.78%) 	6623148205 bases (96.03%)

Time:                         	72.217 seconds.
Reads Processed:      68288k 	945.60k reads/sec
Bases Processed:       6897m 	95.51m bases/sec
java -ea -Xmx3g -Xms3g -cp /research/labs/neurology/fryer/m214960/tools/miniconda3/envs/aducanumab/opt/bbmap-39.01-1/current/ jgi.BBDuk -Xmx3g in1=/research/labs/neurology/fryer/projects/aducanumab/mouse/bulkRNA/946_Adu_S29_L004_R1_001.fastq.gz in2=/research/labs/neurology/fryer/projects/aducanumab/mouse/bulkRNA/946_Adu_S29_L004_R2_001.fastq.gz out1=trimmedReads/946_Adu_S29_L004_R1_trim.fastq.gz out2=trimmedReads/946_Adu_S29_L004_R2_trim.fastq.gz ref=refs/adapters.fa ktrim=r k=23 mink=11 hdist=1 tpe tbo threads=20 trimpolyg=1 trimpolya=1
Executing jgi.BBDuk [-Xmx3g, in1=/research/labs/neurology/fryer/projects/aducanumab/mouse/bulkRNA/946_Adu_S29_L004_R1_001.fastq.gz, in2=/research/labs/neurology/fryer/projects/aducanumab/mouse/bulkRNA/946_Adu_S29_L004_R2_001.fastq.gz, out1=trimmedReads/946_Adu_S29_L004_R1_trim.fastq.gz, out2=trimmedReads/946_Adu_S29_L004_R2_trim.fastq.gz, ref=refs/adapters.fa, ktrim=r, k=23, mink=11, hdist=1, tpe, tbo, threads=20, trimpolyg=1, trimpolya=1]
Version 39.01

Set threads to 20
maskMiddle was disabled because useShortKmers=true
0.061 seconds.
Initial:
Memory: max=3221m, total=3221m, free=3191m, used=30m

Added 3614 kmers; time: 	0.017 seconds.
Memory: max=3221m, total=3221m, free=3181m, used=40m

Input is being processed as paired
Started output streams:	0.118 seconds.
[W::bgzf_read_block] EOF marker is absent. The input may be truncated
[W::bgzf_read_block] EOF marker is absent. The input may be truncated
Processing time:   		72.588 seconds.

Input:                  	68163074 reads 		6884470474 bases.
Polymer-trimmed:        	102778698 reads (150.78%) 	192029601 bases (2.79%)
KTrimmed:               	2091134 reads (3.07%) 	73414986 bases (1.07%)
Trimmed by overlap:     	1502192 reads (2.20%) 	7679910 bases (0.11%)
Total Removed:          	147138 reads (0.22%) 	273124497 bases (3.97%)
Result:                 	68015936 reads (99.78%) 	6611345977 bases (96.03%)

Time:                         	72.725 seconds.
Reads Processed:      68163k 	937.27k reads/sec
Bases Processed:       6884m 	94.66m bases/sec
[Tue Oct  3 14:36:02 2023]
Finished job 0.
1 of 1 steps (100%) done
