Building DAG of jobs...
Using shell: /usr/bin/bash
Provided cores: 20
Rules claiming more threads will be scaled down.
Provided resources: mem_mb=31882, mem_mib=30406, disk_mb=31882, disk_mib=30406
Select jobs to execute...

[Tue Oct  3 14:17:35 2023]
rule trim_bbduk:
    input: /research/labs/neurology/fryer/projects/aducanumab/mouse/bulkRNA/738_Adu_S21_L001_R1_001.fastq.gz, /research/labs/neurology/fryer/projects/aducanumab/mouse/bulkRNA/738_Adu_S21_L001_R2_001.fastq.gz, /research/labs/neurology/fryer/projects/aducanumab/mouse/bulkRNA/738_Adu_S21_L002_R1_001.fastq.gz, /research/labs/neurology/fryer/projects/aducanumab/mouse/bulkRNA/738_Adu_S21_L002_R2_001.fastq.gz, /research/labs/neurology/fryer/projects/aducanumab/mouse/bulkRNA/738_Adu_S21_L003_R1_001.fastq.gz, /research/labs/neurology/fryer/projects/aducanumab/mouse/bulkRNA/738_Adu_S21_L003_R2_001.fastq.gz, /research/labs/neurology/fryer/projects/aducanumab/mouse/bulkRNA/738_Adu_S21_L004_R1_001.fastq.gz, /research/labs/neurology/fryer/projects/aducanumab/mouse/bulkRNA/738_Adu_S21_L004_R2_001.fastq.gz
    output: trimmedReads/738_Adu_S21_L001_R1_trim.fastq.gz, trimmedReads/738_Adu_S21_L001_R2_trim.fastq.gz, trimmedReads/738_Adu_S21_L002_R1_trim.fastq.gz, trimmedReads/738_Adu_S21_L002_R2_trim.fastq.gz, trimmedReads/738_Adu_S21_L003_R1_trim.fastq.gz, trimmedReads/738_Adu_S21_L003_R2_trim.fastq.gz, trimmedReads/738_Adu_S21_L004_R1_trim.fastq.gz, trimmedReads/738_Adu_S21_L004_R2_trim.fastq.gz
    jobid: 0
    reason: Missing output files: trimmedReads/738_Adu_S21_L001_R2_trim.fastq.gz, trimmedReads/738_Adu_S21_L003_R2_trim.fastq.gz, trimmedReads/738_Adu_S21_L004_R1_trim.fastq.gz, trimmedReads/738_Adu_S21_L004_R2_trim.fastq.gz, trimmedReads/738_Adu_S21_L002_R2_trim.fastq.gz, trimmedReads/738_Adu_S21_L001_R1_trim.fastq.gz, trimmedReads/738_Adu_S21_L002_R1_trim.fastq.gz, trimmedReads/738_Adu_S21_L003_R1_trim.fastq.gz
    wildcards: sample=738_Adu_S21
    resources: mem_mb=31882, mem_mib=30406, disk_mb=31882, disk_mib=30406, tmpdir=/tmp

java -ea -Xmx3g -Xms3g -cp /research/labs/neurology/fryer/m214960/tools/miniconda3/envs/aducanumab/opt/bbmap-39.01-1/current/ jgi.BBDuk -Xmx3g in1=/research/labs/neurology/fryer/projects/aducanumab/mouse/bulkRNA/738_Adu_S21_L001_R1_001.fastq.gz in2=/research/labs/neurology/fryer/projects/aducanumab/mouse/bulkRNA/738_Adu_S21_L001_R2_001.fastq.gz out1=trimmedReads/738_Adu_S21_L001_R1_trim.fastq.gz out2=trimmedReads/738_Adu_S21_L001_R2_trim.fastq.gz ref=refs/adapters.fa ktrim=r k=23 mink=11 hdist=1 tpe tbo threads=20 trimpolyg=1 trimpolya=1
Executing jgi.BBDuk [-Xmx3g, in1=/research/labs/neurology/fryer/projects/aducanumab/mouse/bulkRNA/738_Adu_S21_L001_R1_001.fastq.gz, in2=/research/labs/neurology/fryer/projects/aducanumab/mouse/bulkRNA/738_Adu_S21_L001_R2_001.fastq.gz, out1=trimmedReads/738_Adu_S21_L001_R1_trim.fastq.gz, out2=trimmedReads/738_Adu_S21_L001_R2_trim.fastq.gz, ref=refs/adapters.fa, ktrim=r, k=23, mink=11, hdist=1, tpe, tbo, threads=20, trimpolyg=1, trimpolya=1]
Version 39.01

Set threads to 20
maskMiddle was disabled because useShortKmers=true
0.017 seconds.
Initial:
Memory: max=3221m, total=3221m, free=3191m, used=30m

Added 3614 kmers; time: 	0.015 seconds.
Memory: max=3221m, total=3221m, free=3182m, used=39m

Input is being processed as paired
Started output streams:	0.088 seconds.
[W::bgzf_read_block] EOF marker is absent. The input may be truncated
[W::bgzf_read_block] EOF marker is absent. The input may be truncated
Processing time:   		83.728 seconds.

Input:                  	75291830 reads 		7604474830 bases.
Polymer-trimmed:        	115305442 reads (153.14%) 	214280572 bases (2.82%)
KTrimmed:               	2890322 reads (3.84%) 	98916224 bases (1.30%)
Trimmed by overlap:     	2301806 reads (3.06%) 	11646088 bases (0.15%)
Total Removed:          	245370 reads (0.33%) 	324842884 bases (4.27%)
Result:                 	75046460 reads (99.67%) 	7279631946 bases (95.73%)

Time:                         	83.832 seconds.
Reads Processed:      75291k 	898.12k reads/sec
Bases Processed:       7604m 	90.71m bases/sec
java -ea -Xmx3g -Xms3g -cp /research/labs/neurology/fryer/m214960/tools/miniconda3/envs/aducanumab/opt/bbmap-39.01-1/current/ jgi.BBDuk -Xmx3g in1=/research/labs/neurology/fryer/projects/aducanumab/mouse/bulkRNA/738_Adu_S21_L002_R1_001.fastq.gz in2=/research/labs/neurology/fryer/projects/aducanumab/mouse/bulkRNA/738_Adu_S21_L002_R2_001.fastq.gz out1=trimmedReads/738_Adu_S21_L002_R1_trim.fastq.gz out2=trimmedReads/738_Adu_S21_L002_R2_trim.fastq.gz ref=refs/adapters.fa ktrim=r k=23 mink=11 hdist=1 tpe tbo threads=20 trimpolyg=1 trimpolya=1
Executing jgi.BBDuk [-Xmx3g, in1=/research/labs/neurology/fryer/projects/aducanumab/mouse/bulkRNA/738_Adu_S21_L002_R1_001.fastq.gz, in2=/research/labs/neurology/fryer/projects/aducanumab/mouse/bulkRNA/738_Adu_S21_L002_R2_001.fastq.gz, out1=trimmedReads/738_Adu_S21_L002_R1_trim.fastq.gz, out2=trimmedReads/738_Adu_S21_L002_R2_trim.fastq.gz, ref=refs/adapters.fa, ktrim=r, k=23, mink=11, hdist=1, tpe, tbo, threads=20, trimpolyg=1, trimpolya=1]
Version 39.01

Set threads to 20
maskMiddle was disabled because useShortKmers=true
0.017 seconds.
Initial:
Memory: max=3221m, total=3221m, free=3191m, used=30m

Added 3614 kmers; time: 	0.018 seconds.
Memory: max=3221m, total=3221m, free=3183m, used=38m

Input is being processed as paired
Started output streams:	0.147 seconds.
[W::bgzf_read_block] [W::bgzf_read_block] EOF marker is absent. The input may be truncatedEOF marker is absent. The input may be truncated

Processing time:   		79.881 seconds.

Input:                  	75065344 reads 		7581599744 bases.
Polymer-trimmed:        	115001473 reads (153.20%) 	213846102 bases (2.82%)
KTrimmed:               	2846128 reads (3.79%) 	97372856 bases (1.28%)
Trimmed by overlap:     	2268908 reads (3.02%) 	11479472 bases (0.15%)
Total Removed:          	242746 reads (0.32%) 	322698430 bases (4.26%)
Result:                 	74822598 reads (99.68%) 	7258901314 bases (95.74%)

Time:                         	80.048 seconds.
Reads Processed:      75065k 	937.75k reads/sec
Bases Processed:       7581m 	94.71m bases/sec
java -ea -Xmx3g -Xms3g -cp /research/labs/neurology/fryer/m214960/tools/miniconda3/envs/aducanumab/opt/bbmap-39.01-1/current/ jgi.BBDuk -Xmx3g in1=/research/labs/neurology/fryer/projects/aducanumab/mouse/bulkRNA/738_Adu_S21_L003_R1_001.fastq.gz in2=/research/labs/neurology/fryer/projects/aducanumab/mouse/bulkRNA/738_Adu_S21_L003_R2_001.fastq.gz out1=trimmedReads/738_Adu_S21_L003_R1_trim.fastq.gz out2=trimmedReads/738_Adu_S21_L003_R2_trim.fastq.gz ref=refs/adapters.fa ktrim=r k=23 mink=11 hdist=1 tpe tbo threads=20 trimpolyg=1 trimpolya=1
Executing jgi.BBDuk [-Xmx3g, in1=/research/labs/neurology/fryer/projects/aducanumab/mouse/bulkRNA/738_Adu_S21_L003_R1_001.fastq.gz, in2=/research/labs/neurology/fryer/projects/aducanumab/mouse/bulkRNA/738_Adu_S21_L003_R2_001.fastq.gz, out1=trimmedReads/738_Adu_S21_L003_R1_trim.fastq.gz, out2=trimmedReads/738_Adu_S21_L003_R2_trim.fastq.gz, ref=refs/adapters.fa, ktrim=r, k=23, mink=11, hdist=1, tpe, tbo, threads=20, trimpolyg=1, trimpolya=1]
Version 39.01

Set threads to 20
maskMiddle was disabled because useShortKmers=true
0.017 seconds.
Initial:
Memory: max=3221m, total=3221m, free=3191m, used=30m

Added 3614 kmers; time: 	0.016 seconds.
Memory: max=3221m, total=3221m, free=3183m, used=38m

Input is being processed as paired
Started output streams:	0.135 seconds.
[W::bgzf_read_block] EOF marker is absent. The input may be truncated
[W::bgzf_read_block] EOF marker is absent. The input may be truncated
Processing time:   		80.450 seconds.

Input:                  	74957404 reads 		7570697804 bases.
Polymer-trimmed:        	115063820 reads (153.51%) 	214140443 bases (2.83%)
KTrimmed:               	2839786 reads (3.79%) 	97288044 bases (1.29%)
Trimmed by overlap:     	2263262 reads (3.02%) 	11446780 bases (0.15%)
Total Removed:          	245608 reads (0.33%) 	322875267 bases (4.26%)
Result:                 	74711796 reads (99.67%) 	7247822537 bases (95.74%)

Time:                         	80.602 seconds.
Reads Processed:      74957k 	929.97k reads/sec
Bases Processed:       7570m 	93.93m bases/sec
java -ea -Xmx3g -Xms3g -cp /research/labs/neurology/fryer/m214960/tools/miniconda3/envs/aducanumab/opt/bbmap-39.01-1/current/ jgi.BBDuk -Xmx3g in1=/research/labs/neurology/fryer/projects/aducanumab/mouse/bulkRNA/738_Adu_S21_L004_R1_001.fastq.gz in2=/research/labs/neurology/fryer/projects/aducanumab/mouse/bulkRNA/738_Adu_S21_L004_R2_001.fastq.gz out1=trimmedReads/738_Adu_S21_L004_R1_trim.fastq.gz out2=trimmedReads/738_Adu_S21_L004_R2_trim.fastq.gz ref=refs/adapters.fa ktrim=r k=23 mink=11 hdist=1 tpe tbo threads=20 trimpolyg=1 trimpolya=1
Executing jgi.BBDuk [-Xmx3g, in1=/research/labs/neurology/fryer/projects/aducanumab/mouse/bulkRNA/738_Adu_S21_L004_R1_001.fastq.gz, in2=/research/labs/neurology/fryer/projects/aducanumab/mouse/bulkRNA/738_Adu_S21_L004_R2_001.fastq.gz, out1=trimmedReads/738_Adu_S21_L004_R1_trim.fastq.gz, out2=trimmedReads/738_Adu_S21_L004_R2_trim.fastq.gz, ref=refs/adapters.fa, ktrim=r, k=23, mink=11, hdist=1, tpe, tbo, threads=20, trimpolyg=1, trimpolya=1]
Version 39.01

Set threads to 20
maskMiddle was disabled because useShortKmers=true
0.017 seconds.
Initial:
Memory: max=3221m, total=3221m, free=3192m, used=29m

Added 3614 kmers; time: 	0.016 seconds.
Memory: max=3221m, total=3221m, free=3183m, used=38m

Input is being processed as paired
Started output streams:	0.113 seconds.
[W::bgzf_read_block] EOF marker is absent. The input may be truncated
[W::bgzf_read_block] EOF marker is absent. The input may be truncated
Processing time:   		79.756 seconds.

Input:                  	75000530 reads 		7575053530 bases.
Polymer-trimmed:        	115175677 reads (153.57%) 	214401193 bases (2.83%)
KTrimmed:               	2829314 reads (3.77%) 	96758602 bases (1.28%)
Trimmed by overlap:     	2264992 reads (3.02%) 	11449542 bases (0.15%)
Total Removed:          	242882 reads (0.32%) 	322609337 bases (4.26%)
Result:                 	74757648 reads (99.68%) 	7252444193 bases (95.74%)

Time:                         	79.887 seconds.
Reads Processed:      75000k 	938.83k reads/sec
Bases Processed:       7575m 	94.82m bases/sec
[Tue Oct  3 14:23:01 2023]
Finished job 0.
1 of 1 steps (100%) done
