Building DAG of jobs...
Using shell: /usr/bin/bash
Provided cores: 20
Rules claiming more threads will be scaled down.
Provided resources: mem_mb=47614, mem_mib=45409, disk_mb=47614, disk_mib=45409
Select jobs to execute...

[Tue Oct  3 13:16:29 2023]
rule trim_bbduk:
    input: /research/labs/neurology/fryer/projects/aducanumab/mouse/bulkRNA/780_IgG_S26_L001_R1_001.fastq.gz, /research/labs/neurology/fryer/projects/aducanumab/mouse/bulkRNA/780_IgG_S26_L001_R2_001.fastq.gz, /research/labs/neurology/fryer/projects/aducanumab/mouse/bulkRNA/780_IgG_S26_L002_R1_001.fastq.gz, /research/labs/neurology/fryer/projects/aducanumab/mouse/bulkRNA/780_IgG_S26_L002_R2_001.fastq.gz, /research/labs/neurology/fryer/projects/aducanumab/mouse/bulkRNA/780_IgG_S26_L003_R1_001.fastq.gz, /research/labs/neurology/fryer/projects/aducanumab/mouse/bulkRNA/780_IgG_S26_L003_R2_001.fastq.gz, /research/labs/neurology/fryer/projects/aducanumab/mouse/bulkRNA/780_IgG_S26_L004_R1_001.fastq.gz, /research/labs/neurology/fryer/projects/aducanumab/mouse/bulkRNA/780_IgG_S26_L004_R2_001.fastq.gz
    output: trimmedReads/780_IgG_S26_L001_R1_trim.fastq.gz, trimmedReads/780_IgG_S26_L001_R2_trim.fastq.gz, trimmedReads/780_IgG_S26_L002_R1_trim.fastq.gz, trimmedReads/780_IgG_S26_L002_R2_trim.fastq.gz, trimmedReads/780_IgG_S26_L003_R1_trim.fastq.gz, trimmedReads/780_IgG_S26_L003_R2_trim.fastq.gz, trimmedReads/780_IgG_S26_L004_R1_trim.fastq.gz, trimmedReads/780_IgG_S26_L004_R2_trim.fastq.gz
    jobid: 0
    reason: Missing output files: trimmedReads/780_IgG_S26_L003_R2_trim.fastq.gz, trimmedReads/780_IgG_S26_L001_R1_trim.fastq.gz, trimmedReads/780_IgG_S26_L002_R1_trim.fastq.gz, trimmedReads/780_IgG_S26_L001_R2_trim.fastq.gz, trimmedReads/780_IgG_S26_L003_R1_trim.fastq.gz, trimmedReads/780_IgG_S26_L002_R2_trim.fastq.gz, trimmedReads/780_IgG_S26_L004_R2_trim.fastq.gz, trimmedReads/780_IgG_S26_L004_R1_trim.fastq.gz
    wildcards: sample=780_IgG_S26
    resources: mem_mb=47614, mem_mib=45409, disk_mb=47614, disk_mib=45409, tmpdir=/tmp

java -ea -Xmx3g -Xms3g -cp /research/labs/neurology/fryer/m214960/tools/miniconda3/envs/aducanumab/opt/bbmap-39.01-1/current/ jgi.BBDuk -Xmx3g in1=/research/labs/neurology/fryer/projects/aducanumab/mouse/bulkRNA/780_IgG_S26_L001_R1_001.fastq.gz in2=/research/labs/neurology/fryer/projects/aducanumab/mouse/bulkRNA/780_IgG_S26_L001_R2_001.fastq.gz out1=trimmedReads/780_IgG_S26_L001_R1_trim.fastq.gz out2=trimmedReads/780_IgG_S26_L001_R2_trim.fastq.gz ref=refs/adapters.fa ktrim=r k=23 mink=11 hdist=1 tpe tbo threads=20 trimpolyg=1 trimpolya=1
Executing jgi.BBDuk [-Xmx3g, in1=/research/labs/neurology/fryer/projects/aducanumab/mouse/bulkRNA/780_IgG_S26_L001_R1_001.fastq.gz, in2=/research/labs/neurology/fryer/projects/aducanumab/mouse/bulkRNA/780_IgG_S26_L001_R2_001.fastq.gz, out1=trimmedReads/780_IgG_S26_L001_R1_trim.fastq.gz, out2=trimmedReads/780_IgG_S26_L001_R2_trim.fastq.gz, ref=refs/adapters.fa, ktrim=r, k=23, mink=11, hdist=1, tpe, tbo, threads=20, trimpolyg=1, trimpolya=1]
Version 39.01

Set threads to 20
maskMiddle was disabled because useShortKmers=true
0.024 seconds.
Initial:
Memory: max=3221m, total=3221m, free=3191m, used=30m

Added 3614 kmers; time: 	0.029 seconds.
Memory: max=3221m, total=3221m, free=3183m, used=38m

Input is being processed as paired
Started output streams:	0.166 seconds.
[W::bgzf_read_block] EOF marker is absent. The input may be truncated
[W::bgzf_read_block] EOF marker is absent. The input may be truncated
Processing time:   		113.858 seconds.

Input:                  	110610008 reads 		11171610808 bases.
Polymer-trimmed:        	166810821 reads (150.81%) 	313044711 bases (2.80%)
KTrimmed:               	3829528 reads (3.46%) 	130975024 bases (1.17%)
Trimmed by overlap:     	2393018 reads (2.16%) 	12504718 bases (0.11%)
Total Removed:          	190700 reads (0.17%) 	456524453 bases (4.09%)
Result:                 	110419308 reads (99.83%) 	10715086355 bases (95.91%)

Time:                         	114.055 seconds.
Reads Processed:        110m 	969.79k reads/sec
Bases Processed:      11171m 	97.95m bases/sec
java -ea -Xmx3g -Xms3g -cp /research/labs/neurology/fryer/m214960/tools/miniconda3/envs/aducanumab/opt/bbmap-39.01-1/current/ jgi.BBDuk -Xmx3g in1=/research/labs/neurology/fryer/projects/aducanumab/mouse/bulkRNA/780_IgG_S26_L002_R1_001.fastq.gz in2=/research/labs/neurology/fryer/projects/aducanumab/mouse/bulkRNA/780_IgG_S26_L002_R2_001.fastq.gz out1=trimmedReads/780_IgG_S26_L002_R1_trim.fastq.gz out2=trimmedReads/780_IgG_S26_L002_R2_trim.fastq.gz ref=refs/adapters.fa ktrim=r k=23 mink=11 hdist=1 tpe tbo threads=20 trimpolyg=1 trimpolya=1
Executing jgi.BBDuk [-Xmx3g, in1=/research/labs/neurology/fryer/projects/aducanumab/mouse/bulkRNA/780_IgG_S26_L002_R1_001.fastq.gz, in2=/research/labs/neurology/fryer/projects/aducanumab/mouse/bulkRNA/780_IgG_S26_L002_R2_001.fastq.gz, out1=trimmedReads/780_IgG_S26_L002_R1_trim.fastq.gz, out2=trimmedReads/780_IgG_S26_L002_R2_trim.fastq.gz, ref=refs/adapters.fa, ktrim=r, k=23, mink=11, hdist=1, tpe, tbo, threads=20, trimpolyg=1, trimpolya=1]
Version 39.01

Set threads to 20
maskMiddle was disabled because useShortKmers=true
0.018 seconds.
Initial:
Memory: max=3221m, total=3221m, free=3191m, used=30m

Added 3614 kmers; time: 	0.017 seconds.
Memory: max=3221m, total=3221m, free=3182m, used=39m

Input is being processed as paired
Started output streams:	0.232 seconds.
[W::bgzf_read_block] EOF marker is absent. The input may be truncated
[W::bgzf_read_block] EOF marker is absent. The input may be truncated
Processing time:   		115.417 seconds.

Input:                  	110853232 reads 		11196176432 bases.
Polymer-trimmed:        	167119031 reads (150.76%) 	313995130 bases (2.80%)
KTrimmed:               	3771480 reads (3.40%) 	129155796 bases (1.15%)
Trimmed by overlap:     	2363056 reads (2.13%) 	12356904 bases (0.11%)
Total Removed:          	193658 reads (0.17%) 	455507830 bases (4.07%)
Result:                 	110659574 reads (99.83%) 	10740668602 bases (95.93%)

Time:                         	115.668 seconds.
Reads Processed:        110m 	958.37k reads/sec
Bases Processed:      11196m 	96.80m bases/sec
java -ea -Xmx3g -Xms3g -cp /research/labs/neurology/fryer/m214960/tools/miniconda3/envs/aducanumab/opt/bbmap-39.01-1/current/ jgi.BBDuk -Xmx3g in1=/research/labs/neurology/fryer/projects/aducanumab/mouse/bulkRNA/780_IgG_S26_L003_R1_001.fastq.gz in2=/research/labs/neurology/fryer/projects/aducanumab/mouse/bulkRNA/780_IgG_S26_L003_R2_001.fastq.gz out1=trimmedReads/780_IgG_S26_L003_R1_trim.fastq.gz out2=trimmedReads/780_IgG_S26_L003_R2_trim.fastq.gz ref=refs/adapters.fa ktrim=r k=23 mink=11 hdist=1 tpe tbo threads=20 trimpolyg=1 trimpolya=1
Executing jgi.BBDuk [-Xmx3g, in1=/research/labs/neurology/fryer/projects/aducanumab/mouse/bulkRNA/780_IgG_S26_L003_R1_001.fastq.gz, in2=/research/labs/neurology/fryer/projects/aducanumab/mouse/bulkRNA/780_IgG_S26_L003_R2_001.fastq.gz, out1=trimmedReads/780_IgG_S26_L003_R1_trim.fastq.gz, out2=trimmedReads/780_IgG_S26_L003_R2_trim.fastq.gz, ref=refs/adapters.fa, ktrim=r, k=23, mink=11, hdist=1, tpe, tbo, threads=20, trimpolyg=1, trimpolya=1]
Version 39.01

Set threads to 20
maskMiddle was disabled because useShortKmers=true
0.021 seconds.
Initial:
Memory: max=3221m, total=3221m, free=3191m, used=30m

Added 3614 kmers; time: 	0.027 seconds.
Memory: max=3221m, total=3221m, free=3181m, used=40m

Input is being processed as paired
Started output streams:	0.101 seconds.
[W::bgzf_read_block] EOF marker is absent. The input may be truncated
[W::bgzf_read_block] EOF marker is absent. The input may be truncated
Processing time:   		116.597 seconds.

Input:                  	110788136 reads 		11189601736 bases.
Polymer-trimmed:        	167385959 reads (151.09%) 	315092971 bases (2.82%)
KTrimmed:               	3761796 reads (3.40%) 	128994728 bases (1.15%)
Trimmed by overlap:     	2362706 reads (2.13%) 	12347962 bases (0.11%)
Total Removed:          	202120 reads (0.18%) 	456435661 bases (4.08%)
Result:                 	110586016 reads (99.82%) 	10733166075 bases (95.92%)

Time:                         	116.728 seconds.
Reads Processed:        110m 	949.11k reads/sec
Bases Processed:      11189m 	95.86m bases/sec
java -ea -Xmx3g -Xms3g -cp /research/labs/neurology/fryer/m214960/tools/miniconda3/envs/aducanumab/opt/bbmap-39.01-1/current/ jgi.BBDuk -Xmx3g in1=/research/labs/neurology/fryer/projects/aducanumab/mouse/bulkRNA/780_IgG_S26_L004_R1_001.fastq.gz in2=/research/labs/neurology/fryer/projects/aducanumab/mouse/bulkRNA/780_IgG_S26_L004_R2_001.fastq.gz out1=trimmedReads/780_IgG_S26_L004_R1_trim.fastq.gz out2=trimmedReads/780_IgG_S26_L004_R2_trim.fastq.gz ref=refs/adapters.fa ktrim=r k=23 mink=11 hdist=1 tpe tbo threads=20 trimpolyg=1 trimpolya=1
Executing jgi.BBDuk [-Xmx3g, in1=/research/labs/neurology/fryer/projects/aducanumab/mouse/bulkRNA/780_IgG_S26_L004_R1_001.fastq.gz, in2=/research/labs/neurology/fryer/projects/aducanumab/mouse/bulkRNA/780_IgG_S26_L004_R2_001.fastq.gz, out1=trimmedReads/780_IgG_S26_L004_R1_trim.fastq.gz, out2=trimmedReads/780_IgG_S26_L004_R2_trim.fastq.gz, ref=refs/adapters.fa, ktrim=r, k=23, mink=11, hdist=1, tpe, tbo, threads=20, trimpolyg=1, trimpolya=1]
Version 39.01

Set threads to 20
maskMiddle was disabled because useShortKmers=true
0.019 seconds.
Initial:
Memory: max=3221m, total=3221m, free=3191m, used=30m

Added 3614 kmers; time: 	0.018 seconds.
Memory: max=3221m, total=3221m, free=3183m, used=38m

Input is being processed as paired
Started output streams:	0.100 seconds.
[W::bgzf_read_block] EOF marker is absent. The input may be truncated
[W::bgzf_read_block] EOF marker is absent. The input may be truncated
Processing time:   		118.237 seconds.

Input:                  	110944604 reads 		11205405004 bases.
Polymer-trimmed:        	167649254 reads (151.11%) 	315457804 bases (2.82%)
KTrimmed:               	3756004 reads (3.39%) 	128628908 bases (1.15%)
Trimmed by overlap:     	2361034 reads (2.13%) 	12356592 bases (0.11%)
Total Removed:          	199304 reads (0.18%) 	456443304 bases (4.07%)
Result:                 	110745300 reads (99.82%) 	10748961700 bases (95.93%)

Time:                         	118.357 seconds.
Reads Processed:        110m 	937.37k reads/sec
Bases Processed:      11205m 	94.67m bases/sec
[Tue Oct  3 13:24:16 2023]
Finished job 0.
1 of 1 steps (100%) done
