Building DAG of jobs...
Using shell: /usr/bin/bash
Provided cores: 20
Rules claiming more threads will be scaled down.
Provided resources: mem_mb=51415, mem_mib=49034, disk_mb=51415, disk_mib=49034
Select jobs to execute...

[Tue Oct  3 13:16:30 2023]
rule trim_bbduk:
    input: /research/labs/neurology/fryer/projects/aducanumab/mouse/bulkRNA/455_Adu_S20_L001_R1_001.fastq.gz, /research/labs/neurology/fryer/projects/aducanumab/mouse/bulkRNA/455_Adu_S20_L001_R2_001.fastq.gz, /research/labs/neurology/fryer/projects/aducanumab/mouse/bulkRNA/455_Adu_S20_L002_R1_001.fastq.gz, /research/labs/neurology/fryer/projects/aducanumab/mouse/bulkRNA/455_Adu_S20_L002_R2_001.fastq.gz, /research/labs/neurology/fryer/projects/aducanumab/mouse/bulkRNA/455_Adu_S20_L003_R1_001.fastq.gz, /research/labs/neurology/fryer/projects/aducanumab/mouse/bulkRNA/455_Adu_S20_L003_R2_001.fastq.gz, /research/labs/neurology/fryer/projects/aducanumab/mouse/bulkRNA/455_Adu_S20_L004_R1_001.fastq.gz, /research/labs/neurology/fryer/projects/aducanumab/mouse/bulkRNA/455_Adu_S20_L004_R2_001.fastq.gz
    output: trimmedReads/455_Adu_S20_L001_R1_trim.fastq.gz, trimmedReads/455_Adu_S20_L001_R2_trim.fastq.gz, trimmedReads/455_Adu_S20_L002_R1_trim.fastq.gz, trimmedReads/455_Adu_S20_L002_R2_trim.fastq.gz, trimmedReads/455_Adu_S20_L003_R1_trim.fastq.gz, trimmedReads/455_Adu_S20_L003_R2_trim.fastq.gz, trimmedReads/455_Adu_S20_L004_R1_trim.fastq.gz, trimmedReads/455_Adu_S20_L004_R2_trim.fastq.gz
    jobid: 0
    reason: Missing output files: trimmedReads/455_Adu_S20_L001_R1_trim.fastq.gz, trimmedReads/455_Adu_S20_L003_R1_trim.fastq.gz, trimmedReads/455_Adu_S20_L004_R1_trim.fastq.gz, trimmedReads/455_Adu_S20_L002_R2_trim.fastq.gz, trimmedReads/455_Adu_S20_L001_R2_trim.fastq.gz, trimmedReads/455_Adu_S20_L002_R1_trim.fastq.gz, trimmedReads/455_Adu_S20_L004_R2_trim.fastq.gz, trimmedReads/455_Adu_S20_L003_R2_trim.fastq.gz
    wildcards: sample=455_Adu_S20
    resources: mem_mb=51415, mem_mib=49034, disk_mb=51415, disk_mib=49034, tmpdir=/tmp

java -ea -Xmx3g -Xms3g -cp /research/labs/neurology/fryer/m214960/tools/miniconda3/envs/aducanumab/opt/bbmap-39.01-1/current/ jgi.BBDuk -Xmx3g in1=/research/labs/neurology/fryer/projects/aducanumab/mouse/bulkRNA/455_Adu_S20_L001_R1_001.fastq.gz in2=/research/labs/neurology/fryer/projects/aducanumab/mouse/bulkRNA/455_Adu_S20_L001_R2_001.fastq.gz out1=trimmedReads/455_Adu_S20_L001_R1_trim.fastq.gz out2=trimmedReads/455_Adu_S20_L001_R2_trim.fastq.gz ref=refs/adapters.fa ktrim=r k=23 mink=11 hdist=1 tpe tbo threads=20 trimpolyg=1 trimpolya=1
Executing jgi.BBDuk [-Xmx3g, in1=/research/labs/neurology/fryer/projects/aducanumab/mouse/bulkRNA/455_Adu_S20_L001_R1_001.fastq.gz, in2=/research/labs/neurology/fryer/projects/aducanumab/mouse/bulkRNA/455_Adu_S20_L001_R2_001.fastq.gz, out1=trimmedReads/455_Adu_S20_L001_R1_trim.fastq.gz, out2=trimmedReads/455_Adu_S20_L001_R2_trim.fastq.gz, ref=refs/adapters.fa, ktrim=r, k=23, mink=11, hdist=1, tpe, tbo, threads=20, trimpolyg=1, trimpolya=1]
Version 39.01

Set threads to 20
maskMiddle was disabled because useShortKmers=true
0.015 seconds.
Initial:
Memory: max=3221m, total=3221m, free=3191m, used=30m

Added 3614 kmers; time: 	0.018 seconds.
Memory: max=3221m, total=3221m, free=3183m, used=38m

Input is being processed as paired
Started output streams:	0.115 seconds.
[W::bgzf_read_block] EOF marker is absent. The input may be truncated
[W::bgzf_read_block] EOF marker is absent. The input may be truncated
Processing time:   		124.624 seconds.

Input:                  	120582880 reads 		12178870880 bases.
Polymer-trimmed:        	184096152 reads (152.67%) 	342284306 bases (2.81%)
KTrimmed:               	2776008 reads (2.30%) 	83638994 bases (0.69%)
Trimmed by overlap:     	2628352 reads (2.18%) 	13476276 bases (0.11%)
Total Removed:          	240042 reads (0.20%) 	439399576 bases (3.61%)
Result:                 	120342838 reads (99.80%) 	11739471304 bases (96.39%)

Time:                         	124.758 seconds.
Reads Processed:        120m 	966.53k reads/sec
Bases Processed:      12178m 	97.62m bases/sec
java -ea -Xmx3g -Xms3g -cp /research/labs/neurology/fryer/m214960/tools/miniconda3/envs/aducanumab/opt/bbmap-39.01-1/current/ jgi.BBDuk -Xmx3g in1=/research/labs/neurology/fryer/projects/aducanumab/mouse/bulkRNA/455_Adu_S20_L002_R1_001.fastq.gz in2=/research/labs/neurology/fryer/projects/aducanumab/mouse/bulkRNA/455_Adu_S20_L002_R2_001.fastq.gz out1=trimmedReads/455_Adu_S20_L002_R1_trim.fastq.gz out2=trimmedReads/455_Adu_S20_L002_R2_trim.fastq.gz ref=refs/adapters.fa ktrim=r k=23 mink=11 hdist=1 tpe tbo threads=20 trimpolyg=1 trimpolya=1
Executing jgi.BBDuk [-Xmx3g, in1=/research/labs/neurology/fryer/projects/aducanumab/mouse/bulkRNA/455_Adu_S20_L002_R1_001.fastq.gz, in2=/research/labs/neurology/fryer/projects/aducanumab/mouse/bulkRNA/455_Adu_S20_L002_R2_001.fastq.gz, out1=trimmedReads/455_Adu_S20_L002_R1_trim.fastq.gz, out2=trimmedReads/455_Adu_S20_L002_R2_trim.fastq.gz, ref=refs/adapters.fa, ktrim=r, k=23, mink=11, hdist=1, tpe, tbo, threads=20, trimpolyg=1, trimpolya=1]
Version 39.01

Set threads to 20
maskMiddle was disabled because useShortKmers=true
0.018 seconds.
Initial:
Memory: max=3221m, total=3221m, free=3191m, used=30m

Added 3614 kmers; time: 	0.018 seconds.
Memory: max=3221m, total=3221m, free=3182m, used=39m

Input is being processed as paired
Started output streams:	0.089 seconds.
[W::bgzf_read_block] EOF marker is absent. The input may be truncated
[W::bgzf_read_block] EOF marker is absent. The input may be truncated
Processing time:   		122.634 seconds.

Input:                  	120440128 reads 		12164452928 bases.
Polymer-trimmed:        	183523190 reads (152.38%) 	341363251 bases (2.81%)
KTrimmed:               	2731226 reads (2.27%) 	82410838 bases (0.68%)
Trimmed by overlap:     	2592826 reads (2.15%) 	13314026 bases (0.11%)
Total Removed:          	241330 reads (0.20%) 	437088115 bases (3.59%)
Result:                 	120198798 reads (99.80%) 	11727364813 bases (96.41%)

Time:                         	122.743 seconds.
Reads Processed:        120m 	981.24k reads/sec
Bases Processed:      12164m 	99.10m bases/sec
java -ea -Xmx3g -Xms3g -cp /research/labs/neurology/fryer/m214960/tools/miniconda3/envs/aducanumab/opt/bbmap-39.01-1/current/ jgi.BBDuk -Xmx3g in1=/research/labs/neurology/fryer/projects/aducanumab/mouse/bulkRNA/455_Adu_S20_L003_R1_001.fastq.gz in2=/research/labs/neurology/fryer/projects/aducanumab/mouse/bulkRNA/455_Adu_S20_L003_R2_001.fastq.gz out1=trimmedReads/455_Adu_S20_L003_R1_trim.fastq.gz out2=trimmedReads/455_Adu_S20_L003_R2_trim.fastq.gz ref=refs/adapters.fa ktrim=r k=23 mink=11 hdist=1 tpe tbo threads=20 trimpolyg=1 trimpolya=1
Executing jgi.BBDuk [-Xmx3g, in1=/research/labs/neurology/fryer/projects/aducanumab/mouse/bulkRNA/455_Adu_S20_L003_R1_001.fastq.gz, in2=/research/labs/neurology/fryer/projects/aducanumab/mouse/bulkRNA/455_Adu_S20_L003_R2_001.fastq.gz, out1=trimmedReads/455_Adu_S20_L003_R1_trim.fastq.gz, out2=trimmedReads/455_Adu_S20_L003_R2_trim.fastq.gz, ref=refs/adapters.fa, ktrim=r, k=23, mink=11, hdist=1, tpe, tbo, threads=20, trimpolyg=1, trimpolya=1]
Version 39.01

Set threads to 20
maskMiddle was disabled because useShortKmers=true
0.018 seconds.
Initial:
Memory: max=3221m, total=3221m, free=3191m, used=30m

Added 3614 kmers; time: 	0.016 seconds.
Memory: max=3221m, total=3221m, free=3182m, used=39m

Input is being processed as paired
Started output streams:	0.134 seconds.
[W::bgzf_read_block] EOF marker is absent. The input may be truncated
[W::bgzf_read_block] EOF marker is absent. The input may be truncated
Processing time:   		120.235 seconds.

Input:                  	120097458 reads 		12129843258 bases.
Polymer-trimmed:        	183472002 reads (152.77%) 	341722094 bases (2.82%)
KTrimmed:               	2712424 reads (2.26%) 	82224848 bases (0.68%)
Trimmed by overlap:     	2572176 reads (2.14%) 	13201496 bases (0.11%)
Total Removed:          	248772 reads (0.21%) 	437148438 bases (3.60%)
Result:                 	119848686 reads (99.79%) 	11692694820 bases (96.40%)

Time:                         	120.388 seconds.
Reads Processed:        120m 	997.59k reads/sec
Bases Processed:      12129m 	100.76m bases/sec
java -ea -Xmx3g -Xms3g -cp /research/labs/neurology/fryer/m214960/tools/miniconda3/envs/aducanumab/opt/bbmap-39.01-1/current/ jgi.BBDuk -Xmx3g in1=/research/labs/neurology/fryer/projects/aducanumab/mouse/bulkRNA/455_Adu_S20_L004_R1_001.fastq.gz in2=/research/labs/neurology/fryer/projects/aducanumab/mouse/bulkRNA/455_Adu_S20_L004_R2_001.fastq.gz out1=trimmedReads/455_Adu_S20_L004_R1_trim.fastq.gz out2=trimmedReads/455_Adu_S20_L004_R2_trim.fastq.gz ref=refs/adapters.fa ktrim=r k=23 mink=11 hdist=1 tpe tbo threads=20 trimpolyg=1 trimpolya=1
Executing jgi.BBDuk [-Xmx3g, in1=/research/labs/neurology/fryer/projects/aducanumab/mouse/bulkRNA/455_Adu_S20_L004_R1_001.fastq.gz, in2=/research/labs/neurology/fryer/projects/aducanumab/mouse/bulkRNA/455_Adu_S20_L004_R2_001.fastq.gz, out1=trimmedReads/455_Adu_S20_L004_R1_trim.fastq.gz, out2=trimmedReads/455_Adu_S20_L004_R2_trim.fastq.gz, ref=refs/adapters.fa, ktrim=r, k=23, mink=11, hdist=1, tpe, tbo, threads=20, trimpolyg=1, trimpolya=1]
Version 39.01

Set threads to 20
maskMiddle was disabled because useShortKmers=true
0.017 seconds.
Initial:
Memory: max=3221m, total=3221m, free=3191m, used=30m

Added 3614 kmers; time: 	0.017 seconds.
Memory: max=3221m, total=3221m, free=3182m, used=39m

Input is being processed as paired
Started output streams:	0.091 seconds.
[W::bgzf_read_block] EOF marker is absent. The input may be truncated
[W::bgzf_read_block] EOF marker is absent. The input may be truncated
Processing time:   		126.626 seconds.

Input:                  	120400874 reads 		12160488274 bases.
Polymer-trimmed:        	183848027 reads (152.70%) 	342310952 bases (2.81%)
KTrimmed:               	2712380 reads (2.25%) 	81832024 bases (0.67%)
Trimmed by overlap:     	2579314 reads (2.14%) 	13249532 bases (0.11%)
Total Removed:          	243356 reads (0.20%) 	437392508 bases (3.60%)
Result:                 	120157518 reads (99.80%) 	11723095766 bases (96.40%)

Time:                         	126.736 seconds.
Reads Processed:        120m 	950.01k reads/sec
Bases Processed:      12160m 	95.95m bases/sec
[Tue Oct  3 13:24:46 2023]
Finished job 0.
1 of 1 steps (100%) done
