Building DAG of jobs...
Using shell: /usr/bin/bash
Provided cores: 20
Rules claiming more threads will be scaled down.
Provided resources: mem_mb=43070, mem_mib=41075, disk_mb=43070, disk_mib=41075
Select jobs to execute...

[Tue Oct  3 13:16:29 2023]
rule trim_bbduk:
    input: /research/labs/neurology/fryer/projects/aducanumab/mouse/bulkRNA/781_IgG_S14_L001_R1_001.fastq.gz, /research/labs/neurology/fryer/projects/aducanumab/mouse/bulkRNA/781_IgG_S14_L001_R2_001.fastq.gz, /research/labs/neurology/fryer/projects/aducanumab/mouse/bulkRNA/781_IgG_S14_L002_R1_001.fastq.gz, /research/labs/neurology/fryer/projects/aducanumab/mouse/bulkRNA/781_IgG_S14_L002_R2_001.fastq.gz, /research/labs/neurology/fryer/projects/aducanumab/mouse/bulkRNA/781_IgG_S14_L003_R1_001.fastq.gz, /research/labs/neurology/fryer/projects/aducanumab/mouse/bulkRNA/781_IgG_S14_L003_R2_001.fastq.gz, /research/labs/neurology/fryer/projects/aducanumab/mouse/bulkRNA/781_IgG_S14_L004_R1_001.fastq.gz, /research/labs/neurology/fryer/projects/aducanumab/mouse/bulkRNA/781_IgG_S14_L004_R2_001.fastq.gz
    output: trimmedReads/781_IgG_S14_L001_R1_trim.fastq.gz, trimmedReads/781_IgG_S14_L001_R2_trim.fastq.gz, trimmedReads/781_IgG_S14_L002_R1_trim.fastq.gz, trimmedReads/781_IgG_S14_L002_R2_trim.fastq.gz, trimmedReads/781_IgG_S14_L003_R1_trim.fastq.gz, trimmedReads/781_IgG_S14_L003_R2_trim.fastq.gz, trimmedReads/781_IgG_S14_L004_R1_trim.fastq.gz, trimmedReads/781_IgG_S14_L004_R2_trim.fastq.gz
    jobid: 0
    reason: Missing output files: trimmedReads/781_IgG_S14_L003_R1_trim.fastq.gz, trimmedReads/781_IgG_S14_L004_R1_trim.fastq.gz, trimmedReads/781_IgG_S14_L002_R2_trim.fastq.gz, trimmedReads/781_IgG_S14_L004_R2_trim.fastq.gz, trimmedReads/781_IgG_S14_L002_R1_trim.fastq.gz, trimmedReads/781_IgG_S14_L001_R1_trim.fastq.gz, trimmedReads/781_IgG_S14_L001_R2_trim.fastq.gz, trimmedReads/781_IgG_S14_L003_R2_trim.fastq.gz
    wildcards: sample=781_IgG_S14
    resources: mem_mb=43070, mem_mib=41075, disk_mb=43070, disk_mib=41075, tmpdir=/tmp

java -ea -Xmx3g -Xms3g -cp /research/labs/neurology/fryer/m214960/tools/miniconda3/envs/aducanumab/opt/bbmap-39.01-1/current/ jgi.BBDuk -Xmx3g in1=/research/labs/neurology/fryer/projects/aducanumab/mouse/bulkRNA/781_IgG_S14_L001_R1_001.fastq.gz in2=/research/labs/neurology/fryer/projects/aducanumab/mouse/bulkRNA/781_IgG_S14_L001_R2_001.fastq.gz out1=trimmedReads/781_IgG_S14_L001_R1_trim.fastq.gz out2=trimmedReads/781_IgG_S14_L001_R2_trim.fastq.gz ref=refs/adapters.fa ktrim=r k=23 mink=11 hdist=1 tpe tbo threads=20 trimpolyg=1 trimpolya=1
Executing jgi.BBDuk [-Xmx3g, in1=/research/labs/neurology/fryer/projects/aducanumab/mouse/bulkRNA/781_IgG_S14_L001_R1_001.fastq.gz, in2=/research/labs/neurology/fryer/projects/aducanumab/mouse/bulkRNA/781_IgG_S14_L001_R2_001.fastq.gz, out1=trimmedReads/781_IgG_S14_L001_R1_trim.fastq.gz, out2=trimmedReads/781_IgG_S14_L001_R2_trim.fastq.gz, ref=refs/adapters.fa, ktrim=r, k=23, mink=11, hdist=1, tpe, tbo, threads=20, trimpolyg=1, trimpolya=1]
Version 39.01

Set threads to 20
maskMiddle was disabled because useShortKmers=true
0.017 seconds.
Initial:
Memory: max=3221m, total=3221m, free=3191m, used=30m

Added 3614 kmers; time: 	0.025 seconds.
Memory: max=3221m, total=3221m, free=3181m, used=40m

Input is being processed as paired
Started output streams:	0.113 seconds.
[W::bgzf_read_block] EOF marker is absent. The input may be truncated
[W::bgzf_read_block] EOF marker is absent. The input may be truncated
Processing time:   		103.033 seconds.

Input:                  	101270172 reads 		10228287372 bases.
Polymer-trimmed:        	158153285 reads (156.17%) 	298862809 bases (2.92%)
KTrimmed:               	4568942 reads (4.51%) 	160425536 bases (1.57%)
Trimmed by overlap:     	2950952 reads (2.91%) 	15203166 bases (0.15%)
Total Removed:          	289422 reads (0.29%) 	474491511 bases (4.64%)
Result:                 	100980750 reads (99.71%) 	9753795861 bases (95.36%)

Time:                         	103.173 seconds.
Reads Processed:        101m 	981.56k reads/sec
Bases Processed:      10228m 	99.14m bases/sec
java -ea -Xmx3g -Xms3g -cp /research/labs/neurology/fryer/m214960/tools/miniconda3/envs/aducanumab/opt/bbmap-39.01-1/current/ jgi.BBDuk -Xmx3g in1=/research/labs/neurology/fryer/projects/aducanumab/mouse/bulkRNA/781_IgG_S14_L002_R1_001.fastq.gz in2=/research/labs/neurology/fryer/projects/aducanumab/mouse/bulkRNA/781_IgG_S14_L002_R2_001.fastq.gz out1=trimmedReads/781_IgG_S14_L002_R1_trim.fastq.gz out2=trimmedReads/781_IgG_S14_L002_R2_trim.fastq.gz ref=refs/adapters.fa ktrim=r k=23 mink=11 hdist=1 tpe tbo threads=20 trimpolyg=1 trimpolya=1
Executing jgi.BBDuk [-Xmx3g, in1=/research/labs/neurology/fryer/projects/aducanumab/mouse/bulkRNA/781_IgG_S14_L002_R1_001.fastq.gz, in2=/research/labs/neurology/fryer/projects/aducanumab/mouse/bulkRNA/781_IgG_S14_L002_R2_001.fastq.gz, out1=trimmedReads/781_IgG_S14_L002_R1_trim.fastq.gz, out2=trimmedReads/781_IgG_S14_L002_R2_trim.fastq.gz, ref=refs/adapters.fa, ktrim=r, k=23, mink=11, hdist=1, tpe, tbo, threads=20, trimpolyg=1, trimpolya=1]
Version 39.01

Set threads to 20
maskMiddle was disabled because useShortKmers=true
0.018 seconds.
Initial:
Memory: max=3221m, total=3221m, free=3191m, used=30m

Added 3614 kmers; time: 	0.017 seconds.
Memory: max=3221m, total=3221m, free=3182m, used=39m

Input is being processed as paired
Started output streams:	0.119 seconds.
[W::bgzf_read_block] EOF marker is absent. The input may be truncated
[W::bgzf_read_block] EOF marker is absent. The input may be truncated
Processing time:   		103.252 seconds.

Input:                  	101218134 reads 		10223031534 bases.
Polymer-trimmed:        	157911895 reads (156.01%) 	298581674 bases (2.92%)
KTrimmed:               	4498020 reads (4.44%) 	157885826 bases (1.54%)
Trimmed by overlap:     	2909992 reads (2.87%) 	14983362 bases (0.15%)
Total Removed:          	288828 reads (0.29%) 	471450862 bases (4.61%)
Result:                 	100929306 reads (99.71%) 	9751580672 bases (95.39%)

Time:                         	103.389 seconds.
Reads Processed:        101m 	979.00k reads/sec
Bases Processed:      10223m 	98.88m bases/sec
java -ea -Xmx3g -Xms3g -cp /research/labs/neurology/fryer/m214960/tools/miniconda3/envs/aducanumab/opt/bbmap-39.01-1/current/ jgi.BBDuk -Xmx3g in1=/research/labs/neurology/fryer/projects/aducanumab/mouse/bulkRNA/781_IgG_S14_L003_R1_001.fastq.gz in2=/research/labs/neurology/fryer/projects/aducanumab/mouse/bulkRNA/781_IgG_S14_L003_R2_001.fastq.gz out1=trimmedReads/781_IgG_S14_L003_R1_trim.fastq.gz out2=trimmedReads/781_IgG_S14_L003_R2_trim.fastq.gz ref=refs/adapters.fa ktrim=r k=23 mink=11 hdist=1 tpe tbo threads=20 trimpolyg=1 trimpolya=1
Executing jgi.BBDuk [-Xmx3g, in1=/research/labs/neurology/fryer/projects/aducanumab/mouse/bulkRNA/781_IgG_S14_L003_R1_001.fastq.gz, in2=/research/labs/neurology/fryer/projects/aducanumab/mouse/bulkRNA/781_IgG_S14_L003_R2_001.fastq.gz, out1=trimmedReads/781_IgG_S14_L003_R1_trim.fastq.gz, out2=trimmedReads/781_IgG_S14_L003_R2_trim.fastq.gz, ref=refs/adapters.fa, ktrim=r, k=23, mink=11, hdist=1, tpe, tbo, threads=20, trimpolyg=1, trimpolya=1]
Version 39.01

Set threads to 20
maskMiddle was disabled because useShortKmers=true
0.017 seconds.
Initial:
Memory: max=3221m, total=3221m, free=3191m, used=30m

Added 3614 kmers; time: 	0.017 seconds.
Memory: max=3221m, total=3221m, free=3183m, used=38m

Input is being processed as paired
Started output streams:	0.169 seconds.
[W::bgzf_read_block] EOF marker is absent. The input may be truncated
[W::bgzf_read_block] EOF marker is absent. The input may be truncated
Processing time:   		105.349 seconds.

Input:                  	101100750 reads 		10211175750 bases.
Polymer-trimmed:        	157977670 reads (156.26%) 	299186395 bases (2.93%)
KTrimmed:               	4472698 reads (4.42%) 	156830116 bases (1.54%)
Trimmed by overlap:     	2903268 reads (2.87%) 	14967512 bases (0.15%)
Total Removed:          	290678 reads (0.29%) 	470984023 bases (4.61%)
Result:                 	100810072 reads (99.71%) 	9740191727 bases (95.39%)

Time:                         	105.537 seconds.
Reads Processed:        101m 	957.96k reads/sec
Bases Processed:      10211m 	96.75m bases/sec
java -ea -Xmx3g -Xms3g -cp /research/labs/neurology/fryer/m214960/tools/miniconda3/envs/aducanumab/opt/bbmap-39.01-1/current/ jgi.BBDuk -Xmx3g in1=/research/labs/neurology/fryer/projects/aducanumab/mouse/bulkRNA/781_IgG_S14_L004_R1_001.fastq.gz in2=/research/labs/neurology/fryer/projects/aducanumab/mouse/bulkRNA/781_IgG_S14_L004_R2_001.fastq.gz out1=trimmedReads/781_IgG_S14_L004_R1_trim.fastq.gz out2=trimmedReads/781_IgG_S14_L004_R2_trim.fastq.gz ref=refs/adapters.fa ktrim=r k=23 mink=11 hdist=1 tpe tbo threads=20 trimpolyg=1 trimpolya=1
Executing jgi.BBDuk [-Xmx3g, in1=/research/labs/neurology/fryer/projects/aducanumab/mouse/bulkRNA/781_IgG_S14_L004_R1_001.fastq.gz, in2=/research/labs/neurology/fryer/projects/aducanumab/mouse/bulkRNA/781_IgG_S14_L004_R2_001.fastq.gz, out1=trimmedReads/781_IgG_S14_L004_R1_trim.fastq.gz, out2=trimmedReads/781_IgG_S14_L004_R2_trim.fastq.gz, ref=refs/adapters.fa, ktrim=r, k=23, mink=11, hdist=1, tpe, tbo, threads=20, trimpolyg=1, trimpolya=1]
Version 39.01

Set threads to 20
maskMiddle was disabled because useShortKmers=true
0.018 seconds.
Initial:
Memory: max=3221m, total=3221m, free=3191m, used=30m

Added 3614 kmers; time: 	0.017 seconds.
Memory: max=3221m, total=3221m, free=3183m, used=38m

Input is being processed as paired
Started output streams:	0.139 seconds.
[W::bgzf_read_block] EOF marker is absent. The input may be truncated
[W::bgzf_read_block] EOF marker is absent. The input may be truncated
Processing time:   		102.716 seconds.

Input:                  	101159860 reads 		10217145860 bases.
Polymer-trimmed:        	158100528 reads (156.29%) 	299324638 bases (2.93%)
KTrimmed:               	4460662 reads (4.41%) 	156444432 bases (1.53%)
Trimmed by overlap:     	2901438 reads (2.87%) 	14963126 bases (0.15%)
Total Removed:          	288704 reads (0.29%) 	470732196 bases (4.61%)
Result:                 	100871156 reads (99.71%) 	9746413664 bases (95.39%)

Time:                         	102.874 seconds.
Reads Processed:        101m 	983.34k reads/sec
Bases Processed:      10217m 	99.32m bases/sec
[Tue Oct  3 13:23:26 2023]
Finished job 0.
1 of 1 steps (100%) done
