Building DAG of jobs...
Using shell: /usr/bin/bash
Provided cores: 20
Rules claiming more threads will be scaled down.
Provided resources: mem_mb=39103, mem_mib=37292, disk_mb=39103, disk_mib=37292
Select jobs to execute...

[Tue Oct  3 14:36:41 2023]
rule trim_bbduk:
    input: /research/labs/neurology/fryer/projects/aducanumab/mouse/bulkRNA/787_Adu_S54_L001_R1_001.fastq.gz, /research/labs/neurology/fryer/projects/aducanumab/mouse/bulkRNA/787_Adu_S54_L001_R2_001.fastq.gz, /research/labs/neurology/fryer/projects/aducanumab/mouse/bulkRNA/787_Adu_S54_L002_R1_001.fastq.gz, /research/labs/neurology/fryer/projects/aducanumab/mouse/bulkRNA/787_Adu_S54_L002_R2_001.fastq.gz, /research/labs/neurology/fryer/projects/aducanumab/mouse/bulkRNA/787_Adu_S54_L003_R1_001.fastq.gz, /research/labs/neurology/fryer/projects/aducanumab/mouse/bulkRNA/787_Adu_S54_L003_R2_001.fastq.gz, /research/labs/neurology/fryer/projects/aducanumab/mouse/bulkRNA/787_Adu_S54_L004_R1_001.fastq.gz, /research/labs/neurology/fryer/projects/aducanumab/mouse/bulkRNA/787_Adu_S54_L004_R2_001.fastq.gz
    output: trimmedReads/787_Adu_S54_L001_R1_trim.fastq.gz, trimmedReads/787_Adu_S54_L001_R2_trim.fastq.gz, trimmedReads/787_Adu_S54_L002_R1_trim.fastq.gz, trimmedReads/787_Adu_S54_L002_R2_trim.fastq.gz, trimmedReads/787_Adu_S54_L003_R1_trim.fastq.gz, trimmedReads/787_Adu_S54_L003_R2_trim.fastq.gz, trimmedReads/787_Adu_S54_L004_R1_trim.fastq.gz, trimmedReads/787_Adu_S54_L004_R2_trim.fastq.gz
    jobid: 0
    reason: Missing output files: trimmedReads/787_Adu_S54_L002_R1_trim.fastq.gz, trimmedReads/787_Adu_S54_L001_R2_trim.fastq.gz, trimmedReads/787_Adu_S54_L003_R2_trim.fastq.gz, trimmedReads/787_Adu_S54_L001_R1_trim.fastq.gz, trimmedReads/787_Adu_S54_L004_R2_trim.fastq.gz, trimmedReads/787_Adu_S54_L003_R1_trim.fastq.gz, trimmedReads/787_Adu_S54_L004_R1_trim.fastq.gz, trimmedReads/787_Adu_S54_L002_R2_trim.fastq.gz
    wildcards: sample=787_Adu_S54
    resources: mem_mb=39103, mem_mib=37292, disk_mb=39103, disk_mib=37292, tmpdir=/tmp

java -ea -Xmx3g -Xms3g -cp /research/labs/neurology/fryer/m214960/tools/miniconda3/envs/aducanumab/opt/bbmap-39.01-1/current/ jgi.BBDuk -Xmx3g in1=/research/labs/neurology/fryer/projects/aducanumab/mouse/bulkRNA/787_Adu_S54_L001_R1_001.fastq.gz in2=/research/labs/neurology/fryer/projects/aducanumab/mouse/bulkRNA/787_Adu_S54_L001_R2_001.fastq.gz out1=trimmedReads/787_Adu_S54_L001_R1_trim.fastq.gz out2=trimmedReads/787_Adu_S54_L001_R2_trim.fastq.gz ref=refs/adapters.fa ktrim=r k=23 mink=11 hdist=1 tpe tbo threads=20 trimpolyg=1 trimpolya=1
Executing jgi.BBDuk [-Xmx3g, in1=/research/labs/neurology/fryer/projects/aducanumab/mouse/bulkRNA/787_Adu_S54_L001_R1_001.fastq.gz, in2=/research/labs/neurology/fryer/projects/aducanumab/mouse/bulkRNA/787_Adu_S54_L001_R2_001.fastq.gz, out1=trimmedReads/787_Adu_S54_L001_R1_trim.fastq.gz, out2=trimmedReads/787_Adu_S54_L001_R2_trim.fastq.gz, ref=refs/adapters.fa, ktrim=r, k=23, mink=11, hdist=1, tpe, tbo, threads=20, trimpolyg=1, trimpolya=1]
Version 39.01

Set threads to 20
maskMiddle was disabled because useShortKmers=true
0.021 seconds.
Initial:
Memory: max=3221m, total=3221m, free=3191m, used=30m

Added 3614 kmers; time: 	0.029 seconds.
Memory: max=3221m, total=3221m, free=3183m, used=38m

Input is being processed as paired
Started output streams:	0.175 seconds.
[W::bgzf_read_block] EOF marker is absent. The input may be truncated
[W::bgzf_read_block] EOF marker is absent. The input may be truncated
Processing time:   		91.663 seconds.

Input:                  	92009288 reads 		9292938088 bases.
Polymer-trimmed:        	141206511 reads (153.47%) 	262498854 bases (2.82%)
KTrimmed:               	2746044 reads (2.98%) 	88776286 bases (0.96%)
Trimmed by overlap:     	1912608 reads (2.08%) 	9917472 bases (0.11%)
Total Removed:          	102296 reads (0.11%) 	361192612 bases (3.89%)
Result:                 	91906992 reads (99.89%) 	8931745476 bases (96.11%)

Time:                         	91.868 seconds.
Reads Processed:      92009k 	1001.54k reads/sec
Bases Processed:       9292m 	101.16m bases/sec
java -ea -Xmx3g -Xms3g -cp /research/labs/neurology/fryer/m214960/tools/miniconda3/envs/aducanumab/opt/bbmap-39.01-1/current/ jgi.BBDuk -Xmx3g in1=/research/labs/neurology/fryer/projects/aducanumab/mouse/bulkRNA/787_Adu_S54_L002_R1_001.fastq.gz in2=/research/labs/neurology/fryer/projects/aducanumab/mouse/bulkRNA/787_Adu_S54_L002_R2_001.fastq.gz out1=trimmedReads/787_Adu_S54_L002_R1_trim.fastq.gz out2=trimmedReads/787_Adu_S54_L002_R2_trim.fastq.gz ref=refs/adapters.fa ktrim=r k=23 mink=11 hdist=1 tpe tbo threads=20 trimpolyg=1 trimpolya=1
Executing jgi.BBDuk [-Xmx3g, in1=/research/labs/neurology/fryer/projects/aducanumab/mouse/bulkRNA/787_Adu_S54_L002_R1_001.fastq.gz, in2=/research/labs/neurology/fryer/projects/aducanumab/mouse/bulkRNA/787_Adu_S54_L002_R2_001.fastq.gz, out1=trimmedReads/787_Adu_S54_L002_R1_trim.fastq.gz, out2=trimmedReads/787_Adu_S54_L002_R2_trim.fastq.gz, ref=refs/adapters.fa, ktrim=r, k=23, mink=11, hdist=1, tpe, tbo, threads=20, trimpolyg=1, trimpolya=1]
Version 39.01

Set threads to 20
maskMiddle was disabled because useShortKmers=true
0.018 seconds.
Initial:
Memory: max=3221m, total=3221m, free=3191m, used=30m

Added 3614 kmers; time: 	0.018 seconds.
Memory: max=3221m, total=3221m, free=3181m, used=40m

Input is being processed as paired
Started output streams:	0.116 seconds.
[W::bgzf_read_block] EOF marker is absent. The input may be truncated
[W::bgzf_read_block] EOF marker is absent. The input may be truncated
Processing time:   		96.910 seconds.

Input:                  	91843258 reads 		9276169058 bases.
Polymer-trimmed:        	140737796 reads (153.24%) 	261676585 bases (2.82%)
KTrimmed:               	2695934 reads (2.94%) 	87057978 bases (0.94%)
Trimmed by overlap:     	1882122 reads (2.05%) 	9755596 bases (0.11%)
Total Removed:          	102248 reads (0.11%) 	358490159 bases (3.86%)
Result:                 	91741010 reads (99.89%) 	8917678899 bases (96.14%)

Time:                         	97.046 seconds.
Reads Processed:      91843k 	946.39k reads/sec
Bases Processed:       9276m 	95.59m bases/sec
java -ea -Xmx3g -Xms3g -cp /research/labs/neurology/fryer/m214960/tools/miniconda3/envs/aducanumab/opt/bbmap-39.01-1/current/ jgi.BBDuk -Xmx3g in1=/research/labs/neurology/fryer/projects/aducanumab/mouse/bulkRNA/787_Adu_S54_L003_R1_001.fastq.gz in2=/research/labs/neurology/fryer/projects/aducanumab/mouse/bulkRNA/787_Adu_S54_L003_R2_001.fastq.gz out1=trimmedReads/787_Adu_S54_L003_R1_trim.fastq.gz out2=trimmedReads/787_Adu_S54_L003_R2_trim.fastq.gz ref=refs/adapters.fa ktrim=r k=23 mink=11 hdist=1 tpe tbo threads=20 trimpolyg=1 trimpolya=1
Executing jgi.BBDuk [-Xmx3g, in1=/research/labs/neurology/fryer/projects/aducanumab/mouse/bulkRNA/787_Adu_S54_L003_R1_001.fastq.gz, in2=/research/labs/neurology/fryer/projects/aducanumab/mouse/bulkRNA/787_Adu_S54_L003_R2_001.fastq.gz, out1=trimmedReads/787_Adu_S54_L003_R1_trim.fastq.gz, out2=trimmedReads/787_Adu_S54_L003_R2_trim.fastq.gz, ref=refs/adapters.fa, ktrim=r, k=23, mink=11, hdist=1, tpe, tbo, threads=20, trimpolyg=1, trimpolya=1]
Version 39.01

Set threads to 20
maskMiddle was disabled because useShortKmers=true
0.018 seconds.
Initial:
Memory: max=3221m, total=3221m, free=3191m, used=30m

Added 3614 kmers; time: 	0.016 seconds.
Memory: max=3221m, total=3221m, free=3183m, used=38m

Input is being processed as paired
Started output streams:	0.155 seconds.
[W::bgzf_read_block] EOF marker is absent. The input may be truncated
[W::bgzf_read_block] EOF marker is absent. The input may be truncated
Processing time:   		96.374 seconds.

Input:                  	91653988 reads 		9257052788 bases.
Polymer-trimmed:        	140727947 reads (153.54%) 	261961425 bases (2.83%)
KTrimmed:               	2680276 reads (2.92%) 	86500974 bases (0.93%)
Trimmed by overlap:     	1881836 reads (2.05%) 	9762374 bases (0.11%)
Total Removed:          	103130 reads (0.11%) 	358224773 bases (3.87%)
Result:                 	91550858 reads (99.89%) 	8898828015 bases (96.13%)

Time:                         	96.547 seconds.
Reads Processed:      91653k 	949.32k reads/sec
Bases Processed:       9257m 	95.88m bases/sec
java -ea -Xmx3g -Xms3g -cp /research/labs/neurology/fryer/m214960/tools/miniconda3/envs/aducanumab/opt/bbmap-39.01-1/current/ jgi.BBDuk -Xmx3g in1=/research/labs/neurology/fryer/projects/aducanumab/mouse/bulkRNA/787_Adu_S54_L004_R1_001.fastq.gz in2=/research/labs/neurology/fryer/projects/aducanumab/mouse/bulkRNA/787_Adu_S54_L004_R2_001.fastq.gz out1=trimmedReads/787_Adu_S54_L004_R1_trim.fastq.gz out2=trimmedReads/787_Adu_S54_L004_R2_trim.fastq.gz ref=refs/adapters.fa ktrim=r k=23 mink=11 hdist=1 tpe tbo threads=20 trimpolyg=1 trimpolya=1
Executing jgi.BBDuk [-Xmx3g, in1=/research/labs/neurology/fryer/projects/aducanumab/mouse/bulkRNA/787_Adu_S54_L004_R1_001.fastq.gz, in2=/research/labs/neurology/fryer/projects/aducanumab/mouse/bulkRNA/787_Adu_S54_L004_R2_001.fastq.gz, out1=trimmedReads/787_Adu_S54_L004_R1_trim.fastq.gz, out2=trimmedReads/787_Adu_S54_L004_R2_trim.fastq.gz, ref=refs/adapters.fa, ktrim=r, k=23, mink=11, hdist=1, tpe, tbo, threads=20, trimpolyg=1, trimpolya=1]
Version 39.01

Set threads to 20
maskMiddle was disabled because useShortKmers=true
0.019 seconds.
Initial:
Memory: max=3221m, total=3221m, free=3191m, used=30m

Added 3614 kmers; time: 	0.018 seconds.
Memory: max=3221m, total=3221m, free=3182m, used=39m

Input is being processed as paired
Started output streams:	0.138 seconds.
[W::bgzf_read_block] EOF marker is absent. The input may be truncated
[W::bgzf_read_block] EOF marker is absent. The input may be truncated
Processing time:   		87.165 seconds.

Input:                  	91789178 reads 		9270706978 bases.
Polymer-trimmed:        	140888117 reads (153.49%) 	262212548 bases (2.83%)
KTrimmed:               	2676582 reads (2.92%) 	86339794 bases (0.93%)
Trimmed by overlap:     	1877766 reads (2.05%) 	9735328 bases (0.11%)
Total Removed:          	102738 reads (0.11%) 	358287670 bases (3.86%)
Result:                 	91686440 reads (99.89%) 	8912419308 bases (96.14%)

Time:                         	87.323 seconds.
Reads Processed:      91789k 	1051.15k reads/sec
Bases Processed:       9270m 	106.17m bases/sec
[Tue Oct  3 14:42:55 2023]
Finished job 0.
1 of 1 steps (100%) done
