Building DAG of jobs...
Using shell: /usr/bin/bash
Provided cores: 20
Rules claiming more threads will be scaled down.
Provided resources: mem_mb=29191, mem_mib=27839, disk_mb=29191, disk_mib=27839
Select jobs to execute...

[Tue Oct  3 13:22:26 2023]
rule trim_bbduk:
    input: /research/labs/neurology/fryer/projects/aducanumab/mouse/bulkRNA/1032_Adu_R_S11_L001_R1_001.fastq.gz, /research/labs/neurology/fryer/projects/aducanumab/mouse/bulkRNA/1032_Adu_R_S11_L001_R2_001.fastq.gz, /research/labs/neurology/fryer/projects/aducanumab/mouse/bulkRNA/1032_Adu_R_S11_L002_R1_001.fastq.gz, /research/labs/neurology/fryer/projects/aducanumab/mouse/bulkRNA/1032_Adu_R_S11_L002_R2_001.fastq.gz, /research/labs/neurology/fryer/projects/aducanumab/mouse/bulkRNA/1032_Adu_R_S11_L003_R1_001.fastq.gz, /research/labs/neurology/fryer/projects/aducanumab/mouse/bulkRNA/1032_Adu_R_S11_L003_R2_001.fastq.gz, /research/labs/neurology/fryer/projects/aducanumab/mouse/bulkRNA/1032_Adu_R_S11_L004_R1_001.fastq.gz, /research/labs/neurology/fryer/projects/aducanumab/mouse/bulkRNA/1032_Adu_R_S11_L004_R2_001.fastq.gz
    output: trimmedReads/1032_Adu_R_S11_L001_R1_trim.fastq.gz, trimmedReads/1032_Adu_R_S11_L001_R2_trim.fastq.gz, trimmedReads/1032_Adu_R_S11_L002_R1_trim.fastq.gz, trimmedReads/1032_Adu_R_S11_L002_R2_trim.fastq.gz, trimmedReads/1032_Adu_R_S11_L003_R1_trim.fastq.gz, trimmedReads/1032_Adu_R_S11_L003_R2_trim.fastq.gz, trimmedReads/1032_Adu_R_S11_L004_R1_trim.fastq.gz, trimmedReads/1032_Adu_R_S11_L004_R2_trim.fastq.gz
    jobid: 0
    reason: Missing output files: trimmedReads/1032_Adu_R_S11_L001_R2_trim.fastq.gz, trimmedReads/1032_Adu_R_S11_L004_R1_trim.fastq.gz, trimmedReads/1032_Adu_R_S11_L003_R1_trim.fastq.gz, trimmedReads/1032_Adu_R_S11_L004_R2_trim.fastq.gz, trimmedReads/1032_Adu_R_S11_L002_R1_trim.fastq.gz, trimmedReads/1032_Adu_R_S11_L002_R2_trim.fastq.gz, trimmedReads/1032_Adu_R_S11_L003_R2_trim.fastq.gz, trimmedReads/1032_Adu_R_S11_L001_R1_trim.fastq.gz
    wildcards: sample=1032_Adu_R_S11
    resources: mem_mb=29191, mem_mib=27839, disk_mb=29191, disk_mib=27839, tmpdir=/tmp

java -ea -Xmx3g -Xms3g -cp /research/labs/neurology/fryer/m214960/tools/miniconda3/envs/aducanumab/opt/bbmap-39.01-1/current/ jgi.BBDuk -Xmx3g in1=/research/labs/neurology/fryer/projects/aducanumab/mouse/bulkRNA/1032_Adu_R_S11_L001_R1_001.fastq.gz in2=/research/labs/neurology/fryer/projects/aducanumab/mouse/bulkRNA/1032_Adu_R_S11_L001_R2_001.fastq.gz out1=trimmedReads/1032_Adu_R_S11_L001_R1_trim.fastq.gz out2=trimmedReads/1032_Adu_R_S11_L001_R2_trim.fastq.gz ref=refs/adapters.fa ktrim=r k=23 mink=11 hdist=1 tpe tbo threads=20 trimpolyg=1 trimpolya=1
Executing jgi.BBDuk [-Xmx3g, in1=/research/labs/neurology/fryer/projects/aducanumab/mouse/bulkRNA/1032_Adu_R_S11_L001_R1_001.fastq.gz, in2=/research/labs/neurology/fryer/projects/aducanumab/mouse/bulkRNA/1032_Adu_R_S11_L001_R2_001.fastq.gz, out1=trimmedReads/1032_Adu_R_S11_L001_R1_trim.fastq.gz, out2=trimmedReads/1032_Adu_R_S11_L001_R2_trim.fastq.gz, ref=refs/adapters.fa, ktrim=r, k=23, mink=11, hdist=1, tpe, tbo, threads=20, trimpolyg=1, trimpolya=1]
Version 39.01

Set threads to 20
maskMiddle was disabled because useShortKmers=true
0.018 seconds.
Initial:
Memory: max=3221m, total=3221m, free=3191m, used=30m

Added 3614 kmers; time: 	0.018 seconds.
Memory: max=3221m, total=3221m, free=3182m, used=39m

Input is being processed as paired
Started output streams:	0.198 seconds.
[W::bgzf_read_block] EOF marker is absent. The input may be truncated
[W::bgzf_read_block] EOF marker is absent. The input may be truncated
Processing time:   		68.652 seconds.

Input:                  	67622208 reads 		6829843008 bases.
Polymer-trimmed:        	102593685 reads (151.72%) 	189871197 bases (2.78%)
KTrimmed:               	2164982 reads (3.20%) 	75595230 bases (1.11%)
Trimmed by overlap:     	1724960 reads (2.55%) 	8829524 bases (0.13%)
Total Removed:          	226364 reads (0.33%) 	274295951 bases (4.02%)
Result:                 	67395844 reads (99.67%) 	6555547057 bases (95.98%)

Time:                         	68.870 seconds.
Reads Processed:      67622k 	981.88k reads/sec
Bases Processed:       6829m 	99.17m bases/sec
java -ea -Xmx3g -Xms3g -cp /research/labs/neurology/fryer/m214960/tools/miniconda3/envs/aducanumab/opt/bbmap-39.01-1/current/ jgi.BBDuk -Xmx3g in1=/research/labs/neurology/fryer/projects/aducanumab/mouse/bulkRNA/1032_Adu_R_S11_L002_R1_001.fastq.gz in2=/research/labs/neurology/fryer/projects/aducanumab/mouse/bulkRNA/1032_Adu_R_S11_L002_R2_001.fastq.gz out1=trimmedReads/1032_Adu_R_S11_L002_R1_trim.fastq.gz out2=trimmedReads/1032_Adu_R_S11_L002_R2_trim.fastq.gz ref=refs/adapters.fa ktrim=r k=23 mink=11 hdist=1 tpe tbo threads=20 trimpolyg=1 trimpolya=1
Executing jgi.BBDuk [-Xmx3g, in1=/research/labs/neurology/fryer/projects/aducanumab/mouse/bulkRNA/1032_Adu_R_S11_L002_R1_001.fastq.gz, in2=/research/labs/neurology/fryer/projects/aducanumab/mouse/bulkRNA/1032_Adu_R_S11_L002_R2_001.fastq.gz, out1=trimmedReads/1032_Adu_R_S11_L002_R1_trim.fastq.gz, out2=trimmedReads/1032_Adu_R_S11_L002_R2_trim.fastq.gz, ref=refs/adapters.fa, ktrim=r, k=23, mink=11, hdist=1, tpe, tbo, threads=20, trimpolyg=1, trimpolya=1]
Version 39.01

Set threads to 20
maskMiddle was disabled because useShortKmers=true
0.017 seconds.
Initial:
Memory: max=3221m, total=3221m, free=3191m, used=30m

Added 3614 kmers; time: 	0.016 seconds.
Memory: max=3221m, total=3221m, free=3182m, used=39m

Input is being processed as paired
Started output streams:	0.110 seconds.
[W::bgzf_read_block] EOF marker is absent. The input may be truncated
[W::bgzf_read_block] EOF marker is absent. The input may be truncated
Processing time:   		66.314 seconds.

Input:                  	67733648 reads 		6841098448 bases.
Polymer-trimmed:        	102649913 reads (151.55%) 	190071484 bases (2.78%)
KTrimmed:               	2136504 reads (3.15%) 	74521424 bases (1.09%)
Trimmed by overlap:     	1701038 reads (2.51%) 	8700482 bases (0.13%)
Total Removed:          	225492 reads (0.33%) 	273293390 bases (3.99%)
Result:                 	67508156 reads (99.67%) 	6567805058 bases (96.01%)

Time:                         	66.442 seconds.
Reads Processed:      67733k 	1019.44k reads/sec
Bases Processed:       6841m 	102.96m bases/sec
java -ea -Xmx3g -Xms3g -cp /research/labs/neurology/fryer/m214960/tools/miniconda3/envs/aducanumab/opt/bbmap-39.01-1/current/ jgi.BBDuk -Xmx3g in1=/research/labs/neurology/fryer/projects/aducanumab/mouse/bulkRNA/1032_Adu_R_S11_L003_R1_001.fastq.gz in2=/research/labs/neurology/fryer/projects/aducanumab/mouse/bulkRNA/1032_Adu_R_S11_L003_R2_001.fastq.gz out1=trimmedReads/1032_Adu_R_S11_L003_R1_trim.fastq.gz out2=trimmedReads/1032_Adu_R_S11_L003_R2_trim.fastq.gz ref=refs/adapters.fa ktrim=r k=23 mink=11 hdist=1 tpe tbo threads=20 trimpolyg=1 trimpolya=1
Executing jgi.BBDuk [-Xmx3g, in1=/research/labs/neurology/fryer/projects/aducanumab/mouse/bulkRNA/1032_Adu_R_S11_L003_R1_001.fastq.gz, in2=/research/labs/neurology/fryer/projects/aducanumab/mouse/bulkRNA/1032_Adu_R_S11_L003_R2_001.fastq.gz, out1=trimmedReads/1032_Adu_R_S11_L003_R1_trim.fastq.gz, out2=trimmedReads/1032_Adu_R_S11_L003_R2_trim.fastq.gz, ref=refs/adapters.fa, ktrim=r, k=23, mink=11, hdist=1, tpe, tbo, threads=20, trimpolyg=1, trimpolya=1]
Version 39.01

Set threads to 20
maskMiddle was disabled because useShortKmers=true
0.016 seconds.
Initial:
Memory: max=3221m, total=3221m, free=3191m, used=30m

Added 3614 kmers; time: 	0.019 seconds.
Memory: max=3221m, total=3221m, free=3181m, used=40m

Input is being processed as paired
Started output streams:	0.101 seconds.
[W::bgzf_read_block] EOF marker is absent. The input may be truncated[W::bgzf_read_block] 
EOF marker is absent. The input may be truncated
Processing time:   		64.602 seconds.

Input:                  	67807308 reads 		6848538108 bases.
Polymer-trimmed:        	102975351 reads (151.86%) 	191006826 bases (2.79%)
KTrimmed:               	2132424 reads (3.14%) 	74430662 bases (1.09%)
Trimmed by overlap:     	1702156 reads (2.51%) 	8714778 bases (0.13%)
Total Removed:          	227954 reads (0.34%) 	274152266 bases (4.00%)
Result:                 	67579354 reads (99.66%) 	6574385842 bases (96.00%)

Time:                         	64.745 seconds.
Reads Processed:      67807k 	1047.29k reads/sec
Bases Processed:       6848m 	105.78m bases/sec
java -ea -Xmx3g -Xms3g -cp /research/labs/neurology/fryer/m214960/tools/miniconda3/envs/aducanumab/opt/bbmap-39.01-1/current/ jgi.BBDuk -Xmx3g in1=/research/labs/neurology/fryer/projects/aducanumab/mouse/bulkRNA/1032_Adu_R_S11_L004_R1_001.fastq.gz in2=/research/labs/neurology/fryer/projects/aducanumab/mouse/bulkRNA/1032_Adu_R_S11_L004_R2_001.fastq.gz out1=trimmedReads/1032_Adu_R_S11_L004_R1_trim.fastq.gz out2=trimmedReads/1032_Adu_R_S11_L004_R2_trim.fastq.gz ref=refs/adapters.fa ktrim=r k=23 mink=11 hdist=1 tpe tbo threads=20 trimpolyg=1 trimpolya=1
Executing jgi.BBDuk [-Xmx3g, in1=/research/labs/neurology/fryer/projects/aducanumab/mouse/bulkRNA/1032_Adu_R_S11_L004_R1_001.fastq.gz, in2=/research/labs/neurology/fryer/projects/aducanumab/mouse/bulkRNA/1032_Adu_R_S11_L004_R2_001.fastq.gz, out1=trimmedReads/1032_Adu_R_S11_L004_R1_trim.fastq.gz, out2=trimmedReads/1032_Adu_R_S11_L004_R2_trim.fastq.gz, ref=refs/adapters.fa, ktrim=r, k=23, mink=11, hdist=1, tpe, tbo, threads=20, trimpolyg=1, trimpolya=1]
Version 39.01

Set threads to 20
maskMiddle was disabled because useShortKmers=true
0.018 seconds.
Initial:
Memory: max=3221m, total=3221m, free=3191m, used=30m

Added 3614 kmers; time: 	0.017 seconds.
Memory: max=3221m, total=3221m, free=3183m, used=38m

Input is being processed as paired
Started output streams:	0.123 seconds.
[W::bgzf_read_block] EOF marker is absent. The input may be truncated
[W::bgzf_read_block] EOF marker is absent. The input may be truncated
Processing time:   		82.624 seconds.

Input:                  	67779188 reads 		6845697988 bases.
Polymer-trimmed:        	102890731 reads (151.80%) 	190762116 bases (2.79%)
KTrimmed:               	2126904 reads (3.14%) 	74057530 bases (1.08%)
Trimmed by overlap:     	1697660 reads (2.50%) 	8693916 bases (0.13%)
Total Removed:          	225956 reads (0.33%) 	273513562 bases (4.00%)
Result:                 	67553232 reads (99.67%) 	6572184426 bases (96.00%)

Time:                         	82.765 seconds.
Reads Processed:      67779k 	818.93k reads/sec
Bases Processed:       6845m 	82.71m bases/sec
[Tue Oct  3 13:27:13 2023]
Finished job 0.
1 of 1 steps (100%) done
