Building DAG of jobs...
Using shell: /usr/bin/bash
Provided cores: 20
Rules claiming more threads will be scaled down.
Provided resources: mem_mb=36429, mem_mib=34742, disk_mb=36429, disk_mib=34742
Select jobs to execute...

[Tue Oct  3 14:08:18 2023]
rule trim_bbduk:
    input: /research/labs/neurology/fryer/projects/aducanumab/mouse/bulkRNA/373_IgG_S58_L001_R1_001.fastq.gz, /research/labs/neurology/fryer/projects/aducanumab/mouse/bulkRNA/373_IgG_S58_L001_R2_001.fastq.gz, /research/labs/neurology/fryer/projects/aducanumab/mouse/bulkRNA/373_IgG_S58_L002_R1_001.fastq.gz, /research/labs/neurology/fryer/projects/aducanumab/mouse/bulkRNA/373_IgG_S58_L002_R2_001.fastq.gz, /research/labs/neurology/fryer/projects/aducanumab/mouse/bulkRNA/373_IgG_S58_L003_R1_001.fastq.gz, /research/labs/neurology/fryer/projects/aducanumab/mouse/bulkRNA/373_IgG_S58_L003_R2_001.fastq.gz, /research/labs/neurology/fryer/projects/aducanumab/mouse/bulkRNA/373_IgG_S58_L004_R1_001.fastq.gz, /research/labs/neurology/fryer/projects/aducanumab/mouse/bulkRNA/373_IgG_S58_L004_R2_001.fastq.gz
    output: trimmedReads/373_IgG_S58_L001_R1_trim.fastq.gz, trimmedReads/373_IgG_S58_L001_R2_trim.fastq.gz, trimmedReads/373_IgG_S58_L002_R1_trim.fastq.gz, trimmedReads/373_IgG_S58_L002_R2_trim.fastq.gz, trimmedReads/373_IgG_S58_L003_R1_trim.fastq.gz, trimmedReads/373_IgG_S58_L003_R2_trim.fastq.gz, trimmedReads/373_IgG_S58_L004_R1_trim.fastq.gz, trimmedReads/373_IgG_S58_L004_R2_trim.fastq.gz
    jobid: 0
    reason: Missing output files: trimmedReads/373_IgG_S58_L004_R1_trim.fastq.gz, trimmedReads/373_IgG_S58_L001_R2_trim.fastq.gz, trimmedReads/373_IgG_S58_L003_R2_trim.fastq.gz, trimmedReads/373_IgG_S58_L001_R1_trim.fastq.gz, trimmedReads/373_IgG_S58_L002_R2_trim.fastq.gz, trimmedReads/373_IgG_S58_L003_R1_trim.fastq.gz, trimmedReads/373_IgG_S58_L002_R1_trim.fastq.gz, trimmedReads/373_IgG_S58_L004_R2_trim.fastq.gz
    wildcards: sample=373_IgG_S58
    resources: mem_mb=36429, mem_mib=34742, disk_mb=36429, disk_mib=34742, tmpdir=/tmp

java -ea -Xmx3g -Xms3g -cp /research/labs/neurology/fryer/m214960/tools/miniconda3/envs/aducanumab/opt/bbmap-39.01-1/current/ jgi.BBDuk -Xmx3g in1=/research/labs/neurology/fryer/projects/aducanumab/mouse/bulkRNA/373_IgG_S58_L001_R1_001.fastq.gz in2=/research/labs/neurology/fryer/projects/aducanumab/mouse/bulkRNA/373_IgG_S58_L001_R2_001.fastq.gz out1=trimmedReads/373_IgG_S58_L001_R1_trim.fastq.gz out2=trimmedReads/373_IgG_S58_L001_R2_trim.fastq.gz ref=refs/adapters.fa ktrim=r k=23 mink=11 hdist=1 tpe tbo threads=20 trimpolyg=1 trimpolya=1
Executing jgi.BBDuk [-Xmx3g, in1=/research/labs/neurology/fryer/projects/aducanumab/mouse/bulkRNA/373_IgG_S58_L001_R1_001.fastq.gz, in2=/research/labs/neurology/fryer/projects/aducanumab/mouse/bulkRNA/373_IgG_S58_L001_R2_001.fastq.gz, out1=trimmedReads/373_IgG_S58_L001_R1_trim.fastq.gz, out2=trimmedReads/373_IgG_S58_L001_R2_trim.fastq.gz, ref=refs/adapters.fa, ktrim=r, k=23, mink=11, hdist=1, tpe, tbo, threads=20, trimpolyg=1, trimpolya=1]
Version 39.01

Set threads to 20
maskMiddle was disabled because useShortKmers=true
0.027 seconds.
Initial:
Memory: max=3221m, total=3221m, free=3191m, used=30m

Added 3614 kmers; time: 	0.025 seconds.
Memory: max=3221m, total=3221m, free=3182m, used=39m

Input is being processed as paired
Started output streams:	0.316 seconds.
[W::bgzf_read_block] EOF marker is absent. The input may be truncated
[W::bgzf_read_block] EOF marker is absent. The input may be truncated
Processing time:   		87.854 seconds.

Input:                  	83234666 reads 		8406701266 bases.
Polymer-trimmed:        	120272453 reads (144.50%) 	220331272 bases (2.62%)
KTrimmed:               	2601022 reads (3.12%) 	83326474 bases (0.99%)
Trimmed by overlap:     	2128612 reads (2.56%) 	10979824 bases (0.13%)
Total Removed:          	182984 reads (0.22%) 	314637570 bases (3.74%)
Result:                 	83051682 reads (99.78%) 	8092063696 bases (96.26%)

Time:                         	88.198 seconds.
Reads Processed:      83234k 	943.73k reads/sec
Bases Processed:       8406m 	95.32m bases/sec
java -ea -Xmx3g -Xms3g -cp /research/labs/neurology/fryer/m214960/tools/miniconda3/envs/aducanumab/opt/bbmap-39.01-1/current/ jgi.BBDuk -Xmx3g in1=/research/labs/neurology/fryer/projects/aducanumab/mouse/bulkRNA/373_IgG_S58_L002_R1_001.fastq.gz in2=/research/labs/neurology/fryer/projects/aducanumab/mouse/bulkRNA/373_IgG_S58_L002_R2_001.fastq.gz out1=trimmedReads/373_IgG_S58_L002_R1_trim.fastq.gz out2=trimmedReads/373_IgG_S58_L002_R2_trim.fastq.gz ref=refs/adapters.fa ktrim=r k=23 mink=11 hdist=1 tpe tbo threads=20 trimpolyg=1 trimpolya=1
Executing jgi.BBDuk [-Xmx3g, in1=/research/labs/neurology/fryer/projects/aducanumab/mouse/bulkRNA/373_IgG_S58_L002_R1_001.fastq.gz, in2=/research/labs/neurology/fryer/projects/aducanumab/mouse/bulkRNA/373_IgG_S58_L002_R2_001.fastq.gz, out1=trimmedReads/373_IgG_S58_L002_R1_trim.fastq.gz, out2=trimmedReads/373_IgG_S58_L002_R2_trim.fastq.gz, ref=refs/adapters.fa, ktrim=r, k=23, mink=11, hdist=1, tpe, tbo, threads=20, trimpolyg=1, trimpolya=1]
Version 39.01

Set threads to 20
maskMiddle was disabled because useShortKmers=true
0.018 seconds.
Initial:
Memory: max=3221m, total=3221m, free=3191m, used=30m

Added 3614 kmers; time: 	0.026 seconds.
Memory: max=3221m, total=3221m, free=3183m, used=38m

Input is being processed as paired
Started output streams:	0.140 seconds.
[W::bgzf_read_block] EOF marker is absent. The input may be truncated
[W::bgzf_read_block] EOF marker is absent. The input may be truncated
Processing time:   		86.308 seconds.

Input:                  	83199326 reads 		8403131926 bases.
Polymer-trimmed:        	120220083 reads (144.50%) 	220387989 bases (2.62%)
KTrimmed:               	2566998 reads (3.09%) 	82304264 bases (0.98%)
Trimmed by overlap:     	2097978 reads (2.52%) 	10842862 bases (0.13%)
Total Removed:          	184742 reads (0.22%) 	313535115 bases (3.73%)
Result:                 	83014584 reads (99.78%) 	8089596811 bases (96.27%)

Time:                         	86.476 seconds.
Reads Processed:      83199k 	962.11k reads/sec
Bases Processed:       8403m 	97.17m bases/sec
java -ea -Xmx3g -Xms3g -cp /research/labs/neurology/fryer/m214960/tools/miniconda3/envs/aducanumab/opt/bbmap-39.01-1/current/ jgi.BBDuk -Xmx3g in1=/research/labs/neurology/fryer/projects/aducanumab/mouse/bulkRNA/373_IgG_S58_L003_R1_001.fastq.gz in2=/research/labs/neurology/fryer/projects/aducanumab/mouse/bulkRNA/373_IgG_S58_L003_R2_001.fastq.gz out1=trimmedReads/373_IgG_S58_L003_R1_trim.fastq.gz out2=trimmedReads/373_IgG_S58_L003_R2_trim.fastq.gz ref=refs/adapters.fa ktrim=r k=23 mink=11 hdist=1 tpe tbo threads=20 trimpolyg=1 trimpolya=1
Executing jgi.BBDuk [-Xmx3g, in1=/research/labs/neurology/fryer/projects/aducanumab/mouse/bulkRNA/373_IgG_S58_L003_R1_001.fastq.gz, in2=/research/labs/neurology/fryer/projects/aducanumab/mouse/bulkRNA/373_IgG_S58_L003_R2_001.fastq.gz, out1=trimmedReads/373_IgG_S58_L003_R1_trim.fastq.gz, out2=trimmedReads/373_IgG_S58_L003_R2_trim.fastq.gz, ref=refs/adapters.fa, ktrim=r, k=23, mink=11, hdist=1, tpe, tbo, threads=20, trimpolyg=1, trimpolya=1]
Version 39.01

Set threads to 20
maskMiddle was disabled because useShortKmers=true
0.024 seconds.
Initial:
Memory: max=3221m, total=3221m, free=3191m, used=30m

Added 3614 kmers; time: 	0.028 seconds.
Memory: max=3221m, total=3221m, free=3183m, used=38m

Input is being processed as paired
Started output streams:	0.208 seconds.
[W::bgzf_read_block] EOF marker is absent. The input may be truncated
[W::bgzf_read_block] EOF marker is absent. The input may be truncated
Processing time:   		85.798 seconds.

Input:                  	83073664 reads 		8390440064 bases.
Polymer-trimmed:        	120449212 reads (144.99%) 	221141588 bases (2.64%)
KTrimmed:               	2561982 reads (3.08%) 	82414572 bases (0.98%)
Trimmed by overlap:     	2087412 reads (2.51%) 	10788276 bases (0.13%)
Total Removed:          	188648 reads (0.23%) 	314344436 bases (3.75%)
Result:                 	82885016 reads (99.77%) 	8076095628 bases (96.25%)

Time:                         	86.035 seconds.
Reads Processed:      83073k 	965.58k reads/sec
Bases Processed:       8390m 	97.52m bases/sec
java -ea -Xmx3g -Xms3g -cp /research/labs/neurology/fryer/m214960/tools/miniconda3/envs/aducanumab/opt/bbmap-39.01-1/current/ jgi.BBDuk -Xmx3g in1=/research/labs/neurology/fryer/projects/aducanumab/mouse/bulkRNA/373_IgG_S58_L004_R1_001.fastq.gz in2=/research/labs/neurology/fryer/projects/aducanumab/mouse/bulkRNA/373_IgG_S58_L004_R2_001.fastq.gz out1=trimmedReads/373_IgG_S58_L004_R1_trim.fastq.gz out2=trimmedReads/373_IgG_S58_L004_R2_trim.fastq.gz ref=refs/adapters.fa ktrim=r k=23 mink=11 hdist=1 tpe tbo threads=20 trimpolyg=1 trimpolya=1
Executing jgi.BBDuk [-Xmx3g, in1=/research/labs/neurology/fryer/projects/aducanumab/mouse/bulkRNA/373_IgG_S58_L004_R1_001.fastq.gz, in2=/research/labs/neurology/fryer/projects/aducanumab/mouse/bulkRNA/373_IgG_S58_L004_R2_001.fastq.gz, out1=trimmedReads/373_IgG_S58_L004_R1_trim.fastq.gz, out2=trimmedReads/373_IgG_S58_L004_R2_trim.fastq.gz, ref=refs/adapters.fa, ktrim=r, k=23, mink=11, hdist=1, tpe, tbo, threads=20, trimpolyg=1, trimpolya=1]
Version 39.01

Set threads to 20
maskMiddle was disabled because useShortKmers=true
0.017 seconds.
Initial:
Memory: max=3221m, total=3221m, free=3191m, used=30m

Added 3614 kmers; time: 	0.024 seconds.
Memory: max=3221m, total=3221m, free=3183m, used=38m

Input is being processed as paired
Started output streams:	0.151 seconds.
[W::bgzf_read_block] EOF marker is absent. The input may be truncated
[W::bgzf_read_block] EOF marker is absent. The input may be truncated
Processing time:   		87.046 seconds.

Input:                  	83069234 reads 		8389992634 bases.
Polymer-trimmed:        	120184538 reads (144.68%) 	220473539 bases (2.63%)
KTrimmed:               	2549942 reads (3.07%) 	81710318 bases (0.97%)
Trimmed by overlap:     	2087746 reads (2.51%) 	10783794 bases (0.13%)
Total Removed:          	185276 reads (0.22%) 	312967651 bases (3.73%)
Result:                 	82883958 reads (99.78%) 	8077024983 bases (96.27%)

Time:                         	87.223 seconds.
Reads Processed:      83069k 	952.38k reads/sec
Bases Processed:       8389m 	96.19m bases/sec
[Tue Oct  3 14:14:08 2023]
Finished job 0.
1 of 1 steps (100%) done
