Building DAG of jobs...
Using shell: /usr/bin/bash
Provided cores: 20
Rules claiming more threads will be scaled down.
Provided resources: mem_mb=35398, mem_mib=33759, disk_mb=35398, disk_mib=33759
Select jobs to execute...

[Tue Oct  3 13:16:41 2023]
rule trim_bbduk:
    input: /research/labs/neurology/fryer/projects/aducanumab/mouse/bulkRNA/128_IgG_S24_L001_R1_001.fastq.gz, /research/labs/neurology/fryer/projects/aducanumab/mouse/bulkRNA/128_IgG_S24_L001_R2_001.fastq.gz, /research/labs/neurology/fryer/projects/aducanumab/mouse/bulkRNA/128_IgG_S24_L002_R1_001.fastq.gz, /research/labs/neurology/fryer/projects/aducanumab/mouse/bulkRNA/128_IgG_S24_L002_R2_001.fastq.gz, /research/labs/neurology/fryer/projects/aducanumab/mouse/bulkRNA/128_IgG_S24_L003_R1_001.fastq.gz, /research/labs/neurology/fryer/projects/aducanumab/mouse/bulkRNA/128_IgG_S24_L003_R2_001.fastq.gz, /research/labs/neurology/fryer/projects/aducanumab/mouse/bulkRNA/128_IgG_S24_L004_R1_001.fastq.gz, /research/labs/neurology/fryer/projects/aducanumab/mouse/bulkRNA/128_IgG_S24_L004_R2_001.fastq.gz
    output: trimmedReads/128_IgG_S24_L001_R1_trim.fastq.gz, trimmedReads/128_IgG_S24_L001_R2_trim.fastq.gz, trimmedReads/128_IgG_S24_L002_R1_trim.fastq.gz, trimmedReads/128_IgG_S24_L002_R2_trim.fastq.gz, trimmedReads/128_IgG_S24_L003_R1_trim.fastq.gz, trimmedReads/128_IgG_S24_L003_R2_trim.fastq.gz, trimmedReads/128_IgG_S24_L004_R1_trim.fastq.gz, trimmedReads/128_IgG_S24_L004_R2_trim.fastq.gz
    jobid: 0
    reason: Missing output files: trimmedReads/128_IgG_S24_L004_R2_trim.fastq.gz, trimmedReads/128_IgG_S24_L004_R1_trim.fastq.gz, trimmedReads/128_IgG_S24_L001_R2_trim.fastq.gz, trimmedReads/128_IgG_S24_L002_R1_trim.fastq.gz, trimmedReads/128_IgG_S24_L001_R1_trim.fastq.gz, trimmedReads/128_IgG_S24_L002_R2_trim.fastq.gz, trimmedReads/128_IgG_S24_L003_R2_trim.fastq.gz, trimmedReads/128_IgG_S24_L003_R1_trim.fastq.gz
    wildcards: sample=128_IgG_S24
    resources: mem_mb=35398, mem_mib=33759, disk_mb=35398, disk_mib=33759, tmpdir=/tmp

java -ea -Xmx3g -Xms3g -cp /research/labs/neurology/fryer/m214960/tools/miniconda3/envs/aducanumab/opt/bbmap-39.01-1/current/ jgi.BBDuk -Xmx3g in1=/research/labs/neurology/fryer/projects/aducanumab/mouse/bulkRNA/128_IgG_S24_L001_R1_001.fastq.gz in2=/research/labs/neurology/fryer/projects/aducanumab/mouse/bulkRNA/128_IgG_S24_L001_R2_001.fastq.gz out1=trimmedReads/128_IgG_S24_L001_R1_trim.fastq.gz out2=trimmedReads/128_IgG_S24_L001_R2_trim.fastq.gz ref=refs/adapters.fa ktrim=r k=23 mink=11 hdist=1 tpe tbo threads=20 trimpolyg=1 trimpolya=1
Executing jgi.BBDuk [-Xmx3g, in1=/research/labs/neurology/fryer/projects/aducanumab/mouse/bulkRNA/128_IgG_S24_L001_R1_001.fastq.gz, in2=/research/labs/neurology/fryer/projects/aducanumab/mouse/bulkRNA/128_IgG_S24_L001_R2_001.fastq.gz, out1=trimmedReads/128_IgG_S24_L001_R1_trim.fastq.gz, out2=trimmedReads/128_IgG_S24_L001_R2_trim.fastq.gz, ref=refs/adapters.fa, ktrim=r, k=23, mink=11, hdist=1, tpe, tbo, threads=20, trimpolyg=1, trimpolya=1]
Version 39.01

Set threads to 20
maskMiddle was disabled because useShortKmers=true
0.176 seconds.
Initial:
Memory: max=3221m, total=3221m, free=3191m, used=30m

Added 3614 kmers; time: 	0.403 seconds.
Memory: max=3221m, total=3221m, free=3183m, used=38m

Input is being processed as paired
Started output streams:	0.234 seconds.
[W::bgzf_read_block] EOF marker is absent. The input may be truncated
[W::bgzf_read_block] EOF marker is absent. The input may be truncated
Processing time:   		85.925 seconds.

Input:                  	82245104 reads 		8306755504 bases.
Polymer-trimmed:        	123044080 reads (149.61%) 	228334192 bases (2.75%)
KTrimmed:               	2131378 reads (2.59%) 	65443612 bases (0.79%)
Trimmed by overlap:     	1646462 reads (2.00%) 	8632690 bases (0.10%)
Total Removed:          	107278 reads (0.13%) 	302410494 bases (3.64%)
Result:                 	82137826 reads (99.87%) 	8004345010 bases (96.36%)

Time:                         	86.562 seconds.
Reads Processed:      82245k 	950.13k reads/sec
Bases Processed:       8306m 	95.96m bases/sec
java -ea -Xmx3g -Xms3g -cp /research/labs/neurology/fryer/m214960/tools/miniconda3/envs/aducanumab/opt/bbmap-39.01-1/current/ jgi.BBDuk -Xmx3g in1=/research/labs/neurology/fryer/projects/aducanumab/mouse/bulkRNA/128_IgG_S24_L002_R1_001.fastq.gz in2=/research/labs/neurology/fryer/projects/aducanumab/mouse/bulkRNA/128_IgG_S24_L002_R2_001.fastq.gz out1=trimmedReads/128_IgG_S24_L002_R1_trim.fastq.gz out2=trimmedReads/128_IgG_S24_L002_R2_trim.fastq.gz ref=refs/adapters.fa ktrim=r k=23 mink=11 hdist=1 tpe tbo threads=20 trimpolyg=1 trimpolya=1
Executing jgi.BBDuk [-Xmx3g, in1=/research/labs/neurology/fryer/projects/aducanumab/mouse/bulkRNA/128_IgG_S24_L002_R1_001.fastq.gz, in2=/research/labs/neurology/fryer/projects/aducanumab/mouse/bulkRNA/128_IgG_S24_L002_R2_001.fastq.gz, out1=trimmedReads/128_IgG_S24_L002_R1_trim.fastq.gz, out2=trimmedReads/128_IgG_S24_L002_R2_trim.fastq.gz, ref=refs/adapters.fa, ktrim=r, k=23, mink=11, hdist=1, tpe, tbo, threads=20, trimpolyg=1, trimpolya=1]
Version 39.01

Set threads to 20
maskMiddle was disabled because useShortKmers=true
0.017 seconds.
Initial:
Memory: max=3221m, total=3221m, free=3191m, used=30m

Added 3614 kmers; time: 	0.024 seconds.
Memory: max=3221m, total=3221m, free=3182m, used=39m

Input is being processed as paired
Started output streams:	0.100 seconds.
[W::bgzf_read_block] EOF marker is absent. The input may be truncated
[W::bgzf_read_block] EOF marker is absent. The input may be truncated
Processing time:   		84.420 seconds.

Input:                  	82472226 reads 		8329694826 bases.
Polymer-trimmed:        	123417653 reads (149.65%) 	229229950 bases (2.75%)
KTrimmed:               	2108272 reads (2.56%) 	64734114 bases (0.78%)
Trimmed by overlap:     	1631528 reads (1.98%) 	8543756 bases (0.10%)
Total Removed:          	107736 reads (0.13%) 	302507820 bases (3.63%)
Result:                 	82364490 reads (99.87%) 	8027187006 bases (96.37%)

Time:                         	84.545 seconds.
Reads Processed:      82472k 	975.48k reads/sec
Bases Processed:       8329m 	98.52m bases/sec
java -ea -Xmx3g -Xms3g -cp /research/labs/neurology/fryer/m214960/tools/miniconda3/envs/aducanumab/opt/bbmap-39.01-1/current/ jgi.BBDuk -Xmx3g in1=/research/labs/neurology/fryer/projects/aducanumab/mouse/bulkRNA/128_IgG_S24_L003_R1_001.fastq.gz in2=/research/labs/neurology/fryer/projects/aducanumab/mouse/bulkRNA/128_IgG_S24_L003_R2_001.fastq.gz out1=trimmedReads/128_IgG_S24_L003_R1_trim.fastq.gz out2=trimmedReads/128_IgG_S24_L003_R2_trim.fastq.gz ref=refs/adapters.fa ktrim=r k=23 mink=11 hdist=1 tpe tbo threads=20 trimpolyg=1 trimpolya=1
Executing jgi.BBDuk [-Xmx3g, in1=/research/labs/neurology/fryer/projects/aducanumab/mouse/bulkRNA/128_IgG_S24_L003_R1_001.fastq.gz, in2=/research/labs/neurology/fryer/projects/aducanumab/mouse/bulkRNA/128_IgG_S24_L003_R2_001.fastq.gz, out1=trimmedReads/128_IgG_S24_L003_R1_trim.fastq.gz, out2=trimmedReads/128_IgG_S24_L003_R2_trim.fastq.gz, ref=refs/adapters.fa, ktrim=r, k=23, mink=11, hdist=1, tpe, tbo, threads=20, trimpolyg=1, trimpolya=1]
Version 39.01

Set threads to 20
maskMiddle was disabled because useShortKmers=true
0.019 seconds.
Initial:
Memory: max=3221m, total=3221m, free=3191m, used=30m

Added 3614 kmers; time: 	0.017 seconds.
Memory: max=3221m, total=3221m, free=3183m, used=38m

Input is being processed as paired
Started output streams:	0.132 seconds.
[W::bgzf_read_block] EOF marker is absent. The input may be truncated
[W::bgzf_read_block] EOF marker is absent. The input may be truncated
Processing time:   		85.351 seconds.

Input:                  	82403720 reads 		8322775720 bases.
Polymer-trimmed:        	123628879 reads (150.03%) 	230025712 bases (2.76%)
KTrimmed:               	2103474 reads (2.55%) 	64544548 bases (0.78%)
Trimmed by overlap:     	1629108 reads (1.98%) 	8540270 bases (0.10%)
Total Removed:          	110542 reads (0.13%) 	303110530 bases (3.64%)
Result:                 	82293178 reads (99.87%) 	8019665190 bases (96.36%)

Time:                         	85.502 seconds.
Reads Processed:      82403k 	963.77k reads/sec
Bases Processed:       8322m 	97.34m bases/sec
java -ea -Xmx3g -Xms3g -cp /research/labs/neurology/fryer/m214960/tools/miniconda3/envs/aducanumab/opt/bbmap-39.01-1/current/ jgi.BBDuk -Xmx3g in1=/research/labs/neurology/fryer/projects/aducanumab/mouse/bulkRNA/128_IgG_S24_L004_R1_001.fastq.gz in2=/research/labs/neurology/fryer/projects/aducanumab/mouse/bulkRNA/128_IgG_S24_L004_R2_001.fastq.gz out1=trimmedReads/128_IgG_S24_L004_R1_trim.fastq.gz out2=trimmedReads/128_IgG_S24_L004_R2_trim.fastq.gz ref=refs/adapters.fa ktrim=r k=23 mink=11 hdist=1 tpe tbo threads=20 trimpolyg=1 trimpolya=1
Executing jgi.BBDuk [-Xmx3g, in1=/research/labs/neurology/fryer/projects/aducanumab/mouse/bulkRNA/128_IgG_S24_L004_R1_001.fastq.gz, in2=/research/labs/neurology/fryer/projects/aducanumab/mouse/bulkRNA/128_IgG_S24_L004_R2_001.fastq.gz, out1=trimmedReads/128_IgG_S24_L004_R1_trim.fastq.gz, out2=trimmedReads/128_IgG_S24_L004_R2_trim.fastq.gz, ref=refs/adapters.fa, ktrim=r, k=23, mink=11, hdist=1, tpe, tbo, threads=20, trimpolyg=1, trimpolya=1]
Version 39.01

Set threads to 20
maskMiddle was disabled because useShortKmers=true
0.018 seconds.
Initial:
Memory: max=3221m, total=3221m, free=3191m, used=30m

Added 3614 kmers; time: 	0.024 seconds.
Memory: max=3221m, total=3221m, free=3182m, used=39m

Input is being processed as paired
Started output streams:	0.115 seconds.
[W::bgzf_read_block] EOF marker is absent. The input may be truncated
[W::bgzf_read_block] EOF marker is absent. The input may be truncated
Processing time:   		84.305 seconds.

Input:                  	82487648 reads 		8331252448 bases.
Polymer-trimmed:        	123759378 reads (150.03%) 	230163960 bases (2.76%)
KTrimmed:               	2098452 reads (2.54%) 	64383822 bases (0.77%)
Trimmed by overlap:     	1626336 reads (1.97%) 	8514906 bases (0.10%)
Total Removed:          	108852 reads (0.13%) 	303062688 bases (3.64%)
Result:                 	82378796 reads (99.87%) 	8028189760 bases (96.36%)

Time:                         	84.445 seconds.
Reads Processed:      82487k 	976.82k reads/sec
Bases Processed:       8331m 	98.66m bases/sec
[Tue Oct  3 13:22:25 2023]
Finished job 0.
1 of 1 steps (100%) done
