Building DAG of jobs...
Using shell: /usr/bin/bash
Provided cores: 20
Rules claiming more threads will be scaled down.
Provided resources: mem_mb=35305, mem_mib=33670, disk_mb=35305, disk_mib=33670
Select jobs to execute...

[Tue Oct  3 14:01:46 2023]
rule trim_bbduk:
    input: /research/labs/neurology/fryer/projects/aducanumab/mouse/bulkRNA/791_Adu_R_S5_L001_R1_001.fastq.gz, /research/labs/neurology/fryer/projects/aducanumab/mouse/bulkRNA/791_Adu_R_S5_L001_R2_001.fastq.gz, /research/labs/neurology/fryer/projects/aducanumab/mouse/bulkRNA/791_Adu_R_S5_L002_R1_001.fastq.gz, /research/labs/neurology/fryer/projects/aducanumab/mouse/bulkRNA/791_Adu_R_S5_L002_R2_001.fastq.gz, /research/labs/neurology/fryer/projects/aducanumab/mouse/bulkRNA/791_Adu_R_S5_L003_R1_001.fastq.gz, /research/labs/neurology/fryer/projects/aducanumab/mouse/bulkRNA/791_Adu_R_S5_L003_R2_001.fastq.gz, /research/labs/neurology/fryer/projects/aducanumab/mouse/bulkRNA/791_Adu_R_S5_L004_R1_001.fastq.gz, /research/labs/neurology/fryer/projects/aducanumab/mouse/bulkRNA/791_Adu_R_S5_L004_R2_001.fastq.gz
    output: trimmedReads/791_Adu_R_S5_L001_R1_trim.fastq.gz, trimmedReads/791_Adu_R_S5_L001_R2_trim.fastq.gz, trimmedReads/791_Adu_R_S5_L002_R1_trim.fastq.gz, trimmedReads/791_Adu_R_S5_L002_R2_trim.fastq.gz, trimmedReads/791_Adu_R_S5_L003_R1_trim.fastq.gz, trimmedReads/791_Adu_R_S5_L003_R2_trim.fastq.gz, trimmedReads/791_Adu_R_S5_L004_R1_trim.fastq.gz, trimmedReads/791_Adu_R_S5_L004_R2_trim.fastq.gz
    jobid: 0
    reason: Missing output files: trimmedReads/791_Adu_R_S5_L001_R1_trim.fastq.gz, trimmedReads/791_Adu_R_S5_L002_R1_trim.fastq.gz, trimmedReads/791_Adu_R_S5_L001_R2_trim.fastq.gz, trimmedReads/791_Adu_R_S5_L003_R2_trim.fastq.gz, trimmedReads/791_Adu_R_S5_L004_R1_trim.fastq.gz, trimmedReads/791_Adu_R_S5_L003_R1_trim.fastq.gz, trimmedReads/791_Adu_R_S5_L002_R2_trim.fastq.gz, trimmedReads/791_Adu_R_S5_L004_R2_trim.fastq.gz
    wildcards: sample=791_Adu_R_S5
    resources: mem_mb=35305, mem_mib=33670, disk_mb=35305, disk_mib=33670, tmpdir=/tmp

java -ea -Xmx3g -Xms3g -cp /research/labs/neurology/fryer/m214960/tools/miniconda3/envs/aducanumab/opt/bbmap-39.01-1/current/ jgi.BBDuk -Xmx3g in1=/research/labs/neurology/fryer/projects/aducanumab/mouse/bulkRNA/791_Adu_R_S5_L001_R1_001.fastq.gz in2=/research/labs/neurology/fryer/projects/aducanumab/mouse/bulkRNA/791_Adu_R_S5_L001_R2_001.fastq.gz out1=trimmedReads/791_Adu_R_S5_L001_R1_trim.fastq.gz out2=trimmedReads/791_Adu_R_S5_L001_R2_trim.fastq.gz ref=refs/adapters.fa ktrim=r k=23 mink=11 hdist=1 tpe tbo threads=20 trimpolyg=1 trimpolya=1
Executing jgi.BBDuk [-Xmx3g, in1=/research/labs/neurology/fryer/projects/aducanumab/mouse/bulkRNA/791_Adu_R_S5_L001_R1_001.fastq.gz, in2=/research/labs/neurology/fryer/projects/aducanumab/mouse/bulkRNA/791_Adu_R_S5_L001_R2_001.fastq.gz, out1=trimmedReads/791_Adu_R_S5_L001_R1_trim.fastq.gz, out2=trimmedReads/791_Adu_R_S5_L001_R2_trim.fastq.gz, ref=refs/adapters.fa, ktrim=r, k=23, mink=11, hdist=1, tpe, tbo, threads=20, trimpolyg=1, trimpolya=1]
Version 39.01

Set threads to 20
maskMiddle was disabled because useShortKmers=true
0.017 seconds.
Initial:
Memory: max=3221m, total=3221m, free=3191m, used=30m

Added 3614 kmers; time: 	0.318 seconds.
Memory: max=3221m, total=3221m, free=3181m, used=40m

Input is being processed as paired
Started output streams:	0.269 seconds.
[W::bgzf_read_block] EOF marker is absent. The input may be truncated
[W::bgzf_read_block] EOF marker is absent. The input may be truncated
Processing time:   		93.083 seconds.

Input:                  	82416996 reads 		8324116596 bases.
Polymer-trimmed:        	126742365 reads (153.78%) 	236448956 bases (2.84%)
KTrimmed:               	2716396 reads (3.30%) 	97399888 bases (1.17%)
Trimmed by overlap:     	1951578 reads (2.37%) 	10087422 bases (0.12%)
Total Removed:          	266018 reads (0.32%) 	343936266 bases (4.13%)
Result:                 	82150978 reads (99.68%) 	7980180330 bases (95.87%)

Time:                         	93.672 seconds.
Reads Processed:      82416k 	879.85k reads/sec
Bases Processed:       8324m 	88.86m bases/sec
java -ea -Xmx3g -Xms3g -cp /research/labs/neurology/fryer/m214960/tools/miniconda3/envs/aducanumab/opt/bbmap-39.01-1/current/ jgi.BBDuk -Xmx3g in1=/research/labs/neurology/fryer/projects/aducanumab/mouse/bulkRNA/791_Adu_R_S5_L002_R1_001.fastq.gz in2=/research/labs/neurology/fryer/projects/aducanumab/mouse/bulkRNA/791_Adu_R_S5_L002_R2_001.fastq.gz out1=trimmedReads/791_Adu_R_S5_L002_R1_trim.fastq.gz out2=trimmedReads/791_Adu_R_S5_L002_R2_trim.fastq.gz ref=refs/adapters.fa ktrim=r k=23 mink=11 hdist=1 tpe tbo threads=20 trimpolyg=1 trimpolya=1
Executing jgi.BBDuk [-Xmx3g, in1=/research/labs/neurology/fryer/projects/aducanumab/mouse/bulkRNA/791_Adu_R_S5_L002_R1_001.fastq.gz, in2=/research/labs/neurology/fryer/projects/aducanumab/mouse/bulkRNA/791_Adu_R_S5_L002_R2_001.fastq.gz, out1=trimmedReads/791_Adu_R_S5_L002_R1_trim.fastq.gz, out2=trimmedReads/791_Adu_R_S5_L002_R2_trim.fastq.gz, ref=refs/adapters.fa, ktrim=r, k=23, mink=11, hdist=1, tpe, tbo, threads=20, trimpolyg=1, trimpolya=1]
Version 39.01

Set threads to 20
maskMiddle was disabled because useShortKmers=true
0.024 seconds.
Initial:
Memory: max=3221m, total=3221m, free=3191m, used=30m

Added 3614 kmers; time: 	0.016 seconds.
Memory: max=3221m, total=3221m, free=3182m, used=39m

Input is being processed as paired
Started output streams:	0.285 seconds.
[W::bgzf_read_block] EOF marker is absent. The input may be truncated
[W::bgzf_read_block] EOF marker is absent. The input may be truncated
Processing time:   		84.181 seconds.

Input:                  	82498390 reads 		8332337390 bases.
Polymer-trimmed:        	126806503 reads (153.71%) 	236672746 bases (2.84%)
KTrimmed:               	2671962 reads (3.24%) 	95955046 bases (1.15%)
Trimmed by overlap:     	1922858 reads (2.33%) 	9941842 bases (0.12%)
Total Removed:          	266450 reads (0.32%) 	342569634 bases (4.11%)
Result:                 	82231940 reads (99.68%) 	7989767756 bases (95.89%)

Time:                         	84.483 seconds.
Reads Processed:      82498k 	976.50k reads/sec
Bases Processed:       8332m 	98.63m bases/sec
java -ea -Xmx3g -Xms3g -cp /research/labs/neurology/fryer/m214960/tools/miniconda3/envs/aducanumab/opt/bbmap-39.01-1/current/ jgi.BBDuk -Xmx3g in1=/research/labs/neurology/fryer/projects/aducanumab/mouse/bulkRNA/791_Adu_R_S5_L003_R1_001.fastq.gz in2=/research/labs/neurology/fryer/projects/aducanumab/mouse/bulkRNA/791_Adu_R_S5_L003_R2_001.fastq.gz out1=trimmedReads/791_Adu_R_S5_L003_R1_trim.fastq.gz out2=trimmedReads/791_Adu_R_S5_L003_R2_trim.fastq.gz ref=refs/adapters.fa ktrim=r k=23 mink=11 hdist=1 tpe tbo threads=20 trimpolyg=1 trimpolya=1
Executing jgi.BBDuk [-Xmx3g, in1=/research/labs/neurology/fryer/projects/aducanumab/mouse/bulkRNA/791_Adu_R_S5_L003_R1_001.fastq.gz, in2=/research/labs/neurology/fryer/projects/aducanumab/mouse/bulkRNA/791_Adu_R_S5_L003_R2_001.fastq.gz, out1=trimmedReads/791_Adu_R_S5_L003_R1_trim.fastq.gz, out2=trimmedReads/791_Adu_R_S5_L003_R2_trim.fastq.gz, ref=refs/adapters.fa, ktrim=r, k=23, mink=11, hdist=1, tpe, tbo, threads=20, trimpolyg=1, trimpolya=1]
Version 39.01

Set threads to 20
maskMiddle was disabled because useShortKmers=true
0.017 seconds.
Initial:
Memory: max=3221m, total=3221m, free=3191m, used=30m

Added 3614 kmers; time: 	0.023 seconds.
Memory: max=3221m, total=3221m, free=3183m, used=38m

Input is being processed as paired
Started output streams:	0.150 seconds.
[W::bgzf_read_block] [W::bgzf_read_block] EOF marker is absent. The input may be truncatedEOF marker is absent. The input may be truncated

Processing time:   		86.124 seconds.

Input:                  	82412628 reads 		8323675428 bases.
Polymer-trimmed:        	126993477 reads (154.09%) 	237348489 bases (2.85%)
KTrimmed:               	2670108 reads (3.24%) 	95859774 bases (1.15%)
Trimmed by overlap:     	1917536 reads (2.33%) 	9915886 bases (0.12%)
Total Removed:          	268228 reads (0.33%) 	343124149 bases (4.12%)
Result:                 	82144400 reads (99.67%) 	7980551279 bases (95.88%)

Time:                         	86.298 seconds.
Reads Processed:      82412k 	954.98k reads/sec
Bases Processed:       8323m 	96.45m bases/sec
java -ea -Xmx3g -Xms3g -cp /research/labs/neurology/fryer/m214960/tools/miniconda3/envs/aducanumab/opt/bbmap-39.01-1/current/ jgi.BBDuk -Xmx3g in1=/research/labs/neurology/fryer/projects/aducanumab/mouse/bulkRNA/791_Adu_R_S5_L004_R1_001.fastq.gz in2=/research/labs/neurology/fryer/projects/aducanumab/mouse/bulkRNA/791_Adu_R_S5_L004_R2_001.fastq.gz out1=trimmedReads/791_Adu_R_S5_L004_R1_trim.fastq.gz out2=trimmedReads/791_Adu_R_S5_L004_R2_trim.fastq.gz ref=refs/adapters.fa ktrim=r k=23 mink=11 hdist=1 tpe tbo threads=20 trimpolyg=1 trimpolya=1
Executing jgi.BBDuk [-Xmx3g, in1=/research/labs/neurology/fryer/projects/aducanumab/mouse/bulkRNA/791_Adu_R_S5_L004_R1_001.fastq.gz, in2=/research/labs/neurology/fryer/projects/aducanumab/mouse/bulkRNA/791_Adu_R_S5_L004_R2_001.fastq.gz, out1=trimmedReads/791_Adu_R_S5_L004_R1_trim.fastq.gz, out2=trimmedReads/791_Adu_R_S5_L004_R2_trim.fastq.gz, ref=refs/adapters.fa, ktrim=r, k=23, mink=11, hdist=1, tpe, tbo, threads=20, trimpolyg=1, trimpolya=1]
Version 39.01

Set threads to 20
maskMiddle was disabled because useShortKmers=true
0.025 seconds.
Initial:
Memory: max=3221m, total=3221m, free=3191m, used=30m

Added 3614 kmers; time: 	0.020 seconds.
Memory: max=3221m, total=3221m, free=3183m, used=38m

Input is being processed as paired
Started output streams:	0.299 seconds.
[W::bgzf_read_block] EOF marker is absent. The input may be truncated
[W::bgzf_read_block] EOF marker is absent. The input may be truncated
Processing time:   		90.606 seconds.

Input:                  	82484176 reads 		8330901776 bases.
Polymer-trimmed:        	127067080 reads (154.05%) 	237407188 bases (2.85%)
KTrimmed:               	2661476 reads (3.23%) 	95438712 bases (1.15%)
Trimmed by overlap:     	1920140 reads (2.33%) 	9919648 bases (0.12%)
Total Removed:          	264448 reads (0.32%) 	342765548 bases (4.11%)
Result:                 	82219728 reads (99.68%) 	7988136228 bases (95.89%)

Time:                         	90.927 seconds.
Reads Processed:      82484k 	907.15k reads/sec
Bases Processed:       8330m 	91.62m bases/sec
[Tue Oct  3 14:07:43 2023]
Finished job 0.
1 of 1 steps (100%) done
