Building DAG of jobs...
Using shell: /usr/bin/bash
Provided cores: 20
Rules claiming more threads will be scaled down.
Provided resources: mem_mb=42112, mem_mib=40162, disk_mb=42112, disk_mib=40162
Select jobs to execute...

[Tue Oct  3 13:23:24 2023]
rule trim_bbduk:
    input: /research/labs/neurology/fryer/projects/aducanumab/mouse/bulkRNA/812_IgG_S23_L001_R1_001.fastq.gz, /research/labs/neurology/fryer/projects/aducanumab/mouse/bulkRNA/812_IgG_S23_L001_R2_001.fastq.gz, /research/labs/neurology/fryer/projects/aducanumab/mouse/bulkRNA/812_IgG_S23_L002_R1_001.fastq.gz, /research/labs/neurology/fryer/projects/aducanumab/mouse/bulkRNA/812_IgG_S23_L002_R2_001.fastq.gz, /research/labs/neurology/fryer/projects/aducanumab/mouse/bulkRNA/812_IgG_S23_L003_R1_001.fastq.gz, /research/labs/neurology/fryer/projects/aducanumab/mouse/bulkRNA/812_IgG_S23_L003_R2_001.fastq.gz, /research/labs/neurology/fryer/projects/aducanumab/mouse/bulkRNA/812_IgG_S23_L004_R1_001.fastq.gz, /research/labs/neurology/fryer/projects/aducanumab/mouse/bulkRNA/812_IgG_S23_L004_R2_001.fastq.gz
    output: trimmedReads/812_IgG_S23_L001_R1_trim.fastq.gz, trimmedReads/812_IgG_S23_L001_R2_trim.fastq.gz, trimmedReads/812_IgG_S23_L002_R1_trim.fastq.gz, trimmedReads/812_IgG_S23_L002_R2_trim.fastq.gz, trimmedReads/812_IgG_S23_L003_R1_trim.fastq.gz, trimmedReads/812_IgG_S23_L003_R2_trim.fastq.gz, trimmedReads/812_IgG_S23_L004_R1_trim.fastq.gz, trimmedReads/812_IgG_S23_L004_R2_trim.fastq.gz
    jobid: 0
    reason: Missing output files: trimmedReads/812_IgG_S23_L002_R2_trim.fastq.gz, trimmedReads/812_IgG_S23_L002_R1_trim.fastq.gz, trimmedReads/812_IgG_S23_L003_R1_trim.fastq.gz, trimmedReads/812_IgG_S23_L003_R2_trim.fastq.gz, trimmedReads/812_IgG_S23_L004_R2_trim.fastq.gz, trimmedReads/812_IgG_S23_L001_R1_trim.fastq.gz, trimmedReads/812_IgG_S23_L004_R1_trim.fastq.gz, trimmedReads/812_IgG_S23_L001_R2_trim.fastq.gz
    wildcards: sample=812_IgG_S23
    resources: mem_mb=42112, mem_mib=40162, disk_mb=42112, disk_mib=40162, tmpdir=/tmp

java -ea -Xmx3g -Xms3g -cp /research/labs/neurology/fryer/m214960/tools/miniconda3/envs/aducanumab/opt/bbmap-39.01-1/current/ jgi.BBDuk -Xmx3g in1=/research/labs/neurology/fryer/projects/aducanumab/mouse/bulkRNA/812_IgG_S23_L001_R1_001.fastq.gz in2=/research/labs/neurology/fryer/projects/aducanumab/mouse/bulkRNA/812_IgG_S23_L001_R2_001.fastq.gz out1=trimmedReads/812_IgG_S23_L001_R1_trim.fastq.gz out2=trimmedReads/812_IgG_S23_L001_R2_trim.fastq.gz ref=refs/adapters.fa ktrim=r k=23 mink=11 hdist=1 tpe tbo threads=20 trimpolyg=1 trimpolya=1
Executing jgi.BBDuk [-Xmx3g, in1=/research/labs/neurology/fryer/projects/aducanumab/mouse/bulkRNA/812_IgG_S23_L001_R1_001.fastq.gz, in2=/research/labs/neurology/fryer/projects/aducanumab/mouse/bulkRNA/812_IgG_S23_L001_R2_001.fastq.gz, out1=trimmedReads/812_IgG_S23_L001_R1_trim.fastq.gz, out2=trimmedReads/812_IgG_S23_L001_R2_trim.fastq.gz, ref=refs/adapters.fa, ktrim=r, k=23, mink=11, hdist=1, tpe, tbo, threads=20, trimpolyg=1, trimpolya=1]
Version 39.01

Set threads to 20
maskMiddle was disabled because useShortKmers=true
0.017 seconds.
Initial:
Memory: max=3221m, total=3221m, free=3191m, used=30m

Added 3614 kmers; time: 	0.017 seconds.
Memory: max=3221m, total=3221m, free=3183m, used=38m

Input is being processed as paired
Started output streams:	0.090 seconds.
[W::bgzf_read_block] EOF marker is absent. The input may be truncated
[W::bgzf_read_block] EOF marker is absent. The input may be truncated
Processing time:   		103.972 seconds.

Input:                  	97561460 reads 		9853707460 bases.
Polymer-trimmed:        	142318881 reads (145.88%) 	263450343 bases (2.67%)
KTrimmed:               	2876356 reads (2.95%) 	92246932 bases (0.94%)
Trimmed by overlap:     	2322854 reads (2.38%) 	11922550 bases (0.12%)
Total Removed:          	186226 reads (0.19%) 	367619825 bases (3.73%)
Result:                 	97375234 reads (99.81%) 	9486087635 bases (96.27%)

Time:                         	104.080 seconds.
Reads Processed:      97561k 	937.37k reads/sec
Bases Processed:       9853m 	94.67m bases/sec
java -ea -Xmx3g -Xms3g -cp /research/labs/neurology/fryer/m214960/tools/miniconda3/envs/aducanumab/opt/bbmap-39.01-1/current/ jgi.BBDuk -Xmx3g in1=/research/labs/neurology/fryer/projects/aducanumab/mouse/bulkRNA/812_IgG_S23_L002_R1_001.fastq.gz in2=/research/labs/neurology/fryer/projects/aducanumab/mouse/bulkRNA/812_IgG_S23_L002_R2_001.fastq.gz out1=trimmedReads/812_IgG_S23_L002_R1_trim.fastq.gz out2=trimmedReads/812_IgG_S23_L002_R2_trim.fastq.gz ref=refs/adapters.fa ktrim=r k=23 mink=11 hdist=1 tpe tbo threads=20 trimpolyg=1 trimpolya=1
Executing jgi.BBDuk [-Xmx3g, in1=/research/labs/neurology/fryer/projects/aducanumab/mouse/bulkRNA/812_IgG_S23_L002_R1_001.fastq.gz, in2=/research/labs/neurology/fryer/projects/aducanumab/mouse/bulkRNA/812_IgG_S23_L002_R2_001.fastq.gz, out1=trimmedReads/812_IgG_S23_L002_R1_trim.fastq.gz, out2=trimmedReads/812_IgG_S23_L002_R2_trim.fastq.gz, ref=refs/adapters.fa, ktrim=r, k=23, mink=11, hdist=1, tpe, tbo, threads=20, trimpolyg=1, trimpolya=1]
Version 39.01

Set threads to 20
maskMiddle was disabled because useShortKmers=true
0.017 seconds.
Initial:
Memory: max=3221m, total=3221m, free=3191m, used=30m

Added 3614 kmers; time: 	0.016 seconds.
Memory: max=3221m, total=3221m, free=3183m, used=38m

Input is being processed as paired
Started output streams:	0.500 seconds.
[W::bgzf_read_block] EOF marker is absent. The input may be truncated
[W::bgzf_read_block] EOF marker is absent. The input may be truncated
Processing time:   		206.740 seconds.

Input:                  	97506764 reads 		9848183164 bases.
Polymer-trimmed:        	142436142 reads (146.08%) 	264042542 bases (2.68%)
KTrimmed:               	2826966 reads (2.90%) 	90573806 bases (0.92%)
Trimmed by overlap:     	2292460 reads (2.35%) 	11773342 bases (0.12%)
Total Removed:          	186832 reads (0.19%) 	366389690 bases (3.72%)
Result:                 	97319932 reads (99.81%) 	9481793474 bases (96.28%)

Time:                         	207.256 seconds.
Reads Processed:      97506k 	470.46k reads/sec
Bases Processed:       9848m 	47.52m bases/sec
java -ea -Xmx3g -Xms3g -cp /research/labs/neurology/fryer/m214960/tools/miniconda3/envs/aducanumab/opt/bbmap-39.01-1/current/ jgi.BBDuk -Xmx3g in1=/research/labs/neurology/fryer/projects/aducanumab/mouse/bulkRNA/812_IgG_S23_L003_R1_001.fastq.gz in2=/research/labs/neurology/fryer/projects/aducanumab/mouse/bulkRNA/812_IgG_S23_L003_R2_001.fastq.gz out1=trimmedReads/812_IgG_S23_L003_R1_trim.fastq.gz out2=trimmedReads/812_IgG_S23_L003_R2_trim.fastq.gz ref=refs/adapters.fa ktrim=r k=23 mink=11 hdist=1 tpe tbo threads=20 trimpolyg=1 trimpolya=1
Executing jgi.BBDuk [-Xmx3g, in1=/research/labs/neurology/fryer/projects/aducanumab/mouse/bulkRNA/812_IgG_S23_L003_R1_001.fastq.gz, in2=/research/labs/neurology/fryer/projects/aducanumab/mouse/bulkRNA/812_IgG_S23_L003_R2_001.fastq.gz, out1=trimmedReads/812_IgG_S23_L003_R1_trim.fastq.gz, out2=trimmedReads/812_IgG_S23_L003_R2_trim.fastq.gz, ref=refs/adapters.fa, ktrim=r, k=23, mink=11, hdist=1, tpe, tbo, threads=20, trimpolyg=1, trimpolya=1]
Version 39.01

Set threads to 20
maskMiddle was disabled because useShortKmers=true
0.018 seconds.
Initial:
Memory: max=3221m, total=3221m, free=3191m, used=30m

Added 3614 kmers; time: 	0.016 seconds.
Memory: max=3221m, total=3221m, free=3183m, used=38m

Input is being processed as paired
Started output streams:	0.202 seconds.
[W::bgzf_read_block] EOF marker is absent. The input may be truncated
[W::bgzf_read_block] EOF marker is absent. The input may be truncated
Processing time:   		338.331 seconds.

Input:                  	97253996 reads 		9822653596 bases.
Polymer-trimmed:        	142464731 reads (146.49%) 	264713375 bases (2.69%)
KTrimmed:               	2814226 reads (2.89%) 	90232854 bases (0.92%)
Trimmed by overlap:     	2283570 reads (2.35%) 	11722202 bases (0.12%)
Total Removed:          	190854 reads (0.20%) 	366668431 bases (3.73%)
Result:                 	97063142 reads (99.80%) 	9455985165 bases (96.27%)

Time:                         	338.550 seconds.
Reads Processed:      97253k 	287.27k reads/sec
Bases Processed:       9822m 	29.01m bases/sec
java -ea -Xmx3g -Xms3g -cp /research/labs/neurology/fryer/m214960/tools/miniconda3/envs/aducanumab/opt/bbmap-39.01-1/current/ jgi.BBDuk -Xmx3g in1=/research/labs/neurology/fryer/projects/aducanumab/mouse/bulkRNA/812_IgG_S23_L004_R1_001.fastq.gz in2=/research/labs/neurology/fryer/projects/aducanumab/mouse/bulkRNA/812_IgG_S23_L004_R2_001.fastq.gz out1=trimmedReads/812_IgG_S23_L004_R1_trim.fastq.gz out2=trimmedReads/812_IgG_S23_L004_R2_trim.fastq.gz ref=refs/adapters.fa ktrim=r k=23 mink=11 hdist=1 tpe tbo threads=20 trimpolyg=1 trimpolya=1
Executing jgi.BBDuk [-Xmx3g, in1=/research/labs/neurology/fryer/projects/aducanumab/mouse/bulkRNA/812_IgG_S23_L004_R1_001.fastq.gz, in2=/research/labs/neurology/fryer/projects/aducanumab/mouse/bulkRNA/812_IgG_S23_L004_R2_001.fastq.gz, out1=trimmedReads/812_IgG_S23_L004_R1_trim.fastq.gz, out2=trimmedReads/812_IgG_S23_L004_R2_trim.fastq.gz, ref=refs/adapters.fa, ktrim=r, k=23, mink=11, hdist=1, tpe, tbo, threads=20, trimpolyg=1, trimpolya=1]
Version 39.01

Set threads to 20
maskMiddle was disabled because useShortKmers=true
0.017 seconds.
Initial:
Memory: max=3221m, total=3221m, free=3191m, used=30m

Added 3614 kmers; time: 	0.017 seconds.
Memory: max=3221m, total=3221m, free=3183m, used=38m

Input is being processed as paired
Started output streams:	0.282 seconds.
[W::bgzf_read_block] EOF marker is absent. The input may be truncated
[W::bgzf_read_block] EOF marker is absent. The input may be truncated
Processing time:   		288.375 seconds.

Input:                  	97452704 reads 		9842723104 bases.
Polymer-trimmed:        	142738292 reads (146.47%) 	265059587 bases (2.69%)
KTrimmed:               	2812230 reads (2.89%) 	90032072 bases (0.91%)
Trimmed by overlap:     	2279918 reads (2.34%) 	11720392 bases (0.12%)
Total Removed:          	188738 reads (0.19%) 	366812051 bases (3.73%)
Result:                 	97263966 reads (99.81%) 	9475911053 bases (96.27%)

Time:                         	288.676 seconds.
Reads Processed:      97452k 	337.58k reads/sec
Bases Processed:       9842m 	34.10m bases/sec
[Tue Oct  3 13:39:24 2023]
Finished job 0.
1 of 1 steps (100%) done
