Building DAG of jobs...
Using shell: /usr/bin/bash
Provided cores: 20
Rules claiming more threads will be scaled down.
Provided resources: mem_mb=35569, mem_mib=33922, disk_mb=35569, disk_mib=33922
Select jobs to execute...

[Tue Oct  3 14:07:18 2023]
rule trim_bbduk:
    input: /research/labs/neurology/fryer/projects/aducanumab/mouse/bulkRNA/783_IgG_S15_L001_R1_001.fastq.gz, /research/labs/neurology/fryer/projects/aducanumab/mouse/bulkRNA/783_IgG_S15_L001_R2_001.fastq.gz, /research/labs/neurology/fryer/projects/aducanumab/mouse/bulkRNA/783_IgG_S15_L002_R1_001.fastq.gz, /research/labs/neurology/fryer/projects/aducanumab/mouse/bulkRNA/783_IgG_S15_L002_R2_001.fastq.gz, /research/labs/neurology/fryer/projects/aducanumab/mouse/bulkRNA/783_IgG_S15_L003_R1_001.fastq.gz, /research/labs/neurology/fryer/projects/aducanumab/mouse/bulkRNA/783_IgG_S15_L003_R2_001.fastq.gz, /research/labs/neurology/fryer/projects/aducanumab/mouse/bulkRNA/783_IgG_S15_L004_R1_001.fastq.gz, /research/labs/neurology/fryer/projects/aducanumab/mouse/bulkRNA/783_IgG_S15_L004_R2_001.fastq.gz
    output: trimmedReads/783_IgG_S15_L001_R1_trim.fastq.gz, trimmedReads/783_IgG_S15_L001_R2_trim.fastq.gz, trimmedReads/783_IgG_S15_L002_R1_trim.fastq.gz, trimmedReads/783_IgG_S15_L002_R2_trim.fastq.gz, trimmedReads/783_IgG_S15_L003_R1_trim.fastq.gz, trimmedReads/783_IgG_S15_L003_R2_trim.fastq.gz, trimmedReads/783_IgG_S15_L004_R1_trim.fastq.gz, trimmedReads/783_IgG_S15_L004_R2_trim.fastq.gz
    jobid: 0
    reason: Missing output files: trimmedReads/783_IgG_S15_L001_R2_trim.fastq.gz, trimmedReads/783_IgG_S15_L002_R1_trim.fastq.gz, trimmedReads/783_IgG_S15_L004_R1_trim.fastq.gz, trimmedReads/783_IgG_S15_L003_R1_trim.fastq.gz, trimmedReads/783_IgG_S15_L003_R2_trim.fastq.gz, trimmedReads/783_IgG_S15_L001_R1_trim.fastq.gz, trimmedReads/783_IgG_S15_L004_R2_trim.fastq.gz, trimmedReads/783_IgG_S15_L002_R2_trim.fastq.gz
    wildcards: sample=783_IgG_S15
    resources: mem_mb=35569, mem_mib=33922, disk_mb=35569, disk_mib=33922, tmpdir=/tmp

java -ea -Xmx3g -Xms3g -cp /research/labs/neurology/fryer/m214960/tools/miniconda3/envs/aducanumab/opt/bbmap-39.01-1/current/ jgi.BBDuk -Xmx3g in1=/research/labs/neurology/fryer/projects/aducanumab/mouse/bulkRNA/783_IgG_S15_L001_R1_001.fastq.gz in2=/research/labs/neurology/fryer/projects/aducanumab/mouse/bulkRNA/783_IgG_S15_L001_R2_001.fastq.gz out1=trimmedReads/783_IgG_S15_L001_R1_trim.fastq.gz out2=trimmedReads/783_IgG_S15_L001_R2_trim.fastq.gz ref=refs/adapters.fa ktrim=r k=23 mink=11 hdist=1 tpe tbo threads=20 trimpolyg=1 trimpolya=1
Executing jgi.BBDuk [-Xmx3g, in1=/research/labs/neurology/fryer/projects/aducanumab/mouse/bulkRNA/783_IgG_S15_L001_R1_001.fastq.gz, in2=/research/labs/neurology/fryer/projects/aducanumab/mouse/bulkRNA/783_IgG_S15_L001_R2_001.fastq.gz, out1=trimmedReads/783_IgG_S15_L001_R1_trim.fastq.gz, out2=trimmedReads/783_IgG_S15_L001_R2_trim.fastq.gz, ref=refs/adapters.fa, ktrim=r, k=23, mink=11, hdist=1, tpe, tbo, threads=20, trimpolyg=1, trimpolya=1]
Version 39.01

Set threads to 20
maskMiddle was disabled because useShortKmers=true
0.025 seconds.
Initial:
Memory: max=3221m, total=3221m, free=3191m, used=30m

Added 3614 kmers; time: 	0.018 seconds.
Memory: max=3221m, total=3221m, free=3183m, used=38m

Input is being processed as paired
Started output streams:	0.408 seconds.
[W::bgzf_read_block] EOF marker is absent. The input may be truncated
[W::bgzf_read_block] EOF marker is absent. The input may be truncated
Processing time:   		86.953 seconds.

Input:                  	83405420 reads 		8423947420 bases.
Polymer-trimmed:        	126502227 reads (151.67%) 	234624246 bases (2.79%)
KTrimmed:               	2977740 reads (3.57%) 	106133660 bases (1.26%)
Trimmed by overlap:     	2030330 reads (2.43%) 	10399854 bases (0.12%)
Total Removed:          	243678 reads (0.29%) 	351157760 bases (4.17%)
Result:                 	83161742 reads (99.71%) 	8072789660 bases (95.83%)

Time:                         	87.381 seconds.
Reads Processed:      83405k 	954.50k reads/sec
Bases Processed:       8423m 	96.40m bases/sec
java -ea -Xmx3g -Xms3g -cp /research/labs/neurology/fryer/m214960/tools/miniconda3/envs/aducanumab/opt/bbmap-39.01-1/current/ jgi.BBDuk -Xmx3g in1=/research/labs/neurology/fryer/projects/aducanumab/mouse/bulkRNA/783_IgG_S15_L002_R1_001.fastq.gz in2=/research/labs/neurology/fryer/projects/aducanumab/mouse/bulkRNA/783_IgG_S15_L002_R2_001.fastq.gz out1=trimmedReads/783_IgG_S15_L002_R1_trim.fastq.gz out2=trimmedReads/783_IgG_S15_L002_R2_trim.fastq.gz ref=refs/adapters.fa ktrim=r k=23 mink=11 hdist=1 tpe tbo threads=20 trimpolyg=1 trimpolya=1
Executing jgi.BBDuk [-Xmx3g, in1=/research/labs/neurology/fryer/projects/aducanumab/mouse/bulkRNA/783_IgG_S15_L002_R1_001.fastq.gz, in2=/research/labs/neurology/fryer/projects/aducanumab/mouse/bulkRNA/783_IgG_S15_L002_R2_001.fastq.gz, out1=trimmedReads/783_IgG_S15_L002_R1_trim.fastq.gz, out2=trimmedReads/783_IgG_S15_L002_R2_trim.fastq.gz, ref=refs/adapters.fa, ktrim=r, k=23, mink=11, hdist=1, tpe, tbo, threads=20, trimpolyg=1, trimpolya=1]
Version 39.01

Set threads to 20
maskMiddle was disabled because useShortKmers=true
0.017 seconds.
Initial:
Memory: max=3221m, total=3221m, free=3191m, used=30m

Added 3614 kmers; time: 	0.020 seconds.
Memory: max=3221m, total=3221m, free=3182m, used=39m

Input is being processed as paired
Started output streams:	0.452 seconds.
[W::bgzf_read_block] EOF marker is absent. The input may be truncated
[W::bgzf_read_block] EOF marker is absent. The input may be truncated
Processing time:   		94.657 seconds.

Input:                  	83388442 reads 		8422232642 bases.
Polymer-trimmed:        	126435040 reads (151.62%) 	234663758 bases (2.79%)
KTrimmed:               	2926076 reads (3.51%) 	104336740 bases (1.24%)
Trimmed by overlap:     	1999482 reads (2.40%) 	10256638 bases (0.12%)
Total Removed:          	243156 reads (0.29%) 	349257136 bases (4.15%)
Result:                 	83145286 reads (99.71%) 	8072975506 bases (95.85%)

Time:                         	95.131 seconds.
Reads Processed:      83388k 	876.57k reads/sec
Bases Processed:       8422m 	88.53m bases/sec
java -ea -Xmx3g -Xms3g -cp /research/labs/neurology/fryer/m214960/tools/miniconda3/envs/aducanumab/opt/bbmap-39.01-1/current/ jgi.BBDuk -Xmx3g in1=/research/labs/neurology/fryer/projects/aducanumab/mouse/bulkRNA/783_IgG_S15_L003_R1_001.fastq.gz in2=/research/labs/neurology/fryer/projects/aducanumab/mouse/bulkRNA/783_IgG_S15_L003_R2_001.fastq.gz out1=trimmedReads/783_IgG_S15_L003_R1_trim.fastq.gz out2=trimmedReads/783_IgG_S15_L003_R2_trim.fastq.gz ref=refs/adapters.fa ktrim=r k=23 mink=11 hdist=1 tpe tbo threads=20 trimpolyg=1 trimpolya=1
Executing jgi.BBDuk [-Xmx3g, in1=/research/labs/neurology/fryer/projects/aducanumab/mouse/bulkRNA/783_IgG_S15_L003_R1_001.fastq.gz, in2=/research/labs/neurology/fryer/projects/aducanumab/mouse/bulkRNA/783_IgG_S15_L003_R2_001.fastq.gz, out1=trimmedReads/783_IgG_S15_L003_R1_trim.fastq.gz, out2=trimmedReads/783_IgG_S15_L003_R2_trim.fastq.gz, ref=refs/adapters.fa, ktrim=r, k=23, mink=11, hdist=1, tpe, tbo, threads=20, trimpolyg=1, trimpolya=1]
Version 39.01

Set threads to 20
maskMiddle was disabled because useShortKmers=true
0.019 seconds.
Initial:
Memory: max=3221m, total=3221m, free=3191m, used=30m

Added 3614 kmers; time: 	0.028 seconds.
Memory: max=3221m, total=3221m, free=3181m, used=40m

Input is being processed as paired
Started output streams:	0.136 seconds.
[W::bgzf_read_block] EOF marker is absent. The input may be truncated
[W::bgzf_read_block] EOF marker is absent. The input may be truncated
Processing time:   		94.941 seconds.

Input:                  	83457522 reads 		8429209722 bases.
Polymer-trimmed:        	126830164 reads (151.97%) 	235673388 bases (2.80%)
KTrimmed:               	2932470 reads (3.51%) 	104594880 bases (1.24%)
Trimmed by overlap:     	1999608 reads (2.40%) 	10251960 bases (0.12%)
Total Removed:          	245998 reads (0.29%) 	350520228 bases (4.16%)
Result:                 	83211524 reads (99.71%) 	8078689494 bases (95.84%)

Time:                         	95.107 seconds.
Reads Processed:      83457k 	877.51k reads/sec
Bases Processed:       8429m 	88.63m bases/sec
java -ea -Xmx3g -Xms3g -cp /research/labs/neurology/fryer/m214960/tools/miniconda3/envs/aducanumab/opt/bbmap-39.01-1/current/ jgi.BBDuk -Xmx3g in1=/research/labs/neurology/fryer/projects/aducanumab/mouse/bulkRNA/783_IgG_S15_L004_R1_001.fastq.gz in2=/research/labs/neurology/fryer/projects/aducanumab/mouse/bulkRNA/783_IgG_S15_L004_R2_001.fastq.gz out1=trimmedReads/783_IgG_S15_L004_R1_trim.fastq.gz out2=trimmedReads/783_IgG_S15_L004_R2_trim.fastq.gz ref=refs/adapters.fa ktrim=r k=23 mink=11 hdist=1 tpe tbo threads=20 trimpolyg=1 trimpolya=1
Executing jgi.BBDuk [-Xmx3g, in1=/research/labs/neurology/fryer/projects/aducanumab/mouse/bulkRNA/783_IgG_S15_L004_R1_001.fastq.gz, in2=/research/labs/neurology/fryer/projects/aducanumab/mouse/bulkRNA/783_IgG_S15_L004_R2_001.fastq.gz, out1=trimmedReads/783_IgG_S15_L004_R1_trim.fastq.gz, out2=trimmedReads/783_IgG_S15_L004_R2_trim.fastq.gz, ref=refs/adapters.fa, ktrim=r, k=23, mink=11, hdist=1, tpe, tbo, threads=20, trimpolyg=1, trimpolya=1]
Version 39.01

Set threads to 20
maskMiddle was disabled because useShortKmers=true
0.020 seconds.
Initial:
Memory: max=3221m, total=3221m, free=3191m, used=30m

Added 3614 kmers; time: 	0.033 seconds.
Memory: max=3221m, total=3221m, free=3182m, used=39m

Input is being processed as paired
Started output streams:	0.268 seconds.
[W::bgzf_read_block] EOF marker is absent. The input may be truncated
[W::bgzf_read_block] EOF marker is absent. The input may be truncated
Processing time:   		89.509 seconds.

Input:                  	83509708 reads 		8434480508 bases.
Polymer-trimmed:        	126869698 reads (151.92%) 	235687568 bases (2.79%)
KTrimmed:               	2924678 reads (3.50%) 	104189186 bases (1.24%)
Trimmed by overlap:     	2003096 reads (2.40%) 	10261380 bases (0.12%)
Total Removed:          	242922 reads (0.29%) 	350138134 bases (4.15%)
Result:                 	83266786 reads (99.71%) 	8084342374 bases (95.85%)

Time:                         	89.812 seconds.
Reads Processed:      83509k 	929.82k reads/sec
Bases Processed:       8434m 	93.91m bases/sec
[Tue Oct  3 14:13:27 2023]
Finished job 0.
1 of 1 steps (100%) done
