Building DAG of jobs...
Using shell: /usr/bin/bash
Provided cores: 20
Rules claiming more threads will be scaled down.
Provided resources: mem_mb=42314, mem_mib=40354, disk_mb=42314, disk_mib=40354
Select jobs to execute...

[Tue Oct  3 13:45:14 2023]
rule trim_bbduk:
    input: /research/labs/neurology/fryer/projects/aducanumab/mouse/bulkRNA/366_IgG_S61_L001_R1_001.fastq.gz, /research/labs/neurology/fryer/projects/aducanumab/mouse/bulkRNA/366_IgG_S61_L001_R2_001.fastq.gz, /research/labs/neurology/fryer/projects/aducanumab/mouse/bulkRNA/366_IgG_S61_L002_R1_001.fastq.gz, /research/labs/neurology/fryer/projects/aducanumab/mouse/bulkRNA/366_IgG_S61_L002_R2_001.fastq.gz, /research/labs/neurology/fryer/projects/aducanumab/mouse/bulkRNA/366_IgG_S61_L003_R1_001.fastq.gz, /research/labs/neurology/fryer/projects/aducanumab/mouse/bulkRNA/366_IgG_S61_L003_R2_001.fastq.gz, /research/labs/neurology/fryer/projects/aducanumab/mouse/bulkRNA/366_IgG_S61_L004_R1_001.fastq.gz, /research/labs/neurology/fryer/projects/aducanumab/mouse/bulkRNA/366_IgG_S61_L004_R2_001.fastq.gz
    output: trimmedReads/366_IgG_S61_L001_R1_trim.fastq.gz, trimmedReads/366_IgG_S61_L001_R2_trim.fastq.gz, trimmedReads/366_IgG_S61_L002_R1_trim.fastq.gz, trimmedReads/366_IgG_S61_L002_R2_trim.fastq.gz, trimmedReads/366_IgG_S61_L003_R1_trim.fastq.gz, trimmedReads/366_IgG_S61_L003_R2_trim.fastq.gz, trimmedReads/366_IgG_S61_L004_R1_trim.fastq.gz, trimmedReads/366_IgG_S61_L004_R2_trim.fastq.gz
    jobid: 0
    reason: Missing output files: trimmedReads/366_IgG_S61_L004_R1_trim.fastq.gz, trimmedReads/366_IgG_S61_L002_R2_trim.fastq.gz, trimmedReads/366_IgG_S61_L004_R2_trim.fastq.gz, trimmedReads/366_IgG_S61_L003_R1_trim.fastq.gz, trimmedReads/366_IgG_S61_L003_R2_trim.fastq.gz, trimmedReads/366_IgG_S61_L001_R1_trim.fastq.gz, trimmedReads/366_IgG_S61_L001_R2_trim.fastq.gz, trimmedReads/366_IgG_S61_L002_R1_trim.fastq.gz
    wildcards: sample=366_IgG_S61
    resources: mem_mb=42314, mem_mib=40354, disk_mb=42314, disk_mib=40354, tmpdir=/tmp

java -ea -Xmx3g -Xms3g -cp /research/labs/neurology/fryer/m214960/tools/miniconda3/envs/aducanumab/opt/bbmap-39.01-1/current/ jgi.BBDuk -Xmx3g in1=/research/labs/neurology/fryer/projects/aducanumab/mouse/bulkRNA/366_IgG_S61_L001_R1_001.fastq.gz in2=/research/labs/neurology/fryer/projects/aducanumab/mouse/bulkRNA/366_IgG_S61_L001_R2_001.fastq.gz out1=trimmedReads/366_IgG_S61_L001_R1_trim.fastq.gz out2=trimmedReads/366_IgG_S61_L001_R2_trim.fastq.gz ref=refs/adapters.fa ktrim=r k=23 mink=11 hdist=1 tpe tbo threads=20 trimpolyg=1 trimpolya=1
Executing jgi.BBDuk [-Xmx3g, in1=/research/labs/neurology/fryer/projects/aducanumab/mouse/bulkRNA/366_IgG_S61_L001_R1_001.fastq.gz, in2=/research/labs/neurology/fryer/projects/aducanumab/mouse/bulkRNA/366_IgG_S61_L001_R2_001.fastq.gz, out1=trimmedReads/366_IgG_S61_L001_R1_trim.fastq.gz, out2=trimmedReads/366_IgG_S61_L001_R2_trim.fastq.gz, ref=refs/adapters.fa, ktrim=r, k=23, mink=11, hdist=1, tpe, tbo, threads=20, trimpolyg=1, trimpolya=1]
Version 39.01

Set threads to 20
maskMiddle was disabled because useShortKmers=true
0.018 seconds.
Initial:
Memory: max=3221m, total=3221m, free=3191m, used=30m

Added 3614 kmers; time: 	0.016 seconds.
Memory: max=3221m, total=3221m, free=3182m, used=39m

Input is being processed as paired
Started output streams:	0.394 seconds.
[W::bgzf_read_block] EOF marker is absent. The input may be truncated
[W::bgzf_read_block] EOF marker is absent. The input may be truncated
Processing time:   		346.820 seconds.

Input:                  	99943022 reads 		10094245222 bases.
Polymer-trimmed:        	151982961 reads (152.07%) 	282442641 bases (2.80%)
KTrimmed:               	3870572 reads (3.87%) 	126312314 bases (1.25%)
Trimmed by overlap:     	2609582 reads (2.61%) 	13547922 bases (0.13%)
Total Removed:          	184396 reads (0.18%) 	422302877 bases (4.18%)
Result:                 	99758626 reads (99.82%) 	9671942345 bases (95.82%)

Time:                         	347.232 seconds.
Reads Processed:      99943k 	287.83k reads/sec
Bases Processed:      10094m 	29.07m bases/sec
java -ea -Xmx3g -Xms3g -cp /research/labs/neurology/fryer/m214960/tools/miniconda3/envs/aducanumab/opt/bbmap-39.01-1/current/ jgi.BBDuk -Xmx3g in1=/research/labs/neurology/fryer/projects/aducanumab/mouse/bulkRNA/366_IgG_S61_L002_R1_001.fastq.gz in2=/research/labs/neurology/fryer/projects/aducanumab/mouse/bulkRNA/366_IgG_S61_L002_R2_001.fastq.gz out1=trimmedReads/366_IgG_S61_L002_R1_trim.fastq.gz out2=trimmedReads/366_IgG_S61_L002_R2_trim.fastq.gz ref=refs/adapters.fa ktrim=r k=23 mink=11 hdist=1 tpe tbo threads=20 trimpolyg=1 trimpolya=1
Executing jgi.BBDuk [-Xmx3g, in1=/research/labs/neurology/fryer/projects/aducanumab/mouse/bulkRNA/366_IgG_S61_L002_R1_001.fastq.gz, in2=/research/labs/neurology/fryer/projects/aducanumab/mouse/bulkRNA/366_IgG_S61_L002_R2_001.fastq.gz, out1=trimmedReads/366_IgG_S61_L002_R1_trim.fastq.gz, out2=trimmedReads/366_IgG_S61_L002_R2_trim.fastq.gz, ref=refs/adapters.fa, ktrim=r, k=23, mink=11, hdist=1, tpe, tbo, threads=20, trimpolyg=1, trimpolya=1]
Version 39.01

Set threads to 20
maskMiddle was disabled because useShortKmers=true
0.024 seconds.
Initial:
Memory: max=3221m, total=3221m, free=3191m, used=30m

Added 3614 kmers; time: 	0.026 seconds.
Memory: max=3221m, total=3221m, free=3183m, used=38m

Input is being processed as paired
Started output streams:	0.719 seconds.
[W::bgzf_read_block] [W::bgzf_read_block] EOF marker is absent. The input may be truncatedEOF marker is absent. The input may be truncated

Processing time:   		364.892 seconds.

Input:                  	99769202 reads 		10076689402 bases.
Polymer-trimmed:        	151790524 reads (152.14%) 	282232258 bases (2.80%)
KTrimmed:               	3801938 reads (3.81%) 	124006346 bases (1.23%)
Trimmed by overlap:     	2569778 reads (2.58%) 	13357134 bases (0.13%)
Total Removed:          	182694 reads (0.18%) 	419595738 bases (4.16%)
Result:                 	99586508 reads (99.82%) 	9657093664 bases (95.84%)

Time:                         	365.638 seconds.
Reads Processed:      99769k 	272.86k reads/sec
Bases Processed:      10076m 	27.56m bases/sec
java -ea -Xmx3g -Xms3g -cp /research/labs/neurology/fryer/m214960/tools/miniconda3/envs/aducanumab/opt/bbmap-39.01-1/current/ jgi.BBDuk -Xmx3g in1=/research/labs/neurology/fryer/projects/aducanumab/mouse/bulkRNA/366_IgG_S61_L003_R1_001.fastq.gz in2=/research/labs/neurology/fryer/projects/aducanumab/mouse/bulkRNA/366_IgG_S61_L003_R2_001.fastq.gz out1=trimmedReads/366_IgG_S61_L003_R1_trim.fastq.gz out2=trimmedReads/366_IgG_S61_L003_R2_trim.fastq.gz ref=refs/adapters.fa ktrim=r k=23 mink=11 hdist=1 tpe tbo threads=20 trimpolyg=1 trimpolya=1
Executing jgi.BBDuk [-Xmx3g, in1=/research/labs/neurology/fryer/projects/aducanumab/mouse/bulkRNA/366_IgG_S61_L003_R1_001.fastq.gz, in2=/research/labs/neurology/fryer/projects/aducanumab/mouse/bulkRNA/366_IgG_S61_L003_R2_001.fastq.gz, out1=trimmedReads/366_IgG_S61_L003_R1_trim.fastq.gz, out2=trimmedReads/366_IgG_S61_L003_R2_trim.fastq.gz, ref=refs/adapters.fa, ktrim=r, k=23, mink=11, hdist=1, tpe, tbo, threads=20, trimpolyg=1, trimpolya=1]
Version 39.01

Set threads to 20
maskMiddle was disabled because useShortKmers=true
0.017 seconds.
Initial:
Memory: max=3221m, total=3221m, free=3191m, used=30m

Added 3614 kmers; time: 	0.017 seconds.
Memory: max=3221m, total=3221m, free=3182m, used=39m

Input is being processed as paired
Started output streams:	1.401 seconds.
[W::bgzf_read_block] EOF marker is absent. The input may be truncated
[W::bgzf_read_block] EOF marker is absent. The input may be truncated
Processing time:   		196.941 seconds.

Input:                  	99695674 reads 		10069263074 bases.
Polymer-trimmed:        	152067968 reads (152.53%) 	283151839 bases (2.81%)
KTrimmed:               	3786956 reads (3.80%) 	123505262 bases (1.23%)
Trimmed by overlap:     	2567694 reads (2.58%) 	13338160 bases (0.13%)
Total Removed:          	185366 reads (0.19%) 	419995261 bases (4.17%)
Result:                 	99510308 reads (99.81%) 	9649267813 bases (95.83%)

Time:                         	198.361 seconds.
Reads Processed:      99695k 	502.60k reads/sec
Bases Processed:      10069m 	50.76m bases/sec
java -ea -Xmx3g -Xms3g -cp /research/labs/neurology/fryer/m214960/tools/miniconda3/envs/aducanumab/opt/bbmap-39.01-1/current/ jgi.BBDuk -Xmx3g in1=/research/labs/neurology/fryer/projects/aducanumab/mouse/bulkRNA/366_IgG_S61_L004_R1_001.fastq.gz in2=/research/labs/neurology/fryer/projects/aducanumab/mouse/bulkRNA/366_IgG_S61_L004_R2_001.fastq.gz out1=trimmedReads/366_IgG_S61_L004_R1_trim.fastq.gz out2=trimmedReads/366_IgG_S61_L004_R2_trim.fastq.gz ref=refs/adapters.fa ktrim=r k=23 mink=11 hdist=1 tpe tbo threads=20 trimpolyg=1 trimpolya=1
Executing jgi.BBDuk [-Xmx3g, in1=/research/labs/neurology/fryer/projects/aducanumab/mouse/bulkRNA/366_IgG_S61_L004_R1_001.fastq.gz, in2=/research/labs/neurology/fryer/projects/aducanumab/mouse/bulkRNA/366_IgG_S61_L004_R2_001.fastq.gz, out1=trimmedReads/366_IgG_S61_L004_R1_trim.fastq.gz, out2=trimmedReads/366_IgG_S61_L004_R2_trim.fastq.gz, ref=refs/adapters.fa, ktrim=r, k=23, mink=11, hdist=1, tpe, tbo, threads=20, trimpolyg=1, trimpolya=1]
Version 39.01

Set threads to 20
maskMiddle was disabled because useShortKmers=true
0.018 seconds.
Initial:
Memory: max=3221m, total=3221m, free=3191m, used=30m

Added 3614 kmers; time: 	0.028 seconds.
Memory: max=3221m, total=3221m, free=3183m, used=38m

Input is being processed as paired
Started output streams:	0.161 seconds.
[W::bgzf_read_block] EOF marker is absent. The input may be truncated
[W::bgzf_read_block] EOF marker is absent. The input may be truncated
Processing time:   		125.726 seconds.

Input:                  	99823214 reads 		10082144614 bases.
Polymer-trimmed:        	152280970 reads (152.55%) 	283392620 bases (2.81%)
KTrimmed:               	3783020 reads (3.79%) 	123308560 bases (1.22%)
Trimmed by overlap:     	2568536 reads (2.57%) 	13355416 bases (0.13%)
Total Removed:          	184216 reads (0.18%) 	420056596 bases (4.17%)
Result:                 	99638998 reads (99.82%) 	9662088018 bases (95.83%)

Time:                         	125.917 seconds.
Reads Processed:      99823k 	792.77k reads/sec
Bases Processed:      10082m 	80.07m bases/sec
[Tue Oct  3 14:02:33 2023]
Finished job 0.
1 of 1 steps (100%) done
