Building DAG of jobs...
Using shell: /usr/bin/bash
Provided cores: 20
Rules claiming more threads will be scaled down.
Provided resources: mem_mb=31663, mem_mib=30197, disk_mb=31663, disk_mib=30197
Select jobs to execute...

[Tue Oct  3 14:34:29 2023]
rule trim_bbduk:
    input: /research/labs/neurology/fryer/projects/aducanumab/mouse/bulkRNA/237_IgG_S7_L001_R1_001.fastq.gz, /research/labs/neurology/fryer/projects/aducanumab/mouse/bulkRNA/237_IgG_S7_L001_R2_001.fastq.gz, /research/labs/neurology/fryer/projects/aducanumab/mouse/bulkRNA/237_IgG_S7_L002_R1_001.fastq.gz, /research/labs/neurology/fryer/projects/aducanumab/mouse/bulkRNA/237_IgG_S7_L002_R2_001.fastq.gz, /research/labs/neurology/fryer/projects/aducanumab/mouse/bulkRNA/237_IgG_S7_L003_R1_001.fastq.gz, /research/labs/neurology/fryer/projects/aducanumab/mouse/bulkRNA/237_IgG_S7_L003_R2_001.fastq.gz, /research/labs/neurology/fryer/projects/aducanumab/mouse/bulkRNA/237_IgG_S7_L004_R1_001.fastq.gz, /research/labs/neurology/fryer/projects/aducanumab/mouse/bulkRNA/237_IgG_S7_L004_R2_001.fastq.gz
    output: trimmedReads/237_IgG_S7_L001_R1_trim.fastq.gz, trimmedReads/237_IgG_S7_L001_R2_trim.fastq.gz, trimmedReads/237_IgG_S7_L002_R1_trim.fastq.gz, trimmedReads/237_IgG_S7_L002_R2_trim.fastq.gz, trimmedReads/237_IgG_S7_L003_R1_trim.fastq.gz, trimmedReads/237_IgG_S7_L003_R2_trim.fastq.gz, trimmedReads/237_IgG_S7_L004_R1_trim.fastq.gz, trimmedReads/237_IgG_S7_L004_R2_trim.fastq.gz
    jobid: 0
    reason: Missing output files: trimmedReads/237_IgG_S7_L004_R2_trim.fastq.gz, trimmedReads/237_IgG_S7_L003_R1_trim.fastq.gz, trimmedReads/237_IgG_S7_L001_R1_trim.fastq.gz, trimmedReads/237_IgG_S7_L001_R2_trim.fastq.gz, trimmedReads/237_IgG_S7_L002_R2_trim.fastq.gz, trimmedReads/237_IgG_S7_L003_R2_trim.fastq.gz, trimmedReads/237_IgG_S7_L002_R1_trim.fastq.gz, trimmedReads/237_IgG_S7_L004_R1_trim.fastq.gz
    wildcards: sample=237_IgG_S7
    resources: mem_mb=31663, mem_mib=30197, disk_mb=31663, disk_mib=30197, tmpdir=/tmp

java -ea -Xmx3g -Xms3g -cp /research/labs/neurology/fryer/m214960/tools/miniconda3/envs/aducanumab/opt/bbmap-39.01-1/current/ jgi.BBDuk -Xmx3g in1=/research/labs/neurology/fryer/projects/aducanumab/mouse/bulkRNA/237_IgG_S7_L001_R1_001.fastq.gz in2=/research/labs/neurology/fryer/projects/aducanumab/mouse/bulkRNA/237_IgG_S7_L001_R2_001.fastq.gz out1=trimmedReads/237_IgG_S7_L001_R1_trim.fastq.gz out2=trimmedReads/237_IgG_S7_L001_R2_trim.fastq.gz ref=refs/adapters.fa ktrim=r k=23 mink=11 hdist=1 tpe tbo threads=20 trimpolyg=1 trimpolya=1
Executing jgi.BBDuk [-Xmx3g, in1=/research/labs/neurology/fryer/projects/aducanumab/mouse/bulkRNA/237_IgG_S7_L001_R1_001.fastq.gz, in2=/research/labs/neurology/fryer/projects/aducanumab/mouse/bulkRNA/237_IgG_S7_L001_R2_001.fastq.gz, out1=trimmedReads/237_IgG_S7_L001_R1_trim.fastq.gz, out2=trimmedReads/237_IgG_S7_L001_R2_trim.fastq.gz, ref=refs/adapters.fa, ktrim=r, k=23, mink=11, hdist=1, tpe, tbo, threads=20, trimpolyg=1, trimpolya=1]
Version 39.01

Set threads to 20
maskMiddle was disabled because useShortKmers=true
0.018 seconds.
Initial:
Memory: max=3221m, total=3221m, free=3191m, used=30m

Added 3614 kmers; time: 	0.024 seconds.
Memory: max=3221m, total=3221m, free=3182m, used=39m

Input is being processed as paired
Started output streams:	0.324 seconds.
[W::bgzf_read_block] [W::bgzf_read_block] EOF marker is absent. The input may be truncatedEOF marker is absent. The input may be truncated

Processing time:   		86.407 seconds.

Input:                  	73533958 reads 		7426929758 bases.
Polymer-trimmed:        	113690618 reads (154.61%) 	212756286 bases (2.86%)
KTrimmed:               	2716452 reads (3.69%) 	99022356 bases (1.33%)
Trimmed by overlap:     	1908176 reads (2.59%) 	9830986 bases (0.13%)
Total Removed:          	272914 reads (0.37%) 	321609628 bases (4.33%)
Result:                 	73261044 reads (99.63%) 	7105320130 bases (95.67%)

Time:                         	86.756 seconds.
Reads Processed:      73533k 	847.59k reads/sec
Bases Processed:       7426m 	85.61m bases/sec
java -ea -Xmx3g -Xms3g -cp /research/labs/neurology/fryer/m214960/tools/miniconda3/envs/aducanumab/opt/bbmap-39.01-1/current/ jgi.BBDuk -Xmx3g in1=/research/labs/neurology/fryer/projects/aducanumab/mouse/bulkRNA/237_IgG_S7_L002_R1_001.fastq.gz in2=/research/labs/neurology/fryer/projects/aducanumab/mouse/bulkRNA/237_IgG_S7_L002_R2_001.fastq.gz out1=trimmedReads/237_IgG_S7_L002_R1_trim.fastq.gz out2=trimmedReads/237_IgG_S7_L002_R2_trim.fastq.gz ref=refs/adapters.fa ktrim=r k=23 mink=11 hdist=1 tpe tbo threads=20 trimpolyg=1 trimpolya=1
Executing jgi.BBDuk [-Xmx3g, in1=/research/labs/neurology/fryer/projects/aducanumab/mouse/bulkRNA/237_IgG_S7_L002_R1_001.fastq.gz, in2=/research/labs/neurology/fryer/projects/aducanumab/mouse/bulkRNA/237_IgG_S7_L002_R2_001.fastq.gz, out1=trimmedReads/237_IgG_S7_L002_R1_trim.fastq.gz, out2=trimmedReads/237_IgG_S7_L002_R2_trim.fastq.gz, ref=refs/adapters.fa, ktrim=r, k=23, mink=11, hdist=1, tpe, tbo, threads=20, trimpolyg=1, trimpolya=1]
Version 39.01

Set threads to 20
maskMiddle was disabled because useShortKmers=true
0.024 seconds.
Initial:
Memory: max=3221m, total=3221m, free=3191m, used=30m

Added 3614 kmers; time: 	0.019 seconds.
Memory: max=3221m, total=3221m, free=3183m, used=38m

Input is being processed as paired
Started output streams:	0.151 seconds.
[W::bgzf_read_block] EOF marker is absent. The input may be truncated
[W::bgzf_read_block] EOF marker is absent. The input may be truncated
Processing time:   		81.880 seconds.

Input:                  	73598592 reads 		7433457792 bases.
Polymer-trimmed:        	113593883 reads (154.34%) 	212703693 bases (2.86%)
KTrimmed:               	2692034 reads (3.66%) 	98390682 bases (1.32%)
Trimmed by overlap:     	1890662 reads (2.57%) 	9740134 bases (0.13%)
Total Removed:          	277906 reads (0.38%) 	320834509 bases (4.32%)
Result:                 	73320686 reads (99.62%) 	7112623283 bases (95.68%)

Time:                         	82.052 seconds.
Reads Processed:      73598k 	896.98k reads/sec
Bases Processed:       7433m 	90.59m bases/sec
java -ea -Xmx3g -Xms3g -cp /research/labs/neurology/fryer/m214960/tools/miniconda3/envs/aducanumab/opt/bbmap-39.01-1/current/ jgi.BBDuk -Xmx3g in1=/research/labs/neurology/fryer/projects/aducanumab/mouse/bulkRNA/237_IgG_S7_L003_R1_001.fastq.gz in2=/research/labs/neurology/fryer/projects/aducanumab/mouse/bulkRNA/237_IgG_S7_L003_R2_001.fastq.gz out1=trimmedReads/237_IgG_S7_L003_R1_trim.fastq.gz out2=trimmedReads/237_IgG_S7_L003_R2_trim.fastq.gz ref=refs/adapters.fa ktrim=r k=23 mink=11 hdist=1 tpe tbo threads=20 trimpolyg=1 trimpolya=1
Executing jgi.BBDuk [-Xmx3g, in1=/research/labs/neurology/fryer/projects/aducanumab/mouse/bulkRNA/237_IgG_S7_L003_R1_001.fastq.gz, in2=/research/labs/neurology/fryer/projects/aducanumab/mouse/bulkRNA/237_IgG_S7_L003_R2_001.fastq.gz, out1=trimmedReads/237_IgG_S7_L003_R1_trim.fastq.gz, out2=trimmedReads/237_IgG_S7_L003_R2_trim.fastq.gz, ref=refs/adapters.fa, ktrim=r, k=23, mink=11, hdist=1, tpe, tbo, threads=20, trimpolyg=1, trimpolya=1]
Version 39.01

Set threads to 20
maskMiddle was disabled because useShortKmers=true
0.025 seconds.
Initial:
Memory: max=3221m, total=3221m, free=3191m, used=30m

Added 3614 kmers; time: 	0.029 seconds.
Memory: max=3221m, total=3221m, free=3183m, used=38m

Input is being processed as paired
Started output streams:	0.159 seconds.
[W::bgzf_read_block] EOF marker is absent. The input may be truncated
[W::bgzf_read_block] EOF marker is absent. The input may be truncated
Processing time:   		80.873 seconds.

Input:                  	73713930 reads 		7445106930 bases.
Polymer-trimmed:        	113994720 reads (154.64%) 	213761110 bases (2.87%)
KTrimmed:               	2700480 reads (3.66%) 	99268270 bases (1.33%)
Trimmed by overlap:     	1891206 reads (2.57%) 	9748748 bases (0.13%)
Total Removed:          	288790 reads (0.39%) 	322778128 bases (4.34%)
Result:                 	73425140 reads (99.61%) 	7122328802 bases (95.66%)

Time:                         	81.063 seconds.
Reads Processed:      73713k 	909.34k reads/sec
Bases Processed:       7445m 	91.84m bases/sec
java -ea -Xmx3g -Xms3g -cp /research/labs/neurology/fryer/m214960/tools/miniconda3/envs/aducanumab/opt/bbmap-39.01-1/current/ jgi.BBDuk -Xmx3g in1=/research/labs/neurology/fryer/projects/aducanumab/mouse/bulkRNA/237_IgG_S7_L004_R1_001.fastq.gz in2=/research/labs/neurology/fryer/projects/aducanumab/mouse/bulkRNA/237_IgG_S7_L004_R2_001.fastq.gz out1=trimmedReads/237_IgG_S7_L004_R1_trim.fastq.gz out2=trimmedReads/237_IgG_S7_L004_R2_trim.fastq.gz ref=refs/adapters.fa ktrim=r k=23 mink=11 hdist=1 tpe tbo threads=20 trimpolyg=1 trimpolya=1
Executing jgi.BBDuk [-Xmx3g, in1=/research/labs/neurology/fryer/projects/aducanumab/mouse/bulkRNA/237_IgG_S7_L004_R1_001.fastq.gz, in2=/research/labs/neurology/fryer/projects/aducanumab/mouse/bulkRNA/237_IgG_S7_L004_R2_001.fastq.gz, out1=trimmedReads/237_IgG_S7_L004_R1_trim.fastq.gz, out2=trimmedReads/237_IgG_S7_L004_R2_trim.fastq.gz, ref=refs/adapters.fa, ktrim=r, k=23, mink=11, hdist=1, tpe, tbo, threads=20, trimpolyg=1, trimpolya=1]
Version 39.01

Set threads to 20
maskMiddle was disabled because useShortKmers=true
0.020 seconds.
Initial:
Memory: max=3221m, total=3221m, free=3191m, used=30m

Added 3614 kmers; time: 	0.017 seconds.
Memory: max=3221m, total=3221m, free=3182m, used=39m

Input is being processed as paired
Started output streams:	0.138 seconds.
[W::bgzf_read_block] [W::bgzf_read_block] EOF marker is absent. The input may be truncatedEOF marker is absent. The input may be truncated

Processing time:   		80.045 seconds.

Input:                  	73769332 reads 		7450702532 bases.
Polymer-trimmed:        	114044596 reads (154.60%) 	213810189 bases (2.87%)
KTrimmed:               	2683682 reads (3.64%) 	98304058 bases (1.32%)
Trimmed by overlap:     	1888498 reads (2.56%) 	9718382 bases (0.13%)
Total Removed:          	281410 reads (0.38%) 	321832629 bases (4.32%)
Result:                 	73487922 reads (99.62%) 	7128869903 bases (95.68%)

Time:                         	80.202 seconds.
Reads Processed:      73769k 	919.79k reads/sec
Bases Processed:       7450m 	92.90m bases/sec
[Tue Oct  3 14:40:01 2023]
Finished job 0.
1 of 1 steps (100%) done
