Building DAG of jobs...
Using shell: /usr/bin/bash
Provided cores: 20
Rules claiming more threads will be scaled down.
Provided resources: mem_mb=42612, mem_mib=40638, disk_mb=42612, disk_mib=40638
Select jobs to execute...

[Tue Oct  3 14:16:30 2023]
rule trim_bbduk:
    input: /research/labs/neurology/fryer/projects/aducanumab/mouse/bulkRNA/144_Adu_S16_L001_R1_001.fastq.gz, /research/labs/neurology/fryer/projects/aducanumab/mouse/bulkRNA/144_Adu_S16_L001_R2_001.fastq.gz, /research/labs/neurology/fryer/projects/aducanumab/mouse/bulkRNA/144_Adu_S16_L002_R1_001.fastq.gz, /research/labs/neurology/fryer/projects/aducanumab/mouse/bulkRNA/144_Adu_S16_L002_R2_001.fastq.gz, /research/labs/neurology/fryer/projects/aducanumab/mouse/bulkRNA/144_Adu_S16_L003_R1_001.fastq.gz, /research/labs/neurology/fryer/projects/aducanumab/mouse/bulkRNA/144_Adu_S16_L003_R2_001.fastq.gz, /research/labs/neurology/fryer/projects/aducanumab/mouse/bulkRNA/144_Adu_S16_L004_R1_001.fastq.gz, /research/labs/neurology/fryer/projects/aducanumab/mouse/bulkRNA/144_Adu_S16_L004_R2_001.fastq.gz
    output: trimmedReads/144_Adu_S16_L001_R1_trim.fastq.gz, trimmedReads/144_Adu_S16_L001_R2_trim.fastq.gz, trimmedReads/144_Adu_S16_L002_R1_trim.fastq.gz, trimmedReads/144_Adu_S16_L002_R2_trim.fastq.gz, trimmedReads/144_Adu_S16_L003_R1_trim.fastq.gz, trimmedReads/144_Adu_S16_L003_R2_trim.fastq.gz, trimmedReads/144_Adu_S16_L004_R1_trim.fastq.gz, trimmedReads/144_Adu_S16_L004_R2_trim.fastq.gz
    jobid: 0
    reason: Missing output files: trimmedReads/144_Adu_S16_L001_R1_trim.fastq.gz, trimmedReads/144_Adu_S16_L002_R1_trim.fastq.gz, trimmedReads/144_Adu_S16_L001_R2_trim.fastq.gz, trimmedReads/144_Adu_S16_L004_R1_trim.fastq.gz, trimmedReads/144_Adu_S16_L003_R1_trim.fastq.gz, trimmedReads/144_Adu_S16_L004_R2_trim.fastq.gz, trimmedReads/144_Adu_S16_L003_R2_trim.fastq.gz, trimmedReads/144_Adu_S16_L002_R2_trim.fastq.gz
    wildcards: sample=144_Adu_S16
    resources: mem_mb=42612, mem_mib=40638, disk_mb=42612, disk_mib=40638, tmpdir=/tmp

java -ea -Xmx3g -Xms3g -cp /research/labs/neurology/fryer/m214960/tools/miniconda3/envs/aducanumab/opt/bbmap-39.01-1/current/ jgi.BBDuk -Xmx3g in1=/research/labs/neurology/fryer/projects/aducanumab/mouse/bulkRNA/144_Adu_S16_L001_R1_001.fastq.gz in2=/research/labs/neurology/fryer/projects/aducanumab/mouse/bulkRNA/144_Adu_S16_L001_R2_001.fastq.gz out1=trimmedReads/144_Adu_S16_L001_R1_trim.fastq.gz out2=trimmedReads/144_Adu_S16_L001_R2_trim.fastq.gz ref=refs/adapters.fa ktrim=r k=23 mink=11 hdist=1 tpe tbo threads=20 trimpolyg=1 trimpolya=1
Executing jgi.BBDuk [-Xmx3g, in1=/research/labs/neurology/fryer/projects/aducanumab/mouse/bulkRNA/144_Adu_S16_L001_R1_001.fastq.gz, in2=/research/labs/neurology/fryer/projects/aducanumab/mouse/bulkRNA/144_Adu_S16_L001_R2_001.fastq.gz, out1=trimmedReads/144_Adu_S16_L001_R1_trim.fastq.gz, out2=trimmedReads/144_Adu_S16_L001_R2_trim.fastq.gz, ref=refs/adapters.fa, ktrim=r, k=23, mink=11, hdist=1, tpe, tbo, threads=20, trimpolyg=1, trimpolya=1]
Version 39.01

Set threads to 20
maskMiddle was disabled because useShortKmers=true
0.017 seconds.
Initial:
Memory: max=3221m, total=3221m, free=3191m, used=30m

Added 3614 kmers; time: 	0.023 seconds.
Memory: max=3221m, total=3221m, free=3182m, used=39m

Input is being processed as paired
Started output streams:	0.172 seconds.
[W::bgzf_read_block] EOF marker is absent. The input may be truncated
[W::bgzf_read_block] EOF marker is absent. The input may be truncated
Processing time:   		113.167 seconds.

Input:                  	97893064 reads 		9887199464 bases.
Polymer-trimmed:        	145181278 reads (148.31%) 	271290323 bases (2.74%)
KTrimmed:               	3414080 reads (3.49%) 	111736312 bases (1.13%)
Trimmed by overlap:     	2515944 reads (2.57%) 	12972542 bases (0.13%)
Total Removed:          	229432 reads (0.23%) 	395999177 bases (4.01%)
Result:                 	97663632 reads (99.77%) 	9491200287 bases (95.99%)

Time:                         	113.364 seconds.
Reads Processed:      97893k 	863.53k reads/sec
Bases Processed:       9887m 	87.22m bases/sec
java -ea -Xmx3g -Xms3g -cp /research/labs/neurology/fryer/m214960/tools/miniconda3/envs/aducanumab/opt/bbmap-39.01-1/current/ jgi.BBDuk -Xmx3g in1=/research/labs/neurology/fryer/projects/aducanumab/mouse/bulkRNA/144_Adu_S16_L002_R1_001.fastq.gz in2=/research/labs/neurology/fryer/projects/aducanumab/mouse/bulkRNA/144_Adu_S16_L002_R2_001.fastq.gz out1=trimmedReads/144_Adu_S16_L002_R1_trim.fastq.gz out2=trimmedReads/144_Adu_S16_L002_R2_trim.fastq.gz ref=refs/adapters.fa ktrim=r k=23 mink=11 hdist=1 tpe tbo threads=20 trimpolyg=1 trimpolya=1
Executing jgi.BBDuk [-Xmx3g, in1=/research/labs/neurology/fryer/projects/aducanumab/mouse/bulkRNA/144_Adu_S16_L002_R1_001.fastq.gz, in2=/research/labs/neurology/fryer/projects/aducanumab/mouse/bulkRNA/144_Adu_S16_L002_R2_001.fastq.gz, out1=trimmedReads/144_Adu_S16_L002_R1_trim.fastq.gz, out2=trimmedReads/144_Adu_S16_L002_R2_trim.fastq.gz, ref=refs/adapters.fa, ktrim=r, k=23, mink=11, hdist=1, tpe, tbo, threads=20, trimpolyg=1, trimpolya=1]
Version 39.01

Set threads to 20
maskMiddle was disabled because useShortKmers=true
0.018 seconds.
Initial:
Memory: max=3221m, total=3221m, free=3191m, used=30m

Added 3614 kmers; time: 	0.016 seconds.
Memory: max=3221m, total=3221m, free=3182m, used=39m

Input is being processed as paired
Started output streams:	0.140 seconds.
[W::bgzf_read_block] EOF marker is absent. The input may be truncated
[W::bgzf_read_block] EOF marker is absent. The input may be truncated
Processing time:   		110.922 seconds.

Input:                  	98139014 reads 		9912040414 bases.
Polymer-trimmed:        	145810373 reads (148.58%) 	272793083 bases (2.75%)
KTrimmed:               	3372536 reads (3.44%) 	110380092 bases (1.11%)
Trimmed by overlap:     	2489358 reads (2.54%) 	12837116 bases (0.13%)
Total Removed:          	230104 reads (0.23%) 	396010291 bases (4.00%)
Result:                 	97908910 reads (99.77%) 	9516030123 bases (96.00%)

Time:                         	111.081 seconds.
Reads Processed:      98139k 	883.49k reads/sec
Bases Processed:       9912m 	89.23m bases/sec
java -ea -Xmx3g -Xms3g -cp /research/labs/neurology/fryer/m214960/tools/miniconda3/envs/aducanumab/opt/bbmap-39.01-1/current/ jgi.BBDuk -Xmx3g in1=/research/labs/neurology/fryer/projects/aducanumab/mouse/bulkRNA/144_Adu_S16_L003_R1_001.fastq.gz in2=/research/labs/neurology/fryer/projects/aducanumab/mouse/bulkRNA/144_Adu_S16_L003_R2_001.fastq.gz out1=trimmedReads/144_Adu_S16_L003_R1_trim.fastq.gz out2=trimmedReads/144_Adu_S16_L003_R2_trim.fastq.gz ref=refs/adapters.fa ktrim=r k=23 mink=11 hdist=1 tpe tbo threads=20 trimpolyg=1 trimpolya=1
Executing jgi.BBDuk [-Xmx3g, in1=/research/labs/neurology/fryer/projects/aducanumab/mouse/bulkRNA/144_Adu_S16_L003_R1_001.fastq.gz, in2=/research/labs/neurology/fryer/projects/aducanumab/mouse/bulkRNA/144_Adu_S16_L003_R2_001.fastq.gz, out1=trimmedReads/144_Adu_S16_L003_R1_trim.fastq.gz, out2=trimmedReads/144_Adu_S16_L003_R2_trim.fastq.gz, ref=refs/adapters.fa, ktrim=r, k=23, mink=11, hdist=1, tpe, tbo, threads=20, trimpolyg=1, trimpolya=1]
Version 39.01

Set threads to 20
maskMiddle was disabled because useShortKmers=true
0.018 seconds.
Initial:
Memory: max=3221m, total=3221m, free=3191m, used=30m

Added 3614 kmers; time: 	0.028 seconds.
Memory: max=3221m, total=3221m, free=3183m, used=38m

Input is being processed as paired
Started output streams:	0.161 seconds.
[W::bgzf_read_block] [W::bgzf_read_block] EOF marker is absent. The input may be truncatedEOF marker is absent. The input may be truncated

Processing time:   		103.059 seconds.

Input:                  	98425518 reads 		9940977318 bases.
Polymer-trimmed:        	146540195 reads (148.88%) 	274705753 bases (2.76%)
KTrimmed:               	3373020 reads (3.43%) 	110395286 bases (1.11%)
Trimmed by overlap:     	2492488 reads (2.53%) 	12846492 bases (0.13%)
Total Removed:          	236502 reads (0.24%) 	397947531 bases (4.00%)
Result:                 	98189016 reads (99.76%) 	9543029787 bases (96.00%)

Time:                         	103.249 seconds.
Reads Processed:      98425k 	953.29k reads/sec
Bases Processed:       9940m 	96.28m bases/sec
java -ea -Xmx3g -Xms3g -cp /research/labs/neurology/fryer/m214960/tools/miniconda3/envs/aducanumab/opt/bbmap-39.01-1/current/ jgi.BBDuk -Xmx3g in1=/research/labs/neurology/fryer/projects/aducanumab/mouse/bulkRNA/144_Adu_S16_L004_R1_001.fastq.gz in2=/research/labs/neurology/fryer/projects/aducanumab/mouse/bulkRNA/144_Adu_S16_L004_R2_001.fastq.gz out1=trimmedReads/144_Adu_S16_L004_R1_trim.fastq.gz out2=trimmedReads/144_Adu_S16_L004_R2_trim.fastq.gz ref=refs/adapters.fa ktrim=r k=23 mink=11 hdist=1 tpe tbo threads=20 trimpolyg=1 trimpolya=1
Executing jgi.BBDuk [-Xmx3g, in1=/research/labs/neurology/fryer/projects/aducanumab/mouse/bulkRNA/144_Adu_S16_L004_R1_001.fastq.gz, in2=/research/labs/neurology/fryer/projects/aducanumab/mouse/bulkRNA/144_Adu_S16_L004_R2_001.fastq.gz, out1=trimmedReads/144_Adu_S16_L004_R1_trim.fastq.gz, out2=trimmedReads/144_Adu_S16_L004_R2_trim.fastq.gz, ref=refs/adapters.fa, ktrim=r, k=23, mink=11, hdist=1, tpe, tbo, threads=20, trimpolyg=1, trimpolya=1]
Version 39.01

Set threads to 20
maskMiddle was disabled because useShortKmers=true
0.017 seconds.
Initial:
Memory: max=3221m, total=3221m, free=3191m, used=30m

Added 3614 kmers; time: 	0.025 seconds.
Memory: max=3221m, total=3221m, free=3183m, used=38m

Input is being processed as paired
Started output streams:	0.116 seconds.
[W::bgzf_read_block] EOF marker is absent. The input may be truncated
[W::bgzf_read_block] EOF marker is absent. The input may be truncated
Processing time:   		105.771 seconds.

Input:                  	98348694 reads 		9933218094 bases.
Polymer-trimmed:        	146455731 reads (148.91%) 	274539494 bases (2.76%)
KTrimmed:               	3362146 reads (3.42%) 	109920724 bases (1.11%)
Trimmed by overlap:     	2490790 reads (2.53%) 	12833544 bases (0.13%)
Total Removed:          	232500 reads (0.24%) 	397293762 bases (4.00%)
Result:                 	98116194 reads (99.76%) 	9535924332 bases (96.00%)

Time:                         	105.914 seconds.
Reads Processed:      98348k 	928.57k reads/sec
Bases Processed:       9933m 	93.79m bases/sec
[Tue Oct  3 14:23:45 2023]
Finished job 0.
1 of 1 steps (100%) done
