Building DAG of jobs...
Using shell: /usr/bin/bash
Provided cores: 20
Rules claiming more threads will be scaled down.
Provided resources: mem_mb=37636, mem_mib=35893, disk_mb=37636, disk_mib=35893
Select jobs to execute...

[Tue Oct  3 13:56:24 2023]
rule trim_bbduk:
    input: /research/labs/neurology/fryer/projects/aducanumab/mouse/bulkRNA/953_Adu_S51_L001_R1_001.fastq.gz, /research/labs/neurology/fryer/projects/aducanumab/mouse/bulkRNA/953_Adu_S51_L001_R2_001.fastq.gz, /research/labs/neurology/fryer/projects/aducanumab/mouse/bulkRNA/953_Adu_S51_L002_R1_001.fastq.gz, /research/labs/neurology/fryer/projects/aducanumab/mouse/bulkRNA/953_Adu_S51_L002_R2_001.fastq.gz, /research/labs/neurology/fryer/projects/aducanumab/mouse/bulkRNA/953_Adu_S51_L003_R1_001.fastq.gz, /research/labs/neurology/fryer/projects/aducanumab/mouse/bulkRNA/953_Adu_S51_L003_R2_001.fastq.gz, /research/labs/neurology/fryer/projects/aducanumab/mouse/bulkRNA/953_Adu_S51_L004_R1_001.fastq.gz, /research/labs/neurology/fryer/projects/aducanumab/mouse/bulkRNA/953_Adu_S51_L004_R2_001.fastq.gz
    output: trimmedReads/953_Adu_S51_L001_R1_trim.fastq.gz, trimmedReads/953_Adu_S51_L001_R2_trim.fastq.gz, trimmedReads/953_Adu_S51_L002_R1_trim.fastq.gz, trimmedReads/953_Adu_S51_L002_R2_trim.fastq.gz, trimmedReads/953_Adu_S51_L003_R1_trim.fastq.gz, trimmedReads/953_Adu_S51_L003_R2_trim.fastq.gz, trimmedReads/953_Adu_S51_L004_R1_trim.fastq.gz, trimmedReads/953_Adu_S51_L004_R2_trim.fastq.gz
    jobid: 0
    reason: Missing output files: trimmedReads/953_Adu_S51_L004_R1_trim.fastq.gz, trimmedReads/953_Adu_S51_L002_R1_trim.fastq.gz, trimmedReads/953_Adu_S51_L002_R2_trim.fastq.gz, trimmedReads/953_Adu_S51_L001_R1_trim.fastq.gz, trimmedReads/953_Adu_S51_L003_R1_trim.fastq.gz, trimmedReads/953_Adu_S51_L001_R2_trim.fastq.gz, trimmedReads/953_Adu_S51_L003_R2_trim.fastq.gz, trimmedReads/953_Adu_S51_L004_R2_trim.fastq.gz
    wildcards: sample=953_Adu_S51
    resources: mem_mb=37636, mem_mib=35893, disk_mb=37636, disk_mib=35893, tmpdir=/tmp

java -ea -Xmx3g -Xms3g -cp /research/labs/neurology/fryer/m214960/tools/miniconda3/envs/aducanumab/opt/bbmap-39.01-1/current/ jgi.BBDuk -Xmx3g in1=/research/labs/neurology/fryer/projects/aducanumab/mouse/bulkRNA/953_Adu_S51_L001_R1_001.fastq.gz in2=/research/labs/neurology/fryer/projects/aducanumab/mouse/bulkRNA/953_Adu_S51_L001_R2_001.fastq.gz out1=trimmedReads/953_Adu_S51_L001_R1_trim.fastq.gz out2=trimmedReads/953_Adu_S51_L001_R2_trim.fastq.gz ref=refs/adapters.fa ktrim=r k=23 mink=11 hdist=1 tpe tbo threads=20 trimpolyg=1 trimpolya=1
Executing jgi.BBDuk [-Xmx3g, in1=/research/labs/neurology/fryer/projects/aducanumab/mouse/bulkRNA/953_Adu_S51_L001_R1_001.fastq.gz, in2=/research/labs/neurology/fryer/projects/aducanumab/mouse/bulkRNA/953_Adu_S51_L001_R2_001.fastq.gz, out1=trimmedReads/953_Adu_S51_L001_R1_trim.fastq.gz, out2=trimmedReads/953_Adu_S51_L001_R2_trim.fastq.gz, ref=refs/adapters.fa, ktrim=r, k=23, mink=11, hdist=1, tpe, tbo, threads=20, trimpolyg=1, trimpolya=1]
Version 39.01

Set threads to 20
maskMiddle was disabled because useShortKmers=true
0.026 seconds.
Initial:
Memory: max=3221m, total=3221m, free=3191m, used=30m

Added 3614 kmers; time: 	0.027 seconds.
Memory: max=3221m, total=3221m, free=3182m, used=39m

Input is being processed as paired
Started output streams:	0.412 seconds.
[W::bgzf_read_block] EOF marker is absent. The input may be truncated
[W::bgzf_read_block] EOF marker is absent. The input may be truncated
Processing time:   		199.532 seconds.

Input:                  	87042322 reads 		8791274522 bases.
Polymer-trimmed:        	130678229 reads (150.13%) 	242833439 bases (2.76%)
KTrimmed:               	2718422 reads (3.12%) 	95333828 bases (1.08%)
Trimmed by overlap:     	1951780 reads (2.24%) 	9971476 bases (0.11%)
Total Removed:          	197676 reads (0.23%) 	348138743 bases (3.96%)
Result:                 	86844646 reads (99.77%) 	8443135779 bases (96.04%)

Time:                         	199.972 seconds.
Reads Processed:      87042k 	435.27k reads/sec
Bases Processed:       8791m 	43.96m bases/sec
java -ea -Xmx3g -Xms3g -cp /research/labs/neurology/fryer/m214960/tools/miniconda3/envs/aducanumab/opt/bbmap-39.01-1/current/ jgi.BBDuk -Xmx3g in1=/research/labs/neurology/fryer/projects/aducanumab/mouse/bulkRNA/953_Adu_S51_L002_R1_001.fastq.gz in2=/research/labs/neurology/fryer/projects/aducanumab/mouse/bulkRNA/953_Adu_S51_L002_R2_001.fastq.gz out1=trimmedReads/953_Adu_S51_L002_R1_trim.fastq.gz out2=trimmedReads/953_Adu_S51_L002_R2_trim.fastq.gz ref=refs/adapters.fa ktrim=r k=23 mink=11 hdist=1 tpe tbo threads=20 trimpolyg=1 trimpolya=1
Executing jgi.BBDuk [-Xmx3g, in1=/research/labs/neurology/fryer/projects/aducanumab/mouse/bulkRNA/953_Adu_S51_L002_R1_001.fastq.gz, in2=/research/labs/neurology/fryer/projects/aducanumab/mouse/bulkRNA/953_Adu_S51_L002_R2_001.fastq.gz, out1=trimmedReads/953_Adu_S51_L002_R1_trim.fastq.gz, out2=trimmedReads/953_Adu_S51_L002_R2_trim.fastq.gz, ref=refs/adapters.fa, ktrim=r, k=23, mink=11, hdist=1, tpe, tbo, threads=20, trimpolyg=1, trimpolya=1]
Version 39.01

Set threads to 20
maskMiddle was disabled because useShortKmers=true
0.019 seconds.
Initial:
Memory: max=3221m, total=3221m, free=3191m, used=30m

Added 3614 kmers; time: 	0.027 seconds.
Memory: max=3221m, total=3221m, free=3182m, used=39m

Input is being processed as paired
Started output streams:	0.355 seconds.
[W::bgzf_read_block] [W::bgzf_read_block] EOF marker is absent. The input may be truncatedEOF marker is absent. The input may be truncated

Processing time:   		128.490 seconds.

Input:                  	87194992 reads 		8806694192 bases.
Polymer-trimmed:        	130797149 reads (150.01%) 	243281182 bases (2.76%)
KTrimmed:               	2678584 reads (3.07%) 	93870642 bases (1.07%)
Trimmed by overlap:     	1926918 reads (2.21%) 	9844142 bases (0.11%)
Total Removed:          	197722 reads (0.23%) 	346995966 bases (3.94%)
Result:                 	86997270 reads (99.77%) 	8459698226 bases (96.06%)

Time:                         	128.874 seconds.
Reads Processed:      87194k 	676.59k reads/sec
Bases Processed:       8806m 	68.34m bases/sec
java -ea -Xmx3g -Xms3g -cp /research/labs/neurology/fryer/m214960/tools/miniconda3/envs/aducanumab/opt/bbmap-39.01-1/current/ jgi.BBDuk -Xmx3g in1=/research/labs/neurology/fryer/projects/aducanumab/mouse/bulkRNA/953_Adu_S51_L003_R1_001.fastq.gz in2=/research/labs/neurology/fryer/projects/aducanumab/mouse/bulkRNA/953_Adu_S51_L003_R2_001.fastq.gz out1=trimmedReads/953_Adu_S51_L003_R1_trim.fastq.gz out2=trimmedReads/953_Adu_S51_L003_R2_trim.fastq.gz ref=refs/adapters.fa ktrim=r k=23 mink=11 hdist=1 tpe tbo threads=20 trimpolyg=1 trimpolya=1
Executing jgi.BBDuk [-Xmx3g, in1=/research/labs/neurology/fryer/projects/aducanumab/mouse/bulkRNA/953_Adu_S51_L003_R1_001.fastq.gz, in2=/research/labs/neurology/fryer/projects/aducanumab/mouse/bulkRNA/953_Adu_S51_L003_R2_001.fastq.gz, out1=trimmedReads/953_Adu_S51_L003_R1_trim.fastq.gz, out2=trimmedReads/953_Adu_S51_L003_R2_trim.fastq.gz, ref=refs/adapters.fa, ktrim=r, k=23, mink=11, hdist=1, tpe, tbo, threads=20, trimpolyg=1, trimpolya=1]
Version 39.01

Set threads to 20
maskMiddle was disabled because useShortKmers=true
0.019 seconds.
Initial:
Memory: max=3221m, total=3221m, free=3191m, used=30m

Added 3614 kmers; time: 	0.021 seconds.
Memory: max=3221m, total=3221m, free=3182m, used=39m

Input is being processed as paired
Started output streams:	0.196 seconds.
[W::bgzf_read_block] EOF marker is absent. The input may be truncated
[W::bgzf_read_block] EOF marker is absent. The input may be truncated
Processing time:   		104.039 seconds.

Input:                  	87108982 reads 		8798007182 bases.
Polymer-trimmed:        	131027585 reads (150.42%) 	244119492 bases (2.77%)
KTrimmed:               	2673862 reads (3.07%) 	93746528 bases (1.07%)
Trimmed by overlap:     	1922290 reads (2.21%) 	9828412 bases (0.11%)
Total Removed:          	201950 reads (0.23%) 	347694432 bases (3.95%)
Result:                 	86907032 reads (99.77%) 	8450312750 bases (96.05%)

Time:                         	104.257 seconds.
Reads Processed:      87108k 	835.52k reads/sec
Bases Processed:       8798m 	84.39m bases/sec
java -ea -Xmx3g -Xms3g -cp /research/labs/neurology/fryer/m214960/tools/miniconda3/envs/aducanumab/opt/bbmap-39.01-1/current/ jgi.BBDuk -Xmx3g in1=/research/labs/neurology/fryer/projects/aducanumab/mouse/bulkRNA/953_Adu_S51_L004_R1_001.fastq.gz in2=/research/labs/neurology/fryer/projects/aducanumab/mouse/bulkRNA/953_Adu_S51_L004_R2_001.fastq.gz out1=trimmedReads/953_Adu_S51_L004_R1_trim.fastq.gz out2=trimmedReads/953_Adu_S51_L004_R2_trim.fastq.gz ref=refs/adapters.fa ktrim=r k=23 mink=11 hdist=1 tpe tbo threads=20 trimpolyg=1 trimpolya=1
Executing jgi.BBDuk [-Xmx3g, in1=/research/labs/neurology/fryer/projects/aducanumab/mouse/bulkRNA/953_Adu_S51_L004_R1_001.fastq.gz, in2=/research/labs/neurology/fryer/projects/aducanumab/mouse/bulkRNA/953_Adu_S51_L004_R2_001.fastq.gz, out1=trimmedReads/953_Adu_S51_L004_R1_trim.fastq.gz, out2=trimmedReads/953_Adu_S51_L004_R2_trim.fastq.gz, ref=refs/adapters.fa, ktrim=r, k=23, mink=11, hdist=1, tpe, tbo, threads=20, trimpolyg=1, trimpolya=1]
Version 39.01

Set threads to 20
maskMiddle was disabled because useShortKmers=true
0.018 seconds.
Initial:
Memory: max=3221m, total=3221m, free=3191m, used=30m

Added 3614 kmers; time: 	0.017 seconds.
Memory: max=3221m, total=3221m, free=3183m, used=38m

Input is being processed as paired
Started output streams:	0.195 seconds.
[W::bgzf_read_block] EOF marker is absent. The input may be truncated
[W::bgzf_read_block] EOF marker is absent. The input may be truncated
Processing time:   		94.651 seconds.

Input:                  	87268852 reads 		8814154052 bases.
Polymer-trimmed:        	131195403 reads (150.33%) 	244401900 bases (2.77%)
KTrimmed:               	2665168 reads (3.05%) 	93480236 bases (1.06%)
Trimmed by overlap:     	1925826 reads (2.21%) 	9848996 bases (0.11%)
Total Removed:          	201860 reads (0.23%) 	347731132 bases (3.95%)
Result:                 	87066992 reads (99.77%) 	8466422920 bases (96.05%)

Time:                         	94.865 seconds.
Reads Processed:      87268k 	919.93k reads/sec
Bases Processed:       8814m 	92.91m bases/sec
[Tue Oct  3 14:05:14 2023]
Finished job 0.
1 of 1 steps (100%) done
