Building DAG of jobs...
Using shell: /usr/bin/bash
Provided cores: 20
Rules claiming more threads will be scaled down.
Provided resources: mem_mb=38185, mem_mib=36417, disk_mb=38185, disk_mib=36417
Select jobs to execute...

[Tue Oct  3 13:22:30 2023]
rule trim_bbduk:
    input: /research/labs/neurology/fryer/projects/aducanumab/mouse/bulkRNA/736_Adu_S59_L001_R1_001.fastq.gz, /research/labs/neurology/fryer/projects/aducanumab/mouse/bulkRNA/736_Adu_S59_L001_R2_001.fastq.gz, /research/labs/neurology/fryer/projects/aducanumab/mouse/bulkRNA/736_Adu_S59_L002_R1_001.fastq.gz, /research/labs/neurology/fryer/projects/aducanumab/mouse/bulkRNA/736_Adu_S59_L002_R2_001.fastq.gz, /research/labs/neurology/fryer/projects/aducanumab/mouse/bulkRNA/736_Adu_S59_L003_R1_001.fastq.gz, /research/labs/neurology/fryer/projects/aducanumab/mouse/bulkRNA/736_Adu_S59_L003_R2_001.fastq.gz, /research/labs/neurology/fryer/projects/aducanumab/mouse/bulkRNA/736_Adu_S59_L004_R1_001.fastq.gz, /research/labs/neurology/fryer/projects/aducanumab/mouse/bulkRNA/736_Adu_S59_L004_R2_001.fastq.gz
    output: trimmedReads/736_Adu_S59_L001_R1_trim.fastq.gz, trimmedReads/736_Adu_S59_L001_R2_trim.fastq.gz, trimmedReads/736_Adu_S59_L002_R1_trim.fastq.gz, trimmedReads/736_Adu_S59_L002_R2_trim.fastq.gz, trimmedReads/736_Adu_S59_L003_R1_trim.fastq.gz, trimmedReads/736_Adu_S59_L003_R2_trim.fastq.gz, trimmedReads/736_Adu_S59_L004_R1_trim.fastq.gz, trimmedReads/736_Adu_S59_L004_R2_trim.fastq.gz
    jobid: 0
    reason: Missing output files: trimmedReads/736_Adu_S59_L004_R2_trim.fastq.gz, trimmedReads/736_Adu_S59_L004_R1_trim.fastq.gz, trimmedReads/736_Adu_S59_L001_R1_trim.fastq.gz, trimmedReads/736_Adu_S59_L001_R2_trim.fastq.gz, trimmedReads/736_Adu_S59_L002_R1_trim.fastq.gz, trimmedReads/736_Adu_S59_L002_R2_trim.fastq.gz, trimmedReads/736_Adu_S59_L003_R2_trim.fastq.gz, trimmedReads/736_Adu_S59_L003_R1_trim.fastq.gz
    wildcards: sample=736_Adu_S59
    resources: mem_mb=38185, mem_mib=36417, disk_mb=38185, disk_mib=36417, tmpdir=/tmp

java -ea -Xmx3g -Xms3g -cp /research/labs/neurology/fryer/m214960/tools/miniconda3/envs/aducanumab/opt/bbmap-39.01-1/current/ jgi.BBDuk -Xmx3g in1=/research/labs/neurology/fryer/projects/aducanumab/mouse/bulkRNA/736_Adu_S59_L001_R1_001.fastq.gz in2=/research/labs/neurology/fryer/projects/aducanumab/mouse/bulkRNA/736_Adu_S59_L001_R2_001.fastq.gz out1=trimmedReads/736_Adu_S59_L001_R1_trim.fastq.gz out2=trimmedReads/736_Adu_S59_L001_R2_trim.fastq.gz ref=refs/adapters.fa ktrim=r k=23 mink=11 hdist=1 tpe tbo threads=20 trimpolyg=1 trimpolya=1
Executing jgi.BBDuk [-Xmx3g, in1=/research/labs/neurology/fryer/projects/aducanumab/mouse/bulkRNA/736_Adu_S59_L001_R1_001.fastq.gz, in2=/research/labs/neurology/fryer/projects/aducanumab/mouse/bulkRNA/736_Adu_S59_L001_R2_001.fastq.gz, out1=trimmedReads/736_Adu_S59_L001_R1_trim.fastq.gz, out2=trimmedReads/736_Adu_S59_L001_R2_trim.fastq.gz, ref=refs/adapters.fa, ktrim=r, k=23, mink=11, hdist=1, tpe, tbo, threads=20, trimpolyg=1, trimpolya=1]
Version 39.01

Set threads to 20
maskMiddle was disabled because useShortKmers=true
0.019 seconds.
Initial:
Memory: max=3221m, total=3221m, free=3191m, used=30m

Added 3614 kmers; time: 	0.018 seconds.
Memory: max=3221m, total=3221m, free=3182m, used=39m

Input is being processed as paired
Started output streams:	0.073 seconds.
[W::bgzf_read_block] [W::bgzf_read_block] EOF marker is absent. The input may be truncatedEOF marker is absent. The input may be truncated

Processing time:   		94.235 seconds.

Input:                  	89616058 reads 		9051221858 bases.
Polymer-trimmed:        	136678476 reads (152.52%) 	254221931 bases (2.81%)
KTrimmed:               	2723064 reads (3.04%) 	92672612 bases (1.02%)
Trimmed by overlap:     	1969216 reads (2.20%) 	10106398 bases (0.11%)
Total Removed:          	180056 reads (0.20%) 	357000941 bases (3.94%)
Result:                 	89436002 reads (99.80%) 	8694220917 bases (96.06%)

Time:                         	94.328 seconds.
Reads Processed:      89616k 	950.05k reads/sec
Bases Processed:       9051m 	95.95m bases/sec
java -ea -Xmx3g -Xms3g -cp /research/labs/neurology/fryer/m214960/tools/miniconda3/envs/aducanumab/opt/bbmap-39.01-1/current/ jgi.BBDuk -Xmx3g in1=/research/labs/neurology/fryer/projects/aducanumab/mouse/bulkRNA/736_Adu_S59_L002_R1_001.fastq.gz in2=/research/labs/neurology/fryer/projects/aducanumab/mouse/bulkRNA/736_Adu_S59_L002_R2_001.fastq.gz out1=trimmedReads/736_Adu_S59_L002_R1_trim.fastq.gz out2=trimmedReads/736_Adu_S59_L002_R2_trim.fastq.gz ref=refs/adapters.fa ktrim=r k=23 mink=11 hdist=1 tpe tbo threads=20 trimpolyg=1 trimpolya=1
Executing jgi.BBDuk [-Xmx3g, in1=/research/labs/neurology/fryer/projects/aducanumab/mouse/bulkRNA/736_Adu_S59_L002_R1_001.fastq.gz, in2=/research/labs/neurology/fryer/projects/aducanumab/mouse/bulkRNA/736_Adu_S59_L002_R2_001.fastq.gz, out1=trimmedReads/736_Adu_S59_L002_R1_trim.fastq.gz, out2=trimmedReads/736_Adu_S59_L002_R2_trim.fastq.gz, ref=refs/adapters.fa, ktrim=r, k=23, mink=11, hdist=1, tpe, tbo, threads=20, trimpolyg=1, trimpolya=1]
Version 39.01

Set threads to 20
maskMiddle was disabled because useShortKmers=true
0.020 seconds.
Initial:
Memory: max=3221m, total=3221m, free=3191m, used=30m

Added 3614 kmers; time: 	0.026 seconds.
Memory: max=3221m, total=3221m, free=3182m, used=39m

Input is being processed as paired
Started output streams:	0.103 seconds.
[W::bgzf_read_block] EOF marker is absent. The input may be truncated
[W::bgzf_read_block] EOF marker is absent. The input may be truncated
Processing time:   		94.426 seconds.

Input:                  	89397718 reads 		9029169518 bases.
Polymer-trimmed:        	136218403 reads (152.37%) 	253420045 bases (2.81%)
KTrimmed:               	2679540 reads (3.00%) 	91157568 bases (1.01%)
Trimmed by overlap:     	1938504 reads (2.17%) 	9952196 bases (0.11%)
Total Removed:          	180152 reads (0.20%) 	354529809 bases (3.93%)
Result:                 	89217566 reads (99.80%) 	8674639709 bases (96.07%)

Time:                         	94.556 seconds.
Reads Processed:      89397k 	945.44k reads/sec
Bases Processed:       9029m 	95.49m bases/sec
java -ea -Xmx3g -Xms3g -cp /research/labs/neurology/fryer/m214960/tools/miniconda3/envs/aducanumab/opt/bbmap-39.01-1/current/ jgi.BBDuk -Xmx3g in1=/research/labs/neurology/fryer/projects/aducanumab/mouse/bulkRNA/736_Adu_S59_L003_R1_001.fastq.gz in2=/research/labs/neurology/fryer/projects/aducanumab/mouse/bulkRNA/736_Adu_S59_L003_R2_001.fastq.gz out1=trimmedReads/736_Adu_S59_L003_R1_trim.fastq.gz out2=trimmedReads/736_Adu_S59_L003_R2_trim.fastq.gz ref=refs/adapters.fa ktrim=r k=23 mink=11 hdist=1 tpe tbo threads=20 trimpolyg=1 trimpolya=1
Executing jgi.BBDuk [-Xmx3g, in1=/research/labs/neurology/fryer/projects/aducanumab/mouse/bulkRNA/736_Adu_S59_L003_R1_001.fastq.gz, in2=/research/labs/neurology/fryer/projects/aducanumab/mouse/bulkRNA/736_Adu_S59_L003_R2_001.fastq.gz, out1=trimmedReads/736_Adu_S59_L003_R1_trim.fastq.gz, out2=trimmedReads/736_Adu_S59_L003_R2_trim.fastq.gz, ref=refs/adapters.fa, ktrim=r, k=23, mink=11, hdist=1, tpe, tbo, threads=20, trimpolyg=1, trimpolya=1]
Version 39.01

Set threads to 20
maskMiddle was disabled because useShortKmers=true
0.044 seconds.
Initial:
Memory: max=3221m, total=3221m, free=3191m, used=30m

Added 3614 kmers; time: 	0.037 seconds.
Memory: max=3221m, total=3221m, free=3183m, used=38m

Input is being processed as paired
Started output streams:	0.161 seconds.
[W::bgzf_read_block] EOF marker is absent. The input may be truncated
[W::bgzf_read_block] EOF marker is absent. The input may be truncated
Processing time:   		277.419 seconds.

Input:                  	89122670 reads 		9001389670 bases.
Polymer-trimmed:        	136087625 reads (152.70%) 	253603076 bases (2.82%)
KTrimmed:               	2664016 reads (2.99%) 	90660216 bases (1.01%)
Trimmed by overlap:     	1932140 reads (2.17%) 	9928370 bases (0.11%)
Total Removed:          	182918 reads (0.21%) 	354191662 bases (3.93%)
Result:                 	88939752 reads (99.79%) 	8647198008 bases (96.07%)

Time:                         	277.619 seconds.
Reads Processed:      89122k 	321.03k reads/sec
Bases Processed:       9001m 	32.42m bases/sec
java -ea -Xmx3g -Xms3g -cp /research/labs/neurology/fryer/m214960/tools/miniconda3/envs/aducanumab/opt/bbmap-39.01-1/current/ jgi.BBDuk -Xmx3g in1=/research/labs/neurology/fryer/projects/aducanumab/mouse/bulkRNA/736_Adu_S59_L004_R1_001.fastq.gz in2=/research/labs/neurology/fryer/projects/aducanumab/mouse/bulkRNA/736_Adu_S59_L004_R2_001.fastq.gz out1=trimmedReads/736_Adu_S59_L004_R1_trim.fastq.gz out2=trimmedReads/736_Adu_S59_L004_R2_trim.fastq.gz ref=refs/adapters.fa ktrim=r k=23 mink=11 hdist=1 tpe tbo threads=20 trimpolyg=1 trimpolya=1
Executing jgi.BBDuk [-Xmx3g, in1=/research/labs/neurology/fryer/projects/aducanumab/mouse/bulkRNA/736_Adu_S59_L004_R1_001.fastq.gz, in2=/research/labs/neurology/fryer/projects/aducanumab/mouse/bulkRNA/736_Adu_S59_L004_R2_001.fastq.gz, out1=trimmedReads/736_Adu_S59_L004_R1_trim.fastq.gz, out2=trimmedReads/736_Adu_S59_L004_R2_trim.fastq.gz, ref=refs/adapters.fa, ktrim=r, k=23, mink=11, hdist=1, tpe, tbo, threads=20, trimpolyg=1, trimpolya=1]
Version 39.01

Set threads to 20
maskMiddle was disabled because useShortKmers=true
0.128 seconds.
Initial:
Memory: max=3221m, total=3221m, free=3191m, used=30m

Added 3614 kmers; time: 	0.061 seconds.
Memory: max=3221m, total=3221m, free=3181m, used=40m

Input is being processed as paired
Started output streams:	0.179 seconds.
[W::bgzf_read_block] EOF marker is absent. The input may be truncated
[W::bgzf_read_block] EOF marker is absent. The input may be truncated
Processing time:   		244.529 seconds.

Input:                  	89302546 reads 		9019557146 bases.
Polymer-trimmed:        	136347914 reads (152.68%) 	253956435 bases (2.82%)
KTrimmed:               	2663064 reads (2.98%) 	90508692 bases (1.00%)
Trimmed by overlap:     	1933328 reads (2.16%) 	9919520 bases (0.11%)
Total Removed:          	180714 reads (0.20%) 	354384647 bases (3.93%)
Result:                 	89121832 reads (99.80%) 	8665172499 bases (96.07%)

Time:                         	244.771 seconds.
Reads Processed:      89302k 	364.84k reads/sec
Bases Processed:       9019m 	36.85m bases/sec
[Tue Oct  3 13:34:23 2023]
Finished job 0.
1 of 1 steps (100%) done
