Building DAG of jobs...
Using shell: /usr/bin/bash
Provided cores: 20
Rules claiming more threads will be scaled down.
Provided resources: mem_mb=37342, mem_mib=35613, disk_mb=37342, disk_mib=35613
Select jobs to execute...

[Tue Oct  3 13:16:29 2023]
rule trim_bbduk:
    input: /research/labs/neurology/fryer/projects/aducanumab/mouse/bulkRNA/825_IgG_S53_L001_R1_001.fastq.gz, /research/labs/neurology/fryer/projects/aducanumab/mouse/bulkRNA/825_IgG_S53_L001_R2_001.fastq.gz, /research/labs/neurology/fryer/projects/aducanumab/mouse/bulkRNA/825_IgG_S53_L002_R1_001.fastq.gz, /research/labs/neurology/fryer/projects/aducanumab/mouse/bulkRNA/825_IgG_S53_L002_R2_001.fastq.gz, /research/labs/neurology/fryer/projects/aducanumab/mouse/bulkRNA/825_IgG_S53_L003_R1_001.fastq.gz, /research/labs/neurology/fryer/projects/aducanumab/mouse/bulkRNA/825_IgG_S53_L003_R2_001.fastq.gz, /research/labs/neurology/fryer/projects/aducanumab/mouse/bulkRNA/825_IgG_S53_L004_R1_001.fastq.gz, /research/labs/neurology/fryer/projects/aducanumab/mouse/bulkRNA/825_IgG_S53_L004_R2_001.fastq.gz
    output: trimmedReads/825_IgG_S53_L001_R1_trim.fastq.gz, trimmedReads/825_IgG_S53_L001_R2_trim.fastq.gz, trimmedReads/825_IgG_S53_L002_R1_trim.fastq.gz, trimmedReads/825_IgG_S53_L002_R2_trim.fastq.gz, trimmedReads/825_IgG_S53_L003_R1_trim.fastq.gz, trimmedReads/825_IgG_S53_L003_R2_trim.fastq.gz, trimmedReads/825_IgG_S53_L004_R1_trim.fastq.gz, trimmedReads/825_IgG_S53_L004_R2_trim.fastq.gz
    jobid: 0
    reason: Missing output files: trimmedReads/825_IgG_S53_L003_R1_trim.fastq.gz, trimmedReads/825_IgG_S53_L001_R1_trim.fastq.gz, trimmedReads/825_IgG_S53_L001_R2_trim.fastq.gz, trimmedReads/825_IgG_S53_L002_R2_trim.fastq.gz, trimmedReads/825_IgG_S53_L004_R1_trim.fastq.gz, trimmedReads/825_IgG_S53_L004_R2_trim.fastq.gz, trimmedReads/825_IgG_S53_L002_R1_trim.fastq.gz, trimmedReads/825_IgG_S53_L003_R2_trim.fastq.gz
    wildcards: sample=825_IgG_S53
    resources: mem_mb=37342, mem_mib=35613, disk_mb=37342, disk_mib=35613, tmpdir=/tmp

java -ea -Xmx3g -Xms3g -cp /research/labs/neurology/fryer/m214960/tools/miniconda3/envs/aducanumab/opt/bbmap-39.01-1/current/ jgi.BBDuk -Xmx3g in1=/research/labs/neurology/fryer/projects/aducanumab/mouse/bulkRNA/825_IgG_S53_L001_R1_001.fastq.gz in2=/research/labs/neurology/fryer/projects/aducanumab/mouse/bulkRNA/825_IgG_S53_L001_R2_001.fastq.gz out1=trimmedReads/825_IgG_S53_L001_R1_trim.fastq.gz out2=trimmedReads/825_IgG_S53_L001_R2_trim.fastq.gz ref=refs/adapters.fa ktrim=r k=23 mink=11 hdist=1 tpe tbo threads=20 trimpolyg=1 trimpolya=1
Executing jgi.BBDuk [-Xmx3g, in1=/research/labs/neurology/fryer/projects/aducanumab/mouse/bulkRNA/825_IgG_S53_L001_R1_001.fastq.gz, in2=/research/labs/neurology/fryer/projects/aducanumab/mouse/bulkRNA/825_IgG_S53_L001_R2_001.fastq.gz, out1=trimmedReads/825_IgG_S53_L001_R1_trim.fastq.gz, out2=trimmedReads/825_IgG_S53_L001_R2_trim.fastq.gz, ref=refs/adapters.fa, ktrim=r, k=23, mink=11, hdist=1, tpe, tbo, threads=20, trimpolyg=1, trimpolya=1]
Version 39.01

Set threads to 20
maskMiddle was disabled because useShortKmers=true
0.017 seconds.
Initial:
Memory: max=3221m, total=3221m, free=3191m, used=30m

Added 3614 kmers; time: 	0.024 seconds.
Memory: max=3221m, total=3221m, free=3183m, used=38m

Input is being processed as paired
Started output streams:	0.121 seconds.
[W::bgzf_read_block] EOF marker is absent. The input may be truncated
[W::bgzf_read_block] EOF marker is absent. The input may be truncated
Processing time:   		89.473 seconds.

Input:                  	86797572 reads 		8766554772 bases.
Polymer-trimmed:        	125321274 reads (144.38%) 	227797905 bases (2.60%)
KTrimmed:               	2402374 reads (2.77%) 	87068244 bases (0.99%)
Trimmed by overlap:     	1713174 reads (1.97%) 	8719348 bases (0.10%)
Total Removed:          	213640 reads (0.25%) 	323585497 bases (3.69%)
Result:                 	86583932 reads (99.75%) 	8442969275 bases (96.31%)

Time:                         	89.618 seconds.
Reads Processed:      86797k 	968.53k reads/sec
Bases Processed:       8766m 	97.82m bases/sec
java -ea -Xmx3g -Xms3g -cp /research/labs/neurology/fryer/m214960/tools/miniconda3/envs/aducanumab/opt/bbmap-39.01-1/current/ jgi.BBDuk -Xmx3g in1=/research/labs/neurology/fryer/projects/aducanumab/mouse/bulkRNA/825_IgG_S53_L002_R1_001.fastq.gz in2=/research/labs/neurology/fryer/projects/aducanumab/mouse/bulkRNA/825_IgG_S53_L002_R2_001.fastq.gz out1=trimmedReads/825_IgG_S53_L002_R1_trim.fastq.gz out2=trimmedReads/825_IgG_S53_L002_R2_trim.fastq.gz ref=refs/adapters.fa ktrim=r k=23 mink=11 hdist=1 tpe tbo threads=20 trimpolyg=1 trimpolya=1
Executing jgi.BBDuk [-Xmx3g, in1=/research/labs/neurology/fryer/projects/aducanumab/mouse/bulkRNA/825_IgG_S53_L002_R1_001.fastq.gz, in2=/research/labs/neurology/fryer/projects/aducanumab/mouse/bulkRNA/825_IgG_S53_L002_R2_001.fastq.gz, out1=trimmedReads/825_IgG_S53_L002_R1_trim.fastq.gz, out2=trimmedReads/825_IgG_S53_L002_R2_trim.fastq.gz, ref=refs/adapters.fa, ktrim=r, k=23, mink=11, hdist=1, tpe, tbo, threads=20, trimpolyg=1, trimpolya=1]
Version 39.01

Set threads to 20
maskMiddle was disabled because useShortKmers=true
0.017 seconds.
Initial:
Memory: max=3221m, total=3221m, free=3191m, used=30m

Added 3614 kmers; time: 	0.017 seconds.
Memory: max=3221m, total=3221m, free=3183m, used=38m

Input is being processed as paired
Started output streams:	0.146 seconds.
[W::bgzf_read_block] EOF marker is absent. The input may be truncated
[W::bgzf_read_block] EOF marker is absent. The input may be truncated
Processing time:   		88.426 seconds.

Input:                  	86628648 reads 		8749493448 bases.
Polymer-trimmed:        	125273858 reads (144.61%) 	227909823 bases (2.60%)
KTrimmed:               	2360758 reads (2.73%) 	85650996 bases (0.98%)
Trimmed by overlap:     	1689614 reads (1.95%) 	8588926 bases (0.10%)
Total Removed:          	211884 reads (0.24%) 	322149745 bases (3.68%)
Result:                 	86416764 reads (99.76%) 	8427343703 bases (96.32%)

Time:                         	88.590 seconds.
Reads Processed:      86628k 	977.86k reads/sec
Bases Processed:       8749m 	98.76m bases/sec
java -ea -Xmx3g -Xms3g -cp /research/labs/neurology/fryer/m214960/tools/miniconda3/envs/aducanumab/opt/bbmap-39.01-1/current/ jgi.BBDuk -Xmx3g in1=/research/labs/neurology/fryer/projects/aducanumab/mouse/bulkRNA/825_IgG_S53_L003_R1_001.fastq.gz in2=/research/labs/neurology/fryer/projects/aducanumab/mouse/bulkRNA/825_IgG_S53_L003_R2_001.fastq.gz out1=trimmedReads/825_IgG_S53_L003_R1_trim.fastq.gz out2=trimmedReads/825_IgG_S53_L003_R2_trim.fastq.gz ref=refs/adapters.fa ktrim=r k=23 mink=11 hdist=1 tpe tbo threads=20 trimpolyg=1 trimpolya=1
Executing jgi.BBDuk [-Xmx3g, in1=/research/labs/neurology/fryer/projects/aducanumab/mouse/bulkRNA/825_IgG_S53_L003_R1_001.fastq.gz, in2=/research/labs/neurology/fryer/projects/aducanumab/mouse/bulkRNA/825_IgG_S53_L003_R2_001.fastq.gz, out1=trimmedReads/825_IgG_S53_L003_R1_trim.fastq.gz, out2=trimmedReads/825_IgG_S53_L003_R2_trim.fastq.gz, ref=refs/adapters.fa, ktrim=r, k=23, mink=11, hdist=1, tpe, tbo, threads=20, trimpolyg=1, trimpolya=1]
Version 39.01

Set threads to 20
maskMiddle was disabled because useShortKmers=true
0.018 seconds.
Initial:
Memory: max=3221m, total=3221m, free=3191m, used=30m

Added 3614 kmers; time: 	0.018 seconds.
Memory: max=3221m, total=3221m, free=3182m, used=39m

Input is being processed as paired
Started output streams:	0.234 seconds.
[W::bgzf_read_block] EOF marker is absent. The input may be truncated
[W::bgzf_read_block] EOF marker is absent. The input may be truncated
Processing time:   		90.950 seconds.

Input:                  	86424560 reads 		8728880560 bases.
Polymer-trimmed:        	125407049 reads (145.11%) 	228620861 bases (2.62%)
KTrimmed:               	2354374 reads (2.72%) 	85462314 bases (0.98%)
Trimmed by overlap:     	1685166 reads (1.95%) 	8580670 bases (0.10%)
Total Removed:          	214652 reads (0.25%) 	322663845 bases (3.70%)
Result:                 	86209908 reads (99.75%) 	8406216715 bases (96.30%)

Time:                         	91.204 seconds.
Reads Processed:      86424k 	947.60k reads/sec
Bases Processed:       8728m 	95.71m bases/sec
java -ea -Xmx3g -Xms3g -cp /research/labs/neurology/fryer/m214960/tools/miniconda3/envs/aducanumab/opt/bbmap-39.01-1/current/ jgi.BBDuk -Xmx3g in1=/research/labs/neurology/fryer/projects/aducanumab/mouse/bulkRNA/825_IgG_S53_L004_R1_001.fastq.gz in2=/research/labs/neurology/fryer/projects/aducanumab/mouse/bulkRNA/825_IgG_S53_L004_R2_001.fastq.gz out1=trimmedReads/825_IgG_S53_L004_R1_trim.fastq.gz out2=trimmedReads/825_IgG_S53_L004_R2_trim.fastq.gz ref=refs/adapters.fa ktrim=r k=23 mink=11 hdist=1 tpe tbo threads=20 trimpolyg=1 trimpolya=1
Executing jgi.BBDuk [-Xmx3g, in1=/research/labs/neurology/fryer/projects/aducanumab/mouse/bulkRNA/825_IgG_S53_L004_R1_001.fastq.gz, in2=/research/labs/neurology/fryer/projects/aducanumab/mouse/bulkRNA/825_IgG_S53_L004_R2_001.fastq.gz, out1=trimmedReads/825_IgG_S53_L004_R1_trim.fastq.gz, out2=trimmedReads/825_IgG_S53_L004_R2_trim.fastq.gz, ref=refs/adapters.fa, ktrim=r, k=23, mink=11, hdist=1, tpe, tbo, threads=20, trimpolyg=1, trimpolya=1]
Version 39.01

Set threads to 20
maskMiddle was disabled because useShortKmers=true
0.017 seconds.
Initial:
Memory: max=3221m, total=3221m, free=3191m, used=30m

Added 3614 kmers; time: 	0.016 seconds.
Memory: max=3221m, total=3221m, free=3183m, used=38m

Input is being processed as paired
Started output streams:	0.224 seconds.
[W::bgzf_read_block] EOF marker is absent. The input may be truncated
[W::bgzf_read_block] EOF marker is absent. The input may be truncated
Processing time:   		87.459 seconds.

Input:                  	86525794 reads 		8739105194 bases.
Polymer-trimmed:        	125540039 reads (145.09%) 	228732909 bases (2.62%)
KTrimmed:               	2342808 reads (2.71%) 	84970646 bases (0.97%)
Trimmed by overlap:     	1682698 reads (1.94%) 	8587300 bases (0.10%)
Total Removed:          	211394 reads (0.24%) 	322290855 bases (3.69%)
Result:                 	86314400 reads (99.76%) 	8416814339 bases (96.31%)

Time:                         	87.701 seconds.
Reads Processed:      86525k 	986.60k reads/sec
Bases Processed:       8739m 	99.65m bases/sec
[Tue Oct  3 13:22:28 2023]
Finished job 0.
1 of 1 steps (100%) done
