Building DAG of jobs...
Using shell: /usr/bin/bash
Provided cores: 20
Rules claiming more threads will be scaled down.
Provided resources: mem_mb=39451, mem_mib=37624, disk_mb=39451, disk_mib=37624
Select jobs to execute...

[Tue Oct  3 14:01:03 2023]
rule trim_bbduk:
    input: /research/labs/neurology/fryer/projects/aducanumab/mouse/bulkRNA/842_IgG_S9_L001_R1_001.fastq.gz, /research/labs/neurology/fryer/projects/aducanumab/mouse/bulkRNA/842_IgG_S9_L001_R2_001.fastq.gz, /research/labs/neurology/fryer/projects/aducanumab/mouse/bulkRNA/842_IgG_S9_L002_R1_001.fastq.gz, /research/labs/neurology/fryer/projects/aducanumab/mouse/bulkRNA/842_IgG_S9_L002_R2_001.fastq.gz, /research/labs/neurology/fryer/projects/aducanumab/mouse/bulkRNA/842_IgG_S9_L003_R1_001.fastq.gz, /research/labs/neurology/fryer/projects/aducanumab/mouse/bulkRNA/842_IgG_S9_L003_R2_001.fastq.gz, /research/labs/neurology/fryer/projects/aducanumab/mouse/bulkRNA/842_IgG_S9_L004_R1_001.fastq.gz, /research/labs/neurology/fryer/projects/aducanumab/mouse/bulkRNA/842_IgG_S9_L004_R2_001.fastq.gz
    output: trimmedReads/842_IgG_S9_L001_R1_trim.fastq.gz, trimmedReads/842_IgG_S9_L001_R2_trim.fastq.gz, trimmedReads/842_IgG_S9_L002_R1_trim.fastq.gz, trimmedReads/842_IgG_S9_L002_R2_trim.fastq.gz, trimmedReads/842_IgG_S9_L003_R1_trim.fastq.gz, trimmedReads/842_IgG_S9_L003_R2_trim.fastq.gz, trimmedReads/842_IgG_S9_L004_R1_trim.fastq.gz, trimmedReads/842_IgG_S9_L004_R2_trim.fastq.gz
    jobid: 0
    reason: Missing output files: trimmedReads/842_IgG_S9_L003_R2_trim.fastq.gz, trimmedReads/842_IgG_S9_L001_R1_trim.fastq.gz, trimmedReads/842_IgG_S9_L002_R1_trim.fastq.gz, trimmedReads/842_IgG_S9_L001_R2_trim.fastq.gz, trimmedReads/842_IgG_S9_L004_R2_trim.fastq.gz, trimmedReads/842_IgG_S9_L002_R2_trim.fastq.gz, trimmedReads/842_IgG_S9_L003_R1_trim.fastq.gz, trimmedReads/842_IgG_S9_L004_R1_trim.fastq.gz
    wildcards: sample=842_IgG_S9
    resources: mem_mb=39451, mem_mib=37624, disk_mb=39451, disk_mib=37624, tmpdir=/tmp

java -ea -Xmx3g -Xms3g -cp /research/labs/neurology/fryer/m214960/tools/miniconda3/envs/aducanumab/opt/bbmap-39.01-1/current/ jgi.BBDuk -Xmx3g in1=/research/labs/neurology/fryer/projects/aducanumab/mouse/bulkRNA/842_IgG_S9_L001_R1_001.fastq.gz in2=/research/labs/neurology/fryer/projects/aducanumab/mouse/bulkRNA/842_IgG_S9_L001_R2_001.fastq.gz out1=trimmedReads/842_IgG_S9_L001_R1_trim.fastq.gz out2=trimmedReads/842_IgG_S9_L001_R2_trim.fastq.gz ref=refs/adapters.fa ktrim=r k=23 mink=11 hdist=1 tpe tbo threads=20 trimpolyg=1 trimpolya=1
Executing jgi.BBDuk [-Xmx3g, in1=/research/labs/neurology/fryer/projects/aducanumab/mouse/bulkRNA/842_IgG_S9_L001_R1_001.fastq.gz, in2=/research/labs/neurology/fryer/projects/aducanumab/mouse/bulkRNA/842_IgG_S9_L001_R2_001.fastq.gz, out1=trimmedReads/842_IgG_S9_L001_R1_trim.fastq.gz, out2=trimmedReads/842_IgG_S9_L001_R2_trim.fastq.gz, ref=refs/adapters.fa, ktrim=r, k=23, mink=11, hdist=1, tpe, tbo, threads=20, trimpolyg=1, trimpolya=1]
Version 39.01

Set threads to 20
maskMiddle was disabled because useShortKmers=true
0.018 seconds.
Initial:
Memory: max=3221m, total=3221m, free=3191m, used=30m

Added 3614 kmers; time: 	0.034 seconds.
Memory: max=3221m, total=3221m, free=3182m, used=39m

Input is being processed as paired
Started output streams:	0.166 seconds.
[W::bgzf_read_block] EOF marker is absent. The input may be truncated
[W::bgzf_read_block] EOF marker is absent. The input may be truncated
Processing time:   		110.507 seconds.

Input:                  	91317506 reads 		9223068106 bases.
Polymer-trimmed:        	136235033 reads (149.19%) 	251523671 bases (2.73%)
KTrimmed:               	2876176 reads (3.15%) 	93976236 bases (1.02%)
Trimmed by overlap:     	2225286 reads (2.44%) 	11379612 bases (0.12%)
Total Removed:          	152426 reads (0.17%) 	356879519 bases (3.87%)
Result:                 	91165080 reads (99.83%) 	8866188587 bases (96.13%)

Time:                         	110.709 seconds.
Reads Processed:      91317k 	824.84k reads/sec
Bases Processed:       9223m 	83.31m bases/sec
java -ea -Xmx3g -Xms3g -cp /research/labs/neurology/fryer/m214960/tools/miniconda3/envs/aducanumab/opt/bbmap-39.01-1/current/ jgi.BBDuk -Xmx3g in1=/research/labs/neurology/fryer/projects/aducanumab/mouse/bulkRNA/842_IgG_S9_L002_R1_001.fastq.gz in2=/research/labs/neurology/fryer/projects/aducanumab/mouse/bulkRNA/842_IgG_S9_L002_R2_001.fastq.gz out1=trimmedReads/842_IgG_S9_L002_R1_trim.fastq.gz out2=trimmedReads/842_IgG_S9_L002_R2_trim.fastq.gz ref=refs/adapters.fa ktrim=r k=23 mink=11 hdist=1 tpe tbo threads=20 trimpolyg=1 trimpolya=1
Executing jgi.BBDuk [-Xmx3g, in1=/research/labs/neurology/fryer/projects/aducanumab/mouse/bulkRNA/842_IgG_S9_L002_R1_001.fastq.gz, in2=/research/labs/neurology/fryer/projects/aducanumab/mouse/bulkRNA/842_IgG_S9_L002_R2_001.fastq.gz, out1=trimmedReads/842_IgG_S9_L002_R1_trim.fastq.gz, out2=trimmedReads/842_IgG_S9_L002_R2_trim.fastq.gz, ref=refs/adapters.fa, ktrim=r, k=23, mink=11, hdist=1, tpe, tbo, threads=20, trimpolyg=1, trimpolya=1]
Version 39.01

Set threads to 20
maskMiddle was disabled because useShortKmers=true
0.026 seconds.
Initial:
Memory: max=3221m, total=3221m, free=3191m, used=30m

Added 3614 kmers; time: 	0.019 seconds.
Memory: max=3221m, total=3221m, free=3183m, used=38m

Input is being processed as paired
Started output streams:	0.502 seconds.
[W::bgzf_read_block] EOF marker is absent. The input may be truncated
[W::bgzf_read_block] EOF marker is absent. The input may be truncated
Processing time:   		96.898 seconds.

Input:                  	91526090 reads 		9244135090 bases.
Polymer-trimmed:        	136465752 reads (149.10%) 	252131259 bases (2.73%)
KTrimmed:               	2839324 reads (3.10%) 	92795962 bases (1.00%)
Trimmed by overlap:     	2198814 reads (2.40%) 	11248210 bases (0.12%)
Total Removed:          	153536 reads (0.17%) 	356175431 bases (3.85%)
Result:                 	91372554 reads (99.83%) 	8887959659 bases (96.15%)

Time:                         	97.420 seconds.
Reads Processed:      91526k 	939.50k reads/sec
Bases Processed:       9244m 	94.89m bases/sec
java -ea -Xmx3g -Xms3g -cp /research/labs/neurology/fryer/m214960/tools/miniconda3/envs/aducanumab/opt/bbmap-39.01-1/current/ jgi.BBDuk -Xmx3g in1=/research/labs/neurology/fryer/projects/aducanumab/mouse/bulkRNA/842_IgG_S9_L003_R1_001.fastq.gz in2=/research/labs/neurology/fryer/projects/aducanumab/mouse/bulkRNA/842_IgG_S9_L003_R2_001.fastq.gz out1=trimmedReads/842_IgG_S9_L003_R1_trim.fastq.gz out2=trimmedReads/842_IgG_S9_L003_R2_trim.fastq.gz ref=refs/adapters.fa ktrim=r k=23 mink=11 hdist=1 tpe tbo threads=20 trimpolyg=1 trimpolya=1
Executing jgi.BBDuk [-Xmx3g, in1=/research/labs/neurology/fryer/projects/aducanumab/mouse/bulkRNA/842_IgG_S9_L003_R1_001.fastq.gz, in2=/research/labs/neurology/fryer/projects/aducanumab/mouse/bulkRNA/842_IgG_S9_L003_R2_001.fastq.gz, out1=trimmedReads/842_IgG_S9_L003_R1_trim.fastq.gz, out2=trimmedReads/842_IgG_S9_L003_R2_trim.fastq.gz, ref=refs/adapters.fa, ktrim=r, k=23, mink=11, hdist=1, tpe, tbo, threads=20, trimpolyg=1, trimpolya=1]
Version 39.01

Set threads to 20
maskMiddle was disabled because useShortKmers=true
0.018 seconds.
Initial:
Memory: max=3221m, total=3221m, free=3191m, used=30m

Added 3614 kmers; time: 	0.026 seconds.
Memory: max=3221m, total=3221m, free=3182m, used=39m

Input is being processed as paired
Started output streams:	0.112 seconds.
[W::bgzf_read_block] EOF marker is absent. The input may be truncated
[W::bgzf_read_block] EOF marker is absent. The input may be truncated
Processing time:   		95.336 seconds.

Input:                  	91537136 reads 		9245250736 bases.
Polymer-trimmed:        	136827516 reads (149.48%) 	253237929 bases (2.74%)
KTrimmed:               	2838676 reads (3.10%) 	92732288 bases (1.00%)
Trimmed by overlap:     	2196722 reads (2.40%) 	11240854 bases (0.12%)
Total Removed:          	157568 reads (0.17%) 	357211071 bases (3.86%)
Result:                 	91379568 reads (99.83%) 	8888039665 bases (96.14%)

Time:                         	95.476 seconds.
Reads Processed:      91537k 	958.74k reads/sec
Bases Processed:       9245m 	96.83m bases/sec
java -ea -Xmx3g -Xms3g -cp /research/labs/neurology/fryer/m214960/tools/miniconda3/envs/aducanumab/opt/bbmap-39.01-1/current/ jgi.BBDuk -Xmx3g in1=/research/labs/neurology/fryer/projects/aducanumab/mouse/bulkRNA/842_IgG_S9_L004_R1_001.fastq.gz in2=/research/labs/neurology/fryer/projects/aducanumab/mouse/bulkRNA/842_IgG_S9_L004_R2_001.fastq.gz out1=trimmedReads/842_IgG_S9_L004_R1_trim.fastq.gz out2=trimmedReads/842_IgG_S9_L004_R2_trim.fastq.gz ref=refs/adapters.fa ktrim=r k=23 mink=11 hdist=1 tpe tbo threads=20 trimpolyg=1 trimpolya=1
Executing jgi.BBDuk [-Xmx3g, in1=/research/labs/neurology/fryer/projects/aducanumab/mouse/bulkRNA/842_IgG_S9_L004_R1_001.fastq.gz, in2=/research/labs/neurology/fryer/projects/aducanumab/mouse/bulkRNA/842_IgG_S9_L004_R2_001.fastq.gz, out1=trimmedReads/842_IgG_S9_L004_R1_trim.fastq.gz, out2=trimmedReads/842_IgG_S9_L004_R2_trim.fastq.gz, ref=refs/adapters.fa, ktrim=r, k=23, mink=11, hdist=1, tpe, tbo, threads=20, trimpolyg=1, trimpolya=1]
Version 39.01

Set threads to 20
maskMiddle was disabled because useShortKmers=true
0.022 seconds.
Initial:
Memory: max=3221m, total=3221m, free=3191m, used=30m

Added 3614 kmers; time: 	0.019 seconds.
Memory: max=3221m, total=3221m, free=3183m, used=38m

Input is being processed as paired
Started output streams:	0.194 seconds.
[W::bgzf_read_block] EOF marker is absent. The input may be truncated
[W::bgzf_read_block] EOF marker is absent. The input may be truncated
Processing time:   		103.749 seconds.

Input:                  	91600518 reads 		9251652318 bases.
Polymer-trimmed:        	136854569 reads (149.40%) 	253188928 bases (2.74%)
KTrimmed:               	2834248 reads (3.09%) 	92569724 bases (1.00%)
Trimmed by overlap:     	2195138 reads (2.40%) 	11216630 bases (0.12%)
Total Removed:          	155758 reads (0.17%) 	356975282 bases (3.86%)
Result:                 	91444760 reads (99.83%) 	8894677036 bases (96.14%)

Time:                         	103.964 seconds.
Reads Processed:      91600k 	881.08k reads/sec
Bases Processed:       9251m 	88.99m bases/sec
[Tue Oct  3 14:07:52 2023]
Finished job 0.
1 of 1 steps (100%) done
